[1784358768729] INFO  (ext): SQLTools is starting
[1784358768730] INFO  (ext): initializing language client...
[1784358768817] INFO  (ext): Registering client for languages [{"scheme":"sqltools"},{"language":"sql","scheme":"untitled"},{"language":"sql","scheme":"file"},{"language":"sql","scheme":"sqltools"}]
    ns: "lc"
[1784358768846] INFO  (ext): loading plugins...
[1784358768846] INFO  (ext): registering Formatter Plugin.
    plugin: {
      "name": "Formatter Plugin"
    }
[1784358768846] INFO  (ext): registering Connection Manager Plugin.
    plugin: {
      "name": "Connection Manager Plugin"
    }
[1784358768847] INFO  (ext): registering CodeLens Plugin.
    plugin: {
      "name": "CodeLens Plugin",
      "registeredLanguages": []
    }
[1784358768847] INFO  (ext): registering Dependency Manager Plugin.
    plugin: {
      "name": "Dependency Manager Plugin",
      "installingDrivers": []
    }
[1784358768848] INFO  (ext): Connection explorer changed. Will be updated.
    ns: "conn-man:explorer"
[1784358768849] INFO  (ext): registering History Manager Plugin.
    plugin: {
      "name": "History Manager Plugin"
    }
[1784358768849] INFO  (ext): registering Bookmarks Manager Plugin.
    plugin: {
      "name": "Bookmarks Manager Plugin"
    }
[1784358768849] INFO  (ext): registering Authentication Provider Plugin.
    plugin: {
      "name": "Authentication Provider Plugin",
      "isRegistered": false
    }
[1784358768850] INFO  (ext): registering Object Drop-in Provider (plugin).
    plugin: {
      "type": "plugin",
      "name": "Object Drop-in Provider",
      "isRegistered": false
    }
[1784358768850] INFO  (ext): SQLTools activation completed. 121.009202 ms
[1784358768857] INFO  (ext): Formatter Plugin registered!
[1784358768857] INFO  (ext): CodeLens Plugin registered!
[1784358768857] INFO  (ext): Dependency Manager Plugin registered!
[1784358768858] INFO  (ext): Connection Manager Plugin registered!
[1784358768858] INFO  (ext): History Manager Plugin registered!
[1784358768858] INFO  (ext): Bookmarks Manager Plugin registered!
[1784358768858] INFO  (ext): Authentication Provider Plugin registered!
[1784358768858] INFO  (ext): Object Drop-in Provider (plugin) registered!
[1784358771862] INFO  (ext): EXECUTING COMMAND => sqltools.refreshTree
[1784358771862] INFO  (ext): Connection explorer changed. Will be updated.
    ns: "conn-man:explorer"
[1784358771863] INFO  (ext): Connection explorer changed. Will be updated.
    ns: "conn-man:explorer"
[1784358771998] INFO  (ls): SQLTools Server started!
===============================
Using node runtime?: yes
ExecPath: /opt/nodejs/node-v22.19.0-linux-x64/bin/node v22.19.0
===============================
[1784358772001] INFO  (ls): User defined env vars
===============================
{"PATH":"/usr/local/sbin:/usr/local/bin:/usr/sbin:/usr/bin:/sbin:/bin:/home/user/.node_modules_global/bin"}
===============================:
[1784358773741] INFO  (ext): LanguageClient ready
    ns: "lc"
[1784358773740] INFO  (ls): Initialized with node version:v22.19.0
[1784358774902] INFO  (ext): registering SQLite Plugin (driver).
    plugin: {
      "extensionId": "mtxr.sqltools-driver-sqlite",
      "name": "SQLite Plugin",
      "type": "driver"
    }
[1784358774903] INFO  (ls): REQUEST RECEIVED => ls/RegisterPlugin
[1784358774904] INFO  (ls): request to register plugin: "/extbin/local/openvscode-server/extensions/mtxr.sqltools-driver-sqlite-0.5.0/out/ls/plugin.js"
[1784358774925] INFO  (ls): Driver sqlite registered!
    place: "driver-map"
    ns: "ls-context"
[1784358775677] INFO  (ext): SQLite Plugin (driver) registered!
[1784358776775] INFO  (ext): EXECUTING COMMAND => sqltools.refreshTree
[1784358776775] INFO  (ext): Connection explorer changed. Will be updated.
    ns: "conn-man:explorer"
[1784358787045] INFO  (ext): Connection explorer changed. Will be updated.
    ns: "conn-man:explorer"
[1784358788194] INFO  (ext): Connection explorer changed. Will be updated.
    ns: "conn-man:explorer"
[1784358788236] INFO  (ext): Connection explorer changed. Will be updated.
    ns: "conn-man:explorer"
[1784358789393] INFO  (ext): Connection explorer changed. Will be updated.
    ns: "conn-man:explorer"
[1784358790654] INFO  (ext): Connection explorer changed. Will be updated.
    ns: "conn-man:explorer"
[1784358907746] INFO  (ext): Connection explorer changed. Will be updated.
    ns: "conn-man:explorer"
[1784358907973] INFO  (ext): Connection explorer changed. Will be updated.
    ns: "conn-man:explorer"
[1784358928311] INFO  (ext): Connection explorer changed. Will be updated.
    ns: "conn-man:explorer"
[1784358928564] INFO  (ext): Connection explorer changed. Will be updated.
    ns: "conn-man:explorer"
[1784358929835] INFO  (ext): Connection explorer changed. Will be updated.
    ns: "conn-man:explorer"
[1784358930989] INFO  (ext): Connection explorer changed. Will be updated.
    ns: "conn-man:explorer"
[1784358932144] INFO  (ext): Connection explorer changed. Will be updated.
    ns: "conn-man:explorer"
[1784358932584] INFO  (ext): Connection explorer changed. Will be updated.
    ns: "conn-man:explorer"
[1784358933462] INFO  (ext): Connection explorer changed. Will be updated.
    ns: "conn-man:explorer"
[1784358934497] INFO  (ext): Connection explorer changed. Will be updated.
    ns: "conn-man:explorer"
[1784358935668] INFO  (ext): Connection explorer changed. Will be updated.
    ns: "conn-man:explorer"
[1784358936281] INFO  (ext): Connection explorer changed. Will be updated.
    ns: "conn-man:explorer"
[1784358937054] INFO  (ext): Connection explorer changed. Will be updated.
    ns: "conn-man:explorer"
[1784358938170] INFO  (ext): Connection explorer changed. Will be updated.
    ns: "conn-man:explorer"
[1784358938284] INFO  (ext): Connection explorer changed. Will be updated.
    ns: "conn-man:explorer"
[1784358939501] INFO  (ext): Connection explorer changed. Will be updated.
    ns: "conn-man:explorer"
[1784358941373] INFO  (ext): Connection explorer changed. Will be updated.
    ns: "conn-man:explorer"
[1784358942474] INFO  (ext): Connection explorer changed. Will be updated.
    ns: "conn-man:explorer"
[1784358944664] INFO  (ext): Connection explorer changed. Will be updated.
    ns: "conn-man:explorer"
[1784358949419] INFO  (ext): Connection explorer changed. Will be updated.
    ns: "conn-man:explorer"
[1784358953379] INFO  (ext): Connection explorer changed. Will be updated.
    ns: "conn-man:explorer"
[1784358957758] INFO  (ext): Connection explorer changed. Will be updated.
    ns: "conn-man:explorer"
[1784358962582] INFO  (ext): Connection explorer changed. Will be updated.
    ns: "conn-man:explorer"
[1784358962583] INFO  (ext): Connection explorer changed. Will be updated.
    ns: "conn-man:explorer"
[1784358967374] INFO  (ext): Connection explorer changed. Will be updated.
    ns: "conn-man:explorer"
[1784358967763] INFO  (ext): Connection explorer changed. Will be updated.
    ns: "conn-man:explorer"
[1784358972209] INFO  (ext): Connection explorer changed. Will be updated.
    ns: "conn-man:explorer"
[1784358980709] INFO  (ext): Connection explorer changed. Will be updated.
    ns: "conn-man:explorer"
[1784359006549] INFO  (ext): Connection explorer changed. Will be updated.
    ns: "conn-man:explorer"
[1784359157896] INFO  (ext): Connection explorer changed. Will be updated.
    ns: "conn-man:explorer"
[1784359162348] INFO  (ext): Connection explorer changed. Will be updated.
    ns: "conn-man:explorer"
[1784359177054] INFO  (ext): Connection explorer changed. Will be updated.
    ns: "conn-man:explorer"
[1784359177056] INFO  (ext): Connection explorer changed. Will be updated.
    ns: "conn-man:explorer"
[1784359182975] INFO  (ext): Connection explorer changed. Will be updated.
    ns: "conn-man:explorer"
[1784359187390] INFO  (ext): Connection explorer changed. Will be updated.
    ns: "conn-man:explorer"
[1784359188424] INFO  (ext): Connection explorer changed. Will be updated.
    ns: "conn-man:explorer"
[1784359194185] INFO  (ext): Connection explorer changed. Will be updated.
    ns: "conn-man:explorer"
[1784359194954] INFO  (ext): Connection explorer changed. Will be updated.
    ns: "conn-man:explorer"
[1784359204449] INFO  (ext): Connection explorer changed. Will be updated.
    ns: "conn-man:explorer"
[1784359205180] INFO  (ext): Connection explorer changed. Will be updated.
    ns: "conn-man:explorer"
[1784359219994] INFO  (ext): Connection explorer changed. Will be updated.
    ns: "conn-man:explorer"
[1784359223570] INFO  (ext): Connection explorer changed. Will be updated.
    ns: "conn-man:explorer"
[1784359224994] INFO  (ext): Connection explorer changed. Will be updated.
    ns: "conn-man:explorer"
[1784359228870] INFO  (ext): Connection explorer changed. Will be updated.
    ns: "conn-man:explorer"
[1784359244125] INFO  (ext): Connection explorer changed. Will be updated.
    ns: "conn-man:explorer"
[1784359244788] INFO  (ext): Connection explorer changed. Will be updated.
    ns: "conn-man:explorer"
[1784359249249] INFO  (ext): Connection explorer changed. Will be updated.
    ns: "conn-man:explorer"
[1784359249829] INFO  (ext): Connection explorer changed. Will be updated.
    ns: "conn-man:explorer"
[1784359432632] INFO  (ext): Connection explorer changed. Will be updated.
    ns: "conn-man:explorer"
[1784359439639] INFO  (ext): Connection explorer changed. Will be updated.
    ns: "conn-man:explorer"
[1784359445004] INFO  (ext): Connection explorer changed. Will be updated.
    ns: "conn-man:explorer"
