{
  "label": "hana-project-explorer",
  "level": "error",
  "message": "Could not parse .env file: The module path \"/home/user/projects/Assoc/gen/db\" is not a valid CAP DB module path.",
  "time": "2026-07-14T03:45:53.453Z"
}
{
  "label": "hana-project-explorer",
  "level": "error",
  "message": "Could not read content from \"/home/user/projects/Assoc/db/src/.hdiconfig\" path: ENOENT: no such file or directory, open '/home/user/projects/Assoc/db/src/.hdiconfig'",
  "time": "2026-07-14T03:46:04.953Z"
}
{
  "label": "hana-project-explorer",
  "level": "error",
  "message": "Could not read content from \"/home/user/projects/Assoc/db/src/.hdiconfig\" path: ENOENT: no such file or directory, open '/home/user/projects/Assoc/db/src/.hdiconfig'",
  "time": "2026-07-14T03:46:04.953Z"
}
{
  "label": "hana-project-explorer",
  "level": "error",
  "message": "Could not read content from \"/home/user/projects/Assoc/db/src/.hdiconfig\" path: ENOENT: no such file or directory, open '/home/user/projects/Assoc/db/src/.hdiconfig'",
  "time": "2026-07-14T03:46:05.293Z"
}
{
  "label": "hana-project-explorer",
  "level": "error",
  "message": "Could not read content from \"/home/user/projects/Assoc/db/src/.hdiconfig\" path: ENOENT: no such file or directory, open '/home/user/projects/Assoc/db/src/.hdiconfig'",
  "time": "2026-07-14T03:46:08.304Z"
}
{
  "label": "hana-project-explorer",
  "level": "error",
  "message": "Could not read content from \"/home/user/projects/Assoc/db/src/.hdiconfig\" path: ENOENT: no such file or directory, open '/home/user/projects/Assoc/db/src/.hdiconfig'",
  "time": "2026-07-14T03:46:08.305Z"
}
