[1784000737904] INFO  (ext): SQLTools is starting
[1784000737905] INFO  (ext): initializing language client...
[1784000737981] INFO  (ext): Registering client for languages [{"scheme":"sqltools"},{"language":"sql","scheme":"untitled"},{"language":"sql","scheme":"file"},{"language":"sql","scheme":"sqltools"}]
    ns: "lc"
[1784000737990] INFO  (ext): loading plugins...
[1784000737990] INFO  (ext): registering Formatter Plugin.
    plugin: {
      "name": "Formatter Plugin"
    }
[1784000737990] INFO  (ext): registering Connection Manager Plugin.
    plugin: {
      "name": "Connection Manager Plugin"
    }
[1784000737990] INFO  (ext): registering CodeLens Plugin.
    plugin: {
      "name": "CodeLens Plugin",
      "registeredLanguages": []
    }
[1784000737991] INFO  (ext): registering Dependency Manager Plugin.
    plugin: {
      "name": "Dependency Manager Plugin",
      "installingDrivers": []
    }
[1784000737992] INFO  (ext): Connection explorer changed. Will be updated.
    ns: "conn-man:explorer"
[1784000737992] INFO  (ext): registering History Manager Plugin.
    plugin: {
      "name": "History Manager Plugin"
    }
[1784000737995] INFO  (ext): registering Bookmarks Manager Plugin.
    plugin: {
      "name": "Bookmarks Manager Plugin"
    }
[1784000737996] INFO  (ext): registering Authentication Provider Plugin.
    plugin: {
      "name": "Authentication Provider Plugin",
      "isRegistered": false
    }
[1784000737996] INFO  (ext): registering Object Drop-in Provider (plugin).
    plugin: {
      "type": "plugin",
      "name": "Object Drop-in Provider",
      "isRegistered": false
    }
[1784000737997] INFO  (ext): SQLTools activation completed. 92.839942 ms
[1784000738001] INFO  (ext): Formatter Plugin registered!
[1784000738001] INFO  (ext): CodeLens Plugin registered!
[1784000738001] INFO  (ext): Dependency Manager Plugin registered!
[1784000738001] INFO  (ext): Connection Manager Plugin registered!
[1784000738001] INFO  (ext): History Manager Plugin registered!
[1784000738001] INFO  (ext): Bookmarks Manager Plugin registered!
[1784000738001] INFO  (ext): Authentication Provider Plugin registered!
[1784000738001] INFO  (ext): Object Drop-in Provider (plugin) registered!
[1784000741014] INFO  (ext): EXECUTING COMMAND => sqltools.refreshTree
[1784000741014] INFO  (ext): Connection explorer changed. Will be updated.
    ns: "conn-man:explorer"
[1784000741014] INFO  (ext): Connection explorer changed. Will be updated.
    ns: "conn-man:explorer"
[1784000741162] INFO  (ls): SQLTools Server started!
===============================
Using node runtime?: yes
ExecPath: /opt/nodejs/node-v22.19.0-linux-x64/bin/node v22.19.0
===============================
[1784000741165] INFO  (ls): User defined env vars
===============================
{"PATH":"/usr/local/sbin:/usr/local/bin:/usr/sbin:/usr/bin:/sbin:/bin:/home/user/.node_modules_global/bin"}
===============================:
[1784000743780] INFO  (ext): LanguageClient ready
    ns: "lc"
[1784000743777] INFO  (ls): Initialized with node version:v22.19.0
[1784000744246] INFO  (ext): registering SQLite Plugin (driver).
    plugin: {
      "extensionId": "mtxr.sqltools-driver-sqlite",
      "name": "SQLite Plugin",
      "type": "driver"
    }
[1784000744250] INFO  (ls): REQUEST RECEIVED => ls/RegisterPlugin
[1784000744250] INFO  (ls): request to register plugin: "/extbin/local/openvscode-server/extensions/mtxr.sqltools-driver-sqlite-0.5.0/out/ls/plugin.js"
[1784000744286] INFO  (ls): Driver sqlite registered!
    place: "driver-map"
    ns: "ls-context"
[1784000745272] INFO  (ext): SQLite Plugin (driver) registered!
[1784000746506] INFO  (ext): EXECUTING COMMAND => sqltools.refreshTree
[1784000746506] INFO  (ext): Connection explorer changed. Will be updated.
    ns: "conn-man:explorer"
[1784000750713] INFO  (ext): Connection explorer changed. Will be updated.
    ns: "conn-man:explorer"
[1784000751253] INFO  (ext): Connection explorer changed. Will be updated.
    ns: "conn-man:explorer"
[1784000752745] INFO  (ext): Connection explorer changed. Will be updated.
    ns: "conn-man:explorer"
[1784000754654] INFO  (ext): Connection explorer changed. Will be updated.
    ns: "conn-man:explorer"
[1784000754754] INFO  (ext): Connection explorer changed. Will be updated.
    ns: "conn-man:explorer"
[1784000756150] INFO  (ext): Connection explorer changed. Will be updated.
    ns: "conn-man:explorer"
[1784000757894] INFO  (ext): Connection explorer changed. Will be updated.
    ns: "conn-man:explorer"
[1784000758999] INFO  (ext): Connection explorer changed. Will be updated.
    ns: "conn-man:explorer"
[1784000759640] INFO  (ext): Connection explorer changed. Will be updated.
    ns: "conn-man:explorer"
[1784000760309] INFO  (ext): Connection explorer changed. Will be updated.
    ns: "conn-man:explorer"
[1784000762119] INFO  (ext): Connection explorer changed. Will be updated.
    ns: "conn-man:explorer"
[1784000763214] INFO  (ext): Connection explorer changed. Will be updated.
    ns: "conn-man:explorer"
[1784000765066] INFO  (ext): Connection explorer changed. Will be updated.
    ns: "conn-man:explorer"
[1784000769819] INFO  (ext): Connection explorer changed. Will be updated.
    ns: "conn-man:explorer"
[1784000773760] INFO  (ext): Connection explorer changed. Will be updated.
    ns: "conn-man:explorer"
[1784000778139] INFO  (ext): Connection explorer changed. Will be updated.
    ns: "conn-man:explorer"
[1784000781914] INFO  (ext): Connection explorer changed. Will be updated.
    ns: "conn-man:explorer"
[1784000785829] INFO  (ext): Connection explorer changed. Will be updated.
    ns: "conn-man:explorer"
