Starting CAP Project Generator...
Using @sap/cds-dk [9.9.1] from /extbin/globals/bun/global/install/node_modules/@sap/cds-dk
Using @sap/generator-cap-project [2.0.6] from [/extbin/globals/bun/global/install/node_modules/@sap/generator-cap-project]
Using root path [/home/user/projects]

Creating project with hana, mta, nodejs, tiny-sample, xsuaa

Adding facet: nodejs
Adding facet: mta
Adding facet: tiny-sample
Adding facet: xsuaa
Adding facet: hana

Successfully initialized CAP project
<<<<<<< HEAD
Continue with: code Approuter 
=======
Continue with: code xsuaapractice 
>>>>>>> ff402a22a73e8c5246114ecedfc12f8c61ff55c5


Installing dependencies...

<<<<<<< HEAD
added 261 packages, and audited 262 packages in 3s
=======
added 261 packages, and audited 262 packages in 4s
>>>>>>> ff402a22a73e8c5246114ecedfc12f8c61ff55c5

39 packages are looking for funding
  run `npm fund` for details

found 0 vulnerabilities

Finished installing dependencies

<<<<<<< HEAD
Done setting up project Approuter
=======
Done setting up project xsuaapractice
>>>>>>> ff402a22a73e8c5246114ecedfc12f8c61ff55c5
Project is ready to use

