[1784178793297] INFO  (ext): SQLTools is starting
[1784178793300] INFO  (ext): initializing language client...
[1784178793400] INFO  (ext): Registering client for languages [{"scheme":"sqltools"},{"language":"sql","scheme":"untitled"},{"language":"sql","scheme":"file"},{"language":"sql","scheme":"sqltools"}]
    ns: "lc"
[1784178793409] INFO  (ext): loading plugins...
[1784178793409] INFO  (ext): registering Formatter Plugin.
    plugin: {
      "name": "Formatter Plugin"
    }
[1784178793409] INFO  (ext): registering Connection Manager Plugin.
    plugin: {
      "name": "Connection Manager Plugin"
    }
[1784178793409] INFO  (ext): registering CodeLens Plugin.
    plugin: {
      "name": "CodeLens Plugin",
      "registeredLanguages": []
    }
[1784178793410] INFO  (ext): registering Dependency Manager Plugin.
    plugin: {
      "name": "Dependency Manager Plugin",
      "installingDrivers": []
    }
[1784178793411] INFO  (ext): Connection explorer changed. Will be updated.
    ns: "conn-man:explorer"
[1784178793411] INFO  (ext): registering History Manager Plugin.
    plugin: {
      "name": "History Manager Plugin"
    }
[1784178793412] INFO  (ext): registering Bookmarks Manager Plugin.
    plugin: {
      "name": "Bookmarks Manager Plugin"
    }
[1784178793412] INFO  (ext): registering Authentication Provider Plugin.
    plugin: {
      "name": "Authentication Provider Plugin",
      "isRegistered": false
    }
[1784178793412] INFO  (ext): registering Object Drop-in Provider (plugin).
    plugin: {
      "type": "plugin",
      "name": "Object Drop-in Provider",
      "isRegistered": false
    }
[1784178793413] INFO  (ext): SQLTools activation completed. 115.482986 ms
[1784178793417] INFO  (ext): Formatter Plugin registered!
[1784178793418] INFO  (ext): CodeLens Plugin registered!
[1784178793418] INFO  (ext): Dependency Manager Plugin registered!
[1784178793418] INFO  (ext): Connection Manager Plugin registered!
[1784178793418] INFO  (ext): History Manager Plugin registered!
[1784178793418] INFO  (ext): Bookmarks Manager Plugin registered!
[1784178793418] INFO  (ext): Authentication Provider Plugin registered!
[1784178793418] INFO  (ext): Object Drop-in Provider (plugin) registered!
[1784178796402] INFO  (ext): EXECUTING COMMAND => sqltools.refreshTree
[1784178796402] INFO  (ext): Connection explorer changed. Will be updated.
    ns: "conn-man:explorer"
[1784178796402] INFO  (ext): Connection explorer changed. Will be updated.
    ns: "conn-man:explorer"
[1784178796599] INFO  (ls): SQLTools Server started!
===============================
Using node runtime?: yes
ExecPath: /opt/nodejs/node-v22.19.0-linux-x64/bin/node v22.19.0
===============================
[1784178796601] INFO  (ls): User defined env vars
===============================
{"PATH":"/usr/local/sbin:/usr/local/bin:/usr/sbin:/usr/bin:/sbin:/bin:/home/user/.node_modules_global/bin"}
===============================:
[1784178813691] INFO  (ext): LanguageClient ready
    ns: "lc"
[1784178813690] INFO  (ls): Initialized with node version:v22.19.0
[1784178814081] INFO  (ext): registering SQLite Plugin (driver).
    plugin: {
      "extensionId": "mtxr.sqltools-driver-sqlite",
      "name": "SQLite Plugin",
      "type": "driver"
    }
[1784178819609] INFO  (ext): EXECUTING COMMAND => sqltools.refreshTree
[1784178819609] INFO  (ext): Connection explorer changed. Will be updated.
    ns: "conn-man:explorer"
[1784178814082] INFO  (ls): REQUEST RECEIVED => ls/RegisterPlugin
[1784178814082] INFO  (ls): request to register plugin: "/extbin/local/openvscode-server/extensions/mtxr.sqltools-driver-sqlite-0.5.0/out/ls/plugin.js"
[1784178814106] INFO  (ls): Driver sqlite registered!
    place: "driver-map"
    ns: "ls-context"
[1784178819620] INFO  (ext): SQLite Plugin (driver) registered!
[1784178822201] INFO  (ext): EXECUTING COMMAND => sqltools.refreshTree
[1784178822201] INFO  (ext): Connection explorer changed. Will be updated.
    ns: "conn-man:explorer"
[1784178830695] INFO  (ext): Connection explorer changed. Will be updated.
    ns: "conn-man:explorer"
[1784178843732] INFO  (ext): Connection explorer changed. Will be updated.
    ns: "conn-man:explorer"
[1784178846496] INFO  (ext): Connection explorer changed. Will be updated.
    ns: "conn-man:explorer"
[1784178847433] INFO  (ext): Connection explorer changed. Will be updated.
    ns: "conn-man:explorer"
[1784178853924] INFO  (ext): Connection explorer changed. Will be updated.
    ns: "conn-man:explorer"
[1784178855434] INFO  (ext): Connection explorer changed. Will be updated.
    ns: "conn-man:explorer"
[1784178859644] INFO  (ext): Connection explorer changed. Will be updated.
    ns: "conn-man:explorer"
[1784178861139] INFO  (ext): Connection explorer changed. Will be updated.
    ns: "conn-man:explorer"
[1784178862699] INFO  (ext): Connection explorer changed. Will be updated.
    ns: "conn-man:explorer"
[1784178864516] INFO  (ext): Connection explorer changed. Will be updated.
    ns: "conn-man:explorer"
[1784178865146] INFO  (ext): Connection explorer changed. Will be updated.
    ns: "conn-man:explorer"
[1784178865715] INFO  (ext): Connection explorer changed. Will be updated.
    ns: "conn-man:explorer"
[1784178866089] INFO  (ext): Connection explorer changed. Will be updated.
    ns: "conn-man:explorer"
[1784178867604] INFO  (ext): Connection explorer changed. Will be updated.
    ns: "conn-man:explorer"
[1784178868794] INFO  (ext): Connection explorer changed. Will be updated.
    ns: "conn-man:explorer"
[1784178870298] INFO  (ext): Connection explorer changed. Will be updated.
    ns: "conn-man:explorer"
[1784178871929] INFO  (ext): Connection explorer changed. Will be updated.
    ns: "conn-man:explorer"
[1784178871934] INFO  (ext): Connection explorer changed. Will be updated.
    ns: "conn-man:explorer"
[1784178872429] INFO  (ext): Connection explorer changed. Will be updated.
    ns: "conn-man:explorer"
[1784178872434] INFO  (ext): Connection explorer changed. Will be updated.
    ns: "conn-man:explorer"
[1784178872699] INFO  (ext): Connection explorer changed. Will be updated.
    ns: "conn-man:explorer"
[1784178873482] INFO  (ext): Connection explorer changed. Will be updated.
    ns: "conn-man:explorer"
[1784178874610] INFO  (ext): Connection explorer changed. Will be updated.
    ns: "conn-man:explorer"
[1784178876999] INFO  (ext): Connection explorer changed. Will be updated.
    ns: "conn-man:explorer"
[1784178877291] INFO  (ext): Connection explorer changed. Will be updated.
    ns: "conn-man:explorer"
[1784178877292] INFO  (ext): Connection explorer changed. Will be updated.
    ns: "conn-man:explorer"
[1784178881788] INFO  (ext): Connection explorer changed. Will be updated.
    ns: "conn-man:explorer"
[1784178881789] INFO  (ext): Connection explorer changed. Will be updated.
    ns: "conn-man:explorer"
[1784178885955] INFO  (ext): Connection explorer changed. Will be updated.
    ns: "conn-man:explorer"
[1784178886929] INFO  (ext): Connection explorer changed. Will be updated.
    ns: "conn-man:explorer"
[1784178892289] INFO  (ext): Connection explorer changed. Will be updated.
    ns: "conn-man:explorer"
[1784178896321] INFO  (ext): Connection explorer changed. Will be updated.
    ns: "conn-man:explorer"
[1784178901756] INFO  (ext): Connection explorer changed. Will be updated.
    ns: "conn-man:explorer"
[1784178931424] INFO  (ext): Connection explorer changed. Will be updated.
    ns: "conn-man:explorer"
[1784178939519] INFO  (ext): Connection explorer changed. Will be updated.
    ns: "conn-man:explorer"
[1784178952549] INFO  (ext): Connection explorer changed. Will be updated.
    ns: "conn-man:explorer"
[1784178955069] INFO  (ext): Connection explorer changed. Will be updated.
    ns: "conn-man:explorer"
[1784178959114] INFO  (ext): Connection explorer changed. Will be updated.
    ns: "conn-man:explorer"
[1784178963273] INFO  (ext): Connection explorer changed. Will be updated.
    ns: "conn-man:explorer"
[1784178963809] INFO  (ext): Connection explorer changed. Will be updated.
    ns: "conn-man:explorer"
[1784178967289] INFO  (ext): Connection explorer changed. Will be updated.
    ns: "conn-man:explorer"
[1784178971364] INFO  (ext): Connection explorer changed. Will be updated.
    ns: "conn-man:explorer"
[1784178975439] INFO  (ext): Connection explorer changed. Will be updated.
    ns: "conn-man:explorer"
[1784178979424] INFO  (ext): Connection explorer changed. Will be updated.
    ns: "conn-man:explorer"
[1784178992334] INFO  (ext): Connection explorer changed. Will be updated.
    ns: "conn-man:explorer"
[1784178996179] INFO  (ext): Connection explorer changed. Will be updated.
    ns: "conn-man:explorer"
