[1784352831610] INFO  (ext): SQLTools is starting
[1784352831612] INFO  (ext): initializing language client...
[1784352831697] INFO  (ext): Registering client for languages [{"scheme":"sqltools"},{"language":"sql","scheme":"untitled"},{"language":"sql","scheme":"file"},{"language":"sql","scheme":"sqltools"}]
    ns: "lc"
[1784352831706] INFO  (ext): loading plugins...
[1784352831706] INFO  (ext): registering Formatter Plugin.
    plugin: {
      "name": "Formatter Plugin"
    }
[1784352831706] INFO  (ext): registering Connection Manager Plugin.
    plugin: {
      "name": "Connection Manager Plugin"
    }
[1784352831706] INFO  (ext): registering CodeLens Plugin.
    plugin: {
      "name": "CodeLens Plugin",
      "registeredLanguages": []
    }
[1784352831707] INFO  (ext): registering Dependency Manager Plugin.
    plugin: {
      "name": "Dependency Manager Plugin",
      "installingDrivers": []
    }
[1784352831708] INFO  (ext): Connection explorer changed. Will be updated.
    ns: "conn-man:explorer"
[1784352831708] INFO  (ext): registering History Manager Plugin.
    plugin: {
      "name": "History Manager Plugin"
    }
[1784352831708] INFO  (ext): registering Bookmarks Manager Plugin.
    plugin: {
      "name": "Bookmarks Manager Plugin"
    }
[1784352831709] INFO  (ext): registering Authentication Provider Plugin.
    plugin: {
      "name": "Authentication Provider Plugin",
      "isRegistered": false
    }
[1784352831709] INFO  (ext): registering Object Drop-in Provider (plugin).
    plugin: {
      "type": "plugin",
      "name": "Object Drop-in Provider",
      "isRegistered": false
    }
[1784352831710] INFO  (ext): SQLTools activation completed. 99.162139 ms
[1784352831723] INFO  (ext): Formatter Plugin registered!
[1784352831723] INFO  (ext): CodeLens Plugin registered!
[1784352831723] INFO  (ext): Dependency Manager Plugin registered!
[1784352831723] INFO  (ext): Connection Manager Plugin registered!
[1784352831723] INFO  (ext): History Manager Plugin registered!
[1784352831723] INFO  (ext): Bookmarks Manager Plugin registered!
[1784352831723] INFO  (ext): Authentication Provider Plugin registered!
[1784352831723] INFO  (ext): Object Drop-in Provider (plugin) registered!
[1784352834897] INFO  (ext): EXECUTING COMMAND => sqltools.refreshTree
[1784352834897] INFO  (ext): Connection explorer changed. Will be updated.
    ns: "conn-man:explorer"
[1784352834900] INFO  (ext): Connection explorer changed. Will be updated.
    ns: "conn-man:explorer"
[1784352831820] INFO  (ls): SQLTools Server started!
===============================
Using node runtime?: yes
ExecPath: /opt/nodejs/node-v22.19.0-linux-x64/bin/node v22.19.0
===============================
[1784352831823] INFO  (ls): User defined env vars
===============================
{"PATH":"/usr/local/sbin:/usr/local/bin:/usr/sbin:/usr/bin:/sbin:/bin:/home/user/.node_modules_global/bin"}
===============================:
[1784352835059] INFO  (ext): LanguageClient ready
    ns: "lc"
[1784352835048] INFO  (ls): Initialized with node version:v22.19.0
[1784352837653] INFO  (ext): registering SQLite Plugin (driver).
    plugin: {
      "extensionId": "mtxr.sqltools-driver-sqlite",
      "name": "SQLite Plugin",
      "type": "driver"
    }
[1784352837655] INFO  (ls): REQUEST RECEIVED => ls/RegisterPlugin
[1784352837655] INFO  (ls): request to register plugin: "/extbin/local/openvscode-server/extensions/mtxr.sqltools-driver-sqlite-0.5.0/out/ls/plugin.js"
[1784352837678] INFO  (ls): Driver sqlite registered!
    place: "driver-map"
    ns: "ls-context"
[1784352838614] INFO  (ext): SQLite Plugin (driver) registered!
[1784352839838] INFO  (ext): EXECUTING COMMAND => sqltools.refreshTree
[1784352839838] INFO  (ext): Connection explorer changed. Will be updated.
    ns: "conn-man:explorer"
[1784352843761] INFO  (ext): Connection explorer changed. Will be updated.
    ns: "conn-man:explorer"
