[1784098063575] INFO  (ext): SQLTools is starting
[1784098063576] INFO  (ext): initializing language client...
[1784098063658] INFO  (ext): Registering client for languages [{"scheme":"sqltools"},{"language":"sql","scheme":"untitled"},{"language":"sql","scheme":"file"},{"language":"sql","scheme":"sqltools"}]
    ns: "lc"
[1784098063666] INFO  (ext): loading plugins...
[1784098063667] INFO  (ext): registering Formatter Plugin.
    plugin: {
      "name": "Formatter Plugin"
    }
[1784098063667] INFO  (ext): registering Connection Manager Plugin.
    plugin: {
      "name": "Connection Manager Plugin"
    }
[1784098063667] INFO  (ext): registering CodeLens Plugin.
    plugin: {
      "name": "CodeLens Plugin",
      "registeredLanguages": []
    }
[1784098063668] INFO  (ext): registering Dependency Manager Plugin.
    plugin: {
      "name": "Dependency Manager Plugin",
      "installingDrivers": []
    }
[1784098063669] INFO  (ext): Connection explorer changed. Will be updated.
    ns: "conn-man:explorer"
[1784098063669] INFO  (ext): registering History Manager Plugin.
    plugin: {
      "name": "History Manager Plugin"
    }
[1784098063669] INFO  (ext): registering Bookmarks Manager Plugin.
    plugin: {
      "name": "Bookmarks Manager Plugin"
    }
[1784098063670] INFO  (ext): registering Authentication Provider Plugin.
    plugin: {
      "name": "Authentication Provider Plugin",
      "isRegistered": false
    }
[1784098063670] INFO  (ext): registering Object Drop-in Provider (plugin).
    plugin: {
      "type": "plugin",
      "name": "Object Drop-in Provider",
      "isRegistered": false
    }
[1784098063670] INFO  (ext): SQLTools activation completed. 95.034111 ms
[1784098063675] INFO  (ext): Formatter Plugin registered!
[1784098063675] INFO  (ext): CodeLens Plugin registered!
[1784098063675] INFO  (ext): Dependency Manager Plugin registered!
[1784098063675] INFO  (ext): Connection Manager Plugin registered!
[1784098063675] INFO  (ext): History Manager Plugin registered!
[1784098063675] INFO  (ext): Bookmarks Manager Plugin registered!
[1784098063675] INFO  (ext): Authentication Provider Plugin registered!
[1784098063675] INFO  (ext): Object Drop-in Provider (plugin) registered!
[1784098066374] INFO  (ext): EXECUTING COMMAND => sqltools.refreshTree
[1784098066374] INFO  (ext): Connection explorer changed. Will be updated.
    ns: "conn-man:explorer"
[1784098066375] INFO  (ext): Connection explorer changed. Will be updated.
    ns: "conn-man:explorer"
[1784098066482] INFO  (ls): SQLTools Server started!
===============================
Using node runtime?: yes
ExecPath: /opt/nodejs/node-v22.19.0-linux-x64/bin/node v22.19.0
===============================
[1784098066485] INFO  (ls): User defined env vars
===============================
{"PATH":"/usr/local/sbin:/usr/local/bin:/usr/sbin:/usr/bin:/sbin:/bin:/home/user/.node_modules_global/bin"}
===============================:
[1784098068453] INFO  (ext): LanguageClient ready
    ns: "lc"
[1784098068452] INFO  (ls): Initialized with node version:v22.19.0
[1784098068716] INFO  (ext): registering SQLite Plugin (driver).
    plugin: {
      "extensionId": "mtxr.sqltools-driver-sqlite",
      "name": "SQLite Plugin",
      "type": "driver"
    }
[1784098068717] INFO  (ls): REQUEST RECEIVED => ls/RegisterPlugin
[1784098068717] INFO  (ls): request to register plugin: "/extbin/local/openvscode-server/extensions/mtxr.sqltools-driver-sqlite-0.5.0/out/ls/plugin.js"
[1784098068739] INFO  (ls): Driver sqlite registered!
    place: "driver-map"
    ns: "ls-context"
[1784098069481] INFO  (ext): SQLite Plugin (driver) registered!
[1784098070532] INFO  (ext): EXECUTING COMMAND => sqltools.refreshTree
[1784098070532] INFO  (ext): Connection explorer changed. Will be updated.
    ns: "conn-man:explorer"
[1784098076645] INFO  (ext): Connection explorer changed. Will be updated.
    ns: "conn-man:explorer"
[1784098077568] INFO  (ext): Connection explorer changed. Will be updated.
    ns: "conn-man:explorer"
[1784098078951] INFO  (ext): Connection explorer changed. Will be updated.
    ns: "conn-man:explorer"
[1784098079585] INFO  (ext): Connection explorer changed. Will be updated.
    ns: "conn-man:explorer"
[1784098082039] INFO  (ext): Connection explorer changed. Will be updated.
    ns: "conn-man:explorer"
[1784098083713] INFO  (ext): Connection explorer changed. Will be updated.
    ns: "conn-man:explorer"
[1784098085989] INFO  (ext): Connection explorer changed. Will be updated.
    ns: "conn-man:explorer"
[1784098087186] INFO  (ext): Connection explorer changed. Will be updated.
    ns: "conn-man:explorer"
[1784098087201] INFO  (ext): Connection explorer changed. Will be updated.
    ns: "conn-man:explorer"
[1784098089791] INFO  (ext): Connection explorer changed. Will be updated.
    ns: "conn-man:explorer"
[1784098091985] INFO  (ext): Connection explorer changed. Will be updated.
    ns: "conn-man:explorer"
[1784098093460] INFO  (ext): Connection explorer changed. Will be updated.
    ns: "conn-man:explorer"
[1784098094531] INFO  (ext): Connection explorer changed. Will be updated.
    ns: "conn-man:explorer"
[1784098094966] INFO  (ext): Connection explorer changed. Will be updated.
    ns: "conn-man:explorer"
[1784098098416] INFO  (ext): Connection explorer changed. Will be updated.
    ns: "conn-man:explorer"
[1784098100156] INFO  (ext): Connection explorer changed. Will be updated.
    ns: "conn-man:explorer"
[1784098104476] INFO  (ext): Connection explorer changed. Will be updated.
    ns: "conn-man:explorer"
[1784098104477] INFO  (ext): Connection explorer changed. Will be updated.
    ns: "conn-man:explorer"
[1784098110005] INFO  (ext): Connection explorer changed. Will be updated.
    ns: "conn-man:explorer"
[1784098130556] INFO  (ext): Connection explorer changed. Will be updated.
    ns: "conn-man:explorer"
[1784098146711] INFO  (ext): Connection explorer changed. Will be updated.
    ns: "conn-man:explorer"
[1784098171546] INFO  (ext): Connection explorer changed. Will be updated.
    ns: "conn-man:explorer"
[1784098218359] INFO  (ext): Connection explorer changed. Will be updated.
    ns: "conn-man:explorer"
[1784098223321] INFO  (ext): Connection explorer changed. Will be updated.
    ns: "conn-man:explorer"
[1784098228442] INFO  (ext): Connection explorer changed. Will be updated.
    ns: "conn-man:explorer"
[1784098234511] INFO  (ext): Connection explorer changed. Will be updated.
    ns: "conn-man:explorer"
[1784098240178] INFO  (ext): Connection explorer changed. Will be updated.
    ns: "conn-man:explorer"
[1784098244611] INFO  (ext): Connection explorer changed. Will be updated.
    ns: "conn-man:explorer"
[1784098249096] INFO  (ext): Connection explorer changed. Will be updated.
    ns: "conn-man:explorer"
[1784098253305] INFO  (ext): Connection explorer changed. Will be updated.
    ns: "conn-man:explorer"
[1784098257181] INFO  (ext): Connection explorer changed. Will be updated.
    ns: "conn-man:explorer"
[1784098270441] INFO  (ext): Connection explorer changed. Will be updated.
    ns: "conn-man:explorer"
[1784098279191] INFO  (ext): Connection explorer changed. Will be updated.
    ns: "conn-man:explorer"
[1784098304001] INFO  (ext): Connection explorer changed. Will be updated.
    ns: "conn-man:explorer"
[1784098309451] INFO  (ext): Connection explorer changed. Will be updated.
    ns: "conn-man:explorer"
[1784098314111] INFO  (ext): Connection explorer changed. Will be updated.
    ns: "conn-man:explorer"
[1784098319201] INFO  (ext): Connection explorer changed. Will be updated.
    ns: "conn-man:explorer"
[1784098325321] INFO  (ext): Connection explorer changed. Will be updated.
    ns: "conn-man:explorer"
[1784098331764] INFO  (ext): Connection explorer changed. Will be updated.
    ns: "conn-man:explorer"
[1784098336596] INFO  (ext): Connection explorer changed. Will be updated.
    ns: "conn-man:explorer"
[1784098341591] INFO  (ext): Connection explorer changed. Will be updated.
    ns: "conn-man:explorer"
[1784098346781] INFO  (ext): Connection explorer changed. Will be updated.
    ns: "conn-man:explorer"
[1784098352301] INFO  (ext): Connection explorer changed. Will be updated.
    ns: "conn-man:explorer"
[1784098358311] INFO  (ext): Connection explorer changed. Will be updated.
    ns: "conn-man:explorer"
[1784098362001] INFO  (ext): Connection explorer changed. Will be updated.
    ns: "conn-man:explorer"
[1784098369195] INFO  (ext): Connection explorer changed. Will be updated.
    ns: "conn-man:explorer"
[1784098374331] INFO  (ext): Connection explorer changed. Will be updated.
    ns: "conn-man:explorer"
[1784098380111] INFO  (ext): Connection explorer changed. Will be updated.
    ns: "conn-man:explorer"
[1784098542139] INFO  (ext): Connection explorer changed. Will be updated.
    ns: "conn-man:explorer"
