{
  "label": "hana-project-explorer",
  "level": "error",
  "message": "Error occured in event listener:  Canceled",
  "name": "Canceled",
  "stack": "Canceled: Canceled\n    at ou (file:///extbin/local/openvscode-server/out/vs/workbench/api/node/extensionHostProcess.js:7:1394)\n    at file:///extbin/local/openvscode-server/out/vs/workbench/api/node/extensionHostProcess.js:29:142631\n    at Array.forEach (<anonymous>)\n    at OE.dispose (file:///extbin/local/openvscode-server/out/vs/workbench/api/node/extensionHostProcess.js:29:142571)\n    at mee.terminate (file:///extbin/local/openvscode-server/out/vs/workbench/api/node/extensionHostProcess.js:120:10238)\n    at nR.terminate (file:///extbin/local/openvscode-server/out/vs/workbench/api/node/extensionHostProcess.js:122:914)\n    at Hr (file:///extbin/local/openvscode-server/out/vs/workbench/api/node/extensionHostProcess.js:405:11144)\n    at tf.value (file:///extbin/local/openvscode-server/out/vs/workbench/api/node/extensionHostProcess.js:405:9282)\n    at I.C (file:///extbin/local/openvscode-server/out/vs/workbench/api/node/extensionHostProcess.js:27:2328)\n    at I.fire (file:///extbin/local/openvscode-server/out/vs/workbench/api/node/extensionHostProcess.js:27:2546)\n    at Jo.fire (file:///extbin/local/openvscode-server/out/vs/workbench/api/node/extensionHostProcess.js:29:9471)\n    at w0.A (file:///extbin/local/openvscode-server/out/vs/workbench/api/node/extensionHostProcess.js:29:12585)\n    at tf.value (file:///extbin/local/openvscode-server/out/vs/workbench/api/node/extensionHostProcess.js:29:11986)\n    at I.C (file:///extbin/local/openvscode-server/out/vs/workbench/api/node/extensionHostProcess.js:27:2328)\n    at I.fire (file:///extbin/local/openvscode-server/out/vs/workbench/api/node/extensionHostProcess.js:27:2546)\n    at yC.acceptChunk (file:///extbin/local/openvscode-server/out/vs/workbench/api/node/extensionHostProcess.js:29:7954)\n    at tf.value (file:///extbin/local/openvscode-server/out/vs/workbench/api/node/extensionHostProcess.js:29:7240)\n    at I.C (file:///extbin/local/openvscode-server/out/vs/workbench/api/node/extensionHostProcess.js:27:2328)\n    at I.fire (file:///extbin/local/openvscode-server/out/vs/workbench/api/node/extensionHostProcess.js:27:2546)\n    at WF.w (file:///extbin/local/openvscode-server/out/vs/workbench/api/node/extensionHostProcess.js:29:21762)",
  "time": "2026-07-10T05:03:44.898Z"
}
{
  "label": "hana-project-explorer",
  "level": "error",
  "message": "Error occured in event listener:  Canceled",
  "name": "Canceled",
  "stack": "Canceled: Canceled\n    at new rU (file:///extbin/local/openvscode-server/out/vs/workbench/api/node/extensionHostProcess.js:29:141180)\n    at OE.U (file:///extbin/local/openvscode-server/out/vs/workbench/api/node/extensionHostProcess.js:29:145790)\n    at Proxy.r.<computed>.n.charCodeAt.r.<computed> (file:///extbin/local/openvscode-server/out/vs/workbench/api/node/extensionHostProcess.js:29:143284)\n    at file:///extbin/local/openvscode-server/out/vs/workbench/api/node/extensionHostProcess.js:113:75223\n    at Array.map (<anonymous>)\n    at cA.B (file:///extbin/local/openvscode-server/out/vs/workbench/api/node/extensionHostProcess.js:113:75209)\n    at cA.A (file:///extbin/local/openvscode-server/out/vs/workbench/api/node/extensionHostProcess.js:113:75159)\n    at cA.findFiles (file:///extbin/local/openvscode-server/out/vs/workbench/api/node/extensionHostProcess.js:113:73694)\n    at Object.findFiles (file:///extbin/local/openvscode-server/out/vs/workbench/api/node/extensionHostProcess.js:213:119458)\n    at p (/extbin/local/openvscode-server/extensions/hana-project-explorer-1.38.0-bas/dist/extension.js:1:4277368)\n    at u (/extbin/local/openvscode-server/extensions/hana-project-explorer-1.38.0-bas/dist/extension.js:1:4277247)\n    at t.isHDBModulePath (/extbin/local/openvscode-server/extensions/hana-project-explorer-1.38.0-bas/dist/extension.js:1:4277052)\n    at handleFileChanged (/extbin/local/openvscode-server/extensions/hana-project-explorer-1.38.0-bas/dist/extension.js:1:4075807)\n    at /extbin/local/openvscode-server/extensions/hana-project-explorer-1.38.0-bas/dist/extension.js:1:4078082\n    at /extbin/local/openvscode-server/extensions/hana-project-explorer-1.38.0-bas/dist/extension.js:1:4319227",
  "time": "2026-07-10T05:03:44.956Z"
}
{
  "label": "hana-project-explorer",
  "level": "error",
  "message": "Error occured in event listener:  Canceled",
  "name": "Canceled",
  "stack": "Canceled: Canceled\n    at new rU (file:///extbin/local/openvscode-server/out/vs/workbench/api/node/extensionHostProcess.js:29:141180)\n    at OE.U (file:///extbin/local/openvscode-server/out/vs/workbench/api/node/extensionHostProcess.js:29:145790)\n    at Proxy.r.<computed>.n.charCodeAt.r.<computed> (file:///extbin/local/openvscode-server/out/vs/workbench/api/node/extensionHostProcess.js:29:143284)\n    at file:///extbin/local/openvscode-server/out/vs/workbench/api/node/extensionHostProcess.js:113:75223\n    at Array.map (<anonymous>)\n    at cA.B (file:///extbin/local/openvscode-server/out/vs/workbench/api/node/extensionHostProcess.js:113:75209)\n    at cA.A (file:///extbin/local/openvscode-server/out/vs/workbench/api/node/extensionHostProcess.js:113:75159)\n    at cA.findFiles (file:///extbin/local/openvscode-server/out/vs/workbench/api/node/extensionHostProcess.js:113:73694)\n    at Object.findFiles (file:///extbin/local/openvscode-server/out/vs/workbench/api/node/extensionHostProcess.js:213:119458)\n    at p (/extbin/local/openvscode-server/extensions/hana-project-explorer-1.38.0-bas/dist/extension.js:1:4277368)\n    at u (/extbin/local/openvscode-server/extensions/hana-project-explorer-1.38.0-bas/dist/extension.js:1:4277247)\n    at t.isHDBModulePath (/extbin/local/openvscode-server/extensions/hana-project-explorer-1.38.0-bas/dist/extension.js:1:4277052)\n    at handleFileChanged (/extbin/local/openvscode-server/extensions/hana-project-explorer-1.38.0-bas/dist/extension.js:1:4075807)\n    at /extbin/local/openvscode-server/extensions/hana-project-explorer-1.38.0-bas/dist/extension.js:1:4078082\n    at /extbin/local/openvscode-server/extensions/hana-project-explorer-1.38.0-bas/dist/extension.js:1:4319227",
  "time": "2026-07-10T05:03:44.957Z"
}
{
  "label": "hana-project-explorer",
  "level": "error",
  "message": "Error occured in event listener:  Canceled",
  "name": "Canceled",
  "stack": "Canceled: Canceled\n    at new rU (file:///extbin/local/openvscode-server/out/vs/workbench/api/node/extensionHostProcess.js:29:141180)\n    at OE.U (file:///extbin/local/openvscode-server/out/vs/workbench/api/node/extensionHostProcess.js:29:145790)\n    at Proxy.r.<computed>.n.charCodeAt.r.<computed> (file:///extbin/local/openvscode-server/out/vs/workbench/api/node/extensionHostProcess.js:29:143284)\n    at file:///extbin/local/openvscode-server/out/vs/workbench/api/node/extensionHostProcess.js:113:75223\n    at Array.map (<anonymous>)\n    at cA.B (file:///extbin/local/openvscode-server/out/vs/workbench/api/node/extensionHostProcess.js:113:75209)\n    at cA.A (file:///extbin/local/openvscode-server/out/vs/workbench/api/node/extensionHostProcess.js:113:75159)\n    at cA.findFiles (file:///extbin/local/openvscode-server/out/vs/workbench/api/node/extensionHostProcess.js:113:73694)\n    at Object.findFiles (file:///extbin/local/openvscode-server/out/vs/workbench/api/node/extensionHostProcess.js:213:119458)\n    at p (/extbin/local/openvscode-server/extensions/hana-project-explorer-1.38.0-bas/dist/extension.js:1:4277368)\n    at u (/extbin/local/openvscode-server/extensions/hana-project-explorer-1.38.0-bas/dist/extension.js:1:4277247)\n    at t.isHDBModulePath (/extbin/local/openvscode-server/extensions/hana-project-explorer-1.38.0-bas/dist/extension.js:1:4277052)\n    at handleFileChanged (/extbin/local/openvscode-server/extensions/hana-project-explorer-1.38.0-bas/dist/extension.js:1:4075807)\n    at /extbin/local/openvscode-server/extensions/hana-project-explorer-1.38.0-bas/dist/extension.js:1:4078082\n    at /extbin/local/openvscode-server/extensions/hana-project-explorer-1.38.0-bas/dist/extension.js:1:4319227",
  "time": "2026-07-10T05:03:44.957Z"
}
