{
  "label": "hana-project-explorer",
  "level": "error",
  "message": "Could not determine which Cloud MTA version is installed in your system. Go to https://github.com/SAP/cloud-mta to install the tool and try again.",
  "time": "2026-07-18T05:31:01.537Z"
}
{
  "label": "hana-project-explorer",
  "level": "error",
  "message": "The \"/home/user/projects/south/gen/db\" folder does not exist; cannot create deploy task",
  "time": "2026-07-18T05:31:10.163Z"
}
{
  "label": "hana-project-explorer",
  "level": "error",
  "message": "The \"/home/user/projects/where/gen/db\" folder does not exist; cannot create deploy task",
  "time": "2026-07-18T05:31:10.163Z"
}
{
  "label": "hana-project-explorer",
  "level": "error",
  "message": "Could not parse .env file: The module path \"/home/user/projects/Assoc/gen/db\" is not a valid CAP DB module path.",
  "time": "2026-07-18T05:31:14.523Z"
}
