[1784352650652] INFO  (ext): SQLTools is starting
[1784352650655] INFO  (ext): initializing language client...
[1784352650710] INFO  (ext): Registering client for languages [{"scheme":"sqltools"},{"language":"sql","scheme":"untitled"},{"language":"sql","scheme":"file"},{"language":"sql","scheme":"sqltools"}]
    ns: "lc"
[1784352650740] INFO  (ext): loading plugins...
[1784352650740] INFO  (ext): registering Formatter Plugin.
    plugin: {
      "name": "Formatter Plugin"
    }
[1784352650740] INFO  (ext): registering Connection Manager Plugin.
    plugin: {
      "name": "Connection Manager Plugin"
    }
[1784352650740] INFO  (ext): registering CodeLens Plugin.
    plugin: {
      "name": "CodeLens Plugin",
      "registeredLanguages": []
    }
[1784352650741] INFO  (ext): registering Dependency Manager Plugin.
    plugin: {
      "name": "Dependency Manager Plugin",
      "installingDrivers": []
    }
[1784352650742] INFO  (ext): Connection explorer changed. Will be updated.
    ns: "conn-man:explorer"
[1784352650742] INFO  (ext): registering History Manager Plugin.
    plugin: {
      "name": "History Manager Plugin"
    }
[1784352650743] INFO  (ext): registering Bookmarks Manager Plugin.
    plugin: {
      "name": "Bookmarks Manager Plugin"
    }
[1784352650743] INFO  (ext): registering Authentication Provider Plugin.
    plugin: {
      "name": "Authentication Provider Plugin",
      "isRegistered": false
    }
[1784352650743] INFO  (ext): registering Object Drop-in Provider (plugin).
    plugin: {
      "type": "plugin",
      "name": "Object Drop-in Provider",
      "isRegistered": false
    }
[1784352650744] INFO  (ext): SQLTools activation completed. 91.4658 ms
[1784352650751] INFO  (ext): Formatter Plugin registered!
[1784352650751] INFO  (ext): CodeLens Plugin registered!
[1784352650751] INFO  (ext): Dependency Manager Plugin registered!
[1784352650751] INFO  (ext): Connection Manager Plugin registered!
[1784352650751] INFO  (ext): History Manager Plugin registered!
[1784352650751] INFO  (ext): Bookmarks Manager Plugin registered!
[1784352650751] INFO  (ext): Authentication Provider Plugin registered!
[1784352650752] INFO  (ext): Object Drop-in Provider (plugin) registered!
[1784352653892] INFO  (ext): EXECUTING COMMAND => sqltools.refreshTree
[1784352653892] INFO  (ext): Connection explorer changed. Will be updated.
    ns: "conn-man:explorer"
[1784352653893] INFO  (ext): Connection explorer changed. Will be updated.
    ns: "conn-man:explorer"
[1784352654029] INFO  (ls): SQLTools Server started!
===============================
Using node runtime?: yes
ExecPath: /opt/nodejs/node-v22.19.0-linux-x64/bin/node v22.19.0
===============================
[1784352654054] INFO  (ls): User defined env vars
===============================
{"PATH":"/usr/local/sbin:/usr/local/bin:/usr/sbin:/usr/bin:/sbin:/bin:/home/user/.node_modules_global/bin"}
===============================:
[1784352656836] INFO  (ext): LanguageClient ready
    ns: "lc"
[1784352656835] INFO  (ls): Initialized with node version:v22.19.0
[1784352657217] INFO  (ext): registering SQLite Plugin (driver).
    plugin: {
      "extensionId": "mtxr.sqltools-driver-sqlite",
      "name": "SQLite Plugin",
      "type": "driver"
    }
[1784352657219] INFO  (ls): REQUEST RECEIVED => ls/RegisterPlugin
[1784352657219] INFO  (ls): request to register plugin: "/extbin/local/openvscode-server/extensions/mtxr.sqltools-driver-sqlite-0.5.0/out/ls/plugin.js"
[1784352657244] INFO  (ls): Driver sqlite registered!
    place: "driver-map"
    ns: "ls-context"
[1784352658670] INFO  (ext): SQLite Plugin (driver) registered!
[1784352660186] INFO  (ext): EXECUTING COMMAND => sqltools.refreshTree
[1784352660186] INFO  (ext): Connection explorer changed. Will be updated.
    ns: "conn-man:explorer"
[1784352664245] INFO  (ext): Connection explorer changed. Will be updated.
    ns: "conn-man:explorer"
[1784352665913] INFO  (ext): Connection explorer changed. Will be updated.
    ns: "conn-man:explorer"
[1784352668159] INFO  (ext): Connection explorer changed. Will be updated.
    ns: "conn-man:explorer"
[1784352669951] INFO  (ext): Connection explorer changed. Will be updated.
    ns: "conn-man:explorer"
[1784352671115] INFO  (ext): Connection explorer changed. Will be updated.
    ns: "conn-man:explorer"
[1784352672656] INFO  (ext): Connection explorer changed. Will be updated.
    ns: "conn-man:explorer"
[1784352677952] INFO  (ext): Connection explorer changed. Will be updated.
    ns: "conn-man:explorer"
[1784352683664] INFO  (ext): Connection explorer changed. Will be updated.
    ns: "conn-man:explorer"
[1784352688272] INFO  (ext): Connection explorer changed. Will be updated.
    ns: "conn-man:explorer"
[1784352691232] INFO  (ext): Connection explorer changed. Will be updated.
    ns: "conn-man:explorer"
[1784352694167] INFO  (ext): Connection explorer changed. Will be updated.
    ns: "conn-man:explorer"
[1784352700027] INFO  (ext): Connection explorer changed. Will be updated.
    ns: "conn-man:explorer"
[1784352704534] INFO  (ext): Connection explorer changed. Will be updated.
    ns: "conn-man:explorer"
[1784352706372] INFO  (ext): Connection explorer changed. Will be updated.
    ns: "conn-man:explorer"
[1784352706492] INFO  (ext): Connection explorer changed. Will be updated.
    ns: "conn-man:explorer"
[1784352708142] INFO  (ext): Connection explorer changed. Will be updated.
    ns: "conn-man:explorer"
[1784352709892] INFO  (ext): Connection explorer changed. Will be updated.
    ns: "conn-man:explorer"
[1784352711422] INFO  (ext): Connection explorer changed. Will be updated.
    ns: "conn-man:explorer"
[1784352712572] INFO  (ext): Connection explorer changed. Will be updated.
    ns: "conn-man:explorer"
[1784352719858] INFO  (ext): Connection explorer changed. Will be updated.
    ns: "conn-man:explorer"
[1784352725503] INFO  (ext): Connection explorer changed. Will be updated.
    ns: "conn-man:explorer"
[1784352731278] INFO  (ext): Connection explorer changed. Will be updated.
    ns: "conn-man:explorer"
[1784352736987] INFO  (ext): Connection explorer changed. Will be updated.
    ns: "conn-man:explorer"
[1784352741567] INFO  (ext): Connection explorer changed. Will be updated.
    ns: "conn-man:explorer"
[1784352747257] INFO  (ext): Connection explorer changed. Will be updated.
    ns: "conn-man:explorer"
[1784352753027] INFO  (ext): Connection explorer changed. Will be updated.
    ns: "conn-man:explorer"
[1784352757382] INFO  (ext): Connection explorer changed. Will be updated.
    ns: "conn-man:explorer"
[1784352761597] INFO  (ext): Connection explorer changed. Will be updated.
    ns: "conn-man:explorer"
[1784352765702] INFO  (ext): Connection explorer changed. Will be updated.
    ns: "conn-man:explorer"
[1784352769937] INFO  (ext): Connection explorer changed. Will be updated.
    ns: "conn-man:explorer"
[1784352774127] INFO  (ext): Connection explorer changed. Will be updated.
    ns: "conn-man:explorer"
[1784352778137] INFO  (ext): Connection explorer changed. Will be updated.
    ns: "conn-man:explorer"
[1784352782297] INFO  (ext): Connection explorer changed. Will be updated.
    ns: "conn-man:explorer"
[1784352786432] INFO  (ext): Connection explorer changed. Will be updated.
    ns: "conn-man:explorer"
[1784352797347] INFO  (ext): Connection explorer changed. Will be updated.
    ns: "conn-man:explorer"
[1784352801522] INFO  (ext): Connection explorer changed. Will be updated.
    ns: "conn-man:explorer"
[1784352805617] INFO  (ext): Connection explorer changed. Will be updated.
    ns: "conn-man:explorer"
[1784352809692] INFO  (ext): Connection explorer changed. Will be updated.
    ns: "conn-man:explorer"
[1784352813787] INFO  (ext): Connection explorer changed. Will be updated.
    ns: "conn-man:explorer"
[1784352818007] INFO  (ext): Connection explorer changed. Will be updated.
    ns: "conn-man:explorer"
[1784352822499] INFO  (ext): Connection explorer changed. Will be updated.
    ns: "conn-man:explorer"
