[1784103777601] INFO  (ext): SQLTools is starting
[1784103777602] INFO  (ext): initializing language client...
[1784103777684] INFO  (ext): Registering client for languages [{"scheme":"sqltools"},{"language":"sql","scheme":"untitled"},{"language":"sql","scheme":"file"},{"language":"sql","scheme":"sqltools"}]
    ns: "lc"
[1784103777693] INFO  (ext): loading plugins...
[1784103777693] INFO  (ext): registering Formatter Plugin.
    plugin: {
      "name": "Formatter Plugin"
    }
[1784103777693] INFO  (ext): registering Connection Manager Plugin.
    plugin: {
      "name": "Connection Manager Plugin"
    }
[1784103777693] INFO  (ext): registering CodeLens Plugin.
    plugin: {
      "name": "CodeLens Plugin",
      "registeredLanguages": []
    }
[1784103777694] INFO  (ext): registering Dependency Manager Plugin.
    plugin: {
      "name": "Dependency Manager Plugin",
      "installingDrivers": []
    }
[1784103777695] INFO  (ext): Connection explorer changed. Will be updated.
    ns: "conn-man:explorer"
[1784103777695] INFO  (ext): registering History Manager Plugin.
    plugin: {
      "name": "History Manager Plugin"
    }
[1784103777695] INFO  (ext): registering Bookmarks Manager Plugin.
    plugin: {
      "name": "Bookmarks Manager Plugin"
    }
[1784103777696] INFO  (ext): registering Authentication Provider Plugin.
    plugin: {
      "name": "Authentication Provider Plugin",
      "isRegistered": false
    }
[1784103777696] INFO  (ext): registering Object Drop-in Provider (plugin).
    plugin: {
      "type": "plugin",
      "name": "Object Drop-in Provider",
      "isRegistered": false
    }
[1784103777697] INFO  (ext): SQLTools activation completed. 95.671569 ms
[1784103777701] INFO  (ext): Formatter Plugin registered!
[1784103777701] INFO  (ext): CodeLens Plugin registered!
[1784103777701] INFO  (ext): Dependency Manager Plugin registered!
[1784103777701] INFO  (ext): Connection Manager Plugin registered!
[1784103777701] INFO  (ext): History Manager Plugin registered!
[1784103777701] INFO  (ext): Bookmarks Manager Plugin registered!
[1784103777701] INFO  (ext): Authentication Provider Plugin registered!
[1784103777701] INFO  (ext): Object Drop-in Provider (plugin) registered!
[1784103780275] INFO  (ext): EXECUTING COMMAND => sqltools.refreshTree
[1784103780275] INFO  (ext): Connection explorer changed. Will be updated.
    ns: "conn-man:explorer"
[1784103780275] INFO  (ext): Connection explorer changed. Will be updated.
    ns: "conn-man:explorer"
[1784103780385] INFO  (ls): SQLTools Server started!
===============================
Using node runtime?: yes
ExecPath: /opt/nodejs/node-v22.19.0-linux-x64/bin/node v22.19.0
===============================
[1784103780388] INFO  (ls): User defined env vars
===============================
{"PATH":"/usr/local/sbin:/usr/local/bin:/usr/sbin:/usr/bin:/sbin:/bin:/home/user/.node_modules_global/bin"}
===============================:
[1784103782289] INFO  (ext): LanguageClient ready
    ns: "lc"
[1784103782289] INFO  (ls): Initialized with node version:v22.19.0
[1784103782757] INFO  (ext): registering SQLite Plugin (driver).
    plugin: {
      "extensionId": "mtxr.sqltools-driver-sqlite",
      "name": "SQLite Plugin",
      "type": "driver"
    }
[1784103782758] INFO  (ls): REQUEST RECEIVED => ls/RegisterPlugin
[1784103782758] INFO  (ls): request to register plugin: "/extbin/local/openvscode-server/extensions/mtxr.sqltools-driver-sqlite-0.5.0/out/ls/plugin.js"
[1784103782780] INFO  (ls): Driver sqlite registered!
    place: "driver-map"
    ns: "ls-context"
[1784103783511] INFO  (ext): SQLite Plugin (driver) registered!
[1784103784568] INFO  (ext): EXECUTING COMMAND => sqltools.refreshTree
[1784103784568] INFO  (ext): Connection explorer changed. Will be updated.
    ns: "conn-man:explorer"
[1784103789196] INFO  (ext): Connection explorer changed. Will be updated.
    ns: "conn-man:explorer"
[1784103791334] INFO  (ext): Connection explorer changed. Will be updated.
    ns: "conn-man:explorer"
[1784103792161] INFO  (ext): Connection explorer changed. Will be updated.
    ns: "conn-man:explorer"
[1784104011337] INFO  (ext): Connection explorer changed. Will be updated.
    ns: "conn-man:explorer"
[1784104161429] INFO  (ext): Connection explorer changed. Will be updated.
    ns: "conn-man:explorer"
[1784104250264] INFO  (ext): Connection explorer changed. Will be updated.
    ns: "conn-man:explorer"
