[1783617722601] INFO  (ext): SQLTools is starting
[1783617722602] INFO  (ext): initializing language client...
[1783617722678] INFO  (ext): Registering client for languages [{"scheme":"sqltools"},{"language":"sql","scheme":"untitled"},{"language":"sql","scheme":"file"},{"language":"sql","scheme":"sqltools"}]
    ns: "lc"
[1783617722691] INFO  (ext): loading plugins...
[1783617722691] INFO  (ext): registering Formatter Plugin.
    plugin: {
      "name": "Formatter Plugin"
    }
[1783617722691] INFO  (ext): registering Connection Manager Plugin.
    plugin: {
      "name": "Connection Manager Plugin"
    }
[1783617722691] INFO  (ext): registering CodeLens Plugin.
    plugin: {
      "name": "CodeLens Plugin",
      "registeredLanguages": []
    }
[1783617722692] INFO  (ext): registering Dependency Manager Plugin.
    plugin: {
      "name": "Dependency Manager Plugin",
      "installingDrivers": []
    }
[1783617722693] INFO  (ext): Connection explorer changed. Will be updated.
    ns: "conn-man:explorer"
[1783617722693] INFO  (ext): registering History Manager Plugin.
    plugin: {
      "name": "History Manager Plugin"
    }
[1783617722693] INFO  (ext): registering Bookmarks Manager Plugin.
    plugin: {
      "name": "Bookmarks Manager Plugin"
    }
[1783617722694] INFO  (ext): registering Authentication Provider Plugin.
    plugin: {
      "name": "Authentication Provider Plugin",
      "isRegistered": false
    }
[1783617722694] INFO  (ext): registering Object Drop-in Provider (plugin).
    plugin: {
      "type": "plugin",
      "name": "Object Drop-in Provider",
      "isRegistered": false
    }
[1783617722695] INFO  (ext): SQLTools activation completed. 93.364258 ms
[1783617722699] INFO  (ext): Formatter Plugin registered!
[1783617722699] INFO  (ext): CodeLens Plugin registered!
[1783617722699] INFO  (ext): Dependency Manager Plugin registered!
[1783617722699] INFO  (ext): Connection Manager Plugin registered!
[1783617722699] INFO  (ext): History Manager Plugin registered!
[1783617722699] INFO  (ext): Bookmarks Manager Plugin registered!
[1783617722699] INFO  (ext): Authentication Provider Plugin registered!
[1783617722699] INFO  (ext): Object Drop-in Provider (plugin) registered!
[1783617725359] INFO  (ext): EXECUTING COMMAND => sqltools.refreshTree
[1783617725359] INFO  (ext): Connection explorer changed. Will be updated.
    ns: "conn-man:explorer"
[1783617725359] INFO  (ext): Connection explorer changed. Will be updated.
    ns: "conn-man:explorer"
[1783617725463] INFO  (ls): SQLTools Server started!
===============================
Using node runtime?: yes
ExecPath: /opt/nodejs/node-v22.19.0-linux-x64/bin/node v22.19.0
===============================
[1783617725466] INFO  (ls): User defined env vars
===============================
{"PATH":"/usr/local/sbin:/usr/local/bin:/usr/sbin:/usr/bin:/sbin:/bin:/home/user/.node_modules_global/bin"}
===============================:
[1783617727244] INFO  (ext): LanguageClient ready
    ns: "lc"
[1783617727243] INFO  (ls): Initialized with node version:v22.19.0
[1783617727489] INFO  (ext): registering SQLite Plugin (driver).
    plugin: {
      "extensionId": "mtxr.sqltools-driver-sqlite",
      "name": "SQLite Plugin",
      "type": "driver"
    }
[1783617727490] INFO  (ls): REQUEST RECEIVED => ls/RegisterPlugin
[1783617727490] INFO  (ls): request to register plugin: "/extbin/local/openvscode-server/extensions/mtxr.sqltools-driver-sqlite-0.5.0/out/ls/plugin.js"
[1783617727512] INFO  (ls): Driver sqlite registered!
    place: "driver-map"
    ns: "ls-context"
[1783617728233] INFO  (ext): SQLite Plugin (driver) registered!
[1783617728459] INFO  (ext): Connection explorer changed. Will be updated.
    ns: "conn-man:explorer"
[1783617728623] INFO  (ext): Connection explorer changed. Will be updated.
    ns: "conn-man:explorer"
[1783617729837] INFO  (ext): EXECUTING COMMAND => sqltools.refreshTree
[1783617729838] INFO  (ext): Connection explorer changed. Will be updated.
    ns: "conn-man:explorer"
[1783617734717] INFO  (ext): Connection explorer changed. Will be updated.
    ns: "conn-man:explorer"
[1783617738155] INFO  (ext): Connection explorer changed. Will be updated.
    ns: "conn-man:explorer"
[1783617872087] INFO  (ext): Connection explorer changed. Will be updated.
    ns: "conn-man:explorer"
[1783618011287] INFO  (ext): Connection explorer changed. Will be updated.
    ns: "conn-man:explorer"
[1783618084826] INFO  (ext): Connection explorer changed. Will be updated.
    ns: "conn-man:explorer"
[1783618172246] INFO  (ext): Connection explorer changed. Will be updated.
    ns: "conn-man:explorer"
[1783618195446] INFO  (ext): Connection explorer changed. Will be updated.
    ns: "conn-man:explorer"
[1783618217066] INFO  (ext): Connection explorer changed. Will be updated.
    ns: "conn-man:explorer"
[1783618631146] INFO  (ext): Connection explorer changed. Will be updated.
    ns: "conn-man:explorer"
[1783618653635] INFO  (ext): Connection explorer changed. Will be updated.
    ns: "conn-man:explorer"
[1783618654706] INFO  (ext): Connection explorer changed. Will be updated.
    ns: "conn-man:explorer"
[1783618654707] INFO  (ext): Connection explorer changed. Will be updated.
    ns: "conn-man:explorer"
[1783618662356] INFO  (ext): Connection explorer changed. Will be updated.
    ns: "conn-man:explorer"
[1783618768876] INFO  (ext): Connection explorer changed. Will be updated.
    ns: "conn-man:explorer"
[1783618935354] INFO  (ext): Connection explorer changed. Will be updated.
    ns: "conn-man:explorer"
