[1784095423379] INFO  (ext): SQLTools is starting
[1784095423380] INFO  (ext): initializing language client...
[1784095423458] INFO  (ext): Registering client for languages [{"scheme":"sqltools"},{"language":"sql","scheme":"untitled"},{"language":"sql","scheme":"file"},{"language":"sql","scheme":"sqltools"}]
    ns: "lc"
[1784095423467] INFO  (ext): loading plugins...
[1784095423467] INFO  (ext): registering Formatter Plugin.
    plugin: {
      "name": "Formatter Plugin"
    }
[1784095423467] INFO  (ext): registering Connection Manager Plugin.
    plugin: {
      "name": "Connection Manager Plugin"
    }
[1784095423468] INFO  (ext): registering CodeLens Plugin.
    plugin: {
      "name": "CodeLens Plugin",
      "registeredLanguages": []
    }
[1784095423468] INFO  (ext): registering Dependency Manager Plugin.
    plugin: {
      "name": "Dependency Manager Plugin",
      "installingDrivers": []
    }
[1784095423469] INFO  (ext): Connection explorer changed. Will be updated.
    ns: "conn-man:explorer"
[1784095423469] INFO  (ext): registering History Manager Plugin.
    plugin: {
      "name": "History Manager Plugin"
    }
[1784095423470] INFO  (ext): registering Bookmarks Manager Plugin.
    plugin: {
      "name": "Bookmarks Manager Plugin"
    }
[1784095423470] INFO  (ext): registering Authentication Provider Plugin.
    plugin: {
      "name": "Authentication Provider Plugin",
      "isRegistered": false
    }
[1784095423470] INFO  (ext): registering Object Drop-in Provider (plugin).
    plugin: {
      "type": "plugin",
      "name": "Object Drop-in Provider",
      "isRegistered": false
    }
[1784095423471] INFO  (ext): SQLTools activation completed. 92.076073 ms
[1784095423475] INFO  (ext): Formatter Plugin registered!
[1784095423475] INFO  (ext): CodeLens Plugin registered!
[1784095423475] INFO  (ext): Dependency Manager Plugin registered!
[1784095423475] INFO  (ext): Connection Manager Plugin registered!
[1784095423475] INFO  (ext): History Manager Plugin registered!
[1784095423475] INFO  (ext): Bookmarks Manager Plugin registered!
[1784095423475] INFO  (ext): Authentication Provider Plugin registered!
[1784095423475] INFO  (ext): Object Drop-in Provider (plugin) registered!
[1784095426130] INFO  (ext): EXECUTING COMMAND => sqltools.refreshTree
[1784095426130] INFO  (ext): Connection explorer changed. Will be updated.
    ns: "conn-man:explorer"
[1784095426130] INFO  (ext): Connection explorer changed. Will be updated.
    ns: "conn-man:explorer"
[1784095426235] INFO  (ls): SQLTools Server started!
===============================
Using node runtime?: yes
ExecPath: /opt/nodejs/node-v22.19.0-linux-x64/bin/node v22.19.0
===============================
[1784095426238] INFO  (ls): User defined env vars
===============================
{"PATH":"/usr/local/sbin:/usr/local/bin:/usr/sbin:/usr/bin:/sbin:/bin:/home/user/.node_modules_global/bin"}
===============================:
[1784095428085] INFO  (ext): LanguageClient ready
    ns: "lc"
[1784095428084] INFO  (ls): Initialized with node version:v22.19.0
[1784095428330] INFO  (ext): registering SQLite Plugin (driver).
    plugin: {
      "extensionId": "mtxr.sqltools-driver-sqlite",
      "name": "SQLite Plugin",
      "type": "driver"
    }
[1784095428331] INFO  (ls): REQUEST RECEIVED => ls/RegisterPlugin
[1784095428331] INFO  (ls): request to register plugin: "/extbin/local/openvscode-server/extensions/mtxr.sqltools-driver-sqlite-0.5.0/out/ls/plugin.js"
[1784095428353] INFO  (ls): Driver sqlite registered!
    place: "driver-map"
    ns: "ls-context"
[1784095429081] INFO  (ext): SQLite Plugin (driver) registered!
[1784095429298] INFO  (ext): Connection explorer changed. Will be updated.
    ns: "conn-man:explorer"
[1784095429315] INFO  (ext): Connection explorer changed. Will be updated.
    ns: "conn-man:explorer"
[1784095430134] INFO  (ext): EXECUTING COMMAND => sqltools.refreshTree
[1784095430134] INFO  (ext): Connection explorer changed. Will be updated.
    ns: "conn-man:explorer"
[1784095435239] INFO  (ext): Connection explorer changed. Will be updated.
    ns: "conn-man:explorer"
[1784095438109] INFO  (ext): Connection explorer changed. Will be updated.
    ns: "conn-man:explorer"
[1784095472049] INFO  (ext): Connection explorer changed. Will be updated.
    ns: "conn-man:explorer"
[1784095620260] INFO  (ext): Connection explorer changed. Will be updated.
    ns: "conn-man:explorer"
[1784096130177] INFO  (ext): Connection explorer changed. Will be updated.
    ns: "conn-man:explorer"
[1784096198446] INFO  (ext): Connection explorer changed. Will be updated.
    ns: "conn-man:explorer"
[1784096212766] INFO  (ext): Connection explorer changed. Will be updated.
    ns: "conn-man:explorer"
[1784096483902] INFO  (ext): Connection explorer changed. Will be updated.
    ns: "conn-man:explorer"
[1784096621552] INFO  (ext): Connection explorer changed. Will be updated.
    ns: "conn-man:explorer"
[1784096809577] INFO  (ext): Connection explorer changed. Will be updated.
    ns: "conn-man:explorer"
[1784096949841] INFO  (ext): Connection explorer changed. Will be updated.
    ns: "conn-man:explorer"
[1784097844097] INFO  (ext): Connection explorer changed. Will be updated.
    ns: "conn-man:explorer"
