[1783951518671] INFO  (ext): SQLTools is starting
[1783951518672] INFO  (ext): initializing language client...
[1783951518752] INFO  (ext): Registering client for languages [{"scheme":"sqltools"},{"language":"sql","scheme":"untitled"},{"language":"sql","scheme":"file"},{"language":"sql","scheme":"sqltools"}]
    ns: "lc"
[1783951518761] INFO  (ext): loading plugins...
[1783951518761] INFO  (ext): registering Formatter Plugin.
    plugin: {
      "name": "Formatter Plugin"
    }
[1783951518761] INFO  (ext): registering Connection Manager Plugin.
    plugin: {
      "name": "Connection Manager Plugin"
    }
[1783951518761] INFO  (ext): registering CodeLens Plugin.
    plugin: {
      "name": "CodeLens Plugin",
      "registeredLanguages": []
    }
[1783951518762] INFO  (ext): registering Dependency Manager Plugin.
    plugin: {
      "name": "Dependency Manager Plugin",
      "installingDrivers": []
    }
[1783951518763] INFO  (ext): Connection explorer changed. Will be updated.
    ns: "conn-man:explorer"
[1783951518763] INFO  (ext): registering History Manager Plugin.
    plugin: {
      "name": "History Manager Plugin"
    }
[1783951518763] INFO  (ext): registering Bookmarks Manager Plugin.
    plugin: {
      "name": "Bookmarks Manager Plugin"
    }
[1783951518764] INFO  (ext): registering Authentication Provider Plugin.
    plugin: {
      "name": "Authentication Provider Plugin",
      "isRegistered": false
    }
[1783951518764] INFO  (ext): registering Object Drop-in Provider (plugin).
    plugin: {
      "type": "plugin",
      "name": "Object Drop-in Provider",
      "isRegistered": false
    }
[1783951518764] INFO  (ext): SQLTools activation completed. 93.581386 ms
[1783951518769] INFO  (ext): Formatter Plugin registered!
[1783951518769] INFO  (ext): CodeLens Plugin registered!
[1783951518769] INFO  (ext): Dependency Manager Plugin registered!
[1783951518769] INFO  (ext): Connection Manager Plugin registered!
[1783951518769] INFO  (ext): History Manager Plugin registered!
[1783951518769] INFO  (ext): Bookmarks Manager Plugin registered!
[1783951518769] INFO  (ext): Authentication Provider Plugin registered!
[1783951518769] INFO  (ext): Object Drop-in Provider (plugin) registered!
[1783951521315] INFO  (ext): EXECUTING COMMAND => sqltools.refreshTree
[1783951521315] INFO  (ext): Connection explorer changed. Will be updated.
    ns: "conn-man:explorer"
[1783951521315] INFO  (ext): Connection explorer changed. Will be updated.
    ns: "conn-man:explorer"
[1783951521425] INFO  (ls): SQLTools Server started!
===============================
Using node runtime?: yes
ExecPath: /opt/nodejs/node-v22.19.0-linux-x64/bin/node v22.19.0
===============================
[1783951521428] INFO  (ls): User defined env vars
===============================
{"PATH":"/usr/local/sbin:/usr/local/bin:/usr/sbin:/usr/bin:/sbin:/bin:/home/user/.node_modules_global/bin"}
===============================:
[1783951523332] INFO  (ext): LanguageClient ready
    ns: "lc"
[1783951523330] INFO  (ls): Initialized with node version:v22.19.0
[1783951523634] INFO  (ext): registering SQLite Plugin (driver).
    plugin: {
      "extensionId": "mtxr.sqltools-driver-sqlite",
      "name": "SQLite Plugin",
      "type": "driver"
    }
[1783951523635] INFO  (ls): REQUEST RECEIVED => ls/RegisterPlugin
[1783951523635] INFO  (ls): request to register plugin: "/extbin/local/openvscode-server/extensions/mtxr.sqltools-driver-sqlite-0.5.0/out/ls/plugin.js"
[1783951523657] INFO  (ls): Driver sqlite registered!
    place: "driver-map"
    ns: "ls-context"
[1783951524442] INFO  (ext): SQLite Plugin (driver) registered!
[1783951525543] INFO  (ext): EXECUTING COMMAND => sqltools.refreshTree
[1783951525543] INFO  (ext): Connection explorer changed. Will be updated.
    ns: "conn-man:explorer"
