[1784112175983] INFO  (ext): SQLTools is starting
[1784112175984] INFO  (ext): initializing language client...
[1784112176059] INFO  (ext): Registering client for languages [{"scheme":"sqltools"},{"language":"sql","scheme":"untitled"},{"language":"sql","scheme":"file"},{"language":"sql","scheme":"sqltools"}]
    ns: "lc"
[1784112176068] INFO  (ext): loading plugins...
[1784112176068] INFO  (ext): registering Formatter Plugin.
    plugin: {
      "name": "Formatter Plugin"
    }
[1784112176068] INFO  (ext): registering Connection Manager Plugin.
    plugin: {
      "name": "Connection Manager Plugin"
    }
[1784112176068] INFO  (ext): registering CodeLens Plugin.
    plugin: {
      "name": "CodeLens Plugin",
      "registeredLanguages": []
    }
[1784112176069] INFO  (ext): registering Dependency Manager Plugin.
    plugin: {
      "name": "Dependency Manager Plugin",
      "installingDrivers": []
    }
[1784112176070] INFO  (ext): Connection explorer changed. Will be updated.
    ns: "conn-man:explorer"
[1784112176070] INFO  (ext): registering History Manager Plugin.
    plugin: {
      "name": "History Manager Plugin"
    }
[1784112176071] INFO  (ext): registering Bookmarks Manager Plugin.
    plugin: {
      "name": "Bookmarks Manager Plugin"
    }
[1784112176071] INFO  (ext): registering Authentication Provider Plugin.
    plugin: {
      "name": "Authentication Provider Plugin",
      "isRegistered": false
    }
[1784112176071] INFO  (ext): registering Object Drop-in Provider (plugin).
    plugin: {
      "type": "plugin",
      "name": "Object Drop-in Provider",
      "isRegistered": false
    }
[1784112176072] INFO  (ext): SQLTools activation completed. 89.080809 ms
[1784112176076] INFO  (ext): Formatter Plugin registered!
[1784112176076] INFO  (ext): CodeLens Plugin registered!
[1784112176076] INFO  (ext): Dependency Manager Plugin registered!
[1784112176076] INFO  (ext): Connection Manager Plugin registered!
[1784112176076] INFO  (ext): History Manager Plugin registered!
[1784112176076] INFO  (ext): Bookmarks Manager Plugin registered!
[1784112176076] INFO  (ext): Authentication Provider Plugin registered!
[1784112176076] INFO  (ext): Object Drop-in Provider (plugin) registered!
[1784112178673] INFO  (ext): EXECUTING COMMAND => sqltools.refreshTree
[1784112178673] INFO  (ext): Connection explorer changed. Will be updated.
    ns: "conn-man:explorer"
[1784112178673] INFO  (ext): Connection explorer changed. Will be updated.
    ns: "conn-man:explorer"
[1784112178781] INFO  (ls): SQLTools Server started!
===============================
Using node runtime?: yes
ExecPath: /opt/nodejs/node-v22.19.0-linux-x64/bin/node v22.19.0
===============================
[1784112178784] INFO  (ls): User defined env vars
===============================
{"PATH":"/usr/local/sbin:/usr/local/bin:/usr/sbin:/usr/bin:/sbin:/bin:/home/user/.node_modules_global/bin"}
===============================:
[1784112180691] INFO  (ext): LanguageClient ready
    ns: "lc"
[1784112180690] INFO  (ls): Initialized with node version:v22.19.0
[1784112180976] INFO  (ext): registering SQLite Plugin (driver).
    plugin: {
      "extensionId": "mtxr.sqltools-driver-sqlite",
      "name": "SQLite Plugin",
      "type": "driver"
    }
[1784112180981] INFO  (ls): REQUEST RECEIVED => ls/RegisterPlugin
[1784112180982] INFO  (ls): request to register plugin: "/extbin/local/openvscode-server/extensions/mtxr.sqltools-driver-sqlite-0.5.0/out/ls/plugin.js"
[1784112181004] INFO  (ls): Driver sqlite registered!
    place: "driver-map"
    ns: "ls-context"
[1784112181728] INFO  (ext): SQLite Plugin (driver) registered!
[1784112182965] INFO  (ext): EXECUTING COMMAND => sqltools.refreshTree
[1784112182965] INFO  (ext): Connection explorer changed. Will be updated.
    ns: "conn-man:explorer"
[1784112186924] INFO  (ext): Connection explorer changed. Will be updated.
    ns: "conn-man:explorer"
[1784112188177] INFO  (ext): Connection explorer changed. Will be updated.
    ns: "conn-man:explorer"
[1784112189050] INFO  (ext): Connection explorer changed. Will be updated.
    ns: "conn-man:explorer"
[1784112190348] INFO  (ext): Connection explorer changed. Will be updated.
    ns: "conn-man:explorer"
[1784112190860] INFO  (ext): Connection explorer changed. Will be updated.
    ns: "conn-man:explorer"
[1784112191628] INFO  (ext): Connection explorer changed. Will be updated.
    ns: "conn-man:explorer"
[1784112192918] INFO  (ext): Connection explorer changed. Will be updated.
    ns: "conn-man:explorer"
[1784112194288] INFO  (ext): Connection explorer changed. Will be updated.
    ns: "conn-man:explorer"
[1784112195353] INFO  (ext): Connection explorer changed. Will be updated.
    ns: "conn-man:explorer"
[1784112196173] INFO  (ext): Connection explorer changed. Will be updated.
    ns: "conn-man:explorer"
[1784112196713] INFO  (ext): Connection explorer changed. Will be updated.
    ns: "conn-man:explorer"
[1784112198483] INFO  (ext): Connection explorer changed. Will be updated.
    ns: "conn-man:explorer"
[1784112200021] INFO  (ext): Connection explorer changed. Will be updated.
    ns: "conn-man:explorer"
[1784112201046] INFO  (ext): Connection explorer changed. Will be updated.
    ns: "conn-man:explorer"
[1784112202033] INFO  (ext): Connection explorer changed. Will be updated.
    ns: "conn-man:explorer"
[1784112202213] INFO  (ext): Connection explorer changed. Will be updated.
    ns: "conn-man:explorer"
[1784112203353] INFO  (ext): Connection explorer changed. Will be updated.
    ns: "conn-man:explorer"
[1784112206811] INFO  (ext): Connection explorer changed. Will be updated.
    ns: "conn-man:explorer"
[1784112211953] INFO  (ext): Connection explorer changed. Will be updated.
    ns: "conn-man:explorer"
[1784112216123] INFO  (ext): Connection explorer changed. Will be updated.
    ns: "conn-man:explorer"
[1784112220188] INFO  (ext): Connection explorer changed. Will be updated.
    ns: "conn-man:explorer"
[1784112224303] INFO  (ext): Connection explorer changed. Will be updated.
    ns: "conn-man:explorer"
[1784112228423] INFO  (ext): Connection explorer changed. Will be updated.
    ns: "conn-man:explorer"
[1784112232653] INFO  (ext): Connection explorer changed. Will be updated.
    ns: "conn-man:explorer"
[1784112236743] INFO  (ext): Connection explorer changed. Will be updated.
    ns: "conn-man:explorer"
[1784112241083] INFO  (ext): Connection explorer changed. Will be updated.
    ns: "conn-man:explorer"
[1784112245253] INFO  (ext): Connection explorer changed. Will be updated.
    ns: "conn-man:explorer"
[1784112249593] INFO  (ext): Connection explorer changed. Will be updated.
    ns: "conn-man:explorer"
[1784112253779] INFO  (ext): Connection explorer changed. Will be updated.
    ns: "conn-man:explorer"
[1784112258883] INFO  (ext): Connection explorer changed. Will be updated.
    ns: "conn-man:explorer"
[1784112263368] INFO  (ext): Connection explorer changed. Will be updated.
    ns: "conn-man:explorer"
[1784112267563] INFO  (ext): Connection explorer changed. Will be updated.
    ns: "conn-man:explorer"
[1784112271578] INFO  (ext): Connection explorer changed. Will be updated.
    ns: "conn-man:explorer"
[1784112275663] INFO  (ext): Connection explorer changed. Will be updated.
    ns: "conn-man:explorer"
[1784112279683] INFO  (ext): Connection explorer changed. Will be updated.
    ns: "conn-man:explorer"
[1784112283743] INFO  (ext): Connection explorer changed. Will be updated.
    ns: "conn-man:explorer"
