[1783934282871] INFO  (ext): SQLTools is starting
[1783934282873] INFO  (ext): initializing language client...
[1783934282944] INFO  (ext): Registering client for languages [{"scheme":"sqltools"},{"language":"sql","scheme":"untitled"},{"language":"sql","scheme":"file"},{"language":"sql","scheme":"sqltools"}]
    ns: "lc"
[1783934282948] INFO  (ext): loading plugins...
[1783934282948] INFO  (ext): registering Formatter Plugin.
    plugin: {
      "name": "Formatter Plugin"
    }
[1783934282948] INFO  (ext): registering Connection Manager Plugin.
    plugin: {
      "name": "Connection Manager Plugin"
    }
[1783934282949] INFO  (ext): registering CodeLens Plugin.
    plugin: {
      "name": "CodeLens Plugin",
      "registeredLanguages": []
    }
[1783934282949] INFO  (ext): registering Dependency Manager Plugin.
    plugin: {
      "name": "Dependency Manager Plugin",
      "installingDrivers": []
    }
[1783934282950] INFO  (ext): Connection explorer changed. Will be updated.
    ns: "conn-man:explorer"
[1783934282950] INFO  (ext): registering History Manager Plugin.
    plugin: {
      "name": "History Manager Plugin"
    }
[1783934282951] INFO  (ext): registering Bookmarks Manager Plugin.
    plugin: {
      "name": "Bookmarks Manager Plugin"
    }
[1783934282953] INFO  (ext): registering Authentication Provider Plugin.
    plugin: {
      "name": "Authentication Provider Plugin",
      "isRegistered": false
    }
[1783934282953] INFO  (ext): registering Object Drop-in Provider (plugin).
    plugin: {
      "type": "plugin",
      "name": "Object Drop-in Provider",
      "isRegistered": false
    }
[1783934282953] INFO  (ext): SQLTools activation completed. 82.636804 ms
[1783934282956] INFO  (ext): Formatter Plugin registered!
[1783934282956] INFO  (ext): CodeLens Plugin registered!
[1783934282956] INFO  (ext): Dependency Manager Plugin registered!
[1783934282957] INFO  (ext): Connection Manager Plugin registered!
[1783934282957] INFO  (ext): History Manager Plugin registered!
[1783934282957] INFO  (ext): Bookmarks Manager Plugin registered!
[1783934282957] INFO  (ext): Authentication Provider Plugin registered!
[1783934282957] INFO  (ext): Object Drop-in Provider (plugin) registered!
[1783934284977] INFO  (ext): EXECUTING COMMAND => sqltools.refreshTree
[1783934284978] INFO  (ext): Connection explorer changed. Will be updated.
    ns: "conn-man:explorer"
[1783934284978] INFO  (ext): Connection explorer changed. Will be updated.
    ns: "conn-man:explorer"
[1783934285084] INFO  (ls): SQLTools Server started!
===============================
Using node runtime?: yes
ExecPath: /opt/nodejs/node-v22.19.0-linux-x64/bin/node v22.19.0
===============================
[1783934285086] INFO  (ls): User defined env vars
===============================
{"PATH":"/usr/local/sbin:/usr/local/bin:/usr/sbin:/usr/bin:/sbin:/bin:/home/user/.node_modules_global/bin"}
===============================:
[1783934289020] INFO  (ext): LanguageClient ready
    ns: "lc"
[1783934289018] INFO  (ls): Initialized with node version:v22.19.0
[1783934290487] INFO  (ext): registering SQLite Plugin (driver).
    plugin: {
      "extensionId": "mtxr.sqltools-driver-sqlite",
      "name": "SQLite Plugin",
      "type": "driver"
    }
[1783934291958] INFO  (ext): EXECUTING COMMAND => sqltools.refreshTree
[1783934291958] INFO  (ext): Connection explorer changed. Will be updated.
    ns: "conn-man:explorer"
[1783934290488] INFO  (ls): REQUEST RECEIVED => ls/RegisterPlugin
[1783934290488] INFO  (ls): request to register plugin: "/extbin/local/openvscode-server/extensions/mtxr.sqltools-driver-sqlite-0.5.0/out/ls/plugin.js"
[1783934290523] INFO  (ls): Driver sqlite registered!
    place: "driver-map"
    ns: "ls-context"
[1783934291961] INFO  (ext): SQLite Plugin (driver) registered!
[1783934294597] INFO  (ext): EXECUTING COMMAND => sqltools.refreshTree
[1783934294597] INFO  (ext): Connection explorer changed. Will be updated.
    ns: "conn-man:explorer"
[1783934300607] INFO  (ext): Connection explorer changed. Will be updated.
    ns: "conn-man:explorer"
[1783934303304] INFO  (ext): Connection explorer changed. Will be updated.
    ns: "conn-man:explorer"
[1783934308175] INFO  (ext): Connection explorer changed. Will be updated.
    ns: "conn-man:explorer"
[1783934313157] INFO  (ext): Connection explorer changed. Will be updated.
    ns: "conn-man:explorer"
[1783934318144] INFO  (ext): Connection explorer changed. Will be updated.
    ns: "conn-man:explorer"
[1783934323164] INFO  (ext): Connection explorer changed. Will be updated.
    ns: "conn-man:explorer"
[1783934328464] INFO  (ext): Connection explorer changed. Will be updated.
    ns: "conn-man:explorer"
[1783934333284] INFO  (ext): Connection explorer changed. Will be updated.
    ns: "conn-man:explorer"
[1783934337114] INFO  (ext): Connection explorer changed. Will be updated.
    ns: "conn-man:explorer"
[1783934341009] INFO  (ext): Connection explorer changed. Will be updated.
    ns: "conn-man:explorer"
[1783934344789] INFO  (ext): Connection explorer changed. Will be updated.
    ns: "conn-man:explorer"
[1783934348704] INFO  (ext): Connection explorer changed. Will be updated.
    ns: "conn-man:explorer"
[1783934352514] INFO  (ext): Connection explorer changed. Will be updated.
    ns: "conn-man:explorer"
[1783934356319] INFO  (ext): Connection explorer changed. Will be updated.
    ns: "conn-man:explorer"
[1783934360064] INFO  (ext): Connection explorer changed. Will be updated.
    ns: "conn-man:explorer"
[1783934360624] INFO  (ext): Connection explorer changed. Will be updated.
    ns: "conn-man:explorer"
[1783934364124] INFO  (ext): Connection explorer changed. Will be updated.
    ns: "conn-man:explorer"
[1783934366969] INFO  (ext): Connection explorer changed. Will be updated.
    ns: "conn-man:explorer"
[1783934368084] INFO  (ext): Connection explorer changed. Will be updated.
    ns: "conn-man:explorer"
[1783934371904] INFO  (ext): Connection explorer changed. Will be updated.
    ns: "conn-man:explorer"
[1783934375684] INFO  (ext): Connection explorer changed. Will be updated.
    ns: "conn-man:explorer"
[1783934379424] INFO  (ext): Connection explorer changed. Will be updated.
    ns: "conn-man:explorer"
[1783934383204] INFO  (ext): Connection explorer changed. Will be updated.
    ns: "conn-man:explorer"
[1783934387044] INFO  (ext): Connection explorer changed. Will be updated.
    ns: "conn-man:explorer"
[1783934390764] INFO  (ext): Connection explorer changed. Will be updated.
    ns: "conn-man:explorer"
[1783934394499] INFO  (ext): Connection explorer changed. Will be updated.
    ns: "conn-man:explorer"
[1783934672704] INFO  (ext): Connection explorer changed. Will be updated.
    ns: "conn-man:explorer"
[1783934709294] INFO  (ext): Connection explorer changed. Will be updated.
    ns: "conn-man:explorer"
[1783935052844] INFO  (ext): Connection explorer changed. Will be updated.
    ns: "conn-man:explorer"
[1783935105424] INFO  (ext): Connection explorer changed. Will be updated.
    ns: "conn-man:explorer"
[1783935175114] INFO  (ext): Connection explorer changed. Will be updated.
    ns: "conn-man:explorer"
[1783935180514] INFO  (ext): Connection explorer changed. Will be updated.
    ns: "conn-man:explorer"
[1783935185594] INFO  (ext): Connection explorer changed. Will be updated.
    ns: "conn-man:explorer"
[1783935190744] INFO  (ext): Connection explorer changed. Will be updated.
    ns: "conn-man:explorer"
[1783935195924] INFO  (ext): Connection explorer changed. Will be updated.
    ns: "conn-man:explorer"
[1783935201224] INFO  (ext): Connection explorer changed. Will be updated.
    ns: "conn-man:explorer"
[1783935206529] INFO  (ext): Connection explorer changed. Will be updated.
    ns: "conn-man:explorer"
[1783935211664] INFO  (ext): Connection explorer changed. Will be updated.
    ns: "conn-man:explorer"
[1783935216604] INFO  (ext): Connection explorer changed. Will be updated.
    ns: "conn-man:explorer"
[1783935221524] INFO  (ext): Connection explorer changed. Will be updated.
    ns: "conn-man:explorer"
[1783935227074] INFO  (ext): Connection explorer changed. Will be updated.
    ns: "conn-man:explorer"
[1783935232624] INFO  (ext): Connection explorer changed. Will be updated.
    ns: "conn-man:explorer"
[1783935237984] INFO  (ext): Connection explorer changed. Will be updated.
    ns: "conn-man:explorer"
[1783935243099] INFO  (ext): Connection explorer changed. Will be updated.
    ns: "conn-man:explorer"
[1783935247914] INFO  (ext): Connection explorer changed. Will be updated.
    ns: "conn-man:explorer"
[1783935252904] INFO  (ext): Connection explorer changed. Will be updated.
    ns: "conn-man:explorer"
[1783935258164] INFO  (ext): Connection explorer changed. Will be updated.
    ns: "conn-man:explorer"
[1783935263339] INFO  (ext): Connection explorer changed. Will be updated.
    ns: "conn-man:explorer"
[1783935268704] INFO  (ext): Connection explorer changed. Will be updated.
    ns: "conn-man:explorer"
[1783935274044] INFO  (ext): Connection explorer changed. Will be updated.
    ns: "conn-man:explorer"
[1783935278814] INFO  (ext): Connection explorer changed. Will be updated.
    ns: "conn-man:explorer"
[1783935283664] INFO  (ext): Connection explorer changed. Will be updated.
    ns: "conn-man:explorer"
[1783935288844] INFO  (ext): Connection explorer changed. Will be updated.
    ns: "conn-man:explorer"
[1783935915899] INFO  (ext): Connection explorer changed. Will be updated.
    ns: "conn-man:explorer"
[1783935945904] INFO  (ext): Connection explorer changed. Will be updated.
    ns: "conn-man:explorer"
