[1784090607117] INFO  (ext): SQLTools is starting
[1784090607118] INFO  (ext): initializing language client...
[1784090607186] INFO  (ext): Registering client for languages [{"scheme":"sqltools"},{"language":"sql","scheme":"untitled"},{"language":"sql","scheme":"file"},{"language":"sql","scheme":"sqltools"}]
    ns: "lc"
[1784090607190] INFO  (ext): loading plugins...
[1784090607190] INFO  (ext): registering Formatter Plugin.
    plugin: {
      "name": "Formatter Plugin"
    }
[1784090607190] INFO  (ext): registering Connection Manager Plugin.
    plugin: {
      "name": "Connection Manager Plugin"
    }
[1784090607191] INFO  (ext): registering CodeLens Plugin.
    plugin: {
      "name": "CodeLens Plugin",
      "registeredLanguages": []
    }
[1784090607191] INFO  (ext): registering Dependency Manager Plugin.
    plugin: {
      "name": "Dependency Manager Plugin",
      "installingDrivers": []
    }
[1784090607192] INFO  (ext): Connection explorer changed. Will be updated.
    ns: "conn-man:explorer"
[1784090607193] INFO  (ext): registering History Manager Plugin.
    plugin: {
      "name": "History Manager Plugin"
    }
[1784090607193] INFO  (ext): registering Bookmarks Manager Plugin.
    plugin: {
      "name": "Bookmarks Manager Plugin"
    }
[1784090607193] INFO  (ext): registering Authentication Provider Plugin.
    plugin: {
      "name": "Authentication Provider Plugin",
      "isRegistered": false
    }
[1784090607193] INFO  (ext): registering Object Drop-in Provider (plugin).
    plugin: {
      "type": "plugin",
      "name": "Object Drop-in Provider",
      "isRegistered": false
    }
[1784090607194] INFO  (ext): SQLTools activation completed. 76.694401 ms
[1784090607197] INFO  (ext): Formatter Plugin registered!
[1784090607197] INFO  (ext): CodeLens Plugin registered!
[1784090607197] INFO  (ext): Dependency Manager Plugin registered!
[1784090607197] INFO  (ext): Connection Manager Plugin registered!
[1784090607197] INFO  (ext): History Manager Plugin registered!
[1784090607197] INFO  (ext): Bookmarks Manager Plugin registered!
[1784090607197] INFO  (ext): Authentication Provider Plugin registered!
[1784090607197] INFO  (ext): Object Drop-in Provider (plugin) registered!
[1784090608898] INFO  (ext): EXECUTING COMMAND => sqltools.refreshTree
[1784090608899] INFO  (ext): Connection explorer changed. Will be updated.
    ns: "conn-man:explorer"
[1784090610800] INFO  (ext): Connection explorer changed. Will be updated.
    ns: "conn-man:explorer"
[1784090609004] INFO  (ls): SQLTools Server started!
===============================
Using node runtime?: yes
ExecPath: /opt/nodejs/node-v22.19.0-linux-x64/bin/node v22.19.0
===============================
[1784090609007] INFO  (ls): User defined env vars
===============================
{"PATH":"/usr/local/sbin:/usr/local/bin:/usr/sbin:/usr/bin:/sbin:/bin:/home/user/.node_modules_global/bin"}
===============================:
[1784090610805] INFO  (ext): LanguageClient ready
    ns: "lc"
[1784090610804] INFO  (ls): Initialized with node version:v22.19.0
[1784090611109] INFO  (ext): registering SQLite Plugin (driver).
    plugin: {
      "extensionId": "mtxr.sqltools-driver-sqlite",
      "name": "SQLite Plugin",
      "type": "driver"
    }
[1784090611110] INFO  (ls): REQUEST RECEIVED => ls/RegisterPlugin
[1784090611110] INFO  (ls): request to register plugin: "/extbin/local/openvscode-server/extensions/mtxr.sqltools-driver-sqlite-0.5.0/out/ls/plugin.js"
[1784090611132] INFO  (ls): Driver sqlite registered!
    place: "driver-map"
    ns: "ls-context"
[1784090611919] INFO  (ext): SQLite Plugin (driver) registered!
[1784090612920] INFO  (ext): EXECUTING COMMAND => sqltools.refreshTree
[1784090612920] INFO  (ext): Connection explorer changed. Will be updated.
    ns: "conn-man:explorer"
[1784090616330] INFO  (ext): Connection explorer changed. Will be updated.
    ns: "conn-man:explorer"
[1784090619497] INFO  (ext): Connection explorer changed. Will be updated.
    ns: "conn-man:explorer"
[1784090621757] INFO  (ext): Connection explorer changed. Will be updated.
    ns: "conn-man:explorer"
[1784090621858] INFO  (ext): Connection explorer changed. Will be updated.
    ns: "conn-man:explorer"
[1784090625772] INFO  (ext): Connection explorer changed. Will be updated.
    ns: "conn-man:explorer"
[1784090625817] INFO  (ext): Connection explorer changed. Will be updated.
    ns: "conn-man:explorer"
[1784090626393] INFO  (ext): Connection explorer changed. Will be updated.
    ns: "conn-man:explorer"
[1784090626877] INFO  (ext): Connection explorer changed. Will be updated.
    ns: "conn-man:explorer"
[1784090626881] INFO  (ext): Connection explorer changed. Will be updated.
    ns: "conn-man:explorer"
[1784090629183] INFO  (ext): Connection explorer changed. Will be updated.
    ns: "conn-man:explorer"
[1784090630872] INFO  (ext): Connection explorer changed. Will be updated.
    ns: "conn-man:explorer"
[1784090634482] INFO  (ext): Connection explorer changed. Will be updated.
    ns: "conn-man:explorer"
[1784090635473] INFO  (ext): Connection explorer changed. Will be updated.
    ns: "conn-man:explorer"
[1784090636906] INFO  (ext): Connection explorer changed. Will be updated.
    ns: "conn-man:explorer"
[1784090638362] INFO  (ext): Connection explorer changed. Will be updated.
    ns: "conn-man:explorer"
[1784090640458] INFO  (ext): Connection explorer changed. Will be updated.
    ns: "conn-man:explorer"
[1784090641808] INFO  (ext): Connection explorer changed. Will be updated.
    ns: "conn-man:explorer"
[1784090642765] INFO  (ext): Connection explorer changed. Will be updated.
    ns: "conn-man:explorer"
[1784090647137] INFO  (ext): Connection explorer changed. Will be updated.
    ns: "conn-man:explorer"
[1784090655471] INFO  (ext): Connection explorer changed. Will be updated.
    ns: "conn-man:explorer"
[1784090660473] INFO  (ext): Connection explorer changed. Will be updated.
    ns: "conn-man:explorer"
[1784090668917] INFO  (ext): Connection explorer changed. Will be updated.
    ns: "conn-man:explorer"
[1784090675703] INFO  (ext): Connection explorer changed. Will be updated.
    ns: "conn-man:explorer"
[1784090682922] INFO  (ext): Connection explorer changed. Will be updated.
    ns: "conn-man:explorer"
[1784090688957] INFO  (ext): Connection explorer changed. Will be updated.
    ns: "conn-man:explorer"
[1784090696898] INFO  (ext): Connection explorer changed. Will be updated.
    ns: "conn-man:explorer"
[1784090704427] INFO  (ext): Connection explorer changed. Will be updated.
    ns: "conn-man:explorer"
[1784090711667] INFO  (ext): Connection explorer changed. Will be updated.
    ns: "conn-man:explorer"
[1784090718948] INFO  (ext): Connection explorer changed. Will be updated.
    ns: "conn-man:explorer"
[1784090726563] INFO  (ext): Connection explorer changed. Will be updated.
    ns: "conn-man:explorer"
[1784090735618] INFO  (ext): Connection explorer changed. Will be updated.
    ns: "conn-man:explorer"
[1784090759822] INFO  (ext): Connection explorer changed. Will be updated.
    ns: "conn-man:explorer"
[1784090771267] INFO  (ext): Connection explorer changed. Will be updated.
    ns: "conn-man:explorer"
[1784090777737] INFO  (ext): Connection explorer changed. Will be updated.
    ns: "conn-man:explorer"
[1784090784872] INFO  (ext): Connection explorer changed. Will be updated.
    ns: "conn-man:explorer"
[1784090791067] INFO  (ext): Connection explorer changed. Will be updated.
    ns: "conn-man:explorer"
[1784090797847] INFO  (ext): Connection explorer changed. Will be updated.
    ns: "conn-man:explorer"
[1784090803492] INFO  (ext): Connection explorer changed. Will be updated.
    ns: "conn-man:explorer"
[1784090807732] INFO  (ext): Connection explorer changed. Will be updated.
    ns: "conn-man:explorer"
[1784090812117] INFO  (ext): Connection explorer changed. Will be updated.
    ns: "conn-man:explorer"
[1784090818042] INFO  (ext): Connection explorer changed. Will be updated.
    ns: "conn-man:explorer"
[1784090822342] INFO  (ext): Connection explorer changed. Will be updated.
    ns: "conn-man:explorer"
[1784090826972] INFO  (ext): Connection explorer changed. Will be updated.
    ns: "conn-man:explorer"
[1784090831752] INFO  (ext): Connection explorer changed. Will be updated.
    ns: "conn-man:explorer"
[1784090842632] INFO  (ext): Connection explorer changed. Will be updated.
    ns: "conn-man:explorer"
[1784090861783] INFO  (ext): Connection explorer changed. Will be updated.
    ns: "conn-man:explorer"
