{
  "label": "hana-project-explorer",
  "level": "error",
  "message": "The \"/home/user/projects/LKMpro2/gen/db\" folder does not exist; cannot create deploy task",
  "time": "2026-07-09T17:22:17.419Z"
}
{
  "label": "hana-project-explorer",
  "level": "error",
  "message": "Could not read content from \"/home/user/projects/LKMpro2/db/src/.hdiconfig\" path: ENOENT: no such file or directory, open '/home/user/projects/LKMpro2/db/src/.hdiconfig'",
  "time": "2026-07-09T17:24:31.778Z"
}
{
  "label": "hana-project-explorer",
  "level": "error",
  "message": "Could not read content from \"/home/user/projects/LKMpro2/db/src/.hdiconfig\" path: ENOENT: no such file or directory, open '/home/user/projects/LKMpro2/db/src/.hdiconfig'",
  "time": "2026-07-09T17:26:33.754Z"
}
{
  "label": "hana-project-explorer",
  "level": "error",
  "message": "Could not read content from \"/home/user/projects/LKMpro2/db/src/.hdiconfig\" path: ENOENT: no such file or directory, open '/home/user/projects/LKMpro2/db/src/.hdiconfig'",
  "time": "2026-07-09T17:26:35.941Z"
}
{
  "label": "hana-project-explorer",
  "level": "error",
  "message": "Could not read content from \"/home/user/projects/LKMpro2/db/src/.hdiconfig\" path: ENOENT: no such file or directory, open '/home/user/projects/LKMpro2/db/src/.hdiconfig'",
  "time": "2026-07-09T17:26:37.226Z"
}
{
  "label": "hana-project-explorer",
  "level": "error",
  "message": "Could not read content from \"/home/user/projects/LKMpro2/db/src/.hdiconfig\" path: ENOENT: no such file or directory, open '/home/user/projects/LKMpro2/db/src/.hdiconfig'",
  "time": "2026-07-09T17:26:40.188Z"
}
{
  "label": "hana-project-explorer",
  "level": "error",
  "message": "Could not read content from \"/home/user/projects/LKMpro2/db/src/.hdiconfig\" path: ENOENT: no such file or directory, open '/home/user/projects/LKMpro2/db/src/.hdiconfig'",
  "time": "2026-07-09T17:26:42.148Z"
}
{
  "label": "hana-project-explorer",
  "level": "error",
  "message": "Could not read content from \"/home/user/projects/LKMpro2/db/src/.hdiconfig\" path: ENOENT: no such file or directory, open '/home/user/projects/LKMpro2/db/src/.hdiconfig'",
  "time": "2026-07-09T17:26:44.351Z"
}
{
  "label": "hana-project-explorer",
  "level": "error",
  "message": "Could not read content from \"/home/user/projects/LKMpro2/db/src/.hdiconfig\" path: ENOENT: no such file or directory, open '/home/user/projects/LKMpro2/db/src/.hdiconfig'",
  "time": "2026-07-09T17:26:51.016Z"
}
{
  "label": "hana-project-explorer",
  "level": "error",
  "message": "Could not read content from \"/home/user/projects/LKMpro2/db/src/.hdiconfig\" path: ENOENT: no such file or directory, open '/home/user/projects/LKMpro2/db/src/.hdiconfig'",
  "time": "2026-07-09T17:28:04.482Z"
}
{
  "label": "hana-project-explorer",
  "level": "error",
  "message": "Could not read content from \"/home/user/projects/LKMpro2/db/src/.hdiconfig\" path: ENOENT: no such file or directory, open '/home/user/projects/LKMpro2/db/src/.hdiconfig'",
  "time": "2026-07-09T17:28:05.797Z"
}
{
  "label": "hana-project-explorer",
  "level": "error",
  "message": "Could not read content from \"/home/user/projects/LKMpro2/db/src/.hdiconfig\" path: ENOENT: no such file or directory, open '/home/user/projects/LKMpro2/db/src/.hdiconfig'",
  "time": "2026-07-09T17:28:08.295Z"
}
{
  "label": "hana-project-explorer",
  "level": "error",
  "message": "Could not read content from \"/home/user/projects/LKMpro2/db/src/.hdiconfig\" path: ENOENT: no such file or directory, open '/home/user/projects/LKMpro2/db/src/.hdiconfig'",
  "time": "2026-07-09T17:29:15.550Z"
}
{
  "label": "hana-project-explorer",
  "level": "error",
  "message": "Could not read content from \"/home/user/projects/LKMpro2/db/src/.hdiconfig\" path: ENOENT: no such file or directory, open '/home/user/projects/LKMpro2/db/src/.hdiconfig'",
  "time": "2026-07-09T17:29:15.551Z"
}
{
  "label": "hana-project-explorer",
  "level": "error",
  "message": "Could not read content from \"/home/user/projects/LKMpro2/db/src/.hdiconfig\" path: ENOENT: no such file or directory, open '/home/user/projects/LKMpro2/db/src/.hdiconfig'",
  "time": "2026-07-09T17:29:17.817Z"
}
{
  "label": "hana-project-explorer",
  "level": "error",
  "message": "Could not read content from \"/home/user/projects/LKMpro2/db/src/.hdiconfig\" path: ENOENT: no such file or directory, open '/home/user/projects/LKMpro2/db/src/.hdiconfig'",
  "time": "2026-07-09T17:29:21.614Z"
}
{
  "label": "hana-project-explorer",
  "level": "error",
  "message": "Could not read content from \"/home/user/projects/LKMpro2/db/src/.hdiconfig\" path: ENOENT: no such file or directory, open '/home/user/projects/LKMpro2/db/src/.hdiconfig'",
  "time": "2026-07-09T17:29:23.389Z"
}
{
  "label": "hana-project-explorer",
  "level": "error",
  "message": "Could not read content from \"/home/user/projects/LKMpro2/db/src/.hdiconfig\" path: ENOENT: no such file or directory, open '/home/user/projects/LKMpro2/db/src/.hdiconfig'",
  "time": "2026-07-09T17:29:24.972Z"
}
{
  "label": "hana-project-explorer",
  "level": "error",
  "message": "Could not read content from \"/home/user/projects/LKMpro2/db/src/.hdiconfig\" path: ENOENT: no such file or directory, open '/home/user/projects/LKMpro2/db/src/.hdiconfig'",
  "time": "2026-07-09T17:29:24.972Z"
}
{
  "label": "hana-project-explorer",
  "level": "error",
  "message": "Could not read content from \"/home/user/projects/LKMpro2/db/src/.hdiconfig\" path: ENOENT: no such file or directory, open '/home/user/projects/LKMpro2/db/src/.hdiconfig'",
  "time": "2026-07-09T17:29:24.972Z"
}
{
  "label": "hana-project-explorer",
  "level": "error",
  "message": "Could not read content from \"/home/user/projects/LKMpro2/db/src/.hdiconfig\" path: ENOENT: no such file or directory, open '/home/user/projects/LKMpro2/db/src/.hdiconfig'",
  "time": "2026-07-09T17:29:28.706Z"
}
{
  "label": "hana-project-explorer",
  "level": "error",
  "message": "Could not read content from \"/home/user/projects/LKMpro2/db/src/.hdiconfig\" path: ENOENT: no such file or directory, open '/home/user/projects/LKMpro2/db/src/.hdiconfig'",
  "time": "2026-07-09T17:29:31.894Z"
}
{
  "label": "hana-project-explorer",
  "level": "error",
  "message": "Could not read content from \"/home/user/projects/LKMpro2/db/src/.hdiconfig\" path: ENOENT: no such file or directory, open '/home/user/projects/LKMpro2/db/src/.hdiconfig'",
  "time": "2026-07-09T17:29:31.895Z"
}
{
  "label": "hana-project-explorer",
  "level": "error",
  "message": "Could not read content from \"/home/user/projects/LKMpro2/db/src/.hdiconfig\" path: ENOENT: no such file or directory, open '/home/user/projects/LKMpro2/db/src/.hdiconfig'",
  "time": "2026-07-09T17:29:55.124Z"
}
{
  "label": "hana-project-explorer",
  "level": "error",
  "message": "Could not read content from \"/home/user/projects/LKMpro2/db/src/.hdiconfig\" path: ENOENT: no such file or directory, open '/home/user/projects/LKMpro2/db/src/.hdiconfig'",
  "time": "2026-07-09T17:30:01.638Z"
}
{
  "label": "hana-project-explorer",
  "level": "error",
  "message": "Could not read content from \"/home/user/projects/LKMpro2/db/src/.hdiconfig\" path: ENOENT: no such file or directory, open '/home/user/projects/LKMpro2/db/src/.hdiconfig'",
  "time": "2026-07-09T17:30:03.823Z"
}
{
  "label": "hana-project-explorer",
  "level": "error",
  "message": "Could not read content from \"/home/user/projects/LKMpro2/db/src/.hdiconfig\" path: ENOENT: no such file or directory, open '/home/user/projects/LKMpro2/db/src/.hdiconfig'",
  "time": "2026-07-09T17:30:03.823Z"
}
{
  "label": "hana-project-explorer",
  "level": "error",
  "message": "Error while reading package.json, using defaults",
  "time": "2026-07-09T17:30:34.297Z"
}
{
  "label": "hana-project-explorer",
  "level": "error",
  "message": "Error while reading package.json, using defaults",
  "time": "2026-07-09T17:30:34.297Z"
}
{
  "label": "hana-project-explorer",
  "level": "error",
  "message": "Error while reading package.json, using defaults",
  "time": "2026-07-09T17:30:34.639Z"
}
{
  "label": "hana-project-explorer",
  "level": "error",
  "message": "Error while reading package.json, using defaults",
  "time": "2026-07-09T17:30:34.639Z"
}
{
  "label": "hana-project-explorer",
  "level": "error",
  "message": "Error while reading package.json, using defaults",
  "time": "2026-07-09T17:34:01.552Z"
}
{
  "label": "hana-project-explorer",
  "level": "error",
  "message": "Error while reading package.json, using defaults",
  "time": "2026-07-09T17:34:01.552Z"
}
{
  "label": "hana-project-explorer",
  "level": "error",
  "message": "Error while reading package.json, using defaults",
  "time": "2026-07-09T17:34:01.933Z"
}
{
  "label": "hana-project-explorer",
  "level": "error",
  "message": "Error while reading package.json, using defaults",
  "time": "2026-07-09T17:34:01.933Z"
}
{
  "label": "hana-project-explorer",
  "level": "error",
  "message": "Error while reading package.json, using defaults",
  "time": "2026-07-09T17:34:09.527Z"
}
{
  "label": "hana-project-explorer",
  "level": "error",
  "message": "Error while reading package.json, using defaults",
  "time": "2026-07-09T17:34:09.528Z"
}
{
  "label": "hana-project-explorer",
  "level": "error",
  "message": "Error while reading package.json, using defaults",
  "time": "2026-07-09T17:34:09.913Z"
}
{
  "label": "hana-project-explorer",
  "level": "error",
  "message": "Error while reading package.json, using defaults",
  "time": "2026-07-09T17:34:09.914Z"
}
{
  "label": "hana-project-explorer",
  "level": "error",
  "message": "Error while reading package.json, using defaults",
  "time": "2026-07-09T17:34:12.217Z"
}
{
  "label": "hana-project-explorer",
  "level": "error",
  "message": "Error while reading package.json, using defaults",
  "time": "2026-07-09T17:34:12.217Z"
}
{
  "label": "hana-project-explorer",
  "level": "error",
  "message": "Error while reading package.json, using defaults",
  "time": "2026-07-09T17:34:13.717Z"
}
{
  "label": "hana-project-explorer",
  "level": "error",
  "message": "Error while reading package.json, using defaults",
  "time": "2026-07-09T17:34:13.717Z"
}
{
  "label": "hana-project-explorer",
  "level": "error",
  "message": "Could not parse .env file: The module path \"/home/user/projects/LKMpro2/gen/db\" is not a valid CAP DB module path.",
  "time": "2026-07-09T17:34:37.632Z"
}
{
  "label": "hana-project-explorer",
  "level": "error",
  "message": "Could not read content from \"/home/user/projects/LKMpro2/db/src/.hdiconfig\" path: ENOENT: no such file or directory, open '/home/user/projects/LKMpro2/db/src/.hdiconfig'",
  "time": "2026-07-09T17:34:40.684Z"
}
{
  "label": "hana-project-explorer",
  "level": "error",
  "message": "Could not read content from \"/home/user/projects/LKMpro2/gen/db/src/.hdiconfig\" path: ENOENT: no such file or directory, open '/home/user/projects/LKMpro2/gen/db/src/.hdiconfig'",
  "time": "2026-07-09T17:36:06.534Z"
}
{
  "label": "hana-project-explorer",
  "level": "error",
  "message": "Could not retrieve target container for module at path /home/user/projects/LKMpro2/gen/db",
  "time": "2026-07-09T17:36:15.303Z"
}
{
  "label": "hana-project-explorer",
  "level": "error",
  "message": "Could not parse structured log entry '': Unexpected end of JSON input",
  "time": "2026-07-09T17:36:15.304Z"
}
{
  "label": "hana-project-explorer",
  "level": "error",
  "message": "Could not read content from \"/home/user/projects/LKMpro2/gen/db/src/.hdiconfig\" path: ENOENT: no such file or directory, open '/home/user/projects/LKMpro2/gen/db/src/.hdiconfig'",
  "time": "2026-07-09T17:39:12.378Z"
}
{
  "label": "hana-project-explorer",
  "level": "error",
  "message": "Could not parse structured log entry '': Unexpected end of JSON input",
  "time": "2026-07-09T17:39:19.979Z"
}
{
  "label": "hana-project-explorer",
  "level": "error",
  "message": "Could not read content from \"/home/user/projects/LKMpro2/gen/db/src/.hdiconfig\" path: ENOENT: no such file or directory, open '/home/user/projects/LKMpro2/gen/db/src/.hdiconfig'",
  "time": "2026-07-09T17:39:21.120Z"
}
{
  "label": "hana-project-explorer",
  "level": "error",
  "message": "Could not parse structured log entry '': Unexpected end of JSON input",
  "time": "2026-07-09T17:39:28.345Z"
}
{
  "label": "hana-project-explorer",
  "level": "error",
  "message": "Could not read content from \"/home/user/projects/LKMpro2/gen/db/src/.hdiconfig\" path: ENOENT: no such file or directory, open '/home/user/projects/LKMpro2/gen/db/src/.hdiconfig'",
  "time": "2026-07-09T17:41:33.538Z"
}
{
  "label": "hana-project-explorer",
  "level": "error",
  "message": "Could not parse structured log entry '': Unexpected end of JSON input",
  "time": "2026-07-09T17:41:40.391Z"
}
{
  "label": "hana-project-explorer",
  "level": "error",
  "message": "Could not retrieve target container for module at path /home/user/projects/LKMpro2/gen/db",
  "time": "2026-07-09T17:45:01.044Z"
}
{
  "label": "hana-project-explorer",
  "level": "error",
  "message": "Could not retrieve target container for module at path /home/user/projects/LKMpro2/gen/db",
  "time": "2026-07-09T17:45:02.173Z"
}
{
  "label": "hana-project-explorer",
  "level": "error",
  "message": "Could not retrieve target container for module at path /home/user/projects/LKMpro2/gen/db",
  "time": "2026-07-09T17:51:32.884Z"
}
