[1784360208018] INFO  (ext): SQLTools is starting
[1784360208025] INFO  (ext): initializing language client...
[1784360208107] INFO  (ext): Registering client for languages [{"scheme":"sqltools"},{"language":"sql","scheme":"untitled"},{"language":"sql","scheme":"file"},{"language":"sql","scheme":"sqltools"}]
    ns: "lc"
[1784360208115] INFO  (ext): loading plugins...
[1784360208115] INFO  (ext): registering Formatter Plugin.
    plugin: {
      "name": "Formatter Plugin"
    }
[1784360208115] INFO  (ext): registering Connection Manager Plugin.
    plugin: {
      "name": "Connection Manager Plugin"
    }
[1784360208116] INFO  (ext): registering CodeLens Plugin.
    plugin: {
      "name": "CodeLens Plugin",
      "registeredLanguages": []
    }
[1784360208116] INFO  (ext): registering Dependency Manager Plugin.
    plugin: {
      "name": "Dependency Manager Plugin",
      "installingDrivers": []
    }
[1784360208117] INFO  (ext): Connection explorer changed. Will be updated.
    ns: "conn-man:explorer"
[1784360208117] INFO  (ext): registering History Manager Plugin.
    plugin: {
      "name": "History Manager Plugin"
    }
[1784360208118] INFO  (ext): registering Bookmarks Manager Plugin.
    plugin: {
      "name": "Bookmarks Manager Plugin"
    }
[1784360208118] INFO  (ext): registering Authentication Provider Plugin.
    plugin: {
      "name": "Authentication Provider Plugin",
      "isRegistered": false
    }
[1784360208118] INFO  (ext): registering Object Drop-in Provider (plugin).
    plugin: {
      "type": "plugin",
      "name": "Object Drop-in Provider",
      "isRegistered": false
    }
[1784360208123] INFO  (ext): SQLTools activation completed. 100.834725 ms
[1784360208127] INFO  (ext): Formatter Plugin registered!
[1784360208128] INFO  (ext): CodeLens Plugin registered!
[1784360208128] INFO  (ext): Dependency Manager Plugin registered!
[1784360208128] INFO  (ext): Connection Manager Plugin registered!
[1784360208128] INFO  (ext): History Manager Plugin registered!
[1784360208128] INFO  (ext): Bookmarks Manager Plugin registered!
[1784360208128] INFO  (ext): Authentication Provider Plugin registered!
[1784360208128] INFO  (ext): Object Drop-in Provider (plugin) registered!
[1784360210825] INFO  (ext): EXECUTING COMMAND => sqltools.refreshTree
[1784360210825] INFO  (ext): Connection explorer changed. Will be updated.
    ns: "conn-man:explorer"
[1784360210825] INFO  (ext): Connection explorer changed. Will be updated.
    ns: "conn-man:explorer"
[1784360210936] INFO  (ls): SQLTools Server started!
===============================
Using node runtime?: yes
ExecPath: /opt/nodejs/node-v22.19.0-linux-x64/bin/node v22.19.0
===============================
[1784360210938] INFO  (ls): User defined env vars
===============================
{"PATH":"/usr/local/sbin:/usr/local/bin:/usr/sbin:/usr/bin:/sbin:/bin:/home/user/.node_modules_global/bin"}
===============================:
[1784360212769] INFO  (ext): LanguageClient ready
    ns: "lc"
[1784360212767] INFO  (ls): Initialized with node version:v22.19.0
[1784360213016] INFO  (ext): registering SQLite Plugin (driver).
    plugin: {
      "extensionId": "mtxr.sqltools-driver-sqlite",
      "name": "SQLite Plugin",
      "type": "driver"
    }
[1784360213017] INFO  (ls): REQUEST RECEIVED => ls/RegisterPlugin
[1784360213017] INFO  (ls): request to register plugin: "/extbin/local/openvscode-server/extensions/mtxr.sqltools-driver-sqlite-0.5.0/out/ls/plugin.js"
[1784360213039] INFO  (ls): Driver sqlite registered!
    place: "driver-map"
    ns: "ls-context"
[1784360213774] INFO  (ext): SQLite Plugin (driver) registered!
[1784360214800] INFO  (ext): EXECUTING COMMAND => sqltools.refreshTree
[1784360214800] INFO  (ext): Connection explorer changed. Will be updated.
    ns: "conn-man:explorer"
[1784360216149] INFO  (ext): Connection explorer changed. Will be updated.
    ns: "conn-man:explorer"
[1784360219865] INFO  (ext): Connection explorer changed. Will be updated.
    ns: "conn-man:explorer"
[1784360220663] INFO  (ext): Connection explorer changed. Will be updated.
    ns: "conn-man:explorer"
[1784360223353] INFO  (ext): Connection explorer changed. Will be updated.
    ns: "conn-man:explorer"
[1784360223669] INFO  (ext): Connection explorer changed. Will be updated.
    ns: "conn-man:explorer"
[1784360224719] INFO  (ext): Connection explorer changed. Will be updated.
    ns: "conn-man:explorer"
[1784360226218] INFO  (ext): Connection explorer changed. Will be updated.
    ns: "conn-man:explorer"
[1784360227789] INFO  (ext): Connection explorer changed. Will be updated.
    ns: "conn-man:explorer"
[1784360229762] INFO  (ext): Connection explorer changed. Will be updated.
    ns: "conn-man:explorer"
[1784360229763] INFO  (ext): Connection explorer changed. Will be updated.
    ns: "conn-man:explorer"
[1784360230863] INFO  (ext): Connection explorer changed. Will be updated.
    ns: "conn-man:explorer"
[1784360232389] INFO  (ext): Connection explorer changed. Will be updated.
    ns: "conn-man:explorer"
[1784360233829] INFO  (ext): Connection explorer changed. Will be updated.
    ns: "conn-man:explorer"
[1784360235087] INFO  (ext): Connection explorer changed. Will be updated.
    ns: "conn-man:explorer"
[1784360236443] INFO  (ext): Connection explorer changed. Will be updated.
    ns: "conn-man:explorer"
[1784360241053] INFO  (ext): Connection explorer changed. Will be updated.
    ns: "conn-man:explorer"
[1784360246383] INFO  (ext): Connection explorer changed. Will be updated.
    ns: "conn-man:explorer"
[1784360251848] INFO  (ext): Connection explorer changed. Will be updated.
    ns: "conn-man:explorer"
[1784360265633] INFO  (ext): Connection explorer changed. Will be updated.
    ns: "conn-man:explorer"
[1784360274788] INFO  (ext): Connection explorer changed. Will be updated.
    ns: "conn-man:explorer"
[1784360280378] INFO  (ext): Connection explorer changed. Will be updated.
    ns: "conn-man:explorer"
[1784360286623] INFO  (ext): Connection explorer changed. Will be updated.
    ns: "conn-man:explorer"
[1784360294003] INFO  (ext): Connection explorer changed. Will be updated.
    ns: "conn-man:explorer"
[1784360298988] INFO  (ext): Connection explorer changed. Will be updated.
    ns: "conn-man:explorer"
[1784360307053] INFO  (ext): Connection explorer changed. Will be updated.
    ns: "conn-man:explorer"
[1784360311448] INFO  (ext): Connection explorer changed. Will be updated.
    ns: "conn-man:explorer"
[1784360316343] INFO  (ext): Connection explorer changed. Will be updated.
    ns: "conn-man:explorer"
[1784360321778] INFO  (ext): Connection explorer changed. Will be updated.
    ns: "conn-man:explorer"
[1784360326603] INFO  (ext): Connection explorer changed. Will be updated.
    ns: "conn-man:explorer"
[1784360331573] INFO  (ext): Connection explorer changed. Will be updated.
    ns: "conn-man:explorer"
[1784360335978] INFO  (ext): Connection explorer changed. Will be updated.
    ns: "conn-man:explorer"
[1784360340318] INFO  (ext): Connection explorer changed. Will be updated.
    ns: "conn-man:explorer"
[1784360344358] INFO  (ext): Connection explorer changed. Will be updated.
    ns: "conn-man:explorer"
[1784360349538] INFO  (ext): Connection explorer changed. Will be updated.
    ns: "conn-man:explorer"
[1784360353718] INFO  (ext): Connection explorer changed. Will be updated.
    ns: "conn-man:explorer"
[1784360357943] INFO  (ext): Connection explorer changed. Will be updated.
    ns: "conn-man:explorer"
[1784360362903] INFO  (ext): Connection explorer changed. Will be updated.
    ns: "conn-man:explorer"
[1784360368228] INFO  (ext): Connection explorer changed. Will be updated.
    ns: "conn-man:explorer"
[1784360375718] INFO  (ext): Connection explorer changed. Will be updated.
    ns: "conn-man:explorer"
[1784360376024] INFO  (ext): Connection explorer changed. Will be updated.
    ns: "conn-man:explorer"
[1784360381623] INFO  (ext): Connection explorer changed. Will be updated.
    ns: "conn-man:explorer"
