{
  "label": "hana-project-explorer",
  "level": "error",
  "message": "Could not parse .env file: The module path \"/home/user/projects/Assoc/gen/db\" is not a valid CAP DB module path.",
  "time": "2026-07-14T03:46:54.649Z"
}
{
  "label": "hana-project-explorer",
  "level": "error",
  "message": "Could not read content from \"/home/user/projects/Assoc/db/src/.hdiconfig\" path: ENOENT: no such file or directory, open '/home/user/projects/Assoc/db/src/.hdiconfig'",
  "time": "2026-07-14T03:47:30.860Z"
}
{
  "label": "hana-project-explorer",
  "level": "error",
  "message": "Could not read content from \"/home/user/projects/Assoc/db/src/.hdiconfig\" path: ENOENT: no such file or directory, open '/home/user/projects/Assoc/db/src/.hdiconfig'",
  "time": "2026-07-14T03:47:32.983Z"
}
{
  "label": "hana-project-explorer",
  "level": "error",
  "message": "Could not read content from \"/home/user/projects/Assoc/db/src/.hdiconfig\" path: ENOENT: no such file or directory, open '/home/user/projects/Assoc/db/src/.hdiconfig'",
  "time": "2026-07-14T03:47:35.503Z"
}
{
  "label": "hana-project-explorer",
  "level": "error",
  "message": "Could not read content from \"/home/user/projects/Assoc/db/src/.hdiconfig\" path: ENOENT: no such file or directory, open '/home/user/projects/Assoc/db/src/.hdiconfig'",
  "time": "2026-07-14T03:47:35.505Z"
}
{
  "label": "hana-project-explorer",
  "level": "error",
  "message": "Could not read content from \"/home/user/projects/Assoc/db/src/.hdiconfig\" path: ENOENT: no such file or directory, open '/home/user/projects/Assoc/db/src/.hdiconfig'",
  "time": "2026-07-14T03:47:37.566Z"
}
{
  "label": "hana-project-explorer",
  "level": "error",
  "message": "Could not read content from \"/home/user/projects/Assoc/db/src/.hdiconfig\" path: ENOENT: no such file or directory, open '/home/user/projects/Assoc/db/src/.hdiconfig'",
  "time": "2026-07-14T03:47:38.872Z"
}
{
  "label": "hana-project-explorer",
  "level": "error",
  "message": "Could not read content from \"/home/user/projects/Assoc/db/src/.hdiconfig\" path: ENOENT: no such file or directory, open '/home/user/projects/Assoc/db/src/.hdiconfig'",
  "time": "2026-07-14T03:47:44.538Z"
}
{
  "label": "hana-project-explorer",
  "level": "error",
  "message": "Could not read content from \"/home/user/projects/Assoc/db/src/.hdiconfig\" path: ENOENT: no such file or directory, open '/home/user/projects/Assoc/db/src/.hdiconfig'",
  "time": "2026-07-14T03:47:45.099Z"
}
{
  "label": "hana-project-explorer",
  "level": "error",
  "message": "Could not read content from \"/home/user/projects/Assoc/db/src/.hdiconfig\" path: ENOENT: no such file or directory, open '/home/user/projects/Assoc/db/src/.hdiconfig'",
  "time": "2026-07-14T03:47:52.734Z"
}
{
  "label": "hana-project-explorer",
  "level": "error",
  "message": "Could not read content from \"/home/user/projects/Assoc/db/src/.hdiconfig\" path: ENOENT: no such file or directory, open '/home/user/projects/Assoc/db/src/.hdiconfig'",
  "time": "2026-07-14T03:50:23.301Z"
}
{
  "label": "hana-project-explorer",
  "level": "error",
  "message": "Could not read content from \"/home/user/projects/Assoc/db/src/.hdiconfig\" path: ENOENT: no such file or directory, open '/home/user/projects/Assoc/db/src/.hdiconfig'",
  "time": "2026-07-14T03:53:22.715Z"
}
{
  "label": "hana-project-explorer",
  "level": "error",
  "message": "Could not parse .env file: The module path \"/home/user/projects/Assoc/gen/db\" is not a valid CAP DB module path.",
  "time": "2026-07-14T03:53:23.380Z"
}
{
  "label": "hana-project-explorer",
  "level": "error",
  "message": "Could not parse .env file: The module path \"/home/user/projects/Assoc/gen/db\" is not a valid CAP DB module path.",
  "time": "2026-07-14T03:53:25.104Z"
}
{
  "label": "hana-project-explorer",
  "level": "error",
  "message": "Could not read content from \"/home/user/projects/Assoc/db/src/.hdiconfig\" path: ENOENT: no such file or directory, open '/home/user/projects/Assoc/db/src/.hdiconfig'",
  "time": "2026-07-14T03:53:26.468Z"
}
{
  "label": "hana-project-explorer",
  "level": "error",
  "message": "Could not read content from \"/home/user/projects/Assoc/db/src/.hdiconfig\" path: ENOENT: no such file or directory, open '/home/user/projects/Assoc/db/src/.hdiconfig'",
  "time": "2026-07-14T03:53:31.326Z"
}
{
  "label": "hana-project-explorer",
  "level": "error",
  "message": "Could not read content from \"/home/user/projects/Assoc/db/src/.hdiconfig\" path: ENOENT: no such file or directory, open '/home/user/projects/Assoc/db/src/.hdiconfig'",
  "time": "2026-07-14T03:58:34.834Z"
}
{
  "label": "hana-project-explorer",
  "level": "error",
  "message": "Could not read content from \"/home/user/projects/Assoc/db/src/.hdiconfig\" path: ENOENT: no such file or directory, open '/home/user/projects/Assoc/db/src/.hdiconfig'",
  "time": "2026-07-14T04:08:49.962Z"
}
{
  "label": "hana-project-explorer",
  "level": "error",
  "message": "Could not read content from \"/home/user/projects/Assoc/gen/db/src/.hdiconfig\" path: ENOENT: no such file or directory, open '/home/user/projects/Assoc/gen/db/src/.hdiconfig'",
  "time": "2026-07-14T04:14:52.478Z"
}
{
  "label": "hana-project-explorer",
  "level": "error",
  "message": "Could not parse structured log entry '': Unexpected end of JSON input",
  "time": "2026-07-14T04:15:04.989Z"
}
{
  "label": "hana-project-explorer",
  "level": "error",
  "message": "Could not read content from \"/home/user/projects/Assoc/db/src/.hdiconfig\" path: ENOENT: no such file or directory, open '/home/user/projects/Assoc/db/src/.hdiconfig'",
  "time": "2026-07-14T04:15:54.404Z"
}
{
  "label": "hana-project-explorer",
  "level": "error",
  "message": "Could not read content from \"/home/user/projects/Assoc/db/src/.hdiconfig\" path: ENOENT: no such file or directory, open '/home/user/projects/Assoc/db/src/.hdiconfig'",
  "time": "2026-07-14T04:15:59.038Z"
}
{
  "label": "hana-project-explorer",
  "level": "error",
  "message": "Error while reading package.json, using defaults",
  "time": "2026-07-14T04:30:13.241Z"
}
{
  "label": "hana-project-explorer",
  "level": "error",
  "message": "Error while reading package.json, using defaults",
  "time": "2026-07-14T04:30:13.241Z"
}
{
  "label": "hana-project-explorer",
  "level": "error",
  "message": "Error while reading package.json, using defaults",
  "time": "2026-07-14T04:30:14.314Z"
}
{
  "label": "hana-project-explorer",
  "level": "error",
  "message": "Error while reading package.json, using defaults",
  "time": "2026-07-14T04:30:14.315Z"
}
{
  "label": "hana-project-explorer",
  "level": "error",
  "message": "Error while reading package.json, using defaults",
  "time": "2026-07-14T04:30:15.814Z"
}
{
  "label": "hana-project-explorer",
  "level": "error",
  "message": "Error while reading package.json, using defaults",
  "time": "2026-07-14T04:30:15.814Z"
}
{
  "label": "hana-project-explorer",
  "level": "error",
  "message": "Error while reading package.json, using defaults",
  "time": "2026-07-14T04:30:16.964Z"
}
{
  "label": "hana-project-explorer",
  "level": "error",
  "message": "Error while reading package.json, using defaults",
  "time": "2026-07-14T04:30:16.964Z"
}
{
  "label": "hana-project-explorer",
  "level": "error",
  "message": "Error while reading package.json, using defaults",
  "time": "2026-07-14T04:30:17.544Z"
}
{
  "label": "hana-project-explorer",
  "level": "error",
  "message": "Error while reading package.json, using defaults",
  "time": "2026-07-14T04:30:17.545Z"
}
{
  "label": "hana-project-explorer",
  "level": "error",
  "message": "Error while reading package.json, using defaults",
  "time": "2026-07-14T04:30:17.864Z"
}
{
  "label": "hana-project-explorer",
  "level": "error",
  "message": "Error while reading package.json, using defaults",
  "time": "2026-07-14T04:30:17.864Z"
}
{
  "label": "hana-project-explorer",
  "level": "error",
  "message": "Error while reading package.json, using defaults",
  "time": "2026-07-14T04:30:17.867Z"
}
{
  "label": "hana-project-explorer",
  "level": "error",
  "message": "Error while reading package.json, using defaults",
  "time": "2026-07-14T04:30:17.867Z"
}
{
  "label": "hana-project-explorer",
  "level": "error",
  "message": "Error while reading package.json, using defaults",
  "time": "2026-07-14T04:30:19.241Z"
}
{
  "label": "hana-project-explorer",
  "level": "error",
  "message": "Error while reading package.json, using defaults",
  "time": "2026-07-14T04:30:19.241Z"
}
{
  "label": "hana-project-explorer",
  "level": "error",
  "message": "Error while reading package.json, using defaults",
  "time": "2026-07-14T04:31:02.139Z"
}
{
  "label": "hana-project-explorer",
  "level": "error",
  "message": "Error while reading package.json, using defaults",
  "time": "2026-07-14T04:31:02.139Z"
}
{
  "label": "hana-project-explorer",
  "level": "error",
  "message": "Error while reading package.json, using defaults",
  "time": "2026-07-14T04:31:02.141Z"
}
{
  "label": "hana-project-explorer",
  "level": "error",
  "message": "Error while reading package.json, using defaults",
  "time": "2026-07-14T04:31:02.141Z"
}
{
  "label": "hana-project-explorer",
  "level": "error",
  "message": "Error while reading package.json, using defaults",
  "time": "2026-07-14T04:31:03.009Z"
}
{
  "label": "hana-project-explorer",
  "level": "error",
  "message": "Error while reading package.json, using defaults",
  "time": "2026-07-14T04:31:03.009Z"
}
{
  "label": "hana-project-explorer",
  "level": "error",
  "message": "Error while reading package.json, using defaults",
  "time": "2026-07-14T04:31:03.337Z"
}
{
  "label": "hana-project-explorer",
  "level": "error",
  "message": "Error while reading package.json, using defaults",
  "time": "2026-07-14T04:31:03.338Z"
}
{
  "label": "hana-project-explorer",
  "level": "error",
  "message": "Error while reading package.json, using defaults",
  "time": "2026-07-14T04:31:03.844Z"
}
{
  "label": "hana-project-explorer",
  "level": "error",
  "message": "Error while reading package.json, using defaults",
  "time": "2026-07-14T04:31:03.844Z"
}
{
  "label": "hana-project-explorer",
  "level": "error",
  "message": "Error while reading package.json, using defaults",
  "time": "2026-07-14T04:31:04.774Z"
}
{
  "label": "hana-project-explorer",
  "level": "error",
  "message": "Error while reading package.json, using defaults",
  "time": "2026-07-14T04:31:04.774Z"
}
{
  "label": "hana-project-explorer",
  "level": "error",
  "message": "Error while reading package.json, using defaults",
  "time": "2026-07-14T04:31:05.605Z"
}
{
  "label": "hana-project-explorer",
  "level": "error",
  "message": "Error while reading package.json, using defaults",
  "time": "2026-07-14T04:31:05.605Z"
}
{
  "label": "hana-project-explorer",
  "level": "error",
  "message": "Error while reading package.json, using defaults",
  "time": "2026-07-14T04:31:05.606Z"
}
{
  "label": "hana-project-explorer",
  "level": "error",
  "message": "Error while reading package.json, using defaults",
  "time": "2026-07-14T04:31:05.607Z"
}
{
  "label": "hana-project-explorer",
  "level": "error",
  "message": "Error while reading package.json, using defaults",
  "time": "2026-07-14T04:31:06.513Z"
}
{
  "label": "hana-project-explorer",
  "level": "error",
  "message": "Error while reading package.json, using defaults",
  "time": "2026-07-14T04:31:06.514Z"
}
{
  "label": "hana-project-explorer",
  "level": "error",
  "message": "Error while reading package.json, using defaults",
  "time": "2026-07-14T04:31:07.403Z"
}
{
  "label": "hana-project-explorer",
  "level": "error",
  "message": "Error while reading package.json, using defaults",
  "time": "2026-07-14T04:31:07.403Z"
}
{
  "label": "hana-project-explorer",
  "level": "error",
  "message": "Error while reading package.json, using defaults",
  "time": "2026-07-14T04:31:08.259Z"
}
{
  "label": "hana-project-explorer",
  "level": "error",
  "message": "Error while reading package.json, using defaults",
  "time": "2026-07-14T04:31:08.259Z"
}
{
  "label": "hana-project-explorer",
  "level": "error",
  "message": "Error while reading package.json, using defaults",
  "time": "2026-07-14T04:31:09.124Z"
}
{
  "label": "hana-project-explorer",
  "level": "error",
  "message": "Error while reading package.json, using defaults",
  "time": "2026-07-14T04:31:09.124Z"
}
{
  "label": "hana-project-explorer",
  "level": "error",
  "message": "Error while reading package.json, using defaults",
  "time": "2026-07-14T04:31:09.974Z"
}
{
  "label": "hana-project-explorer",
  "level": "error",
  "message": "Error while reading package.json, using defaults",
  "time": "2026-07-14T04:31:09.974Z"
}
{
  "label": "hana-project-explorer",
  "level": "error",
  "message": "Error while reading package.json, using defaults",
  "time": "2026-07-14T04:31:11.079Z"
}
{
  "label": "hana-project-explorer",
  "level": "error",
  "message": "Error while reading package.json, using defaults",
  "time": "2026-07-14T04:31:11.079Z"
}
{
  "label": "hana-project-explorer",
  "level": "error",
  "message": "Error while reading package.json, using defaults",
  "time": "2026-07-14T04:31:11.975Z"
}
{
  "label": "hana-project-explorer",
  "level": "error",
  "message": "Error while reading package.json, using defaults",
  "time": "2026-07-14T04:31:11.975Z"
}
{
  "label": "hana-project-explorer",
  "level": "error",
  "message": "Error while reading package.json, using defaults",
  "time": "2026-07-14T04:31:12.934Z"
}
{
  "label": "hana-project-explorer",
  "level": "error",
  "message": "Error while reading package.json, using defaults",
  "time": "2026-07-14T04:31:12.934Z"
}
{
  "label": "hana-project-explorer",
  "level": "error",
  "message": "Error while reading package.json, using defaults",
  "time": "2026-07-14T04:31:13.257Z"
}
{
  "label": "hana-project-explorer",
  "level": "error",
  "message": "Error while reading package.json, using defaults",
  "time": "2026-07-14T04:31:13.257Z"
}
{
  "label": "hana-project-explorer",
  "level": "error",
  "message": "Error while reading package.json, using defaults",
  "time": "2026-07-14T04:31:13.914Z"
}
{
  "label": "hana-project-explorer",
  "level": "error",
  "message": "Error while reading package.json, using defaults",
  "time": "2026-07-14T04:31:13.914Z"
}
{
  "label": "hana-project-explorer",
  "level": "error",
  "message": "Error while reading package.json, using defaults",
  "time": "2026-07-14T04:31:14.998Z"
}
{
  "label": "hana-project-explorer",
  "level": "error",
  "message": "Error while reading package.json, using defaults",
  "time": "2026-07-14T04:31:14.999Z"
}
{
  "label": "hana-project-explorer",
  "level": "error",
  "message": "Error while reading package.json, using defaults",
  "time": "2026-07-14T04:31:15.487Z"
}
{
  "label": "hana-project-explorer",
  "level": "error",
  "message": "Error while reading package.json, using defaults",
  "time": "2026-07-14T04:31:15.487Z"
}
{
  "label": "hana-project-explorer",
  "level": "error",
  "message": "Error while reading package.json, using defaults",
  "time": "2026-07-14T04:31:15.903Z"
}
{
  "label": "hana-project-explorer",
  "level": "error",
  "message": "Error while reading package.json, using defaults",
  "time": "2026-07-14T04:31:15.903Z"
}
{
  "label": "hana-project-explorer",
  "level": "error",
  "message": "Error while reading package.json, using defaults",
  "time": "2026-07-14T04:31:16.914Z"
}
{
  "label": "hana-project-explorer",
  "level": "error",
  "message": "Error while reading package.json, using defaults",
  "time": "2026-07-14T04:31:16.914Z"
}
{
  "label": "hana-project-explorer",
  "level": "error",
  "message": "Error while reading package.json, using defaults",
  "time": "2026-07-14T04:31:17.774Z"
}
{
  "label": "hana-project-explorer",
  "level": "error",
  "message": "Error while reading package.json, using defaults",
  "time": "2026-07-14T04:31:17.774Z"
}
{
  "label": "hana-project-explorer",
  "level": "error",
  "message": "Error while reading package.json, using defaults",
  "time": "2026-07-14T04:31:18.634Z"
}
{
  "label": "hana-project-explorer",
  "level": "error",
  "message": "Error while reading package.json, using defaults",
  "time": "2026-07-14T04:31:18.634Z"
}
{
  "label": "hana-project-explorer",
  "level": "error",
  "message": "Error while reading package.json, using defaults",
  "time": "2026-07-14T04:31:19.574Z"
}
{
  "label": "hana-project-explorer",
  "level": "error",
  "message": "Error while reading package.json, using defaults",
  "time": "2026-07-14T04:31:19.574Z"
}
{
  "label": "hana-project-explorer",
  "level": "error",
  "message": "Error while reading package.json, using defaults",
  "time": "2026-07-14T04:31:20.509Z"
}
{
  "label": "hana-project-explorer",
  "level": "error",
  "message": "Error while reading package.json, using defaults",
  "time": "2026-07-14T04:31:20.509Z"
}
{
  "label": "hana-project-explorer",
  "level": "error",
  "message": "Error while reading package.json, using defaults",
  "time": "2026-07-14T04:31:21.471Z"
}
{
  "label": "hana-project-explorer",
  "level": "error",
  "message": "Error while reading package.json, using defaults",
  "time": "2026-07-14T04:31:21.471Z"
}
{
  "label": "hana-project-explorer",
  "level": "error",
  "message": "Error while reading package.json, using defaults",
  "time": "2026-07-14T04:31:22.345Z"
}
{
  "label": "hana-project-explorer",
  "level": "error",
  "message": "Error while reading package.json, using defaults",
  "time": "2026-07-14T04:31:22.345Z"
}
{
  "label": "hana-project-explorer",
  "level": "error",
  "message": "Error while reading package.json, using defaults",
  "time": "2026-07-14T04:31:23.289Z"
}
{
  "label": "hana-project-explorer",
  "level": "error",
  "message": "Error while reading package.json, using defaults",
  "time": "2026-07-14T04:31:23.289Z"
}
{
  "label": "hana-project-explorer",
  "level": "error",
  "message": "Error while reading package.json, using defaults",
  "time": "2026-07-14T04:31:24.189Z"
}
{
  "label": "hana-project-explorer",
  "level": "error",
  "message": "Error while reading package.json, using defaults",
  "time": "2026-07-14T04:31:24.189Z"
}
{
  "label": "hana-project-explorer",
  "level": "error",
  "message": "Error while reading package.json, using defaults",
  "time": "2026-07-14T04:31:25.019Z"
}
{
  "label": "hana-project-explorer",
  "level": "error",
  "message": "Error while reading package.json, using defaults",
  "time": "2026-07-14T04:31:25.019Z"
}
{
  "label": "hana-project-explorer",
  "level": "error",
  "message": "Error while reading package.json, using defaults",
  "time": "2026-07-14T04:31:25.879Z"
}
{
  "label": "hana-project-explorer",
  "level": "error",
  "message": "Error while reading package.json, using defaults",
  "time": "2026-07-14T04:31:25.879Z"
}
{
  "label": "hana-project-explorer",
  "level": "error",
  "message": "Error while reading package.json, using defaults",
  "time": "2026-07-14T04:31:26.375Z"
}
{
  "label": "hana-project-explorer",
  "level": "error",
  "message": "Error while reading package.json, using defaults",
  "time": "2026-07-14T04:31:26.376Z"
}
{
  "label": "hana-project-explorer",
  "level": "error",
  "message": "Error while reading package.json, using defaults",
  "time": "2026-07-14T04:31:26.752Z"
}
{
  "label": "hana-project-explorer",
  "level": "error",
  "message": "Error while reading package.json, using defaults",
  "time": "2026-07-14T04:31:26.752Z"
}
{
  "label": "hana-project-explorer",
  "level": "error",
  "message": "Error while reading package.json, using defaults",
  "time": "2026-07-14T04:31:26.754Z"
}
{
  "label": "hana-project-explorer",
  "level": "error",
  "message": "Error while reading package.json, using defaults",
  "time": "2026-07-14T04:31:27.696Z"
}
{
  "label": "hana-project-explorer",
  "level": "error",
  "message": "Could not parse .env file: The module path \"/home/user/projects/Assoc/gen/db\" is not a valid CAP DB module path.",
  "time": "2026-07-14T04:31:27.697Z"
}
{
  "label": "hana-project-explorer",
  "level": "error",
  "message": "Error while reading package.json, using defaults",
  "time": "2026-07-14T04:31:28.670Z"
}
{
  "label": "hana-project-explorer",
  "level": "error",
  "message": "Error while reading package.json, using defaults",
  "time": "2026-07-14T04:31:28.670Z"
}
{
  "label": "hana-project-explorer",
  "level": "error",
  "message": "Error while reading package.json, using defaults",
  "time": "2026-07-14T04:31:28.672Z"
}
{
  "label": "hana-project-explorer",
  "level": "error",
  "message": "Error while reading package.json, using defaults",
  "time": "2026-07-14T04:31:29.016Z"
}
{
  "label": "hana-project-explorer",
  "level": "error",
  "message": "Error while reading package.json, using defaults",
  "time": "2026-07-14T04:31:29.017Z"
}
{
  "label": "hana-project-explorer",
  "level": "error",
  "message": "Error while reading package.json, using defaults",
  "time": "2026-07-14T04:31:29.676Z"
}
{
  "label": "hana-project-explorer",
  "level": "error",
  "message": "Could not parse .env file: The module path \"/home/user/projects/Assoc/gen/db\" is not a valid CAP DB module path.",
  "time": "2026-07-14T04:31:29.682Z"
}
{
  "label": "hana-project-explorer",
  "level": "error",
  "message": "Error while reading package.json, using defaults",
  "time": "2026-07-14T04:31:29.991Z"
}
{
  "label": "hana-project-explorer",
  "level": "error",
  "message": "Error while reading package.json, using defaults",
  "time": "2026-07-14T04:31:29.991Z"
}
{
  "label": "hana-project-explorer",
  "level": "error",
  "message": "Error while reading package.json, using defaults",
  "time": "2026-07-14T04:31:30.629Z"
}
{
  "label": "hana-project-explorer",
  "level": "error",
  "message": "Error while reading package.json, using defaults",
  "time": "2026-07-14T04:31:30.629Z"
}
{
  "label": "hana-project-explorer",
  "level": "error",
  "message": "Error while reading package.json, using defaults",
  "time": "2026-07-14T04:31:31.604Z"
}
{
  "label": "hana-project-explorer",
  "level": "error",
  "message": "Error while reading package.json, using defaults",
  "time": "2026-07-14T04:31:31.604Z"
}
{
  "label": "hana-project-explorer",
  "level": "error",
  "message": "Error while reading package.json, using defaults",
  "time": "2026-07-14T04:31:32.166Z"
}
{
  "label": "hana-project-explorer",
  "level": "error",
  "message": "Error while reading package.json, using defaults",
  "time": "2026-07-14T04:31:32.166Z"
}
{
  "label": "hana-project-explorer",
  "level": "error",
  "message": "Error while reading package.json, using defaults",
  "time": "2026-07-14T04:31:32.514Z"
}
{
  "label": "hana-project-explorer",
  "level": "error",
  "message": "Error while reading package.json, using defaults",
  "time": "2026-07-14T04:31:32.514Z"
}
{
  "label": "hana-project-explorer",
  "level": "error",
  "message": "Error while reading package.json, using defaults",
  "time": "2026-07-14T04:31:33.444Z"
}
{
  "label": "hana-project-explorer",
  "level": "error",
  "message": "Error while reading package.json, using defaults",
  "time": "2026-07-14T04:31:33.444Z"
}
{
  "label": "hana-project-explorer",
  "level": "error",
  "message": "Error while reading package.json, using defaults",
  "time": "2026-07-14T04:31:34.639Z"
}
{
  "label": "hana-project-explorer",
  "level": "error",
  "message": "Error while reading package.json, using defaults",
  "time": "2026-07-14T04:31:34.640Z"
}
{
  "label": "hana-project-explorer",
  "level": "error",
  "message": "Error while reading package.json, using defaults",
  "time": "2026-07-14T04:31:35.504Z"
}
{
  "label": "hana-project-explorer",
  "level": "error",
  "message": "Error while reading package.json, using defaults",
  "time": "2026-07-14T04:31:35.504Z"
}
{
  "label": "hana-project-explorer",
  "level": "error",
  "message": "Error while reading package.json, using defaults",
  "time": "2026-07-14T04:31:36.444Z"
}
{
  "label": "hana-project-explorer",
  "level": "error",
  "message": "Error while reading package.json, using defaults",
  "time": "2026-07-14T04:31:36.444Z"
}
{
  "label": "hana-project-explorer",
  "level": "error",
  "message": "Error while reading package.json, using defaults",
  "time": "2026-07-14T04:31:37.334Z"
}
{
  "label": "hana-project-explorer",
  "level": "error",
  "message": "Error while reading package.json, using defaults",
  "time": "2026-07-14T04:31:37.334Z"
}
{
  "label": "hana-project-explorer",
  "level": "error",
  "message": "Error while reading package.json, using defaults",
  "time": "2026-07-14T04:31:38.131Z"
}
{
  "label": "hana-project-explorer",
  "level": "error",
  "message": "Error while reading package.json, using defaults",
  "time": "2026-07-14T04:31:38.132Z"
}
{
  "label": "hana-project-explorer",
  "level": "error",
  "message": "Error while reading package.json, using defaults",
  "time": "2026-07-14T04:31:38.190Z"
}
{
  "label": "hana-project-explorer",
  "level": "error",
  "message": "Error while reading package.json, using defaults",
  "time": "2026-07-14T04:31:38.190Z"
}
{
  "label": "hana-project-explorer",
  "level": "error",
  "message": "Error while reading package.json, using defaults",
  "time": "2026-07-14T04:31:39.264Z"
}
{
  "label": "hana-project-explorer",
  "level": "error",
  "message": "Error while reading package.json, using defaults",
  "time": "2026-07-14T04:31:39.265Z"
}
{
  "label": "hana-project-explorer",
  "level": "error",
  "message": "Error while reading package.json, using defaults",
  "time": "2026-07-14T04:31:40.224Z"
}
{
  "label": "hana-project-explorer",
  "level": "error",
  "message": "Error while reading package.json, using defaults",
  "time": "2026-07-14T04:31:40.224Z"
}
{
  "label": "hana-project-explorer",
  "level": "error",
  "message": "Error while reading package.json, using defaults",
  "time": "2026-07-14T04:31:41.129Z"
}
{
  "label": "hana-project-explorer",
  "level": "error",
  "message": "Error while reading package.json, using defaults",
  "time": "2026-07-14T04:31:41.130Z"
}
{
  "label": "hana-project-explorer",
  "level": "error",
  "message": "Could not read content from \"/home/user/projects/Assoc/gen/db/src/.hdiconfig\" path: ENOENT: no such file or directory, open '/home/user/projects/Assoc/gen/db/src/.hdiconfig'",
  "time": "2026-07-14T04:33:07.515Z"
}
{
  "label": "hana-project-explorer",
  "level": "error",
  "message": "Could not parse structured log entry '': Unexpected end of JSON input",
  "time": "2026-07-14T04:33:14.172Z"
}
{
  "label": "hana-project-explorer",
  "level": "error",
  "message": "Could not read content from \"/home/user/projects/Assoc/db/src/.hdiconfig\" path: ENOENT: no such file or directory, open '/home/user/projects/Assoc/db/src/.hdiconfig'",
  "time": "2026-07-14T04:34:10.614Z"
}
{
  "label": "hana-project-explorer",
  "level": "error",
  "message": "Could not read content from \"/home/user/projects/Assoc/db/src/.hdiconfig\" path: ENOENT: no such file or directory, open '/home/user/projects/Assoc/db/src/.hdiconfig'",
  "time": "2026-07-14T04:34:14.504Z"
}
{
  "label": "hana-project-explorer",
  "level": "error",
  "message": "Could not parse .env file: The module path \"/home/user/projects/Assoc/gen/db\" is not a valid CAP DB module path.",
  "time": "2026-07-14T04:37:13.076Z"
}
{
  "label": "hana-project-explorer",
  "level": "error",
  "message": "Could not parse .env file: The module path \"/home/user/projects/Assoc/gen/db\" is not a valid CAP DB module path.",
  "time": "2026-07-14T04:37:14.830Z"
}
{
  "label": "hana-project-explorer",
  "level": "error",
  "message": "Error occured in event listener:  Canceled",
  "name": "Canceled",
  "stack": "Canceled: Canceled\n    at ou (file:///extbin/local/openvscode-server/out/vs/workbench/api/node/extensionHostProcess.js:7:1394)\n    at file:///extbin/local/openvscode-server/out/vs/workbench/api/node/extensionHostProcess.js:29:142631\n    at Array.forEach (<anonymous>)\n    at OE.dispose (file:///extbin/local/openvscode-server/out/vs/workbench/api/node/extensionHostProcess.js:29:142571)\n    at mee.terminate (file:///extbin/local/openvscode-server/out/vs/workbench/api/node/extensionHostProcess.js:120:10238)\n    at nR.terminate (file:///extbin/local/openvscode-server/out/vs/workbench/api/node/extensionHostProcess.js:122:914)\n    at Hr (file:///extbin/local/openvscode-server/out/vs/workbench/api/node/extensionHostProcess.js:405:11144)\n    at tf.value (file:///extbin/local/openvscode-server/out/vs/workbench/api/node/extensionHostProcess.js:405:9282)\n    at I.C (file:///extbin/local/openvscode-server/out/vs/workbench/api/node/extensionHostProcess.js:27:2328)\n    at I.fire (file:///extbin/local/openvscode-server/out/vs/workbench/api/node/extensionHostProcess.js:27:2546)\n    at Jo.fire (file:///extbin/local/openvscode-server/out/vs/workbench/api/node/extensionHostProcess.js:29:9471)\n    at w0.A (file:///extbin/local/openvscode-server/out/vs/workbench/api/node/extensionHostProcess.js:29:12585)\n    at tf.value (file:///extbin/local/openvscode-server/out/vs/workbench/api/node/extensionHostProcess.js:29:11006)\n    at I.C (file:///extbin/local/openvscode-server/out/vs/workbench/api/node/extensionHostProcess.js:27:2328)\n    at I.fire (file:///extbin/local/openvscode-server/out/vs/workbench/api/node/extensionHostProcess.js:27:2546)\n    at yC.acceptChunk (file:///extbin/local/openvscode-server/out/vs/workbench/api/node/extensionHostProcess.js:29:7954)\n    at tf.value (file:///extbin/local/openvscode-server/out/vs/workbench/api/node/extensionHostProcess.js:29:7240)\n    at I.C (file:///extbin/local/openvscode-server/out/vs/workbench/api/node/extensionHostProcess.js:27:2328)\n    at I.fire (file:///extbin/local/openvscode-server/out/vs/workbench/api/node/extensionHostProcess.js:27:2546)\n    at WF.w (file:///extbin/local/openvscode-server/out/vs/workbench/api/node/extensionHostProcess.js:29:21762)",
  "time": "2026-07-14T05:18:52.600Z"
}
{
  "label": "hana-project-explorer",
  "level": "error",
  "message": "Error occured in event listener:  Canceled",
  "name": "Canceled",
  "stack": "Canceled: Canceled\n    at new rU (file:///extbin/local/openvscode-server/out/vs/workbench/api/node/extensionHostProcess.js:29:141180)\n    at OE.U (file:///extbin/local/openvscode-server/out/vs/workbench/api/node/extensionHostProcess.js:29:145790)\n    at Proxy.r.<computed>.n.charCodeAt.r.<computed> (file:///extbin/local/openvscode-server/out/vs/workbench/api/node/extensionHostProcess.js:29:143284)\n    at file:///extbin/local/openvscode-server/out/vs/workbench/api/node/extensionHostProcess.js:113:75223\n    at Array.map (<anonymous>)\n    at cA.B (file:///extbin/local/openvscode-server/out/vs/workbench/api/node/extensionHostProcess.js:113:75209)\n    at cA.A (file:///extbin/local/openvscode-server/out/vs/workbench/api/node/extensionHostProcess.js:113:75159)\n    at cA.findFiles (file:///extbin/local/openvscode-server/out/vs/workbench/api/node/extensionHostProcess.js:113:73694)\n    at Object.findFiles (file:///extbin/local/openvscode-server/out/vs/workbench/api/node/extensionHostProcess.js:213:119458)\n    at p (/extbin/local/openvscode-server/extensions/hana-project-explorer-1.38.0-bas/dist/extension.js:1:4277368)\n    at u (/extbin/local/openvscode-server/extensions/hana-project-explorer-1.38.0-bas/dist/extension.js:1:4277247)\n    at t.isHDBModulePath (/extbin/local/openvscode-server/extensions/hana-project-explorer-1.38.0-bas/dist/extension.js:1:4277052)\n    at handleFileChanged (/extbin/local/openvscode-server/extensions/hana-project-explorer-1.38.0-bas/dist/extension.js:1:4075807)\n    at /extbin/local/openvscode-server/extensions/hana-project-explorer-1.38.0-bas/dist/extension.js:1:4078082\n    at /extbin/local/openvscode-server/extensions/hana-project-explorer-1.38.0-bas/dist/extension.js:1:4319227",
  "time": "2026-07-14T05:18:52.601Z"
}
{
  "label": "hana-project-explorer",
  "level": "error",
  "message": "Error occured in event listener:  Canceled",
  "name": "Canceled",
  "stack": "Canceled: Canceled\n    at new rU (file:///extbin/local/openvscode-server/out/vs/workbench/api/node/extensionHostProcess.js:29:141180)\n    at OE.U (file:///extbin/local/openvscode-server/out/vs/workbench/api/node/extensionHostProcess.js:29:145790)\n    at Proxy.r.<computed>.n.charCodeAt.r.<computed> (file:///extbin/local/openvscode-server/out/vs/workbench/api/node/extensionHostProcess.js:29:143284)\n    at file:///extbin/local/openvscode-server/out/vs/workbench/api/node/extensionHostProcess.js:113:75223\n    at Array.map (<anonymous>)\n    at cA.B (file:///extbin/local/openvscode-server/out/vs/workbench/api/node/extensionHostProcess.js:113:75209)\n    at cA.A (file:///extbin/local/openvscode-server/out/vs/workbench/api/node/extensionHostProcess.js:113:75159)\n    at cA.findFiles (file:///extbin/local/openvscode-server/out/vs/workbench/api/node/extensionHostProcess.js:113:73694)\n    at Object.findFiles (file:///extbin/local/openvscode-server/out/vs/workbench/api/node/extensionHostProcess.js:213:119458)\n    at p (/extbin/local/openvscode-server/extensions/hana-project-explorer-1.38.0-bas/dist/extension.js:1:4277368)\n    at u (/extbin/local/openvscode-server/extensions/hana-project-explorer-1.38.0-bas/dist/extension.js:1:4277247)\n    at t.isHDBModulePath (/extbin/local/openvscode-server/extensions/hana-project-explorer-1.38.0-bas/dist/extension.js:1:4277052)\n    at handleFileChanged (/extbin/local/openvscode-server/extensions/hana-project-explorer-1.38.0-bas/dist/extension.js:1:4075807)\n    at /extbin/local/openvscode-server/extensions/hana-project-explorer-1.38.0-bas/dist/extension.js:1:4078082\n    at /extbin/local/openvscode-server/extensions/hana-project-explorer-1.38.0-bas/dist/extension.js:1:4319227",
  "time": "2026-07-14T05:18:52.601Z"
}
{
  "label": "hana-project-explorer",
  "level": "error",
  "message": "Error occured in event listener:  Canceled",
  "name": "Canceled",
  "stack": "Canceled: Canceled\n    at new rU (file:///extbin/local/openvscode-server/out/vs/workbench/api/node/extensionHostProcess.js:29:141180)\n    at OE.U (file:///extbin/local/openvscode-server/out/vs/workbench/api/node/extensionHostProcess.js:29:145790)\n    at Proxy.r.<computed>.n.charCodeAt.r.<computed> (file:///extbin/local/openvscode-server/out/vs/workbench/api/node/extensionHostProcess.js:29:143284)\n    at file:///extbin/local/openvscode-server/out/vs/workbench/api/node/extensionHostProcess.js:113:75223\n    at Array.map (<anonymous>)\n    at cA.B (file:///extbin/local/openvscode-server/out/vs/workbench/api/node/extensionHostProcess.js:113:75209)\n    at cA.A (file:///extbin/local/openvscode-server/out/vs/workbench/api/node/extensionHostProcess.js:113:75159)\n    at cA.findFiles (file:///extbin/local/openvscode-server/out/vs/workbench/api/node/extensionHostProcess.js:113:73694)\n    at Object.findFiles (file:///extbin/local/openvscode-server/out/vs/workbench/api/node/extensionHostProcess.js:213:119458)\n    at p (/extbin/local/openvscode-server/extensions/hana-project-explorer-1.38.0-bas/dist/extension.js:1:4277368)\n    at u (/extbin/local/openvscode-server/extensions/hana-project-explorer-1.38.0-bas/dist/extension.js:1:4277247)\n    at t.isHDBModulePath (/extbin/local/openvscode-server/extensions/hana-project-explorer-1.38.0-bas/dist/extension.js:1:4277052)\n    at handleFileChanged (/extbin/local/openvscode-server/extensions/hana-project-explorer-1.38.0-bas/dist/extension.js:1:4075807)\n    at /extbin/local/openvscode-server/extensions/hana-project-explorer-1.38.0-bas/dist/extension.js:1:4078082\n    at /extbin/local/openvscode-server/extensions/hana-project-explorer-1.38.0-bas/dist/extension.js:1:4319227",
  "time": "2026-07-14T05:18:52.601Z"
}
