[1783617486211] INFO  (ext): SQLTools is starting
[1783617486212] INFO  (ext): initializing language client...
[1783617486292] INFO  (ext): Registering client for languages [{"scheme":"sqltools"},{"language":"sql","scheme":"untitled"},{"language":"sql","scheme":"file"},{"language":"sql","scheme":"sqltools"}]
    ns: "lc"
[1783617486301] INFO  (ext): loading plugins...
[1783617486301] INFO  (ext): registering Formatter Plugin.
    plugin: {
      "name": "Formatter Plugin"
    }
[1783617486301] INFO  (ext): registering Connection Manager Plugin.
    plugin: {
      "name": "Connection Manager Plugin"
    }
[1783617486302] INFO  (ext): registering CodeLens Plugin.
    plugin: {
      "name": "CodeLens Plugin",
      "registeredLanguages": []
    }
[1783617486302] INFO  (ext): registering Dependency Manager Plugin.
    plugin: {
      "name": "Dependency Manager Plugin",
      "installingDrivers": []
    }
[1783617486303] INFO  (ext): Connection explorer changed. Will be updated.
    ns: "conn-man:explorer"
[1783617486303] INFO  (ext): registering History Manager Plugin.
    plugin: {
      "name": "History Manager Plugin"
    }
[1783617486304] INFO  (ext): registering Bookmarks Manager Plugin.
    plugin: {
      "name": "Bookmarks Manager Plugin"
    }
[1783617486304] INFO  (ext): registering Authentication Provider Plugin.
    plugin: {
      "name": "Authentication Provider Plugin",
      "isRegistered": false
    }
[1783617486304] INFO  (ext): registering Object Drop-in Provider (plugin).
    plugin: {
      "type": "plugin",
      "name": "Object Drop-in Provider",
      "isRegistered": false
    }
[1783617486305] INFO  (ext): SQLTools activation completed. 93.669243 ms
[1783617486316] INFO  (ext): Formatter Plugin registered!
[1783617486316] INFO  (ext): CodeLens Plugin registered!
[1783617486316] INFO  (ext): Dependency Manager Plugin registered!
[1783617486316] INFO  (ext): Connection Manager Plugin registered!
[1783617486316] INFO  (ext): History Manager Plugin registered!
[1783617486316] INFO  (ext): Bookmarks Manager Plugin registered!
[1783617486316] INFO  (ext): Authentication Provider Plugin registered!
[1783617486316] INFO  (ext): Object Drop-in Provider (plugin) registered!
[1783617488937] INFO  (ext): EXECUTING COMMAND => sqltools.refreshTree
[1783617488937] INFO  (ext): Connection explorer changed. Will be updated.
    ns: "conn-man:explorer"
[1783617488937] INFO  (ext): Connection explorer changed. Will be updated.
    ns: "conn-man:explorer"
[1783617486412] INFO  (ls): SQLTools Server started!
===============================
Using node runtime?: yes
ExecPath: /opt/nodejs/node-v22.19.0-linux-x64/bin/node v22.19.0
===============================
[1783617486414] INFO  (ls): User defined env vars
===============================
{"PATH":"/usr/local/sbin:/usr/local/bin:/usr/sbin:/usr/bin:/sbin:/bin:/home/user/.node_modules_global/bin"}
===============================:
[1783617488974] INFO  (ext): LanguageClient ready
    ns: "lc"
[1783617488973] INFO  (ls): Initialized with node version:v22.19.0
[1783617492543] INFO  (ext): registering SQLite Plugin (driver).
    plugin: {
      "extensionId": "mtxr.sqltools-driver-sqlite",
      "name": "SQLite Plugin",
      "type": "driver"
    }
[1783617492544] INFO  (ls): REQUEST RECEIVED => ls/RegisterPlugin
[1783617492544] INFO  (ls): request to register plugin: "/extbin/local/openvscode-server/extensions/mtxr.sqltools-driver-sqlite-0.5.0/out/ls/plugin.js"
[1783617492569] INFO  (ls): Driver sqlite registered!
    place: "driver-map"
    ns: "ls-context"
[1783617493297] INFO  (ext): SQLite Plugin (driver) registered!
[1783617494892] INFO  (ext): EXECUTING COMMAND => sqltools.refreshTree
[1783617494893] INFO  (ext): Connection explorer changed. Will be updated.
    ns: "conn-man:explorer"
[1783617497967] INFO  (ext): Connection explorer changed. Will be updated.
    ns: "conn-man:explorer"
