{
  "label": "hana-project-explorer",
  "level": "error",
  "message": "Could not read content from \"/home/user/projects/Sample/db/src/.hdiconfig\" path: ENOENT: no such file or directory, open '/home/user/projects/Sample/db/src/.hdiconfig'",
  "time": "2026-07-09T16:02:52.109Z"
}
{
  "label": "hana-project-explorer",
  "level": "error",
  "message": "Could not read content from \"/home/user/projects/Sample/db/src/.hdiconfig\" path: ENOENT: no such file or directory, open '/home/user/projects/Sample/db/src/.hdiconfig'",
  "time": "2026-07-09T16:03:13.379Z"
}
{
  "label": "hana-project-explorer",
  "level": "error",
  "message": "Could not read content from \"/home/user/projects/Sample/db/src/.hdiconfig\" path: ENOENT: no such file or directory, open '/home/user/projects/Sample/db/src/.hdiconfig'",
  "time": "2026-07-09T16:09:02.298Z"
}
{
  "label": "hana-project-explorer",
  "level": "error",
  "message": "Could not read content from \"/home/user/projects/Sample/db/src/.hdiconfig\" path: ENOENT: no such file or directory, open '/home/user/projects/Sample/db/src/.hdiconfig'",
  "time": "2026-07-09T16:09:34.684Z"
}
{
  "label": "hana-project-explorer",
  "level": "error",
  "message": "Could not read content from \"/home/user/projects/Sample/db/src/.hdiconfig\" path: ENOENT: no such file or directory, open '/home/user/projects/Sample/db/src/.hdiconfig'",
  "time": "2026-07-09T16:09:34.685Z"
}
{
  "label": "hana-project-explorer",
  "level": "error",
  "message": "Could not read content from \"/home/user/projects/Sample/db/src/.hdiconfig\" path: ENOENT: no such file or directory, open '/home/user/projects/Sample/db/src/.hdiconfig'",
  "time": "2026-07-09T16:09:44.900Z"
}
{
  "label": "hana-project-explorer",
  "level": "error",
  "message": "Could not read content from \"/home/user/projects/Sample/db/src/.hdiconfig\" path: ENOENT: no such file or directory, open '/home/user/projects/Sample/db/src/.hdiconfig'",
  "time": "2026-07-09T16:10:23.847Z"
}
{
  "label": "hana-project-explorer",
  "level": "error",
  "message": "Could not read content from \"/home/user/projects/Sample/db/src/.hdiconfig\" path: ENOENT: no such file or directory, open '/home/user/projects/Sample/db/src/.hdiconfig'",
  "time": "2026-07-09T16:10:23.848Z"
}
{
  "label": "hana-project-explorer",
  "level": "error",
  "message": "Could not read content from \"/home/user/projects/Sample/db/src/.hdiconfig\" path: ENOENT: no such file or directory, open '/home/user/projects/Sample/db/src/.hdiconfig'",
  "time": "2026-07-09T16:10:37.482Z"
}
{
  "label": "hana-project-explorer",
  "level": "error",
  "message": "Could not read content from \"/home/user/projects/Sample/db/src/.hdiconfig\" path: ENOENT: no such file or directory, open '/home/user/projects/Sample/db/src/.hdiconfig'",
  "time": "2026-07-09T16:10:39.500Z"
}
{
  "label": "hana-project-explorer",
  "level": "error",
  "message": "Could not read content from \"/home/user/projects/Sample/db/src/.hdiconfig\" path: ENOENT: no such file or directory, open '/home/user/projects/Sample/db/src/.hdiconfig'",
  "time": "2026-07-09T16:10:39.501Z"
}
{
  "label": "hana-project-explorer",
  "level": "error",
  "message": "Could not read content from \"/home/user/projects/Sample/db/src/.hdiconfig\" path: ENOENT: no such file or directory, open '/home/user/projects/Sample/db/src/.hdiconfig'",
  "time": "2026-07-09T16:10:41.537Z"
}
{
  "label": "hana-project-explorer",
  "level": "error",
  "message": "Could not read content from \"/home/user/projects/Sample/db/src/.hdiconfig\" path: ENOENT: no such file or directory, open '/home/user/projects/Sample/db/src/.hdiconfig'",
  "time": "2026-07-09T16:10:57.154Z"
}
{
  "label": "hana-project-explorer",
  "level": "error",
  "message": "Could not read content from \"/home/user/projects/Sample/db/src/.hdiconfig\" path: ENOENT: no such file or directory, open '/home/user/projects/Sample/db/src/.hdiconfig'",
  "time": "2026-07-09T16:11:01.758Z"
}
{
  "label": "hana-project-explorer",
  "level": "error",
  "message": "Could not read content from \"/home/user/projects/Sample/db/src/.hdiconfig\" path: ENOENT: no such file or directory, open '/home/user/projects/Sample/db/src/.hdiconfig'",
  "time": "2026-07-09T16:11:32.537Z"
}
{
  "label": "hana-project-explorer",
  "level": "error",
  "message": "Could not read content from \"/home/user/projects/Sample/db/src/.hdiconfig\" path: ENOENT: no such file or directory, open '/home/user/projects/Sample/db/src/.hdiconfig'",
  "time": "2026-07-09T16:11:32.538Z"
}
{
  "label": "hana-project-explorer",
  "level": "error",
  "message": "Could not read content from \"/home/user/projects/Sample/db/src/.hdiconfig\" path: ENOENT: no such file or directory, open '/home/user/projects/Sample/db/src/.hdiconfig'",
  "time": "2026-07-09T16:12:05.617Z"
}
{
  "label": "hana-project-explorer",
  "level": "error",
  "message": "Could not read content from \"/home/user/projects/Sample/db/src/.hdiconfig\" path: ENOENT: no such file or directory, open '/home/user/projects/Sample/db/src/.hdiconfig'",
  "time": "2026-07-09T16:12:05.618Z"
}
{
  "label": "hana-project-explorer",
  "level": "error",
  "message": "Could not read content from \"/home/user/projects/Sample/db/src/.hdiconfig\" path: ENOENT: no such file or directory, open '/home/user/projects/Sample/db/src/.hdiconfig'",
  "time": "2026-07-09T16:13:17.712Z"
}
{
  "label": "hana-project-explorer",
  "level": "error",
  "message": "Could not read content from \"/home/user/projects/Sample/db/src/.hdiconfig\" path: ENOENT: no such file or directory, open '/home/user/projects/Sample/db/src/.hdiconfig'",
  "time": "2026-07-09T16:13:19.349Z"
}
{
  "label": "hana-project-explorer",
  "level": "error",
  "message": "Could not read content from \"/home/user/projects/Sample/db/src/.hdiconfig\" path: ENOENT: no such file or directory, open '/home/user/projects/Sample/db/src/.hdiconfig'",
  "time": "2026-07-09T16:13:21.616Z"
}
{
  "label": "hana-project-explorer",
  "level": "error",
  "message": "Could not read content from \"/home/user/projects/Sample/db/src/.hdiconfig\" path: ENOENT: no such file or directory, open '/home/user/projects/Sample/db/src/.hdiconfig'",
  "time": "2026-07-09T16:13:30.994Z"
}
{
  "label": "hana-project-explorer",
  "level": "error",
  "message": "Could not read content from \"/home/user/projects/Sample/db/src/.hdiconfig\" path: ENOENT: no such file or directory, open '/home/user/projects/Sample/db/src/.hdiconfig'",
  "time": "2026-07-09T16:13:31.925Z"
}
{
  "label": "hana-project-explorer",
  "level": "error",
  "message": "Could not read content from \"/home/user/projects/Sample/db/src/.hdiconfig\" path: ENOENT: no such file or directory, open '/home/user/projects/Sample/db/src/.hdiconfig'",
  "time": "2026-07-09T16:13:34.022Z"
}
{
  "label": "hana-project-explorer",
  "level": "error",
  "message": "Could not read content from \"/home/user/projects/Sample/db/src/.hdiconfig\" path: ENOENT: no such file or directory, open '/home/user/projects/Sample/db/src/.hdiconfig'",
  "time": "2026-07-09T16:13:43.975Z"
}
{
  "label": "hana-project-explorer",
  "level": "error",
  "message": "Could not read content from \"/home/user/projects/Sample/db/src/.hdiconfig\" path: ENOENT: no such file or directory, open '/home/user/projects/Sample/db/src/.hdiconfig'",
  "time": "2026-07-09T16:13:44.765Z"
}
{
  "label": "hana-project-explorer",
  "level": "error",
  "message": "Could not read content from \"/home/user/projects/Sample/db/src/.hdiconfig\" path: ENOENT: no such file or directory, open '/home/user/projects/Sample/db/src/.hdiconfig'",
  "time": "2026-07-09T16:13:47.793Z"
}
{
  "label": "hana-project-explorer",
  "level": "error",
  "message": "Could not read content from \"/home/user/projects/Sample/db/src/.hdiconfig\" path: ENOENT: no such file or directory, open '/home/user/projects/Sample/db/src/.hdiconfig'",
  "time": "2026-07-09T16:13:57.033Z"
}
{
  "label": "hana-project-explorer",
  "level": "error",
  "message": "Could not read content from \"/home/user/projects/Sample/db/src/.hdiconfig\" path: ENOENT: no such file or directory, open '/home/user/projects/Sample/db/src/.hdiconfig'",
  "time": "2026-07-09T16:13:57.944Z"
}
{
  "label": "hana-project-explorer",
  "level": "error",
  "message": "Could not read content from \"/home/user/projects/Sample/db/src/.hdiconfig\" path: ENOENT: no such file or directory, open '/home/user/projects/Sample/db/src/.hdiconfig'",
  "time": "2026-07-09T16:14:00.181Z"
}
{
  "label": "hana-project-explorer",
  "level": "error",
  "message": "Could not read content from \"/home/user/projects/Sample/db/src/.hdiconfig\" path: ENOENT: no such file or directory, open '/home/user/projects/Sample/db/src/.hdiconfig'",
  "time": "2026-07-09T16:17:38.923Z"
}
{
  "label": "hana-project-explorer",
  "level": "error",
  "message": "Could not read content from \"/home/user/projects/Sample/gen/db/src/.hdiconfig\" path: ENOENT: no such file or directory, open '/home/user/projects/Sample/gen/db/src/.hdiconfig'",
  "time": "2026-07-09T16:19:08.257Z"
}
{
  "label": "hana-project-explorer",
  "level": "error",
  "message": "Could not retrieve target container for module at path /home/user/projects/Sample/gen/db",
  "time": "2026-07-09T16:19:17.491Z"
}
{
  "label": "hana-project-explorer",
  "level": "error",
  "message": "Could not parse structured log entry '': Unexpected end of JSON input",
  "time": "2026-07-09T16:19:17.492Z"
}
{
  "label": "hana-project-explorer",
  "level": "error",
  "message": "Could not read content from \"/home/user/projects/Sample/db/src/.hdiconfig\" path: ENOENT: no such file or directory, open '/home/user/projects/Sample/db/src/.hdiconfig'",
  "time": "2026-07-09T16:21:28.970Z"
}
{
  "label": "hana-project-explorer",
  "level": "error",
  "message": "Could not read content from \"/home/user/projects/Sample/db/src/.hdiconfig\" path: ENOENT: no such file or directory, open '/home/user/projects/Sample/db/src/.hdiconfig'",
  "time": "2026-07-09T16:23:36.437Z"
}
{
  "label": "hana-project-explorer",
  "level": "error",
  "message": "Could not read content from \"/home/user/projects/Sample/db/src/.hdiconfig\" path: ENOENT: no such file or directory, open '/home/user/projects/Sample/db/src/.hdiconfig'",
  "time": "2026-07-09T16:23:41.260Z"
}
{
  "label": "hana-project-explorer",
  "level": "error",
  "message": "Could not read content from \"/home/user/projects/Sample/db/src/.hdiconfig\" path: ENOENT: no such file or directory, open '/home/user/projects/Sample/db/src/.hdiconfig'",
  "time": "2026-07-09T16:23:53.519Z"
}
{
  "label": "hana-project-explorer",
  "level": "error",
  "message": "Could not read content from \"/home/user/projects/Sample/db/src/.hdiconfig\" path: ENOENT: no such file or directory, open '/home/user/projects/Sample/db/src/.hdiconfig'",
  "time": "2026-07-09T16:23:57.141Z"
}
{
  "label": "hana-project-explorer",
  "level": "error",
  "message": "Could not read content from \"/home/user/projects/Sample/db/src/.hdiconfig\" path: ENOENT: no such file or directory, open '/home/user/projects/Sample/db/src/.hdiconfig'",
  "time": "2026-07-09T16:27:40.240Z"
}
{
  "label": "hana-project-explorer",
  "level": "error",
  "message": "Could not read content from \"/home/user/projects/Sample/db/src/.hdiconfig\" path: ENOENT: no such file or directory, open '/home/user/projects/Sample/db/src/.hdiconfig'",
  "time": "2026-07-09T16:27:57.697Z"
}
{
  "label": "hana-project-explorer",
  "level": "error",
  "message": "Could not read content from \"/home/user/projects/Sample/db/src/.hdiconfig\" path: ENOENT: no such file or directory, open '/home/user/projects/Sample/db/src/.hdiconfig'",
  "time": "2026-07-09T16:28:25.034Z"
}
{
  "label": "hana-project-explorer",
  "level": "error",
  "message": "Could not read content from \"/home/user/projects/Sample/db/src/.hdiconfig\" path: ENOENT: no such file or directory, open '/home/user/projects/Sample/db/src/.hdiconfig'",
  "time": "2026-07-09T16:28:36.537Z"
}
{
  "label": "hana-project-explorer",
  "level": "error",
  "message": "Could not read content from \"/home/user/projects/Sample/db/src/.hdiconfig\" path: ENOENT: no such file or directory, open '/home/user/projects/Sample/db/src/.hdiconfig'",
  "time": "2026-07-09T16:31:41.651Z"
}
{
  "label": "hana-project-explorer",
  "level": "error",
  "message": "Could not read content from \"/home/user/projects/Sample/db/src/.hdiconfig\" path: ENOENT: no such file or directory, open '/home/user/projects/Sample/db/src/.hdiconfig'",
  "time": "2026-07-09T16:31:46.134Z"
}
{
  "label": "hana-project-explorer",
  "level": "error",
  "message": "Could not read content from \"/home/user/projects/Sample/db/src/.hdiconfig\" path: ENOENT: no such file or directory, open '/home/user/projects/Sample/db/src/.hdiconfig'",
  "time": "2026-07-09T16:31:48.241Z"
}
{
  "label": "hana-project-explorer",
  "level": "error",
  "message": "Could not read content from \"/home/user/projects/Sample/gen/db/src/.hdiconfig\" path: ENOENT: no such file or directory, open '/home/user/projects/Sample/gen/db/src/.hdiconfig'",
  "time": "2026-07-09T16:38:26.273Z"
}
{
  "label": "hana-project-explorer",
  "level": "error",
  "message": "Could not retrieve target container for module at path /home/user/projects/Sample/gen/db",
  "time": "2026-07-09T16:38:33.768Z"
}
{
  "label": "hana-project-explorer",
  "level": "error",
  "message": "Could not parse structured log entry '': Unexpected end of JSON input",
  "time": "2026-07-09T16:38:33.769Z"
}
{
  "label": "hana-project-explorer",
  "level": "error",
  "message": "Could not read content from \"/home/user/projects/Sample/db/src/.hdiconfig\" path: ENOENT: no such file or directory, open '/home/user/projects/Sample/db/src/.hdiconfig'",
  "time": "2026-07-09T16:39:17.917Z"
}
{
  "label": "hana-project-explorer",
  "level": "error",
  "message": "Could not read content from \"/home/user/projects/Sample/db/src/.hdiconfig\" path: ENOENT: no such file or directory, open '/home/user/projects/Sample/db/src/.hdiconfig'",
  "time": "2026-07-09T16:39:24.782Z"
}
{
  "label": "hana-project-explorer",
  "level": "error",
  "message": "Could not read content from \"/home/user/projects/Sample/db/src/.hdiconfig\" path: ENOENT: no such file or directory, open '/home/user/projects/Sample/db/src/.hdiconfig'",
  "time": "2026-07-09T16:41:20.009Z"
}
{
  "label": "hana-project-explorer",
  "level": "error",
  "message": "Could not read content from \"/home/user/projects/Sample/db/src/.hdiconfig\" path: ENOENT: no such file or directory, open '/home/user/projects/Sample/db/src/.hdiconfig'",
  "time": "2026-07-09T16:42:46.537Z"
}
{
  "label": "hana-project-explorer",
  "level": "error",
  "message": "Error while reading package.json, using defaults",
  "time": "2026-07-09T16:48:12.555Z"
}
{
  "label": "hana-project-explorer",
  "level": "error",
  "message": "Error while reading package.json, using defaults",
  "time": "2026-07-09T16:48:12.555Z"
}
{
  "label": "hana-project-explorer",
  "level": "error",
  "message": "Error while reading package.json, using defaults",
  "time": "2026-07-09T16:48:20.241Z"
}
{
  "label": "hana-project-explorer",
  "level": "error",
  "message": "Error while reading package.json, using defaults",
  "time": "2026-07-09T16:48:20.241Z"
}
{
  "label": "hana-project-explorer",
  "level": "error",
  "message": "Could not read content from \"/home/user/projects/Sample/db/src/.hdiconfig\" path: ENOENT: no such file or directory, open '/home/user/projects/Sample/db/src/.hdiconfig'",
  "time": "2026-07-09T16:49:32.204Z"
}
{
  "label": "hana-project-explorer",
  "level": "error",
  "message": "Could not read content from \"/home/user/projects/Sample/db/src/.hdiconfig\" path: ENOENT: no such file or directory, open '/home/user/projects/Sample/db/src/.hdiconfig'",
  "time": "2026-07-09T16:49:53.665Z"
}
{
  "label": "hana-project-explorer",
  "level": "error",
  "message": "Could not read content from \"/home/user/projects/Sample/db/src/.hdiconfig\" path: ENOENT: no such file or directory, open '/home/user/projects/Sample/db/src/.hdiconfig'",
  "time": "2026-07-09T16:50:00.063Z"
}
{
  "label": "hana-project-explorer",
  "level": "error",
  "message": "Could not read content from \"/home/user/projects/Sample/db/src/.hdiconfig\" path: ENOENT: no such file or directory, open '/home/user/projects/Sample/db/src/.hdiconfig'",
  "time": "2026-07-09T16:50:03.135Z"
}
{
  "label": "hana-project-explorer",
  "level": "error",
  "message": "Could not read content from \"/home/user/projects/Sample/db/src/.hdiconfig\" path: ENOENT: no such file or directory, open '/home/user/projects/Sample/db/src/.hdiconfig'",
  "time": "2026-07-09T16:56:05.415Z"
}
{
  "label": "hana-project-explorer",
  "level": "error",
  "message": "Could not read content from \"/home/user/projects/Sample/db/src/.hdiconfig\" path: ENOENT: no such file or directory, open '/home/user/projects/Sample/db/src/.hdiconfig'",
  "time": "2026-07-09T16:56:06.744Z"
}
{
  "label": "hana-project-explorer",
  "level": "error",
  "message": "Could not read content from \"/home/user/projects/Sample/db/src/.hdiconfig\" path: ENOENT: no such file or directory, open '/home/user/projects/Sample/db/src/.hdiconfig'",
  "time": "2026-07-09T16:56:09.282Z"
}
{
  "label": "hana-project-explorer",
  "level": "error",
  "message": "Could not read content from \"/home/user/projects/Sample/db/src/.hdiconfig\" path: ENOENT: no such file or directory, open '/home/user/projects/Sample/db/src/.hdiconfig'",
  "time": "2026-07-09T16:56:11.396Z"
}
{
  "label": "hana-project-explorer",
  "level": "error",
  "message": "Could not read content from \"/home/user/projects/Sample/db/src/.hdiconfig\" path: ENOENT: no such file or directory, open '/home/user/projects/Sample/db/src/.hdiconfig'",
  "time": "2026-07-09T16:56:27.038Z"
}
{
  "label": "hana-project-explorer",
  "level": "error",
  "message": "Could not read content from \"/home/user/projects/Sample/db/src/.hdiconfig\" path: ENOENT: no such file or directory, open '/home/user/projects/Sample/db/src/.hdiconfig'",
  "time": "2026-07-09T16:56:31.604Z"
}
{
  "label": "hana-project-explorer",
  "level": "error",
  "message": "Could not read content from \"/home/user/projects/Sample/db/src/.hdiconfig\" path: ENOENT: no such file or directory, open '/home/user/projects/Sample/db/src/.hdiconfig'",
  "time": "2026-07-09T16:56:33.701Z"
}
{
  "label": "hana-project-explorer",
  "level": "error",
  "message": "Could not read content from \"/home/user/projects/Sample/db/src/.hdiconfig\" path: ENOENT: no such file or directory, open '/home/user/projects/Sample/db/src/.hdiconfig'",
  "time": "2026-07-09T16:56:45.427Z"
}
{
  "label": "hana-project-explorer",
  "level": "error",
  "message": "Could not read content from \"/home/user/projects/Sample/db/src/.hdiconfig\" path: ENOENT: no such file or directory, open '/home/user/projects/Sample/db/src/.hdiconfig'",
  "time": "2026-07-09T16:56:51.214Z"
}
{
  "label": "hana-project-explorer",
  "level": "error",
  "message": "Could not read content from \"/home/user/projects/Sample/db/src/.hdiconfig\" path: ENOENT: no such file or directory, open '/home/user/projects/Sample/db/src/.hdiconfig'",
  "time": "2026-07-09T16:56:53.303Z"
}
{
  "label": "hana-project-explorer",
  "level": "error",
  "message": "Could not read content from \"/home/user/projects/Sample/db/src/.hdiconfig\" path: ENOENT: no such file or directory, open '/home/user/projects/Sample/db/src/.hdiconfig'",
  "time": "2026-07-09T16:57:03.224Z"
}
{
  "label": "hana-project-explorer",
  "level": "error",
  "message": "Could not read content from \"/home/user/projects/Sample/db/src/.hdiconfig\" path: ENOENT: no such file or directory, open '/home/user/projects/Sample/db/src/.hdiconfig'",
  "time": "2026-07-09T16:57:06.870Z"
}
{
  "label": "hana-project-explorer",
  "level": "error",
  "message": "Could not read content from \"/home/user/projects/Sample/db/src/.hdiconfig\" path: ENOENT: no such file or directory, open '/home/user/projects/Sample/db/src/.hdiconfig'",
  "time": "2026-07-09T16:57:08.986Z"
}
{
  "label": "hana-project-explorer",
  "level": "error",
  "message": "Could not read content from \"/home/user/projects/Sample/db/src/.hdiconfig\" path: ENOENT: no such file or directory, open '/home/user/projects/Sample/db/src/.hdiconfig'",
  "time": "2026-07-09T16:58:11.195Z"
}
{
  "label": "hana-project-explorer",
  "level": "error",
  "message": "Could not read content from \"/home/user/projects/Sample/db/src/.hdiconfig\" path: ENOENT: no such file or directory, open '/home/user/projects/Sample/db/src/.hdiconfig'",
  "time": "2026-07-09T16:58:39.656Z"
}
{
  "label": "hana-project-explorer",
  "level": "error",
  "message": "Could not read content from \"/home/user/projects/Sample/db/src/.hdiconfig\" path: ENOENT: no such file or directory, open '/home/user/projects/Sample/db/src/.hdiconfig'",
  "time": "2026-07-09T16:59:00.057Z"
}
{
  "label": "hana-project-explorer",
  "level": "error",
  "message": "Could not read content from \"/home/user/projects/Sample/db/src/.hdiconfig\" path: ENOENT: no such file or directory, open '/home/user/projects/Sample/db/src/.hdiconfig'",
  "time": "2026-07-09T16:59:09.444Z"
}
{
  "label": "hana-project-explorer",
  "level": "error",
  "message": "Could not read content from \"/home/user/projects/Sample/db/src/.hdiconfig\" path: ENOENT: no such file or directory, open '/home/user/projects/Sample/db/src/.hdiconfig'",
  "time": "2026-07-09T16:59:09.444Z"
}
{
  "label": "hana-project-explorer",
  "level": "error",
  "message": "Could not read content from \"/home/user/projects/Sample/db/src/.hdiconfig\" path: ENOENT: no such file or directory, open '/home/user/projects/Sample/db/src/.hdiconfig'",
  "time": "2026-07-09T16:59:09.444Z"
}
{
  "label": "hana-project-explorer",
  "level": "error",
  "message": "Could not read content from \"/home/user/projects/Sample/db/src/.hdiconfig\" path: ENOENT: no such file or directory, open '/home/user/projects/Sample/db/src/.hdiconfig'",
  "time": "2026-07-09T17:00:06.239Z"
}
{
  "label": "hana-project-explorer",
  "level": "error",
  "message": "Could not read content from \"/home/user/projects/Sample/db/src/.hdiconfig\" path: ENOENT: no such file or directory, open '/home/user/projects/Sample/db/src/.hdiconfig'",
  "time": "2026-07-09T17:02:22.869Z"
}
{
  "label": "hana-project-explorer",
  "level": "error",
  "message": "Could not read content from \"/home/user/projects/Sample/db/src/.hdiconfig\" path: ENOENT: no such file or directory, open '/home/user/projects/Sample/db/src/.hdiconfig'",
  "time": "2026-07-09T17:02:28.354Z"
}
{
  "label": "hana-project-explorer",
  "level": "error",
  "message": "Could not read content from \"/home/user/projects/Sample/db/src/.hdiconfig\" path: ENOENT: no such file or directory, open '/home/user/projects/Sample/db/src/.hdiconfig'",
  "time": "2026-07-09T17:02:28.355Z"
}
{
  "label": "hana-project-explorer",
  "level": "error",
  "message": "Could not read content from \"/home/user/projects/Sample/db/src/.hdiconfig\" path: ENOENT: no such file or directory, open '/home/user/projects/Sample/db/src/.hdiconfig'",
  "time": "2026-07-09T17:03:09.184Z"
}
{
  "label": "hana-project-explorer",
  "level": "error",
  "message": "Could not read content from \"/home/user/projects/Sample/db/src/.hdiconfig\" path: ENOENT: no such file or directory, open '/home/user/projects/Sample/db/src/.hdiconfig'",
  "time": "2026-07-09T17:03:14.870Z"
}
{
  "label": "hana-project-explorer",
  "level": "error",
  "message": "Could not read content from \"/home/user/projects/Sample/db/src/.hdiconfig\" path: ENOENT: no such file or directory, open '/home/user/projects/Sample/db/src/.hdiconfig'",
  "time": "2026-07-09T17:06:02.090Z"
}
{
  "label": "hana-project-explorer",
  "level": "error",
  "message": "Could not read content from \"/home/user/projects/Sample/db/src/.hdiconfig\" path: ENOENT: no such file or directory, open '/home/user/projects/Sample/db/src/.hdiconfig'",
  "time": "2026-07-09T17:12:56.405Z"
}
{
  "label": "hana-project-explorer",
  "level": "error",
  "message": "Could not read content from \"/home/user/projects/Sample/db/src/.hdiconfig\" path: ENOENT: no such file or directory, open '/home/user/projects/Sample/db/src/.hdiconfig'",
  "time": "2026-07-09T17:12:57.897Z"
}
{
  "label": "hana-project-explorer",
  "level": "error",
  "message": "Could not read content from \"/home/user/projects/Sample/db/src/.hdiconfig\" path: ENOENT: no such file or directory, open '/home/user/projects/Sample/db/src/.hdiconfig'",
  "time": "2026-07-09T17:12:59.724Z"
}
{
  "label": "hana-project-explorer",
  "level": "error",
  "message": "Could not read content from \"/home/user/projects/Sample/db/src/.hdiconfig\" path: ENOENT: no such file or directory, open '/home/user/projects/Sample/db/src/.hdiconfig'",
  "time": "2026-07-09T17:13:01.438Z"
}
{
  "label": "hana-project-explorer",
  "level": "error",
  "message": "Could not read content from \"/home/user/projects/Sample/db/src/.hdiconfig\" path: ENOENT: no such file or directory, open '/home/user/projects/Sample/db/src/.hdiconfig'",
  "time": "2026-07-09T17:13:02.659Z"
}
{
  "label": "hana-project-explorer",
  "level": "error",
  "message": "Could not read content from \"/home/user/projects/Sample/db/src/.hdiconfig\" path: ENOENT: no such file or directory, open '/home/user/projects/Sample/db/src/.hdiconfig'",
  "time": "2026-07-09T17:13:04.033Z"
}
{
  "label": "hana-project-explorer",
  "level": "error",
  "message": "Could not read content from \"/home/user/projects/Sample/db/src/.hdiconfig\" path: ENOENT: no such file or directory, open '/home/user/projects/Sample/db/src/.hdiconfig'",
  "time": "2026-07-09T17:13:04.034Z"
}
{
  "label": "hana-project-explorer",
  "level": "error",
  "message": "Could not read content from \"/home/user/projects/Sample/db/src/.hdiconfig\" path: ENOENT: no such file or directory, open '/home/user/projects/Sample/db/src/.hdiconfig'",
  "time": "2026-07-09T17:13:05.920Z"
}
