[1784035871789] INFO  (ext): SQLTools is starting
[1784035871790] INFO  (ext): initializing language client...
[1784035871880] INFO  (ext): Registering client for languages [{"scheme":"sqltools"},{"language":"sql","scheme":"untitled"},{"language":"sql","scheme":"file"},{"language":"sql","scheme":"sqltools"}]
    ns: "lc"
[1784035871890] INFO  (ext): loading plugins...
[1784035871890] INFO  (ext): registering Formatter Plugin.
    plugin: {
      "name": "Formatter Plugin"
    }
[1784035871890] INFO  (ext): registering Connection Manager Plugin.
    plugin: {
      "name": "Connection Manager Plugin"
    }
[1784035871890] INFO  (ext): registering CodeLens Plugin.
    plugin: {
      "name": "CodeLens Plugin",
      "registeredLanguages": []
    }
[1784035871891] INFO  (ext): registering Dependency Manager Plugin.
    plugin: {
      "name": "Dependency Manager Plugin",
      "installingDrivers": []
    }
[1784035871892] INFO  (ext): Connection explorer changed. Will be updated.
    ns: "conn-man:explorer"
[1784035871892] INFO  (ext): registering History Manager Plugin.
    plugin: {
      "name": "History Manager Plugin"
    }
[1784035871893] INFO  (ext): registering Bookmarks Manager Plugin.
    plugin: {
      "name": "Bookmarks Manager Plugin"
    }
[1784035871893] INFO  (ext): registering Authentication Provider Plugin.
    plugin: {
      "name": "Authentication Provider Plugin",
      "isRegistered": false
    }
[1784035871893] INFO  (ext): registering Object Drop-in Provider (plugin).
    plugin: {
      "type": "plugin",
      "name": "Object Drop-in Provider",
      "isRegistered": false
    }
[1784035871894] INFO  (ext): SQLTools activation completed. 104.864764 ms
[1784035871899] INFO  (ext): Formatter Plugin registered!
[1784035871899] INFO  (ext): CodeLens Plugin registered!
[1784035871899] INFO  (ext): Dependency Manager Plugin registered!
[1784035871899] INFO  (ext): Connection Manager Plugin registered!
[1784035871899] INFO  (ext): History Manager Plugin registered!
[1784035871899] INFO  (ext): Bookmarks Manager Plugin registered!
[1784035871899] INFO  (ext): Authentication Provider Plugin registered!
[1784035871899] INFO  (ext): Object Drop-in Provider (plugin) registered!
[1784035874677] INFO  (ext): EXECUTING COMMAND => sqltools.refreshTree
[1784035874677] INFO  (ext): Connection explorer changed. Will be updated.
    ns: "conn-man:explorer"
[1784035874677] INFO  (ext): Connection explorer changed. Will be updated.
    ns: "conn-man:explorer"
[1784035874807] INFO  (ls): SQLTools Server started!
===============================
Using node runtime?: yes
ExecPath: /opt/nodejs/node-v22.19.0-linux-x64/bin/node v22.19.0
===============================
[1784035874810] INFO  (ls): User defined env vars
===============================
{"PATH":"/usr/local/sbin:/usr/local/bin:/usr/sbin:/usr/bin:/sbin:/bin:/home/user/.node_modules_global/bin"}
===============================:
[1784035877005] INFO  (ext): LanguageClient ready
    ns: "lc"
[1784035877003] INFO  (ls): Initialized with node version:v22.19.0
[1784035877358] INFO  (ext): registering SQLite Plugin (driver).
    plugin: {
      "extensionId": "mtxr.sqltools-driver-sqlite",
      "name": "SQLite Plugin",
      "type": "driver"
    }
[1784035877359] INFO  (ls): REQUEST RECEIVED => ls/RegisterPlugin
[1784035877360] INFO  (ls): request to register plugin: "/extbin/local/openvscode-server/extensions/mtxr.sqltools-driver-sqlite-0.5.0/out/ls/plugin.js"
[1784035877389] INFO  (ls): Driver sqlite registered!
    place: "driver-map"
    ns: "ls-context"
[1784035878257] INFO  (ext): SQLite Plugin (driver) registered!
[1784035879979] INFO  (ext): EXECUTING COMMAND => sqltools.refreshTree
[1784035879979] INFO  (ext): Connection explorer changed. Will be updated.
    ns: "conn-man:explorer"
[1784035882528] INFO  (ext): Connection explorer changed. Will be updated.
    ns: "conn-man:explorer"
[1784035883983] INFO  (ext): Connection explorer changed. Will be updated.
    ns: "conn-man:explorer"
[1784035888264] INFO  (ext): Connection explorer changed. Will be updated.
    ns: "conn-man:explorer"
