[1784103155519] INFO  (ext): SQLTools is starting
[1784103155520] INFO  (ext): initializing language client...
[1784103155603] INFO  (ext): Registering client for languages [{"scheme":"sqltools"},{"language":"sql","scheme":"untitled"},{"language":"sql","scheme":"file"},{"language":"sql","scheme":"sqltools"}]
    ns: "lc"
[1784103155612] INFO  (ext): loading plugins...
[1784103155612] INFO  (ext): registering Formatter Plugin.
    plugin: {
      "name": "Formatter Plugin"
    }
[1784103155612] INFO  (ext): registering Connection Manager Plugin.
    plugin: {
      "name": "Connection Manager Plugin"
    }
[1784103155613] INFO  (ext): registering CodeLens Plugin.
    plugin: {
      "name": "CodeLens Plugin",
      "registeredLanguages": []
    }
[1784103155613] INFO  (ext): registering Dependency Manager Plugin.
    plugin: {
      "name": "Dependency Manager Plugin",
      "installingDrivers": []
    }
[1784103155614] INFO  (ext): Connection explorer changed. Will be updated.
    ns: "conn-man:explorer"
[1784103155614] INFO  (ext): registering History Manager Plugin.
    plugin: {
      "name": "History Manager Plugin"
    }
[1784103155615] INFO  (ext): registering Bookmarks Manager Plugin.
    plugin: {
      "name": "Bookmarks Manager Plugin"
    }
[1784103155615] INFO  (ext): registering Authentication Provider Plugin.
    plugin: {
      "name": "Authentication Provider Plugin",
      "isRegistered": false
    }
[1784103155615] INFO  (ext): registering Object Drop-in Provider (plugin).
    plugin: {
      "type": "plugin",
      "name": "Object Drop-in Provider",
      "isRegistered": false
    }
[1784103155616] INFO  (ext): SQLTools activation completed. 96.421014 ms
[1784103155620] INFO  (ext): Formatter Plugin registered!
[1784103155620] INFO  (ext): CodeLens Plugin registered!
[1784103155620] INFO  (ext): Dependency Manager Plugin registered!
[1784103155620] INFO  (ext): Connection Manager Plugin registered!
[1784103155620] INFO  (ext): History Manager Plugin registered!
[1784103155620] INFO  (ext): Bookmarks Manager Plugin registered!
[1784103155620] INFO  (ext): Authentication Provider Plugin registered!
[1784103155620] INFO  (ext): Object Drop-in Provider (plugin) registered!
[1784103158291] INFO  (ext): EXECUTING COMMAND => sqltools.refreshTree
[1784103158291] INFO  (ext): Connection explorer changed. Will be updated.
    ns: "conn-man:explorer"
[1784103158291] INFO  (ext): Connection explorer changed. Will be updated.
    ns: "conn-man:explorer"
[1784103158409] INFO  (ls): SQLTools Server started!
===============================
Using node runtime?: yes
ExecPath: /opt/nodejs/node-v22.19.0-linux-x64/bin/node v22.19.0
===============================
[1784103158412] INFO  (ls): User defined env vars
===============================
{"PATH":"/usr/local/sbin:/usr/local/bin:/usr/sbin:/usr/bin:/sbin:/bin:/home/user/.node_modules_global/bin"}
===============================:
[1784103160626] INFO  (ext): LanguageClient ready
    ns: "lc"
[1784103160624] INFO  (ls): Initialized with node version:v22.19.0
[1784103160867] INFO  (ext): registering SQLite Plugin (driver).
    plugin: {
      "extensionId": "mtxr.sqltools-driver-sqlite",
      "name": "SQLite Plugin",
      "type": "driver"
    }
[1784103160869] INFO  (ls): REQUEST RECEIVED => ls/RegisterPlugin
[1784103160869] INFO  (ls): request to register plugin: "/extbin/local/openvscode-server/extensions/mtxr.sqltools-driver-sqlite-0.5.0/out/ls/plugin.js"
[1784103160891] INFO  (ls): Driver sqlite registered!
    place: "driver-map"
    ns: "ls-context"
[1784103161634] INFO  (ext): SQLite Plugin (driver) registered!
[1784103163262] INFO  (ext): EXECUTING COMMAND => sqltools.refreshTree
[1784103163263] INFO  (ext): Connection explorer changed. Will be updated.
    ns: "conn-man:explorer"
[1784103167518] INFO  (ext): Connection explorer changed. Will be updated.
    ns: "conn-man:explorer"
[1784103170784] INFO  (ext): Connection explorer changed. Will be updated.
    ns: "conn-man:explorer"
[1784103175257] INFO  (ext): Connection explorer changed. Will be updated.
    ns: "conn-man:explorer"
[1784103179809] INFO  (ext): Connection explorer changed. Will be updated.
    ns: "conn-man:explorer"
[1784103744411] INFO  (ext): Connection explorer changed. Will be updated.
    ns: "conn-man:explorer"
[1784103749291] INFO  (ext): Connection explorer changed. Will be updated.
    ns: "conn-man:explorer"
