[8:12:35 AM] (Extension) Activating SAPSE.vscode-cds...
[2026-07-15T08:12:35.624Z] creating client and starting lsp 'LSP at /extbin/local/openvscode-server/extensions/vscode-cds-9.9.0/node_modules/@sap/cds-lsp for compiler v6'...
[2026-07-15T08:12:40.650Z] finished starting lsp 'LSP at /extbin/local/openvscode-server/extensions/vscode-cds-9.9.0/node_modules/@sap/cds-lsp for compiler v6' in 5026ms
SyntaxError: Expected ',' or '}' after property value in JSON at position 514 (line 26 column 9)
    at JSON.parse (<anonymous>)
    at _readJson (/home/user/projects/north/node_modules/@sap/cds/lib/env/cds-env.js:540:23)
    at Config.load (/home/user/projects/north/node_modules/@sap/cds/lib/env/cds-env.js:117:16)
    at #import (/home/user/projects/north/node_modules/@sap/cds/lib/env/cds-env.js:109:21)
    at new Config (/home/user/projects/north/node_modules/@sap/cds/lib/env/cds-env.js:68:20)
    at Config.for (/home/user/projects/north/node_modules/@sap/cds/lib/env/cds-env.js:21:15)
    at ya._getEnv (/extbin/local/openvscode-server/extensions/vscode-cds-9.9.0/node_modules/@sap/cds-lsp/src/impl/cdsenv/CdsEnv.ts:36:32)
    at ya.getEnv (/extbin/local/openvscode-server/extensions/vscode-cds-9.9.0/node_modules/@sap/cds-lsp/src/impl/cdsenv/CdsEnv.ts:23:26)
    at ya.TryCatchDecorator (/extbin/local/openvscode-server/extensions/vscode-cds-9.9.0/node_modules/@sap/cds-lsp/src/impl/utils/TryCatch.ts:90:47)
    at we._getCdsEnv (/extbin/local/openvscode-server/extensions/vscode-cds-9.9.0/node_modules/@sap/cds-lsp/src/impl/services/WorkspaceFolder.ts:749:29)
    at we.TryCatchDecorator (/extbin/local/openvscode-server/extensions/vscode-cds-9.9.0/node_modules/@sap/cds-lsp/src/impl/utils/TryCatch.ts:90:47)
    at we.CacheDecorator (/extbin/local/openvscode-server/extensions/vscode-cds-9.9.0/node_modules/@sap/cds-lsp/src/impl/utils/Cache.ts:46:46)
    at we.isEnvChanged (/extbin/local/openvscode-server/extensions/vscode-cds-9.9.0/node_modules/@sap/cds-lsp/src/impl/services/WorkspaceFolder.ts:1199:37)
    at we.onDidChangeWatchedFiles (/extbin/local/openvscode-server/extensions/vscode-cds-9.9.0/node_modules/@sap/cds-lsp/src/impl/services/WorkspaceFolder.ts:1014:43)
    at we.TryCatchDecorator (/extbin/local/openvscode-server/extensions/vscode-cds-9.9.0/node_modules/@sap/cds-lsp/src/impl/utils/TryCatch.ts:90:47)
    at Gi.onDidChangeWatchedFiles (/extbin/local/openvscode-server/extensions/vscode-cds-9.9.0/node_modules/@sap/cds-lsp/src/impl/requests/DidChangeWatchedFiles.ts:53:26)
    at Gi.TryCatchDecorator (/extbin/local/openvscode-server/extensions/vscode-cds-9.9.0/node_modules/@sap/cds-lsp/src/impl/utils/TryCatch.ts:90:47)
    at Gi.action (/extbin/local/openvscode-server/extensions/vscode-cds-9.9.0/node_modules/@sap/cds-lsp/src/impl/utils/Telemetry.ts:83:43)
    at bc.footprint (/extbin/local/openvscode-server/extensions/vscode-cds-9.9.0/node_modules/@sap/cds-lsp/src/impl/trace/Tracer.ts:125:28)
    at Gi.RequestMethodDecorator (/extbin/local/openvscode-server/extensions/vscode-cds-9.9.0/node_modules/@sap/cds-lsp/src/impl/requests/RequestMethod.ts:171:35)
    at handleNotification (/extbin/local/openvscode-server/extensions/vscode-cds-9.9.0/node_modules/vscode-jsonrpc/lib/common/connection.js:640:25)
    at handleMessage (/extbin/local/openvscode-server/extensions/vscode-cds-9.9.0/node_modules/vscode-jsonrpc/lib/common/connection.js:342:13)
    at processMessageQueue (/extbin/local/openvscode-server/extensions/vscode-cds-9.9.0/node_modules/vscode-jsonrpc/lib/common/connection.js:362:17)
    at Immediate._onImmediate (/extbin/local/openvscode-server/extensions/vscode-cds-9.9.0/node_modules/vscode-jsonrpc/lib/common/connection.js:334:13)
    at process.processImmediate (node:internal/timers:485:21)
SyntaxError: Expected ',' or '}' after property value in JSON at position 514 (line 26 column 9)
    at JSON.parse (<anonymous>)
    at _readJson (/home/user/projects/north/node_modules/@sap/cds/lib/env/cds-env.js:540:23)
    at Config.load (/home/user/projects/north/node_modules/@sap/cds/lib/env/cds-env.js:117:16)
    at #import (/home/user/projects/north/node_modules/@sap/cds/lib/env/cds-env.js:109:21)
    at new Config (/home/user/projects/north/node_modules/@sap/cds/lib/env/cds-env.js:68:20)
    at Config.for (/home/user/projects/north/node_modules/@sap/cds/lib/env/cds-env.js:21:15)
    at ya._getEnv (/extbin/local/openvscode-server/extensions/vscode-cds-9.9.0/node_modules/@sap/cds-lsp/src/impl/cdsenv/CdsEnv.ts:36:32)
    at ya.getEnv (/extbin/local/openvscode-server/extensions/vscode-cds-9.9.0/node_modules/@sap/cds-lsp/src/impl/cdsenv/CdsEnv.ts:23:26)
    at ya.TryCatchDecorator (/extbin/local/openvscode-server/extensions/vscode-cds-9.9.0/node_modules/@sap/cds-lsp/src/impl/utils/TryCatch.ts:90:47)
    at we._getCdsEnv (/extbin/local/openvscode-server/extensions/vscode-cds-9.9.0/node_modules/@sap/cds-lsp/src/impl/services/WorkspaceFolder.ts:749:29)
    at we.TryCatchDecorator (/extbin/local/openvscode-server/extensions/vscode-cds-9.9.0/node_modules/@sap/cds-lsp/src/impl/utils/TryCatch.ts:90:47)
    at we.CacheDecorator (/extbin/local/openvscode-server/extensions/vscode-cds-9.9.0/node_modules/@sap/cds-lsp/src/impl/utils/Cache.ts:46:46)
    at we.isEnvChanged (/extbin/local/openvscode-server/extensions/vscode-cds-9.9.0/node_modules/@sap/cds-lsp/src/impl/services/WorkspaceFolder.ts:1199:37)
    at we.onDidChangeWatchedFiles (/extbin/local/openvscode-server/extensions/vscode-cds-9.9.0/node_modules/@sap/cds-lsp/src/impl/services/WorkspaceFolder.ts:1014:43)
    at we.TryCatchDecorator (/extbin/local/openvscode-server/extensions/vscode-cds-9.9.0/node_modules/@sap/cds-lsp/src/impl/utils/TryCatch.ts:90:47)
    at Gi.onDidChangeWatchedFiles (/extbin/local/openvscode-server/extensions/vscode-cds-9.9.0/node_modules/@sap/cds-lsp/src/impl/requests/DidChangeWatchedFiles.ts:53:26)
    at Gi.TryCatchDecorator (/extbin/local/openvscode-server/extensions/vscode-cds-9.9.0/node_modules/@sap/cds-lsp/src/impl/utils/TryCatch.ts:90:47)
    at Gi.action (/extbin/local/openvscode-server/extensions/vscode-cds-9.9.0/node_modules/@sap/cds-lsp/src/impl/utils/Telemetry.ts:83:43)
    at bc.footprint (/extbin/local/openvscode-server/extensions/vscode-cds-9.9.0/node_modules/@sap/cds-lsp/src/impl/trace/Tracer.ts:125:28)
    at Gi.RequestMethodDecorator (/extbin/local/openvscode-server/extensions/vscode-cds-9.9.0/node_modules/@sap/cds-lsp/src/impl/requests/RequestMethod.ts:171:35)
    at handleNotification (/extbin/local/openvscode-server/extensions/vscode-cds-9.9.0/node_modules/vscode-jsonrpc/lib/common/connection.js:640:25)
    at handleMessage (/extbin/local/openvscode-server/extensions/vscode-cds-9.9.0/node_modules/vscode-jsonrpc/lib/common/connection.js:342:13)
    at processMessageQueue (/extbin/local/openvscode-server/extensions/vscode-cds-9.9.0/node_modules/vscode-jsonrpc/lib/common/connection.js:362:17)
    at Immediate._onImmediate (/extbin/local/openvscode-server/extensions/vscode-cds-9.9.0/node_modules/vscode-jsonrpc/lib/common/connection.js:334:13)
    at process.processImmediate (node:internal/timers:485:21)
SyntaxError: Expected ',' or '}' after property value in JSON at position 514 (line 26 column 9)
    at JSON.parse (<anonymous>)
    at _readJson (/home/user/projects/north/node_modules/@sap/cds/lib/env/cds-env.js:540:23)
    at Config.load (/home/user/projects/north/node_modules/@sap/cds/lib/env/cds-env.js:117:16)
    at #import (/home/user/projects/north/node_modules/@sap/cds/lib/env/cds-env.js:109:21)
    at new Config (/home/user/projects/north/node_modules/@sap/cds/lib/env/cds-env.js:68:20)
    at Config.for (/home/user/projects/north/node_modules/@sap/cds/lib/env/cds-env.js:21:15)
    at ya._getEnv (/extbin/local/openvscode-server/extensions/vscode-cds-9.9.0/node_modules/@sap/cds-lsp/src/impl/cdsenv/CdsEnv.ts:36:32)
    at ya.getEnv (/extbin/local/openvscode-server/extensions/vscode-cds-9.9.0/node_modules/@sap/cds-lsp/src/impl/cdsenv/CdsEnv.ts:23:26)
    at ya.TryCatchDecorator (/extbin/local/openvscode-server/extensions/vscode-cds-9.9.0/node_modules/@sap/cds-lsp/src/impl/utils/TryCatch.ts:90:47)
    at we._getCdsEnv (/extbin/local/openvscode-server/extensions/vscode-cds-9.9.0/node_modules/@sap/cds-lsp/src/impl/services/WorkspaceFolder.ts:749:29)
    at we.TryCatchDecorator (/extbin/local/openvscode-server/extensions/vscode-cds-9.9.0/node_modules/@sap/cds-lsp/src/impl/utils/TryCatch.ts:90:47)
    at we.CacheDecorator (/extbin/local/openvscode-server/extensions/vscode-cds-9.9.0/node_modules/@sap/cds-lsp/src/impl/utils/Cache.ts:46:46)
    at we.isEnvChanged (/extbin/local/openvscode-server/extensions/vscode-cds-9.9.0/node_modules/@sap/cds-lsp/src/impl/services/WorkspaceFolder.ts:1199:37)
    at we.onDidChangeWatchedFiles (/extbin/local/openvscode-server/extensions/vscode-cds-9.9.0/node_modules/@sap/cds-lsp/src/impl/services/WorkspaceFolder.ts:1014:43)
    at we.TryCatchDecorator (/extbin/local/openvscode-server/extensions/vscode-cds-9.9.0/node_modules/@sap/cds-lsp/src/impl/utils/TryCatch.ts:90:47)
    at Gi.onDidChangeWatchedFiles (/extbin/local/openvscode-server/extensions/vscode-cds-9.9.0/node_modules/@sap/cds-lsp/src/impl/requests/DidChangeWatchedFiles.ts:53:26)
    at Gi.TryCatchDecorator (/extbin/local/openvscode-server/extensions/vscode-cds-9.9.0/node_modules/@sap/cds-lsp/src/impl/utils/TryCatch.ts:90:47)
    at Gi.action (/extbin/local/openvscode-server/extensions/vscode-cds-9.9.0/node_modules/@sap/cds-lsp/src/impl/utils/Telemetry.ts:83:43)
    at bc.footprint (/extbin/local/openvscode-server/extensions/vscode-cds-9.9.0/node_modules/@sap/cds-lsp/src/impl/trace/Tracer.ts:125:28)
    at Gi.RequestMethodDecorator (/extbin/local/openvscode-server/extensions/vscode-cds-9.9.0/node_modules/@sap/cds-lsp/src/impl/requests/RequestMethod.ts:171:35)
    at handleNotification (/extbin/local/openvscode-server/extensions/vscode-cds-9.9.0/node_modules/vscode-jsonrpc/lib/common/connection.js:640:25)
    at handleMessage (/extbin/local/openvscode-server/extensions/vscode-cds-9.9.0/node_modules/vscode-jsonrpc/lib/common/connection.js:342:13)
    at processMessageQueue (/extbin/local/openvscode-server/extensions/vscode-cds-9.9.0/node_modules/vscode-jsonrpc/lib/common/connection.js:362:17)
    at Immediate._onImmediate (/extbin/local/openvscode-server/extensions/vscode-cds-9.9.0/node_modules/vscode-jsonrpc/lib/common/connection.js:334:13)
    at process.processImmediate (node:internal/timers:485:21)
SyntaxError: Expected ',' or '}' after property value in JSON at position 514 (line 26 column 9)
    at JSON.parse (<anonymous>)
    at _readJson (/home/user/projects/north/node_modules/@sap/cds/lib/env/cds-env.js:540:23)
    at Config.load (/home/user/projects/north/node_modules/@sap/cds/lib/env/cds-env.js:117:16)
    at #import (/home/user/projects/north/node_modules/@sap/cds/lib/env/cds-env.js:109:21)
    at new Config (/home/user/projects/north/node_modules/@sap/cds/lib/env/cds-env.js:68:20)
    at Config.for (/home/user/projects/north/node_modules/@sap/cds/lib/env/cds-env.js:21:15)
    at ya._getEnv (/extbin/local/openvscode-server/extensions/vscode-cds-9.9.0/node_modules/@sap/cds-lsp/src/impl/cdsenv/CdsEnv.ts:36:32)
    at ya.getEnv (/extbin/local/openvscode-server/extensions/vscode-cds-9.9.0/node_modules/@sap/cds-lsp/src/impl/cdsenv/CdsEnv.ts:23:26)
    at ya.TryCatchDecorator (/extbin/local/openvscode-server/extensions/vscode-cds-9.9.0/node_modules/@sap/cds-lsp/src/impl/utils/TryCatch.ts:90:47)
    at we._getCdsEnv (/extbin/local/openvscode-server/extensions/vscode-cds-9.9.0/node_modules/@sap/cds-lsp/src/impl/services/WorkspaceFolder.ts:749:29)
    at we.TryCatchDecorator (/extbin/local/openvscode-server/extensions/vscode-cds-9.9.0/node_modules/@sap/cds-lsp/src/impl/utils/TryCatch.ts:90:47)
    at we.CacheDecorator (/extbin/local/openvscode-server/extensions/vscode-cds-9.9.0/node_modules/@sap/cds-lsp/src/impl/utils/Cache.ts:46:46)
    at we.isEnvChanged (/extbin/local/openvscode-server/extensions/vscode-cds-9.9.0/node_modules/@sap/cds-lsp/src/impl/services/WorkspaceFolder.ts:1199:37)
    at we.onDidChangeWatchedFiles (/extbin/local/openvscode-server/extensions/vscode-cds-9.9.0/node_modules/@sap/cds-lsp/src/impl/services/WorkspaceFolder.ts:1014:43)
    at we.TryCatchDecorator (/extbin/local/openvscode-server/extensions/vscode-cds-9.9.0/node_modules/@sap/cds-lsp/src/impl/utils/TryCatch.ts:90:47)
    at Gi.onDidChangeWatchedFiles (/extbin/local/openvscode-server/extensions/vscode-cds-9.9.0/node_modules/@sap/cds-lsp/src/impl/requests/DidChangeWatchedFiles.ts:53:26)
    at Gi.TryCatchDecorator (/extbin/local/openvscode-server/extensions/vscode-cds-9.9.0/node_modules/@sap/cds-lsp/src/impl/utils/TryCatch.ts:90:47)
    at Gi.action (/extbin/local/openvscode-server/extensions/vscode-cds-9.9.0/node_modules/@sap/cds-lsp/src/impl/utils/Telemetry.ts:83:43)
    at bc.footprint (/extbin/local/openvscode-server/extensions/vscode-cds-9.9.0/node_modules/@sap/cds-lsp/src/impl/trace/Tracer.ts:125:28)
    at Gi.RequestMethodDecorator (/extbin/local/openvscode-server/extensions/vscode-cds-9.9.0/node_modules/@sap/cds-lsp/src/impl/requests/RequestMethod.ts:171:35)
    at handleNotification (/extbin/local/openvscode-server/extensions/vscode-cds-9.9.0/node_modules/vscode-jsonrpc/lib/common/connection.js:640:25)
    at handleMessage (/extbin/local/openvscode-server/extensions/vscode-cds-9.9.0/node_modules/vscode-jsonrpc/lib/common/connection.js:342:13)
    at processMessageQueue (/extbin/local/openvscode-server/extensions/vscode-cds-9.9.0/node_modules/vscode-jsonrpc/lib/common/connection.js:362:17)
    at Immediate._onImmediate (/extbin/local/openvscode-server/extensions/vscode-cds-9.9.0/node_modules/vscode-jsonrpc/lib/common/connection.js:334:13)
    at process.processImmediate (node:internal/timers:485:21)
SyntaxError: Expected double-quoted property name in JSON at position 551 (line 28 column 7)
    at JSON.parse (<anonymous>)
    at _readJson (/home/user/projects/north/node_modules/@sap/cds/lib/env/cds-env.js:540:23)
    at Config.load (/home/user/projects/north/node_modules/@sap/cds/lib/env/cds-env.js:117:16)
    at #import (/home/user/projects/north/node_modules/@sap/cds/lib/env/cds-env.js:109:21)
    at new Config (/home/user/projects/north/node_modules/@sap/cds/lib/env/cds-env.js:68:20)
    at Config.for (/home/user/projects/north/node_modules/@sap/cds/lib/env/cds-env.js:21:15)
    at ya._getEnv (/extbin/local/openvscode-server/extensions/vscode-cds-9.9.0/node_modules/@sap/cds-lsp/src/impl/cdsenv/CdsEnv.ts:36:32)
    at ya.getEnv (/extbin/local/openvscode-server/extensions/vscode-cds-9.9.0/node_modules/@sap/cds-lsp/src/impl/cdsenv/CdsEnv.ts:23:26)
    at ya.TryCatchDecorator (/extbin/local/openvscode-server/extensions/vscode-cds-9.9.0/node_modules/@sap/cds-lsp/src/impl/utils/TryCatch.ts:90:47)
    at we._getCdsEnv (/extbin/local/openvscode-server/extensions/vscode-cds-9.9.0/node_modules/@sap/cds-lsp/src/impl/services/WorkspaceFolder.ts:749:29)
    at we.TryCatchDecorator (/extbin/local/openvscode-server/extensions/vscode-cds-9.9.0/node_modules/@sap/cds-lsp/src/impl/utils/TryCatch.ts:90:47)
    at we.CacheDecorator (/extbin/local/openvscode-server/extensions/vscode-cds-9.9.0/node_modules/@sap/cds-lsp/src/impl/utils/Cache.ts:46:46)
    at we.isEnvChanged (/extbin/local/openvscode-server/extensions/vscode-cds-9.9.0/node_modules/@sap/cds-lsp/src/impl/services/WorkspaceFolder.ts:1199:37)
    at we.onDidChangeWatchedFiles (/extbin/local/openvscode-server/extensions/vscode-cds-9.9.0/node_modules/@sap/cds-lsp/src/impl/services/WorkspaceFolder.ts:1014:43)
    at we.TryCatchDecorator (/extbin/local/openvscode-server/extensions/vscode-cds-9.9.0/node_modules/@sap/cds-lsp/src/impl/utils/TryCatch.ts:90:47)
    at Gi.onDidChangeWatchedFiles (/extbin/local/openvscode-server/extensions/vscode-cds-9.9.0/node_modules/@sap/cds-lsp/src/impl/requests/DidChangeWatchedFiles.ts:53:26)
    at Gi.TryCatchDecorator (/extbin/local/openvscode-server/extensions/vscode-cds-9.9.0/node_modules/@sap/cds-lsp/src/impl/utils/TryCatch.ts:90:47)
    at Gi.action (/extbin/local/openvscode-server/extensions/vscode-cds-9.9.0/node_modules/@sap/cds-lsp/src/impl/utils/Telemetry.ts:83:43)
    at bc.footprint (/extbin/local/openvscode-server/extensions/vscode-cds-9.9.0/node_modules/@sap/cds-lsp/src/impl/trace/Tracer.ts:125:28)
    at Gi.RequestMethodDecorator (/extbin/local/openvscode-server/extensions/vscode-cds-9.9.0/node_modules/@sap/cds-lsp/src/impl/requests/RequestMethod.ts:171:35)
    at handleNotification (/extbin/local/openvscode-server/extensions/vscode-cds-9.9.0/node_modules/vscode-jsonrpc/lib/common/connection.js:640:25)
    at handleMessage (/extbin/local/openvscode-server/extensions/vscode-cds-9.9.0/node_modules/vscode-jsonrpc/lib/common/connection.js:342:13)
    at processMessageQueue (/extbin/local/openvscode-server/extensions/vscode-cds-9.9.0/node_modules/vscode-jsonrpc/lib/common/connection.js:362:17)
    at Immediate._onImmediate (/extbin/local/openvscode-server/extensions/vscode-cds-9.9.0/node_modules/vscode-jsonrpc/lib/common/connection.js:334:13)
    at process.processImmediate (node:internal/timers:485:21)
SyntaxError: Expected ':' after property name in JSON at position 564 (line 28 column 7)
    at JSON.parse (<anonymous>)
    at _readJson (/home/user/projects/north/node_modules/@sap/cds/lib/env/cds-env.js:540:23)
    at Config.load (/home/user/projects/north/node_modules/@sap/cds/lib/env/cds-env.js:117:16)
    at #import (/home/user/projects/north/node_modules/@sap/cds/lib/env/cds-env.js:109:21)
    at new Config (/home/user/projects/north/node_modules/@sap/cds/lib/env/cds-env.js:68:20)
    at Config.for (/home/user/projects/north/node_modules/@sap/cds/lib/env/cds-env.js:21:15)
    at ya._getEnv (/extbin/local/openvscode-server/extensions/vscode-cds-9.9.0/node_modules/@sap/cds-lsp/src/impl/cdsenv/CdsEnv.ts:36:32)
    at ya.getEnv (/extbin/local/openvscode-server/extensions/vscode-cds-9.9.0/node_modules/@sap/cds-lsp/src/impl/cdsenv/CdsEnv.ts:23:26)
    at ya.TryCatchDecorator (/extbin/local/openvscode-server/extensions/vscode-cds-9.9.0/node_modules/@sap/cds-lsp/src/impl/utils/TryCatch.ts:90:47)
    at we._getCdsEnv (/extbin/local/openvscode-server/extensions/vscode-cds-9.9.0/node_modules/@sap/cds-lsp/src/impl/services/WorkspaceFolder.ts:749:29)
    at we.TryCatchDecorator (/extbin/local/openvscode-server/extensions/vscode-cds-9.9.0/node_modules/@sap/cds-lsp/src/impl/utils/TryCatch.ts:90:47)
    at we.CacheDecorator (/extbin/local/openvscode-server/extensions/vscode-cds-9.9.0/node_modules/@sap/cds-lsp/src/impl/utils/Cache.ts:46:46)
    at we.isEnvChanged (/extbin/local/openvscode-server/extensions/vscode-cds-9.9.0/node_modules/@sap/cds-lsp/src/impl/services/WorkspaceFolder.ts:1199:37)
    at we.onDidChangeWatchedFiles (/extbin/local/openvscode-server/extensions/vscode-cds-9.9.0/node_modules/@sap/cds-lsp/src/impl/services/WorkspaceFolder.ts:1014:43)
    at we.TryCatchDecorator (/extbin/local/openvscode-server/extensions/vscode-cds-9.9.0/node_modules/@sap/cds-lsp/src/impl/utils/TryCatch.ts:90:47)
    at Gi.onDidChangeWatchedFiles (/extbin/local/openvscode-server/extensions/vscode-cds-9.9.0/node_modules/@sap/cds-lsp/src/impl/requests/DidChangeWatchedFiles.ts:53:26)
    at Gi.TryCatchDecorator (/extbin/local/openvscode-server/extensions/vscode-cds-9.9.0/node_modules/@sap/cds-lsp/src/impl/utils/TryCatch.ts:90:47)
    at Gi.action (/extbin/local/openvscode-server/extensions/vscode-cds-9.9.0/node_modules/@sap/cds-lsp/src/impl/utils/Telemetry.ts:83:43)
    at bc.footprint (/extbin/local/openvscode-server/extensions/vscode-cds-9.9.0/node_modules/@sap/cds-lsp/src/impl/trace/Tracer.ts:125:28)
    at Gi.RequestMethodDecorator (/extbin/local/openvscode-server/extensions/vscode-cds-9.9.0/node_modules/@sap/cds-lsp/src/impl/requests/RequestMethod.ts:171:35)
    at handleNotification (/extbin/local/openvscode-server/extensions/vscode-cds-9.9.0/node_modules/vscode-jsonrpc/lib/common/connection.js:640:25)
    at handleMessage (/extbin/local/openvscode-server/extensions/vscode-cds-9.9.0/node_modules/vscode-jsonrpc/lib/common/connection.js:342:13)
    at processMessageQueue (/extbin/local/openvscode-server/extensions/vscode-cds-9.9.0/node_modules/vscode-jsonrpc/lib/common/connection.js:362:17)
    at Immediate._onImmediate (/extbin/local/openvscode-server/extensions/vscode-cds-9.9.0/node_modules/vscode-jsonrpc/lib/common/connection.js:334:13)
    at process.processImmediate (node:internal/timers:485:21)
SyntaxError: Expected double-quoted property name in JSON at position 570 (line 28 column 7)
    at JSON.parse (<anonymous>)
    at _readJson (/home/user/projects/north/node_modules/@sap/cds/lib/env/cds-env.js:540:23)
    at Config.load (/home/user/projects/north/node_modules/@sap/cds/lib/env/cds-env.js:117:16)
    at #import (/home/user/projects/north/node_modules/@sap/cds/lib/env/cds-env.js:109:21)
    at new Config (/home/user/projects/north/node_modules/@sap/cds/lib/env/cds-env.js:68:20)
    at Config.for (/home/user/projects/north/node_modules/@sap/cds/lib/env/cds-env.js:21:15)
    at ya._getEnv (/extbin/local/openvscode-server/extensions/vscode-cds-9.9.0/node_modules/@sap/cds-lsp/src/impl/cdsenv/CdsEnv.ts:36:32)
    at ya.getEnv (/extbin/local/openvscode-server/extensions/vscode-cds-9.9.0/node_modules/@sap/cds-lsp/src/impl/cdsenv/CdsEnv.ts:23:26)
    at ya.TryCatchDecorator (/extbin/local/openvscode-server/extensions/vscode-cds-9.9.0/node_modules/@sap/cds-lsp/src/impl/utils/TryCatch.ts:90:47)
    at we._getCdsEnv (/extbin/local/openvscode-server/extensions/vscode-cds-9.9.0/node_modules/@sap/cds-lsp/src/impl/services/WorkspaceFolder.ts:749:29)
    at we.TryCatchDecorator (/extbin/local/openvscode-server/extensions/vscode-cds-9.9.0/node_modules/@sap/cds-lsp/src/impl/utils/TryCatch.ts:90:47)
    at we.CacheDecorator (/extbin/local/openvscode-server/extensions/vscode-cds-9.9.0/node_modules/@sap/cds-lsp/src/impl/utils/Cache.ts:46:46)
    at we.isEnvChanged (/extbin/local/openvscode-server/extensions/vscode-cds-9.9.0/node_modules/@sap/cds-lsp/src/impl/services/WorkspaceFolder.ts:1199:37)
    at we.onDidChangeWatchedFiles (/extbin/local/openvscode-server/extensions/vscode-cds-9.9.0/node_modules/@sap/cds-lsp/src/impl/services/WorkspaceFolder.ts:1014:43)
    at we.TryCatchDecorator (/extbin/local/openvscode-server/extensions/vscode-cds-9.9.0/node_modules/@sap/cds-lsp/src/impl/utils/TryCatch.ts:90:47)
    at Gi.onDidChangeWatchedFiles (/extbin/local/openvscode-server/extensions/vscode-cds-9.9.0/node_modules/@sap/cds-lsp/src/impl/requests/DidChangeWatchedFiles.ts:53:26)
    at Gi.TryCatchDecorator (/extbin/local/openvscode-server/extensions/vscode-cds-9.9.0/node_modules/@sap/cds-lsp/src/impl/utils/TryCatch.ts:90:47)
    at Gi.action (/extbin/local/openvscode-server/extensions/vscode-cds-9.9.0/node_modules/@sap/cds-lsp/src/impl/utils/Telemetry.ts:83:43)
    at bc.footprint (/extbin/local/openvscode-server/extensions/vscode-cds-9.9.0/node_modules/@sap/cds-lsp/src/impl/trace/Tracer.ts:125:28)
    at Gi.RequestMethodDecorator (/extbin/local/openvscode-server/extensions/vscode-cds-9.9.0/node_modules/@sap/cds-lsp/src/impl/requests/RequestMethod.ts:171:35)
    at handleNotification (/extbin/local/openvscode-server/extensions/vscode-cds-9.9.0/node_modules/vscode-jsonrpc/lib/common/connection.js:640:25)
    at handleMessage (/extbin/local/openvscode-server/extensions/vscode-cds-9.9.0/node_modules/vscode-jsonrpc/lib/common/connection.js:342:13)
    at processMessageQueue (/extbin/local/openvscode-server/extensions/vscode-cds-9.9.0/node_modules/vscode-jsonrpc/lib/common/connection.js:362:17)
    at Immediate._onImmediate (/extbin/local/openvscode-server/extensions/vscode-cds-9.9.0/node_modules/vscode-jsonrpc/lib/common/connection.js:334:13)
    at process.processImmediate (node:internal/timers:485:21)
SyntaxError: Expected double-quoted property name in JSON at position 570 (line 28 column 7)
    at JSON.parse (<anonymous>)
    at _readJson (/home/user/projects/north/node_modules/@sap/cds/lib/env/cds-env.js:540:23)
    at Config.load (/home/user/projects/north/node_modules/@sap/cds/lib/env/cds-env.js:117:16)
    at #import (/home/user/projects/north/node_modules/@sap/cds/lib/env/cds-env.js:109:21)
    at new Config (/home/user/projects/north/node_modules/@sap/cds/lib/env/cds-env.js:68:20)
    at Config.for (/home/user/projects/north/node_modules/@sap/cds/lib/env/cds-env.js:21:15)
    at ya._getEnv (/extbin/local/openvscode-server/extensions/vscode-cds-9.9.0/node_modules/@sap/cds-lsp/src/impl/cdsenv/CdsEnv.ts:36:32)
    at ya.getEnv (/extbin/local/openvscode-server/extensions/vscode-cds-9.9.0/node_modules/@sap/cds-lsp/src/impl/cdsenv/CdsEnv.ts:23:26)
    at ya.TryCatchDecorator (/extbin/local/openvscode-server/extensions/vscode-cds-9.9.0/node_modules/@sap/cds-lsp/src/impl/utils/TryCatch.ts:90:47)
    at we._getCdsEnv (/extbin/local/openvscode-server/extensions/vscode-cds-9.9.0/node_modules/@sap/cds-lsp/src/impl/services/WorkspaceFolder.ts:749:29)
    at we.TryCatchDecorator (/extbin/local/openvscode-server/extensions/vscode-cds-9.9.0/node_modules/@sap/cds-lsp/src/impl/utils/TryCatch.ts:90:47)
    at we.CacheDecorator (/extbin/local/openvscode-server/extensions/vscode-cds-9.9.0/node_modules/@sap/cds-lsp/src/impl/utils/Cache.ts:46:46)
    at we.isEnvChanged (/extbin/local/openvscode-server/extensions/vscode-cds-9.9.0/node_modules/@sap/cds-lsp/src/impl/services/WorkspaceFolder.ts:1199:37)
    at we.onDidChangeWatchedFiles (/extbin/local/openvscode-server/extensions/vscode-cds-9.9.0/node_modules/@sap/cds-lsp/src/impl/services/WorkspaceFolder.ts:1014:43)
    at we.TryCatchDecorator (/extbin/local/openvscode-server/extensions/vscode-cds-9.9.0/node_modules/@sap/cds-lsp/src/impl/utils/TryCatch.ts:90:47)
    at Gi.onDidChangeWatchedFiles (/extbin/local/openvscode-server/extensions/vscode-cds-9.9.0/node_modules/@sap/cds-lsp/src/impl/requests/DidChangeWatchedFiles.ts:53:26)
    at Gi.TryCatchDecorator (/extbin/local/openvscode-server/extensions/vscode-cds-9.9.0/node_modules/@sap/cds-lsp/src/impl/utils/TryCatch.ts:90:47)
    at Gi.action (/extbin/local/openvscode-server/extensions/vscode-cds-9.9.0/node_modules/@sap/cds-lsp/src/impl/utils/Telemetry.ts:83:43)
    at bc.footprint (/extbin/local/openvscode-server/extensions/vscode-cds-9.9.0/node_modules/@sap/cds-lsp/src/impl/trace/Tracer.ts:125:28)
    at Gi.RequestMethodDecorator (/extbin/local/openvscode-server/extensions/vscode-cds-9.9.0/node_modules/@sap/cds-lsp/src/impl/requests/RequestMethod.ts:171:35)
    at handleNotification (/extbin/local/openvscode-server/extensions/vscode-cds-9.9.0/node_modules/vscode-jsonrpc/lib/common/connection.js:640:25)
    at handleMessage (/extbin/local/openvscode-server/extensions/vscode-cds-9.9.0/node_modules/vscode-jsonrpc/lib/common/connection.js:342:13)
    at processMessageQueue (/extbin/local/openvscode-server/extensions/vscode-cds-9.9.0/node_modules/vscode-jsonrpc/lib/common/connection.js:362:17)
    at Immediate._onImmediate (/extbin/local/openvscode-server/extensions/vscode-cds-9.9.0/node_modules/vscode-jsonrpc/lib/common/connection.js:334:13)
    at process.processImmediate (node:internal/timers:485:21)
SyntaxError: Expected ',' or '}' after property value in JSON at position 680 (line 35 column 1)
    at JSON.parse (<anonymous>)
    at _readJson (/home/user/projects/north/node_modules/@sap/cds/lib/env/cds-env.js:540:23)
    at Config.load (/home/user/projects/north/node_modules/@sap/cds/lib/env/cds-env.js:117:16)
    at #import (/home/user/projects/north/node_modules/@sap/cds/lib/env/cds-env.js:109:21)
    at new Config (/home/user/projects/north/node_modules/@sap/cds/lib/env/cds-env.js:68:20)
    at Config.for (/home/user/projects/north/node_modules/@sap/cds/lib/env/cds-env.js:21:15)
    at ya._getEnv (/extbin/local/openvscode-server/extensions/vscode-cds-9.9.0/node_modules/@sap/cds-lsp/src/impl/cdsenv/CdsEnv.ts:36:32)
    at ya.getEnv (/extbin/local/openvscode-server/extensions/vscode-cds-9.9.0/node_modules/@sap/cds-lsp/src/impl/cdsenv/CdsEnv.ts:23:26)
    at ya.TryCatchDecorator (/extbin/local/openvscode-server/extensions/vscode-cds-9.9.0/node_modules/@sap/cds-lsp/src/impl/utils/TryCatch.ts:90:47)
    at we._getCdsEnv (/extbin/local/openvscode-server/extensions/vscode-cds-9.9.0/node_modules/@sap/cds-lsp/src/impl/services/WorkspaceFolder.ts:749:29)
    at we.TryCatchDecorator (/extbin/local/openvscode-server/extensions/vscode-cds-9.9.0/node_modules/@sap/cds-lsp/src/impl/utils/TryCatch.ts:90:47)
    at we.CacheDecorator (/extbin/local/openvscode-server/extensions/vscode-cds-9.9.0/node_modules/@sap/cds-lsp/src/impl/utils/Cache.ts:46:46)
    at we.isEnvChanged (/extbin/local/openvscode-server/extensions/vscode-cds-9.9.0/node_modules/@sap/cds-lsp/src/impl/services/WorkspaceFolder.ts:1199:37)
    at we.onDidChangeWatchedFiles (/extbin/local/openvscode-server/extensions/vscode-cds-9.9.0/node_modules/@sap/cds-lsp/src/impl/services/WorkspaceFolder.ts:1014:43)
    at we.TryCatchDecorator (/extbin/local/openvscode-server/extensions/vscode-cds-9.9.0/node_modules/@sap/cds-lsp/src/impl/utils/TryCatch.ts:90:47)
    at Gi.onDidChangeWatchedFiles (/extbin/local/openvscode-server/extensions/vscode-cds-9.9.0/node_modules/@sap/cds-lsp/src/impl/requests/DidChangeWatchedFiles.ts:53:26)
    at Gi.TryCatchDecorator (/extbin/local/openvscode-server/extensions/vscode-cds-9.9.0/node_modules/@sap/cds-lsp/src/impl/utils/TryCatch.ts:90:47)
    at Gi.action (/extbin/local/openvscode-server/extensions/vscode-cds-9.9.0/node_modules/@sap/cds-lsp/src/impl/utils/Telemetry.ts:83:43)
    at bc.footprint (/extbin/local/openvscode-server/extensions/vscode-cds-9.9.0/node_modules/@sap/cds-lsp/src/impl/trace/Tracer.ts:125:28)
    at Gi.RequestMethodDecorator (/extbin/local/openvscode-server/extensions/vscode-cds-9.9.0/node_modules/@sap/cds-lsp/src/impl/requests/RequestMethod.ts:171:35)
    at handleNotification (/extbin/local/openvscode-server/extensions/vscode-cds-9.9.0/node_modules/vscode-jsonrpc/lib/common/connection.js:640:25)
    at handleMessage (/extbin/local/openvscode-server/extensions/vscode-cds-9.9.0/node_modules/vscode-jsonrpc/lib/common/connection.js:342:13)
    at processMessageQueue (/extbin/local/openvscode-server/extensions/vscode-cds-9.9.0/node_modules/vscode-jsonrpc/lib/common/connection.js:362:17)
    at Immediate._onImmediate (/extbin/local/openvscode-server/extensions/vscode-cds-9.9.0/node_modules/vscode-jsonrpc/lib/common/connection.js:334:13)
    at process.processImmediate (node:internal/timers:485:21)
SyntaxError: Expected ',' or '}' after property value in JSON at position 679 (line 35 column 1)
    at JSON.parse (<anonymous>)
    at _readJson (/home/user/projects/north/node_modules/@sap/cds/lib/env/cds-env.js:540:23)
    at Config.load (/home/user/projects/north/node_modules/@sap/cds/lib/env/cds-env.js:117:16)
    at #import (/home/user/projects/north/node_modules/@sap/cds/lib/env/cds-env.js:109:21)
    at new Config (/home/user/projects/north/node_modules/@sap/cds/lib/env/cds-env.js:68:20)
    at Config.for (/home/user/projects/north/node_modules/@sap/cds/lib/env/cds-env.js:21:15)
    at ya._getEnv (/extbin/local/openvscode-server/extensions/vscode-cds-9.9.0/node_modules/@sap/cds-lsp/src/impl/cdsenv/CdsEnv.ts:36:32)
    at ya.getEnv (/extbin/local/openvscode-server/extensions/vscode-cds-9.9.0/node_modules/@sap/cds-lsp/src/impl/cdsenv/CdsEnv.ts:23:26)
    at ya.TryCatchDecorator (/extbin/local/openvscode-server/extensions/vscode-cds-9.9.0/node_modules/@sap/cds-lsp/src/impl/utils/TryCatch.ts:90:47)
    at we._getCdsEnv (/extbin/local/openvscode-server/extensions/vscode-cds-9.9.0/node_modules/@sap/cds-lsp/src/impl/services/WorkspaceFolder.ts:749:29)
    at we.TryCatchDecorator (/extbin/local/openvscode-server/extensions/vscode-cds-9.9.0/node_modules/@sap/cds-lsp/src/impl/utils/TryCatch.ts:90:47)
    at we.CacheDecorator (/extbin/local/openvscode-server/extensions/vscode-cds-9.9.0/node_modules/@sap/cds-lsp/src/impl/utils/Cache.ts:46:46)
    at we.isEnvChanged (/extbin/local/openvscode-server/extensions/vscode-cds-9.9.0/node_modules/@sap/cds-lsp/src/impl/services/WorkspaceFolder.ts:1199:37)
    at we.onDidChangeWatchedFiles (/extbin/local/openvscode-server/extensions/vscode-cds-9.9.0/node_modules/@sap/cds-lsp/src/impl/services/WorkspaceFolder.ts:1014:43)
    at we.TryCatchDecorator (/extbin/local/openvscode-server/extensions/vscode-cds-9.9.0/node_modules/@sap/cds-lsp/src/impl/utils/TryCatch.ts:90:47)
    at Gi.onDidChangeWatchedFiles (/extbin/local/openvscode-server/extensions/vscode-cds-9.9.0/node_modules/@sap/cds-lsp/src/impl/requests/DidChangeWatchedFiles.ts:53:26)
    at Gi.TryCatchDecorator (/extbin/local/openvscode-server/extensions/vscode-cds-9.9.0/node_modules/@sap/cds-lsp/src/impl/utils/TryCatch.ts:90:47)
    at Gi.action (/extbin/local/openvscode-server/extensions/vscode-cds-9.9.0/node_modules/@sap/cds-lsp/src/impl/utils/Telemetry.ts:83:43)
    at bc.footprint (/extbin/local/openvscode-server/extensions/vscode-cds-9.9.0/node_modules/@sap/cds-lsp/src/impl/trace/Tracer.ts:125:28)
    at Gi.RequestMethodDecorator (/extbin/local/openvscode-server/extensions/vscode-cds-9.9.0/node_modules/@sap/cds-lsp/src/impl/requests/RequestMethod.ts:171:35)
    at handleNotification (/extbin/local/openvscode-server/extensions/vscode-cds-9.9.0/node_modules/vscode-jsonrpc/lib/common/connection.js:640:25)
    at handleMessage (/extbin/local/openvscode-server/extensions/vscode-cds-9.9.0/node_modules/vscode-jsonrpc/lib/common/connection.js:342:13)
    at processMessageQueue (/extbin/local/openvscode-server/extensions/vscode-cds-9.9.0/node_modules/vscode-jsonrpc/lib/common/connection.js:362:17)
    at Immediate._onImmediate (/extbin/local/openvscode-server/extensions/vscode-cds-9.9.0/node_modules/vscode-jsonrpc/lib/common/connection.js:334:13)
    at process.processImmediate (node:internal/timers:485:21)
SyntaxError: Expected ',' or '}' after property value in JSON at position 680 (line 35 column 1)
    at JSON.parse (<anonymous>)
    at _readJson (/home/user/projects/north/node_modules/@sap/cds/lib/env/cds-env.js:540:23)
    at Config.load (/home/user/projects/north/node_modules/@sap/cds/lib/env/cds-env.js:117:16)
    at #import (/home/user/projects/north/node_modules/@sap/cds/lib/env/cds-env.js:109:21)
    at new Config (/home/user/projects/north/node_modules/@sap/cds/lib/env/cds-env.js:68:20)
    at Config.for (/home/user/projects/north/node_modules/@sap/cds/lib/env/cds-env.js:21:15)
    at ya._getEnv (/extbin/local/openvscode-server/extensions/vscode-cds-9.9.0/node_modules/@sap/cds-lsp/src/impl/cdsenv/CdsEnv.ts:36:32)
    at ya.getEnv (/extbin/local/openvscode-server/extensions/vscode-cds-9.9.0/node_modules/@sap/cds-lsp/src/impl/cdsenv/CdsEnv.ts:23:26)
    at ya.TryCatchDecorator (/extbin/local/openvscode-server/extensions/vscode-cds-9.9.0/node_modules/@sap/cds-lsp/src/impl/utils/TryCatch.ts:90:47)
    at we._getCdsEnv (/extbin/local/openvscode-server/extensions/vscode-cds-9.9.0/node_modules/@sap/cds-lsp/src/impl/services/WorkspaceFolder.ts:749:29)
    at we.TryCatchDecorator (/extbin/local/openvscode-server/extensions/vscode-cds-9.9.0/node_modules/@sap/cds-lsp/src/impl/utils/TryCatch.ts:90:47)
    at we.CacheDecorator (/extbin/local/openvscode-server/extensions/vscode-cds-9.9.0/node_modules/@sap/cds-lsp/src/impl/utils/Cache.ts:46:46)
    at we.isEnvChanged (/extbin/local/openvscode-server/extensions/vscode-cds-9.9.0/node_modules/@sap/cds-lsp/src/impl/services/WorkspaceFolder.ts:1199:37)
    at we.onDidChangeWatchedFiles (/extbin/local/openvscode-server/extensions/vscode-cds-9.9.0/node_modules/@sap/cds-lsp/src/impl/services/WorkspaceFolder.ts:1014:43)
    at we.TryCatchDecorator (/extbin/local/openvscode-server/extensions/vscode-cds-9.9.0/node_modules/@sap/cds-lsp/src/impl/utils/TryCatch.ts:90:47)
    at Gi.onDidChangeWatchedFiles (/extbin/local/openvscode-server/extensions/vscode-cds-9.9.0/node_modules/@sap/cds-lsp/src/impl/requests/DidChangeWatchedFiles.ts:53:26)
    at Gi.TryCatchDecorator (/extbin/local/openvscode-server/extensions/vscode-cds-9.9.0/node_modules/@sap/cds-lsp/src/impl/utils/TryCatch.ts:90:47)
    at Gi.action (/extbin/local/openvscode-server/extensions/vscode-cds-9.9.0/node_modules/@sap/cds-lsp/src/impl/utils/Telemetry.ts:83:43)
    at bc.footprint (/extbin/local/openvscode-server/extensions/vscode-cds-9.9.0/node_modules/@sap/cds-lsp/src/impl/trace/Tracer.ts:125:28)
    at Gi.RequestMethodDecorator (/extbin/local/openvscode-server/extensions/vscode-cds-9.9.0/node_modules/@sap/cds-lsp/src/impl/requests/RequestMethod.ts:171:35)
    at handleNotification (/extbin/local/openvscode-server/extensions/vscode-cds-9.9.0/node_modules/vscode-jsonrpc/lib/common/connection.js:640:25)
    at handleMessage (/extbin/local/openvscode-server/extensions/vscode-cds-9.9.0/node_modules/vscode-jsonrpc/lib/common/connection.js:342:13)
    at processMessageQueue (/extbin/local/openvscode-server/extensions/vscode-cds-9.9.0/node_modules/vscode-jsonrpc/lib/common/connection.js:362:17)
    at Immediate._onImmediate (/extbin/local/openvscode-server/extensions/vscode-cds-9.9.0/node_modules/vscode-jsonrpc/lib/common/connection.js:334:13)
    at process.processImmediate (node:internal/timers:485:21)
SyntaxError: Expected ',' or '}' after property value in JSON at position 683 (line 36 column 1)
    at JSON.parse (<anonymous>)
    at _readJson (/home/user/projects/north/node_modules/@sap/cds/lib/env/cds-env.js:540:23)
    at Config.load (/home/user/projects/north/node_modules/@sap/cds/lib/env/cds-env.js:117:16)
    at #import (/home/user/projects/north/node_modules/@sap/cds/lib/env/cds-env.js:109:21)
    at new Config (/home/user/projects/north/node_modules/@sap/cds/lib/env/cds-env.js:68:20)
    at Config.for (/home/user/projects/north/node_modules/@sap/cds/lib/env/cds-env.js:21:15)
    at ya._getEnv (/extbin/local/openvscode-server/extensions/vscode-cds-9.9.0/node_modules/@sap/cds-lsp/src/impl/cdsenv/CdsEnv.ts:36:32)
    at ya.getEnv (/extbin/local/openvscode-server/extensions/vscode-cds-9.9.0/node_modules/@sap/cds-lsp/src/impl/cdsenv/CdsEnv.ts:23:26)
    at ya.TryCatchDecorator (/extbin/local/openvscode-server/extensions/vscode-cds-9.9.0/node_modules/@sap/cds-lsp/src/impl/utils/TryCatch.ts:90:47)
    at we._getCdsEnv (/extbin/local/openvscode-server/extensions/vscode-cds-9.9.0/node_modules/@sap/cds-lsp/src/impl/services/WorkspaceFolder.ts:749:29)
    at we.TryCatchDecorator (/extbin/local/openvscode-server/extensions/vscode-cds-9.9.0/node_modules/@sap/cds-lsp/src/impl/utils/TryCatch.ts:90:47)
    at we.CacheDecorator (/extbin/local/openvscode-server/extensions/vscode-cds-9.9.0/node_modules/@sap/cds-lsp/src/impl/utils/Cache.ts:46:46)
    at we.isEnvChanged (/extbin/local/openvscode-server/extensions/vscode-cds-9.9.0/node_modules/@sap/cds-lsp/src/impl/services/WorkspaceFolder.ts:1199:37)
    at we.onDidChangeWatchedFiles (/extbin/local/openvscode-server/extensions/vscode-cds-9.9.0/node_modules/@sap/cds-lsp/src/impl/services/WorkspaceFolder.ts:1014:43)
    at we.TryCatchDecorator (/extbin/local/openvscode-server/extensions/vscode-cds-9.9.0/node_modules/@sap/cds-lsp/src/impl/utils/TryCatch.ts:90:47)
    at Gi.onDidChangeWatchedFiles (/extbin/local/openvscode-server/extensions/vscode-cds-9.9.0/node_modules/@sap/cds-lsp/src/impl/requests/DidChangeWatchedFiles.ts:53:26)
    at Gi.TryCatchDecorator (/extbin/local/openvscode-server/extensions/vscode-cds-9.9.0/node_modules/@sap/cds-lsp/src/impl/utils/TryCatch.ts:90:47)
    at Gi.action (/extbin/local/openvscode-server/extensions/vscode-cds-9.9.0/node_modules/@sap/cds-lsp/src/impl/utils/Telemetry.ts:83:43)
    at bc.footprint (/extbin/local/openvscode-server/extensions/vscode-cds-9.9.0/node_modules/@sap/cds-lsp/src/impl/trace/Tracer.ts:125:28)
    at Gi.RequestMethodDecorator (/extbin/local/openvscode-server/extensions/vscode-cds-9.9.0/node_modules/@sap/cds-lsp/src/impl/requests/RequestMethod.ts:171:35)
    at handleNotification (/extbin/local/openvscode-server/extensions/vscode-cds-9.9.0/node_modules/vscode-jsonrpc/lib/common/connection.js:640:25)
    at handleMessage (/extbin/local/openvscode-server/extensions/vscode-cds-9.9.0/node_modules/vscode-jsonrpc/lib/common/connection.js:342:13)
    at processMessageQueue (/extbin/local/openvscode-server/extensions/vscode-cds-9.9.0/node_modules/vscode-jsonrpc/lib/common/connection.js:362:17)
    at Immediate._onImmediate (/extbin/local/openvscode-server/extensions/vscode-cds-9.9.0/node_modules/vscode-jsonrpc/lib/common/connection.js:334:13)
    at process.processImmediate (node:internal/timers:485:21)
SyntaxError: Expected double-quoted property name in JSON at position 675 (line 33 column 7)
    at JSON.parse (<anonymous>)
    at _readJson (/home/user/projects/north/node_modules/@sap/cds/lib/env/cds-env.js:540:23)
    at Config.load (/home/user/projects/north/node_modules/@sap/cds/lib/env/cds-env.js:117:16)
    at #import (/home/user/projects/north/node_modules/@sap/cds/lib/env/cds-env.js:109:21)
    at new Config (/home/user/projects/north/node_modules/@sap/cds/lib/env/cds-env.js:68:20)
    at Config.for (/home/user/projects/north/node_modules/@sap/cds/lib/env/cds-env.js:21:15)
    at ya._getEnv (/extbin/local/openvscode-server/extensions/vscode-cds-9.9.0/node_modules/@sap/cds-lsp/src/impl/cdsenv/CdsEnv.ts:36:32)
    at ya.getEnv (/extbin/local/openvscode-server/extensions/vscode-cds-9.9.0/node_modules/@sap/cds-lsp/src/impl/cdsenv/CdsEnv.ts:23:26)
    at ya.TryCatchDecorator (/extbin/local/openvscode-server/extensions/vscode-cds-9.9.0/node_modules/@sap/cds-lsp/src/impl/utils/TryCatch.ts:90:47)
    at we._getCdsEnv (/extbin/local/openvscode-server/extensions/vscode-cds-9.9.0/node_modules/@sap/cds-lsp/src/impl/services/WorkspaceFolder.ts:749:29)
    at we.TryCatchDecorator (/extbin/local/openvscode-server/extensions/vscode-cds-9.9.0/node_modules/@sap/cds-lsp/src/impl/utils/TryCatch.ts:90:47)
    at we.CacheDecorator (/extbin/local/openvscode-server/extensions/vscode-cds-9.9.0/node_modules/@sap/cds-lsp/src/impl/utils/Cache.ts:46:46)
    at we.isEnvChanged (/extbin/local/openvscode-server/extensions/vscode-cds-9.9.0/node_modules/@sap/cds-lsp/src/impl/services/WorkspaceFolder.ts:1199:37)
    at we.onDidChangeWatchedFiles (/extbin/local/openvscode-server/extensions/vscode-cds-9.9.0/node_modules/@sap/cds-lsp/src/impl/services/WorkspaceFolder.ts:1014:43)
    at we.TryCatchDecorator (/extbin/local/openvscode-server/extensions/vscode-cds-9.9.0/node_modules/@sap/cds-lsp/src/impl/utils/TryCatch.ts:90:47)
    at Gi.onDidChangeWatchedFiles (/extbin/local/openvscode-server/extensions/vscode-cds-9.9.0/node_modules/@sap/cds-lsp/src/impl/requests/DidChangeWatchedFiles.ts:53:26)
    at Gi.TryCatchDecorator (/extbin/local/openvscode-server/extensions/vscode-cds-9.9.0/node_modules/@sap/cds-lsp/src/impl/utils/TryCatch.ts:90:47)
    at Gi.action (/extbin/local/openvscode-server/extensions/vscode-cds-9.9.0/node_modules/@sap/cds-lsp/src/impl/utils/Telemetry.ts:83:43)
    at bc.footprint (/extbin/local/openvscode-server/extensions/vscode-cds-9.9.0/node_modules/@sap/cds-lsp/src/impl/trace/Tracer.ts:125:28)
    at Gi.RequestMethodDecorator (/extbin/local/openvscode-server/extensions/vscode-cds-9.9.0/node_modules/@sap/cds-lsp/src/impl/requests/RequestMethod.ts:171:35)
    at handleNotification (/extbin/local/openvscode-server/extensions/vscode-cds-9.9.0/node_modules/vscode-jsonrpc/lib/common/connection.js:640:25)
    at handleMessage (/extbin/local/openvscode-server/extensions/vscode-cds-9.9.0/node_modules/vscode-jsonrpc/lib/common/connection.js:342:13)
    at processMessageQueue (/extbin/local/openvscode-server/extensions/vscode-cds-9.9.0/node_modules/vscode-jsonrpc/lib/common/connection.js:362:17)
    at Immediate._onImmediate (/extbin/local/openvscode-server/extensions/vscode-cds-9.9.0/node_modules/vscode-jsonrpc/lib/common/connection.js:334:13)
    at process.processImmediate (node:internal/timers:485:21)
SyntaxError: Expected ':' after property name in JSON at position 677 (line 33 column 7)
    at JSON.parse (<anonymous>)
    at _readJson (/home/user/projects/north/node_modules/@sap/cds/lib/env/cds-env.js:540:23)
    at Config.load (/home/user/projects/north/node_modules/@sap/cds/lib/env/cds-env.js:117:16)
    at #import (/home/user/projects/north/node_modules/@sap/cds/lib/env/cds-env.js:109:21)
    at new Config (/home/user/projects/north/node_modules/@sap/cds/lib/env/cds-env.js:68:20)
    at Config.for (/home/user/projects/north/node_modules/@sap/cds/lib/env/cds-env.js:21:15)
    at ya._getEnv (/extbin/local/openvscode-server/extensions/vscode-cds-9.9.0/node_modules/@sap/cds-lsp/src/impl/cdsenv/CdsEnv.ts:36:32)
    at ya.getEnv (/extbin/local/openvscode-server/extensions/vscode-cds-9.9.0/node_modules/@sap/cds-lsp/src/impl/cdsenv/CdsEnv.ts:23:26)
    at ya.TryCatchDecorator (/extbin/local/openvscode-server/extensions/vscode-cds-9.9.0/node_modules/@sap/cds-lsp/src/impl/utils/TryCatch.ts:90:47)
    at we._getCdsEnv (/extbin/local/openvscode-server/extensions/vscode-cds-9.9.0/node_modules/@sap/cds-lsp/src/impl/services/WorkspaceFolder.ts:749:29)
    at we.TryCatchDecorator (/extbin/local/openvscode-server/extensions/vscode-cds-9.9.0/node_modules/@sap/cds-lsp/src/impl/utils/TryCatch.ts:90:47)
    at we.CacheDecorator (/extbin/local/openvscode-server/extensions/vscode-cds-9.9.0/node_modules/@sap/cds-lsp/src/impl/utils/Cache.ts:46:46)
    at we.isEnvChanged (/extbin/local/openvscode-server/extensions/vscode-cds-9.9.0/node_modules/@sap/cds-lsp/src/impl/services/WorkspaceFolder.ts:1199:37)
    at we.onDidChangeWatchedFiles (/extbin/local/openvscode-server/extensions/vscode-cds-9.9.0/node_modules/@sap/cds-lsp/src/impl/services/WorkspaceFolder.ts:1014:43)
    at we.TryCatchDecorator (/extbin/local/openvscode-server/extensions/vscode-cds-9.9.0/node_modules/@sap/cds-lsp/src/impl/utils/TryCatch.ts:90:47)
    at Gi.onDidChangeWatchedFiles (/extbin/local/openvscode-server/extensions/vscode-cds-9.9.0/node_modules/@sap/cds-lsp/src/impl/requests/DidChangeWatchedFiles.ts:53:26)
    at Gi.TryCatchDecorator (/extbin/local/openvscode-server/extensions/vscode-cds-9.9.0/node_modules/@sap/cds-lsp/src/impl/utils/TryCatch.ts:90:47)
    at Gi.action (/extbin/local/openvscode-server/extensions/vscode-cds-9.9.0/node_modules/@sap/cds-lsp/src/impl/utils/Telemetry.ts:83:43)
    at bc.footprint (/extbin/local/openvscode-server/extensions/vscode-cds-9.9.0/node_modules/@sap/cds-lsp/src/impl/trace/Tracer.ts:125:28)
    at Gi.RequestMethodDecorator (/extbin/local/openvscode-server/extensions/vscode-cds-9.9.0/node_modules/@sap/cds-lsp/src/impl/requests/RequestMethod.ts:171:35)
    at handleNotification (/extbin/local/openvscode-server/extensions/vscode-cds-9.9.0/node_modules/vscode-jsonrpc/lib/common/connection.js:640:25)
    at handleMessage (/extbin/local/openvscode-server/extensions/vscode-cds-9.9.0/node_modules/vscode-jsonrpc/lib/common/connection.js:342:13)
    at processMessageQueue (/extbin/local/openvscode-server/extensions/vscode-cds-9.9.0/node_modules/vscode-jsonrpc/lib/common/connection.js:362:17)
    at Immediate._onImmediate (/extbin/local/openvscode-server/extensions/vscode-cds-9.9.0/node_modules/vscode-jsonrpc/lib/common/connection.js:334:13)
    at process.processImmediate (node:internal/timers:485:21)
[2026-07-15T08:22:44.484Z] stopping lsp 'LSP at /extbin/local/openvscode-server/extensions/vscode-cds-9.9.0/node_modules/@sap/cds-lsp for compiler v6'... 
[2026-07-15T08:22:45.145Z] finished stopping lsp 'LSP at /extbin/local/openvscode-server/extensions/vscode-cds-9.9.0/node_modules/@sap/cds-lsp for compiler v6' in 661ms
