[1784090899547] INFO  (ext): SQLTools is starting
[1784090899549] INFO  (ext): initializing language client...
[1784090899629] INFO  (ext): Registering client for languages [{"scheme":"sqltools"},{"language":"sql","scheme":"untitled"},{"language":"sql","scheme":"file"},{"language":"sql","scheme":"sqltools"}]
    ns: "lc"
[1784090899638] INFO  (ext): loading plugins...
[1784090899638] INFO  (ext): registering Formatter Plugin.
    plugin: {
      "name": "Formatter Plugin"
    }
[1784090899638] INFO  (ext): registering Connection Manager Plugin.
    plugin: {
      "name": "Connection Manager Plugin"
    }
[1784090899639] INFO  (ext): registering CodeLens Plugin.
    plugin: {
      "name": "CodeLens Plugin",
      "registeredLanguages": []
    }
[1784090899639] INFO  (ext): registering Dependency Manager Plugin.
    plugin: {
      "name": "Dependency Manager Plugin",
      "installingDrivers": []
    }
[1784090899640] INFO  (ext): Connection explorer changed. Will be updated.
    ns: "conn-man:explorer"
[1784090899640] INFO  (ext): registering History Manager Plugin.
    plugin: {
      "name": "History Manager Plugin"
    }
[1784090899641] INFO  (ext): registering Bookmarks Manager Plugin.
    plugin: {
      "name": "Bookmarks Manager Plugin"
    }
[1784090899641] INFO  (ext): registering Authentication Provider Plugin.
    plugin: {
      "name": "Authentication Provider Plugin",
      "isRegistered": false
    }
[1784090899641] INFO  (ext): registering Object Drop-in Provider (plugin).
    plugin: {
      "type": "plugin",
      "name": "Object Drop-in Provider",
      "isRegistered": false
    }
[1784090899642] INFO  (ext): SQLTools activation completed. 94.413085 ms
[1784090899646] INFO  (ext): Formatter Plugin registered!
[1784090899646] INFO  (ext): CodeLens Plugin registered!
[1784090899646] INFO  (ext): Dependency Manager Plugin registered!
[1784090899646] INFO  (ext): Connection Manager Plugin registered!
[1784090899646] INFO  (ext): History Manager Plugin registered!
[1784090899646] INFO  (ext): Bookmarks Manager Plugin registered!
[1784090899646] INFO  (ext): Authentication Provider Plugin registered!
[1784090899646] INFO  (ext): Object Drop-in Provider (plugin) registered!
[1784090902270] INFO  (ext): EXECUTING COMMAND => sqltools.refreshTree
[1784090902271] INFO  (ext): Connection explorer changed. Will be updated.
    ns: "conn-man:explorer"
[1784090902271] INFO  (ext): Connection explorer changed. Will be updated.
    ns: "conn-man:explorer"
[1784090902379] INFO  (ls): SQLTools Server started!
===============================
Using node runtime?: yes
ExecPath: /opt/nodejs/node-v22.19.0-linux-x64/bin/node v22.19.0
===============================
[1784090902381] INFO  (ls): User defined env vars
===============================
{"PATH":"/usr/local/sbin:/usr/local/bin:/usr/sbin:/usr/bin:/sbin:/bin:/home/user/.node_modules_global/bin"}
===============================:
[1784090904206] INFO  (ext): LanguageClient ready
    ns: "lc"
[1784090904205] INFO  (ls): Initialized with node version:v22.19.0
[1784090904449] INFO  (ext): registering SQLite Plugin (driver).
    plugin: {
      "extensionId": "mtxr.sqltools-driver-sqlite",
      "name": "SQLite Plugin",
      "type": "driver"
    }
[1784090904450] INFO  (ls): REQUEST RECEIVED => ls/RegisterPlugin
[1784090904451] INFO  (ls): request to register plugin: "/extbin/local/openvscode-server/extensions/mtxr.sqltools-driver-sqlite-0.5.0/out/ls/plugin.js"
[1784090904472] INFO  (ls): Driver sqlite registered!
    place: "driver-map"
    ns: "ls-context"
[1784090905202] INFO  (ext): SQLite Plugin (driver) registered!
[1784090906804] INFO  (ext): EXECUTING COMMAND => sqltools.refreshTree
[1784090906804] INFO  (ext): Connection explorer changed. Will be updated.
    ns: "conn-man:explorer"
[1784090907698] INFO  (ext): Connection explorer changed. Will be updated.
    ns: "conn-man:explorer"
[1784090909809] INFO  (ext): Connection explorer changed. Will be updated.
    ns: "conn-man:explorer"
[1784090917108] INFO  (ext): Connection explorer changed. Will be updated.
    ns: "conn-man:explorer"
[1784090919008] INFO  (ext): Connection explorer changed. Will be updated.
    ns: "conn-man:explorer"
[1784090923108] INFO  (ext): Connection explorer changed. Will be updated.
    ns: "conn-man:explorer"
[1784090933598] INFO  (ext): Connection explorer changed. Will be updated.
    ns: "conn-man:explorer"
[1784090958908] INFO  (ext): Connection explorer changed. Will be updated.
    ns: "conn-man:explorer"
[1784091210348] INFO  (ext): Connection explorer changed. Will be updated.
    ns: "conn-man:explorer"
[1784091612768] INFO  (ext): Connection explorer changed. Will be updated.
    ns: "conn-man:explorer"
[1784091645513] INFO  (ext): Connection explorer changed. Will be updated.
    ns: "conn-man:explorer"
[1784091813128] INFO  (ext): Connection explorer changed. Will be updated.
    ns: "conn-man:explorer"
[1784092037998] INFO  (ext): Connection explorer changed. Will be updated.
    ns: "conn-man:explorer"
[1784092045813] INFO  (ext): Connection explorer changed. Will be updated.
    ns: "conn-man:explorer"
