[4:48:19 AM] (Extension) Activating SAPSE.vscode-cds...
[2026-07-15T04:48:19.650Z] creating client and starting lsp 'LSP at /extbin/local/openvscode-server/extensions/vscode-cds-9.9.0/node_modules/@sap/cds-lsp for compiler v6'...
[2026-07-15T04:48:24.229Z] finished starting lsp 'LSP at /extbin/local/openvscode-server/extensions/vscode-cds-9.9.0/node_modules/@sap/cds-lsp for compiler v6' in 4579ms
SyntaxError: Expected double-quoted property name in JSON at position 236 (line 11 column 3)
    at JSON.parse (<anonymous>)
    at _readJson (/home/user/projects/north/node_modules/@sap/cds/lib/env/cds-env.js:540:23)
    at Config.load (/home/user/projects/north/node_modules/@sap/cds/lib/env/cds-env.js:117:16)
    at #import (/home/user/projects/north/node_modules/@sap/cds/lib/env/cds-env.js:109:21)
    at new Config (/home/user/projects/north/node_modules/@sap/cds/lib/env/cds-env.js:68:20)
    at Config.for (/home/user/projects/north/node_modules/@sap/cds/lib/env/cds-env.js:21:15)
    at ya._getEnv (/extbin/local/openvscode-server/extensions/vscode-cds-9.9.0/node_modules/@sap/cds-lsp/src/impl/cdsenv/CdsEnv.ts:36:32)
    at ya.getEnv (/extbin/local/openvscode-server/extensions/vscode-cds-9.9.0/node_modules/@sap/cds-lsp/src/impl/cdsenv/CdsEnv.ts:23:26)
    at ya.TryCatchDecorator (/extbin/local/openvscode-server/extensions/vscode-cds-9.9.0/node_modules/@sap/cds-lsp/src/impl/utils/TryCatch.ts:90:47)
    at we._getCdsEnv (/extbin/local/openvscode-server/extensions/vscode-cds-9.9.0/node_modules/@sap/cds-lsp/src/impl/services/WorkspaceFolder.ts:749:29)
    at we.TryCatchDecorator (/extbin/local/openvscode-server/extensions/vscode-cds-9.9.0/node_modules/@sap/cds-lsp/src/impl/utils/TryCatch.ts:90:47)
    at we.CacheDecorator (/extbin/local/openvscode-server/extensions/vscode-cds-9.9.0/node_modules/@sap/cds-lsp/src/impl/utils/Cache.ts:46:46)
    at we.isEnvChanged (/extbin/local/openvscode-server/extensions/vscode-cds-9.9.0/node_modules/@sap/cds-lsp/src/impl/services/WorkspaceFolder.ts:1199:37)
    at we.onDidChangeWatchedFiles (/extbin/local/openvscode-server/extensions/vscode-cds-9.9.0/node_modules/@sap/cds-lsp/src/impl/services/WorkspaceFolder.ts:1014:43)
    at we.TryCatchDecorator (/extbin/local/openvscode-server/extensions/vscode-cds-9.9.0/node_modules/@sap/cds-lsp/src/impl/utils/TryCatch.ts:90:47)
    at Gi.onDidChangeWatchedFiles (/extbin/local/openvscode-server/extensions/vscode-cds-9.9.0/node_modules/@sap/cds-lsp/src/impl/requests/DidChangeWatchedFiles.ts:53:26)
    at Gi.TryCatchDecorator (/extbin/local/openvscode-server/extensions/vscode-cds-9.9.0/node_modules/@sap/cds-lsp/src/impl/utils/TryCatch.ts:90:47)
    at Gi.action (/extbin/local/openvscode-server/extensions/vscode-cds-9.9.0/node_modules/@sap/cds-lsp/src/impl/utils/Telemetry.ts:83:43)
    at bc.footprint (/extbin/local/openvscode-server/extensions/vscode-cds-9.9.0/node_modules/@sap/cds-lsp/src/impl/trace/Tracer.ts:125:28)
    at Gi.RequestMethodDecorator (/extbin/local/openvscode-server/extensions/vscode-cds-9.9.0/node_modules/@sap/cds-lsp/src/impl/requests/RequestMethod.ts:171:35)
    at handleNotification (/extbin/local/openvscode-server/extensions/vscode-cds-9.9.0/node_modules/vscode-jsonrpc/lib/common/connection.js:640:25)
    at handleMessage (/extbin/local/openvscode-server/extensions/vscode-cds-9.9.0/node_modules/vscode-jsonrpc/lib/common/connection.js:342:13)
    at processMessageQueue (/extbin/local/openvscode-server/extensions/vscode-cds-9.9.0/node_modules/vscode-jsonrpc/lib/common/connection.js:362:17)
    at Immediate._onImmediate (/extbin/local/openvscode-server/extensions/vscode-cds-9.9.0/node_modules/vscode-jsonrpc/lib/common/connection.js:334:13)
    at process.processImmediate (node:internal/timers:485:21)
SyntaxError: Expected ':' after property name in JSON at position 246 (line 11 column 3)
    at JSON.parse (<anonymous>)
    at _readJson (/home/user/projects/north/node_modules/@sap/cds/lib/env/cds-env.js:540:23)
    at Config.load (/home/user/projects/north/node_modules/@sap/cds/lib/env/cds-env.js:117:16)
    at #import (/home/user/projects/north/node_modules/@sap/cds/lib/env/cds-env.js:109:21)
    at new Config (/home/user/projects/north/node_modules/@sap/cds/lib/env/cds-env.js:68:20)
    at Config.for (/home/user/projects/north/node_modules/@sap/cds/lib/env/cds-env.js:21:15)
    at ya._getEnv (/extbin/local/openvscode-server/extensions/vscode-cds-9.9.0/node_modules/@sap/cds-lsp/src/impl/cdsenv/CdsEnv.ts:36:32)
    at ya.getEnv (/extbin/local/openvscode-server/extensions/vscode-cds-9.9.0/node_modules/@sap/cds-lsp/src/impl/cdsenv/CdsEnv.ts:23:26)
    at ya.TryCatchDecorator (/extbin/local/openvscode-server/extensions/vscode-cds-9.9.0/node_modules/@sap/cds-lsp/src/impl/utils/TryCatch.ts:90:47)
    at we._getCdsEnv (/extbin/local/openvscode-server/extensions/vscode-cds-9.9.0/node_modules/@sap/cds-lsp/src/impl/services/WorkspaceFolder.ts:749:29)
    at we.TryCatchDecorator (/extbin/local/openvscode-server/extensions/vscode-cds-9.9.0/node_modules/@sap/cds-lsp/src/impl/utils/TryCatch.ts:90:47)
    at we.CacheDecorator (/extbin/local/openvscode-server/extensions/vscode-cds-9.9.0/node_modules/@sap/cds-lsp/src/impl/utils/Cache.ts:46:46)
    at we.isEnvChanged (/extbin/local/openvscode-server/extensions/vscode-cds-9.9.0/node_modules/@sap/cds-lsp/src/impl/services/WorkspaceFolder.ts:1199:37)
    at we.onDidChangeWatchedFiles (/extbin/local/openvscode-server/extensions/vscode-cds-9.9.0/node_modules/@sap/cds-lsp/src/impl/services/WorkspaceFolder.ts:1014:43)
    at we.TryCatchDecorator (/extbin/local/openvscode-server/extensions/vscode-cds-9.9.0/node_modules/@sap/cds-lsp/src/impl/utils/TryCatch.ts:90:47)
    at Gi.onDidChangeWatchedFiles (/extbin/local/openvscode-server/extensions/vscode-cds-9.9.0/node_modules/@sap/cds-lsp/src/impl/requests/DidChangeWatchedFiles.ts:53:26)
    at Gi.TryCatchDecorator (/extbin/local/openvscode-server/extensions/vscode-cds-9.9.0/node_modules/@sap/cds-lsp/src/impl/utils/TryCatch.ts:90:47)
    at Gi.action (/extbin/local/openvscode-server/extensions/vscode-cds-9.9.0/node_modules/@sap/cds-lsp/src/impl/utils/Telemetry.ts:83:43)
    at bc.footprint (/extbin/local/openvscode-server/extensions/vscode-cds-9.9.0/node_modules/@sap/cds-lsp/src/impl/trace/Tracer.ts:125:28)
    at Gi.RequestMethodDecorator (/extbin/local/openvscode-server/extensions/vscode-cds-9.9.0/node_modules/@sap/cds-lsp/src/impl/requests/RequestMethod.ts:171:35)
    at handleNotification (/extbin/local/openvscode-server/extensions/vscode-cds-9.9.0/node_modules/vscode-jsonrpc/lib/common/connection.js:640:25)
    at handleMessage (/extbin/local/openvscode-server/extensions/vscode-cds-9.9.0/node_modules/vscode-jsonrpc/lib/common/connection.js:342:13)
    at processMessageQueue (/extbin/local/openvscode-server/extensions/vscode-cds-9.9.0/node_modules/vscode-jsonrpc/lib/common/connection.js:362:17)
    at Immediate._onImmediate (/extbin/local/openvscode-server/extensions/vscode-cds-9.9.0/node_modules/vscode-jsonrpc/lib/common/connection.js:334:13)
    at process.processImmediate (node:internal/timers:485:21)
SyntaxError: Unexpected token '}', ..."ort" : 
  },
  "devD"... is not valid JSON
    at JSON.parse (<anonymous>)
    at _readJson (/home/user/projects/north/node_modules/@sap/cds/lib/env/cds-env.js:540:23)
    at Config.load (/home/user/projects/north/node_modules/@sap/cds/lib/env/cds-env.js:117:16)
    at #import (/home/user/projects/north/node_modules/@sap/cds/lib/env/cds-env.js:109:21)
    at new Config (/home/user/projects/north/node_modules/@sap/cds/lib/env/cds-env.js:68:20)
    at Config.for (/home/user/projects/north/node_modules/@sap/cds/lib/env/cds-env.js:21:15)
    at ya._getEnv (/extbin/local/openvscode-server/extensions/vscode-cds-9.9.0/node_modules/@sap/cds-lsp/src/impl/cdsenv/CdsEnv.ts:36:32)
    at ya.getEnv (/extbin/local/openvscode-server/extensions/vscode-cds-9.9.0/node_modules/@sap/cds-lsp/src/impl/cdsenv/CdsEnv.ts:23:26)
    at ya.TryCatchDecorator (/extbin/local/openvscode-server/extensions/vscode-cds-9.9.0/node_modules/@sap/cds-lsp/src/impl/utils/TryCatch.ts:90:47)
    at we._getCdsEnv (/extbin/local/openvscode-server/extensions/vscode-cds-9.9.0/node_modules/@sap/cds-lsp/src/impl/services/WorkspaceFolder.ts:749:29)
    at we.TryCatchDecorator (/extbin/local/openvscode-server/extensions/vscode-cds-9.9.0/node_modules/@sap/cds-lsp/src/impl/utils/TryCatch.ts:90:47)
    at we.CacheDecorator (/extbin/local/openvscode-server/extensions/vscode-cds-9.9.0/node_modules/@sap/cds-lsp/src/impl/utils/Cache.ts:46:46)
    at we.isEnvChanged (/extbin/local/openvscode-server/extensions/vscode-cds-9.9.0/node_modules/@sap/cds-lsp/src/impl/services/WorkspaceFolder.ts:1199:37)
    at we.onDidChangeWatchedFiles (/extbin/local/openvscode-server/extensions/vscode-cds-9.9.0/node_modules/@sap/cds-lsp/src/impl/services/WorkspaceFolder.ts:1014:43)
    at we.TryCatchDecorator (/extbin/local/openvscode-server/extensions/vscode-cds-9.9.0/node_modules/@sap/cds-lsp/src/impl/utils/TryCatch.ts:90:47)
    at Gi.onDidChangeWatchedFiles (/extbin/local/openvscode-server/extensions/vscode-cds-9.9.0/node_modules/@sap/cds-lsp/src/impl/requests/DidChangeWatchedFiles.ts:53:26)
    at Gi.TryCatchDecorator (/extbin/local/openvscode-server/extensions/vscode-cds-9.9.0/node_modules/@sap/cds-lsp/src/impl/utils/TryCatch.ts:90:47)
    at Gi.action (/extbin/local/openvscode-server/extensions/vscode-cds-9.9.0/node_modules/@sap/cds-lsp/src/impl/utils/Telemetry.ts:83:43)
    at bc.footprint (/extbin/local/openvscode-server/extensions/vscode-cds-9.9.0/node_modules/@sap/cds-lsp/src/impl/trace/Tracer.ts:125:28)
    at Gi.RequestMethodDecorator (/extbin/local/openvscode-server/extensions/vscode-cds-9.9.0/node_modules/@sap/cds-lsp/src/impl/requests/RequestMethod.ts:171:35)
    at handleNotification (/extbin/local/openvscode-server/extensions/vscode-cds-9.9.0/node_modules/vscode-jsonrpc/lib/common/connection.js:640:25)
    at handleMessage (/extbin/local/openvscode-server/extensions/vscode-cds-9.9.0/node_modules/vscode-jsonrpc/lib/common/connection.js:342:13)
    at processMessageQueue (/extbin/local/openvscode-server/extensions/vscode-cds-9.9.0/node_modules/vscode-jsonrpc/lib/common/connection.js:362:17)
    at Immediate._onImmediate (/extbin/local/openvscode-server/extensions/vscode-cds-9.9.0/node_modules/vscode-jsonrpc/lib/common/connection.js:334:13)
    at process.processImmediate (node:internal/timers:485:21)
SyntaxError: Expected property name or '}' in JSON at position 436 (line 22 column 2)
    at JSON.parse (<anonymous>)
    at _readJson (/home/user/projects/north/node_modules/@sap/cds/lib/env/cds-env.js:540:23)
    at Config.load (/home/user/projects/north/node_modules/@sap/cds/lib/env/cds-env.js:117:16)
    at #import (/home/user/projects/north/node_modules/@sap/cds/lib/env/cds-env.js:109:21)
    at new Config (/home/user/projects/north/node_modules/@sap/cds/lib/env/cds-env.js:68:20)
    at Config.for (/home/user/projects/north/node_modules/@sap/cds/lib/env/cds-env.js:21:15)
    at ya._getEnv (/extbin/local/openvscode-server/extensions/vscode-cds-9.9.0/node_modules/@sap/cds-lsp/src/impl/cdsenv/CdsEnv.ts:36:32)
    at ya.getEnv (/extbin/local/openvscode-server/extensions/vscode-cds-9.9.0/node_modules/@sap/cds-lsp/src/impl/cdsenv/CdsEnv.ts:23:26)
    at ya.TryCatchDecorator (/extbin/local/openvscode-server/extensions/vscode-cds-9.9.0/node_modules/@sap/cds-lsp/src/impl/utils/TryCatch.ts:90:47)
    at we._getCdsEnv (/extbin/local/openvscode-server/extensions/vscode-cds-9.9.0/node_modules/@sap/cds-lsp/src/impl/services/WorkspaceFolder.ts:749:29)
    at we.TryCatchDecorator (/extbin/local/openvscode-server/extensions/vscode-cds-9.9.0/node_modules/@sap/cds-lsp/src/impl/utils/TryCatch.ts:90:47)
    at we.CacheDecorator (/extbin/local/openvscode-server/extensions/vscode-cds-9.9.0/node_modules/@sap/cds-lsp/src/impl/utils/Cache.ts:46:46)
    at we.isEnvChanged (/extbin/local/openvscode-server/extensions/vscode-cds-9.9.0/node_modules/@sap/cds-lsp/src/impl/services/WorkspaceFolder.ts:1199:37)
    at we.onDidChangeWatchedFiles (/extbin/local/openvscode-server/extensions/vscode-cds-9.9.0/node_modules/@sap/cds-lsp/src/impl/services/WorkspaceFolder.ts:1014:43)
    at we.TryCatchDecorator (/extbin/local/openvscode-server/extensions/vscode-cds-9.9.0/node_modules/@sap/cds-lsp/src/impl/utils/TryCatch.ts:90:47)
    at Gi.onDidChangeWatchedFiles (/extbin/local/openvscode-server/extensions/vscode-cds-9.9.0/node_modules/@sap/cds-lsp/src/impl/requests/DidChangeWatchedFiles.ts:53:26)
    at Gi.TryCatchDecorator (/extbin/local/openvscode-server/extensions/vscode-cds-9.9.0/node_modules/@sap/cds-lsp/src/impl/utils/TryCatch.ts:90:47)
    at Gi.action (/extbin/local/openvscode-server/extensions/vscode-cds-9.9.0/node_modules/@sap/cds-lsp/src/impl/utils/Telemetry.ts:83:43)
    at bc.footprint (/extbin/local/openvscode-server/extensions/vscode-cds-9.9.0/node_modules/@sap/cds-lsp/src/impl/trace/Tracer.ts:125:28)
    at Gi.RequestMethodDecorator (/extbin/local/openvscode-server/extensions/vscode-cds-9.9.0/node_modules/@sap/cds-lsp/src/impl/requests/RequestMethod.ts:171:35)
    at handleNotification (/extbin/local/openvscode-server/extensions/vscode-cds-9.9.0/node_modules/vscode-jsonrpc/lib/common/connection.js:640:25)
    at handleMessage (/extbin/local/openvscode-server/extensions/vscode-cds-9.9.0/node_modules/vscode-jsonrpc/lib/common/connection.js:342:13)
    at processMessageQueue (/extbin/local/openvscode-server/extensions/vscode-cds-9.9.0/node_modules/vscode-jsonrpc/lib/common/connection.js:362:17)
    at Immediate._onImmediate (/extbin/local/openvscode-server/extensions/vscode-cds-9.9.0/node_modules/vscode-jsonrpc/lib/common/connection.js:334:13)
    at process.processImmediate (node:internal/timers:485:21)
SyntaxError: Unexpected non-whitespace character after JSON at position 579 (line 31 column 1)
    at JSON.parse (<anonymous>)
    at _readJson (/home/user/projects/north/node_modules/@sap/cds/lib/env/cds-env.js:540:23)
    at Config.load (/home/user/projects/north/node_modules/@sap/cds/lib/env/cds-env.js:117:16)
    at #import (/home/user/projects/north/node_modules/@sap/cds/lib/env/cds-env.js:109:21)
    at new Config (/home/user/projects/north/node_modules/@sap/cds/lib/env/cds-env.js:68:20)
    at Config.for (/home/user/projects/north/node_modules/@sap/cds/lib/env/cds-env.js:21:15)
    at ya._getEnv (/extbin/local/openvscode-server/extensions/vscode-cds-9.9.0/node_modules/@sap/cds-lsp/src/impl/cdsenv/CdsEnv.ts:36:32)
    at ya.getEnv (/extbin/local/openvscode-server/extensions/vscode-cds-9.9.0/node_modules/@sap/cds-lsp/src/impl/cdsenv/CdsEnv.ts:23:26)
    at ya.TryCatchDecorator (/extbin/local/openvscode-server/extensions/vscode-cds-9.9.0/node_modules/@sap/cds-lsp/src/impl/utils/TryCatch.ts:90:47)
    at we._getCdsEnv (/extbin/local/openvscode-server/extensions/vscode-cds-9.9.0/node_modules/@sap/cds-lsp/src/impl/services/WorkspaceFolder.ts:749:29)
    at we.TryCatchDecorator (/extbin/local/openvscode-server/extensions/vscode-cds-9.9.0/node_modules/@sap/cds-lsp/src/impl/utils/TryCatch.ts:90:47)
    at we.CacheDecorator (/extbin/local/openvscode-server/extensions/vscode-cds-9.9.0/node_modules/@sap/cds-lsp/src/impl/utils/Cache.ts:46:46)
    at we.isEnvChanged (/extbin/local/openvscode-server/extensions/vscode-cds-9.9.0/node_modules/@sap/cds-lsp/src/impl/services/WorkspaceFolder.ts:1199:37)
    at we.onDidChangeWatchedFiles (/extbin/local/openvscode-server/extensions/vscode-cds-9.9.0/node_modules/@sap/cds-lsp/src/impl/services/WorkspaceFolder.ts:1014:43)
    at we.TryCatchDecorator (/extbin/local/openvscode-server/extensions/vscode-cds-9.9.0/node_modules/@sap/cds-lsp/src/impl/utils/TryCatch.ts:90:47)
    at Gi.onDidChangeWatchedFiles (/extbin/local/openvscode-server/extensions/vscode-cds-9.9.0/node_modules/@sap/cds-lsp/src/impl/requests/DidChangeWatchedFiles.ts:53:26)
    at Gi.TryCatchDecorator (/extbin/local/openvscode-server/extensions/vscode-cds-9.9.0/node_modules/@sap/cds-lsp/src/impl/utils/TryCatch.ts:90:47)
    at Gi.action (/extbin/local/openvscode-server/extensions/vscode-cds-9.9.0/node_modules/@sap/cds-lsp/src/impl/utils/Telemetry.ts:83:43)
    at bc.footprint (/extbin/local/openvscode-server/extensions/vscode-cds-9.9.0/node_modules/@sap/cds-lsp/src/impl/trace/Tracer.ts:125:28)
    at Gi.RequestMethodDecorator (/extbin/local/openvscode-server/extensions/vscode-cds-9.9.0/node_modules/@sap/cds-lsp/src/impl/requests/RequestMethod.ts:171:35)
    at handleNotification (/extbin/local/openvscode-server/extensions/vscode-cds-9.9.0/node_modules/vscode-jsonrpc/lib/common/connection.js:640:25)
    at handleMessage (/extbin/local/openvscode-server/extensions/vscode-cds-9.9.0/node_modules/vscode-jsonrpc/lib/common/connection.js:342:13)
    at processMessageQueue (/extbin/local/openvscode-server/extensions/vscode-cds-9.9.0/node_modules/vscode-jsonrpc/lib/common/connection.js:362:17)
    at Immediate._onImmediate (/extbin/local/openvscode-server/extensions/vscode-cds-9.9.0/node_modules/vscode-jsonrpc/lib/common/connection.js:334:13)
    at process.processImmediate (node:internal/timers:485:21)
SyntaxError: Expected ':' after property name in JSON at position 434 (line 22 column 5)
    at JSON.parse (<anonymous>)
    at _readJson (/home/user/projects/north/node_modules/@sap/cds/lib/env/cds-env.js:540:23)
    at Config.load (/home/user/projects/north/node_modules/@sap/cds/lib/env/cds-env.js:117:16)
    at #import (/home/user/projects/north/node_modules/@sap/cds/lib/env/cds-env.js:109:21)
    at new Config (/home/user/projects/north/node_modules/@sap/cds/lib/env/cds-env.js:68:20)
    at Config.for (/home/user/projects/north/node_modules/@sap/cds/lib/env/cds-env.js:21:15)
    at ya._getEnv (/extbin/local/openvscode-server/extensions/vscode-cds-9.9.0/node_modules/@sap/cds-lsp/src/impl/cdsenv/CdsEnv.ts:36:32)
    at ya.getEnv (/extbin/local/openvscode-server/extensions/vscode-cds-9.9.0/node_modules/@sap/cds-lsp/src/impl/cdsenv/CdsEnv.ts:23:26)
    at ya.TryCatchDecorator (/extbin/local/openvscode-server/extensions/vscode-cds-9.9.0/node_modules/@sap/cds-lsp/src/impl/utils/TryCatch.ts:90:47)
    at we._getCdsEnv (/extbin/local/openvscode-server/extensions/vscode-cds-9.9.0/node_modules/@sap/cds-lsp/src/impl/services/WorkspaceFolder.ts:749:29)
    at we.TryCatchDecorator (/extbin/local/openvscode-server/extensions/vscode-cds-9.9.0/node_modules/@sap/cds-lsp/src/impl/utils/TryCatch.ts:90:47)
    at we.CacheDecorator (/extbin/local/openvscode-server/extensions/vscode-cds-9.9.0/node_modules/@sap/cds-lsp/src/impl/utils/Cache.ts:46:46)
    at we.isEnvChanged (/extbin/local/openvscode-server/extensions/vscode-cds-9.9.0/node_modules/@sap/cds-lsp/src/impl/services/WorkspaceFolder.ts:1199:37)
    at we.onDidChangeWatchedFiles (/extbin/local/openvscode-server/extensions/vscode-cds-9.9.0/node_modules/@sap/cds-lsp/src/impl/services/WorkspaceFolder.ts:1014:43)
    at we.TryCatchDecorator (/extbin/local/openvscode-server/extensions/vscode-cds-9.9.0/node_modules/@sap/cds-lsp/src/impl/utils/TryCatch.ts:90:47)
    at Gi.onDidChangeWatchedFiles (/extbin/local/openvscode-server/extensions/vscode-cds-9.9.0/node_modules/@sap/cds-lsp/src/impl/requests/DidChangeWatchedFiles.ts:53:26)
    at Gi.TryCatchDecorator (/extbin/local/openvscode-server/extensions/vscode-cds-9.9.0/node_modules/@sap/cds-lsp/src/impl/utils/TryCatch.ts:90:47)
    at Gi.action (/extbin/local/openvscode-server/extensions/vscode-cds-9.9.0/node_modules/@sap/cds-lsp/src/impl/utils/Telemetry.ts:83:43)
    at bc.footprint (/extbin/local/openvscode-server/extensions/vscode-cds-9.9.0/node_modules/@sap/cds-lsp/src/impl/trace/Tracer.ts:125:28)
    at Gi.RequestMethodDecorator (/extbin/local/openvscode-server/extensions/vscode-cds-9.9.0/node_modules/@sap/cds-lsp/src/impl/requests/RequestMethod.ts:171:35)
    at handleNotification (/extbin/local/openvscode-server/extensions/vscode-cds-9.9.0/node_modules/vscode-jsonrpc/lib/common/connection.js:640:25)
    at handleMessage (/extbin/local/openvscode-server/extensions/vscode-cds-9.9.0/node_modules/vscode-jsonrpc/lib/common/connection.js:342:13)
    at processMessageQueue (/extbin/local/openvscode-server/extensions/vscode-cds-9.9.0/node_modules/vscode-jsonrpc/lib/common/connection.js:362:17)
    at Immediate._onImmediate (/extbin/local/openvscode-server/extensions/vscode-cds-9.9.0/node_modules/vscode-jsonrpc/lib/common/connection.js:334:13)
    at process.processImmediate (node:internal/timers:485:21)
SyntaxError: Expected property name or '}' in JSON at position 441 (line 22 column 7)
    at JSON.parse (<anonymous>)
    at _readJson (/home/user/projects/north/node_modules/@sap/cds/lib/env/cds-env.js:540:23)
    at Config.load (/home/user/projects/north/node_modules/@sap/cds/lib/env/cds-env.js:117:16)
    at #import (/home/user/projects/north/node_modules/@sap/cds/lib/env/cds-env.js:109:21)
    at new Config (/home/user/projects/north/node_modules/@sap/cds/lib/env/cds-env.js:68:20)
    at Config.for (/home/user/projects/north/node_modules/@sap/cds/lib/env/cds-env.js:21:15)
    at ya._getEnv (/extbin/local/openvscode-server/extensions/vscode-cds-9.9.0/node_modules/@sap/cds-lsp/src/impl/cdsenv/CdsEnv.ts:36:32)
    at ya.getEnv (/extbin/local/openvscode-server/extensions/vscode-cds-9.9.0/node_modules/@sap/cds-lsp/src/impl/cdsenv/CdsEnv.ts:23:26)
    at ya.TryCatchDecorator (/extbin/local/openvscode-server/extensions/vscode-cds-9.9.0/node_modules/@sap/cds-lsp/src/impl/utils/TryCatch.ts:90:47)
    at we._getCdsEnv (/extbin/local/openvscode-server/extensions/vscode-cds-9.9.0/node_modules/@sap/cds-lsp/src/impl/services/WorkspaceFolder.ts:749:29)
    at we.TryCatchDecorator (/extbin/local/openvscode-server/extensions/vscode-cds-9.9.0/node_modules/@sap/cds-lsp/src/impl/utils/TryCatch.ts:90:47)
    at we.CacheDecorator (/extbin/local/openvscode-server/extensions/vscode-cds-9.9.0/node_modules/@sap/cds-lsp/src/impl/utils/Cache.ts:46:46)
    at we.isEnvChanged (/extbin/local/openvscode-server/extensions/vscode-cds-9.9.0/node_modules/@sap/cds-lsp/src/impl/services/WorkspaceFolder.ts:1199:37)
    at we.onDidChangeWatchedFiles (/extbin/local/openvscode-server/extensions/vscode-cds-9.9.0/node_modules/@sap/cds-lsp/src/impl/services/WorkspaceFolder.ts:1014:43)
    at we.TryCatchDecorator (/extbin/local/openvscode-server/extensions/vscode-cds-9.9.0/node_modules/@sap/cds-lsp/src/impl/utils/TryCatch.ts:90:47)
    at Gi.onDidChangeWatchedFiles (/extbin/local/openvscode-server/extensions/vscode-cds-9.9.0/node_modules/@sap/cds-lsp/src/impl/requests/DidChangeWatchedFiles.ts:53:26)
    at Gi.TryCatchDecorator (/extbin/local/openvscode-server/extensions/vscode-cds-9.9.0/node_modules/@sap/cds-lsp/src/impl/utils/TryCatch.ts:90:47)
    at Gi.action (/extbin/local/openvscode-server/extensions/vscode-cds-9.9.0/node_modules/@sap/cds-lsp/src/impl/utils/Telemetry.ts:83:43)
    at bc.footprint (/extbin/local/openvscode-server/extensions/vscode-cds-9.9.0/node_modules/@sap/cds-lsp/src/impl/trace/Tracer.ts:125:28)
    at Gi.RequestMethodDecorator (/extbin/local/openvscode-server/extensions/vscode-cds-9.9.0/node_modules/@sap/cds-lsp/src/impl/requests/RequestMethod.ts:171:35)
    at handleNotification (/extbin/local/openvscode-server/extensions/vscode-cds-9.9.0/node_modules/vscode-jsonrpc/lib/common/connection.js:640:25)
    at handleMessage (/extbin/local/openvscode-server/extensions/vscode-cds-9.9.0/node_modules/vscode-jsonrpc/lib/common/connection.js:342:13)
    at processMessageQueue (/extbin/local/openvscode-server/extensions/vscode-cds-9.9.0/node_modules/vscode-jsonrpc/lib/common/connection.js:362:17)
    at Immediate._onImmediate (/extbin/local/openvscode-server/extensions/vscode-cds-9.9.0/node_modules/vscode-jsonrpc/lib/common/connection.js:334:13)
    at process.processImmediate (node:internal/timers:485:21)
SyntaxError: Unexpected token '}', ..."dex":
    }
    "req"... is not valid JSON
    at JSON.parse (<anonymous>)
    at _readJson (/home/user/projects/north/node_modules/@sap/cds/lib/env/cds-env.js:540:23)
    at Config.load (/home/user/projects/north/node_modules/@sap/cds/lib/env/cds-env.js:117:16)
    at #import (/home/user/projects/north/node_modules/@sap/cds/lib/env/cds-env.js:109:21)
    at new Config (/home/user/projects/north/node_modules/@sap/cds/lib/env/cds-env.js:68:20)
    at Config.for (/home/user/projects/north/node_modules/@sap/cds/lib/env/cds-env.js:21:15)
    at ya._getEnv (/extbin/local/openvscode-server/extensions/vscode-cds-9.9.0/node_modules/@sap/cds-lsp/src/impl/cdsenv/CdsEnv.ts:36:32)
    at ya.getEnv (/extbin/local/openvscode-server/extensions/vscode-cds-9.9.0/node_modules/@sap/cds-lsp/src/impl/cdsenv/CdsEnv.ts:23:26)
    at ya.TryCatchDecorator (/extbin/local/openvscode-server/extensions/vscode-cds-9.9.0/node_modules/@sap/cds-lsp/src/impl/utils/TryCatch.ts:90:47)
    at we._getCdsEnv (/extbin/local/openvscode-server/extensions/vscode-cds-9.9.0/node_modules/@sap/cds-lsp/src/impl/services/WorkspaceFolder.ts:749:29)
    at we.TryCatchDecorator (/extbin/local/openvscode-server/extensions/vscode-cds-9.9.0/node_modules/@sap/cds-lsp/src/impl/utils/TryCatch.ts:90:47)
    at we.CacheDecorator (/extbin/local/openvscode-server/extensions/vscode-cds-9.9.0/node_modules/@sap/cds-lsp/src/impl/utils/Cache.ts:46:46)
    at we.isEnvChanged (/extbin/local/openvscode-server/extensions/vscode-cds-9.9.0/node_modules/@sap/cds-lsp/src/impl/services/WorkspaceFolder.ts:1199:37)
    at we.onDidChangeWatchedFiles (/extbin/local/openvscode-server/extensions/vscode-cds-9.9.0/node_modules/@sap/cds-lsp/src/impl/services/WorkspaceFolder.ts:1014:43)
    at we.TryCatchDecorator (/extbin/local/openvscode-server/extensions/vscode-cds-9.9.0/node_modules/@sap/cds-lsp/src/impl/utils/TryCatch.ts:90:47)
    at Gi.onDidChangeWatchedFiles (/extbin/local/openvscode-server/extensions/vscode-cds-9.9.0/node_modules/@sap/cds-lsp/src/impl/requests/DidChangeWatchedFiles.ts:53:26)
    at Gi.TryCatchDecorator (/extbin/local/openvscode-server/extensions/vscode-cds-9.9.0/node_modules/@sap/cds-lsp/src/impl/utils/TryCatch.ts:90:47)
    at Gi.action (/extbin/local/openvscode-server/extensions/vscode-cds-9.9.0/node_modules/@sap/cds-lsp/src/impl/utils/Telemetry.ts:83:43)
    at bc.footprint (/extbin/local/openvscode-server/extensions/vscode-cds-9.9.0/node_modules/@sap/cds-lsp/src/impl/trace/Tracer.ts:125:28)
    at Gi.RequestMethodDecorator (/extbin/local/openvscode-server/extensions/vscode-cds-9.9.0/node_modules/@sap/cds-lsp/src/impl/requests/RequestMethod.ts:171:35)
    at handleNotification (/extbin/local/openvscode-server/extensions/vscode-cds-9.9.0/node_modules/vscode-jsonrpc/lib/common/connection.js:640:25)
    at handleMessage (/extbin/local/openvscode-server/extensions/vscode-cds-9.9.0/node_modules/vscode-jsonrpc/lib/common/connection.js:342:13)
    at processMessageQueue (/extbin/local/openvscode-server/extensions/vscode-cds-9.9.0/node_modules/vscode-jsonrpc/lib/common/connection.js:362:17)
    at Immediate._onImmediate (/extbin/local/openvscode-server/extensions/vscode-cds-9.9.0/node_modules/vscode-jsonrpc/lib/common/connection.js:334:13)
    at process.processImmediate (node:internal/timers:485:21)
SyntaxError: Unexpected token '}', ..."x":
      }
    }
  "... is not valid JSON
    at JSON.parse (<anonymous>)
    at _readJson (/home/user/projects/north/node_modules/@sap/cds/lib/env/cds-env.js:540:23)
    at Config.load (/home/user/projects/north/node_modules/@sap/cds/lib/env/cds-env.js:117:16)
    at #import (/home/user/projects/north/node_modules/@sap/cds/lib/env/cds-env.js:109:21)
    at new Config (/home/user/projects/north/node_modules/@sap/cds/lib/env/cds-env.js:68:20)
    at Config.for (/home/user/projects/north/node_modules/@sap/cds/lib/env/cds-env.js:21:15)
    at ya._getEnv (/extbin/local/openvscode-server/extensions/vscode-cds-9.9.0/node_modules/@sap/cds-lsp/src/impl/cdsenv/CdsEnv.ts:36:32)
    at ya.getEnv (/extbin/local/openvscode-server/extensions/vscode-cds-9.9.0/node_modules/@sap/cds-lsp/src/impl/cdsenv/CdsEnv.ts:23:26)
    at ya.TryCatchDecorator (/extbin/local/openvscode-server/extensions/vscode-cds-9.9.0/node_modules/@sap/cds-lsp/src/impl/utils/TryCatch.ts:90:47)
    at we._getCdsEnv (/extbin/local/openvscode-server/extensions/vscode-cds-9.9.0/node_modules/@sap/cds-lsp/src/impl/services/WorkspaceFolder.ts:749:29)
    at we.TryCatchDecorator (/extbin/local/openvscode-server/extensions/vscode-cds-9.9.0/node_modules/@sap/cds-lsp/src/impl/utils/TryCatch.ts:90:47)
    at we.CacheDecorator (/extbin/local/openvscode-server/extensions/vscode-cds-9.9.0/node_modules/@sap/cds-lsp/src/impl/utils/Cache.ts:46:46)
    at we.isEnvChanged (/extbin/local/openvscode-server/extensions/vscode-cds-9.9.0/node_modules/@sap/cds-lsp/src/impl/services/WorkspaceFolder.ts:1199:37)
    at we.onDidChangeWatchedFiles (/extbin/local/openvscode-server/extensions/vscode-cds-9.9.0/node_modules/@sap/cds-lsp/src/impl/services/WorkspaceFolder.ts:1014:43)
    at we.TryCatchDecorator (/extbin/local/openvscode-server/extensions/vscode-cds-9.9.0/node_modules/@sap/cds-lsp/src/impl/utils/TryCatch.ts:90:47)
    at Gi.onDidChangeWatchedFiles (/extbin/local/openvscode-server/extensions/vscode-cds-9.9.0/node_modules/@sap/cds-lsp/src/impl/requests/DidChangeWatchedFiles.ts:53:26)
    at Gi.TryCatchDecorator (/extbin/local/openvscode-server/extensions/vscode-cds-9.9.0/node_modules/@sap/cds-lsp/src/impl/utils/TryCatch.ts:90:47)
    at Gi.action (/extbin/local/openvscode-server/extensions/vscode-cds-9.9.0/node_modules/@sap/cds-lsp/src/impl/utils/Telemetry.ts:83:43)
    at bc.footprint (/extbin/local/openvscode-server/extensions/vscode-cds-9.9.0/node_modules/@sap/cds-lsp/src/impl/trace/Tracer.ts:125:28)
    at Gi.RequestMethodDecorator (/extbin/local/openvscode-server/extensions/vscode-cds-9.9.0/node_modules/@sap/cds-lsp/src/impl/requests/RequestMethod.ts:171:35)
    at handleNotification (/extbin/local/openvscode-server/extensions/vscode-cds-9.9.0/node_modules/vscode-jsonrpc/lib/common/connection.js:640:25)
    at handleMessage (/extbin/local/openvscode-server/extensions/vscode-cds-9.9.0/node_modules/vscode-jsonrpc/lib/common/connection.js:342:13)
    at processMessageQueue (/extbin/local/openvscode-server/extensions/vscode-cds-9.9.0/node_modules/vscode-jsonrpc/lib/common/connection.js:362:17)
    at Immediate._onImmediate (/extbin/local/openvscode-server/extensions/vscode-cds-9.9.0/node_modules/vscode-jsonrpc/lib/common/connection.js:334:13)
    at process.processImmediate (node:internal/timers:485:21)
SyntaxError: Expected ',' or '}' after property value in JSON at position 473 (line 25 column 5)
    at JSON.parse (<anonymous>)
    at _readJson (/home/user/projects/north/node_modules/@sap/cds/lib/env/cds-env.js:540:23)
    at Config.load (/home/user/projects/north/node_modules/@sap/cds/lib/env/cds-env.js:117:16)
    at #import (/home/user/projects/north/node_modules/@sap/cds/lib/env/cds-env.js:109:21)
    at new Config (/home/user/projects/north/node_modules/@sap/cds/lib/env/cds-env.js:68:20)
    at Config.for (/home/user/projects/north/node_modules/@sap/cds/lib/env/cds-env.js:21:15)
    at ya._getEnv (/extbin/local/openvscode-server/extensions/vscode-cds-9.9.0/node_modules/@sap/cds-lsp/src/impl/cdsenv/CdsEnv.ts:36:32)
    at ya.getEnv (/extbin/local/openvscode-server/extensions/vscode-cds-9.9.0/node_modules/@sap/cds-lsp/src/impl/cdsenv/CdsEnv.ts:23:26)
    at ya.TryCatchDecorator (/extbin/local/openvscode-server/extensions/vscode-cds-9.9.0/node_modules/@sap/cds-lsp/src/impl/utils/TryCatch.ts:90:47)
    at we._getCdsEnv (/extbin/local/openvscode-server/extensions/vscode-cds-9.9.0/node_modules/@sap/cds-lsp/src/impl/services/WorkspaceFolder.ts:749:29)
    at we.TryCatchDecorator (/extbin/local/openvscode-server/extensions/vscode-cds-9.9.0/node_modules/@sap/cds-lsp/src/impl/utils/TryCatch.ts:90:47)
    at we.CacheDecorator (/extbin/local/openvscode-server/extensions/vscode-cds-9.9.0/node_modules/@sap/cds-lsp/src/impl/utils/Cache.ts:46:46)
    at we.isEnvChanged (/extbin/local/openvscode-server/extensions/vscode-cds-9.9.0/node_modules/@sap/cds-lsp/src/impl/services/WorkspaceFolder.ts:1199:37)
    at we.onDidChangeWatchedFiles (/extbin/local/openvscode-server/extensions/vscode-cds-9.9.0/node_modules/@sap/cds-lsp/src/impl/services/WorkspaceFolder.ts:1014:43)
    at we.TryCatchDecorator (/extbin/local/openvscode-server/extensions/vscode-cds-9.9.0/node_modules/@sap/cds-lsp/src/impl/utils/TryCatch.ts:90:47)
    at Gi.onDidChangeWatchedFiles (/extbin/local/openvscode-server/extensions/vscode-cds-9.9.0/node_modules/@sap/cds-lsp/src/impl/requests/DidChangeWatchedFiles.ts:53:26)
    at Gi.TryCatchDecorator (/extbin/local/openvscode-server/extensions/vscode-cds-9.9.0/node_modules/@sap/cds-lsp/src/impl/utils/TryCatch.ts:90:47)
    at Gi.action (/extbin/local/openvscode-server/extensions/vscode-cds-9.9.0/node_modules/@sap/cds-lsp/src/impl/utils/Telemetry.ts:83:43)
    at bc.footprint (/extbin/local/openvscode-server/extensions/vscode-cds-9.9.0/node_modules/@sap/cds-lsp/src/impl/trace/Tracer.ts:125:28)
    at Gi.RequestMethodDecorator (/extbin/local/openvscode-server/extensions/vscode-cds-9.9.0/node_modules/@sap/cds-lsp/src/impl/requests/RequestMethod.ts:171:35)
    at handleNotification (/extbin/local/openvscode-server/extensions/vscode-cds-9.9.0/node_modules/vscode-jsonrpc/lib/common/connection.js:640:25)
    at handleMessage (/extbin/local/openvscode-server/extensions/vscode-cds-9.9.0/node_modules/vscode-jsonrpc/lib/common/connection.js:342:13)
    at processMessageQueue (/extbin/local/openvscode-server/extensions/vscode-cds-9.9.0/node_modules/vscode-jsonrpc/lib/common/connection.js:362:17)
    at Immediate._onImmediate (/extbin/local/openvscode-server/extensions/vscode-cds-9.9.0/node_modules/vscode-jsonrpc/lib/common/connection.js:334:13)
    at process.processImmediate (node:internal/timers:485:21)
SyntaxError: Expected ',' or '}' after property value in JSON at position 472 (line 25 column 5)
    at JSON.parse (<anonymous>)
    at _readJson (/home/user/projects/north/node_modules/@sap/cds/lib/env/cds-env.js:540:23)
    at Config.load (/home/user/projects/north/node_modules/@sap/cds/lib/env/cds-env.js:117:16)
    at #import (/home/user/projects/north/node_modules/@sap/cds/lib/env/cds-env.js:109:21)
    at new Config (/home/user/projects/north/node_modules/@sap/cds/lib/env/cds-env.js:68:20)
    at Config.for (/home/user/projects/north/node_modules/@sap/cds/lib/env/cds-env.js:21:15)
    at ya._getEnv (/extbin/local/openvscode-server/extensions/vscode-cds-9.9.0/node_modules/@sap/cds-lsp/src/impl/cdsenv/CdsEnv.ts:36:32)
    at ya.getEnv (/extbin/local/openvscode-server/extensions/vscode-cds-9.9.0/node_modules/@sap/cds-lsp/src/impl/cdsenv/CdsEnv.ts:23:26)
    at ya.TryCatchDecorator (/extbin/local/openvscode-server/extensions/vscode-cds-9.9.0/node_modules/@sap/cds-lsp/src/impl/utils/TryCatch.ts:90:47)
    at we._getCdsEnv (/extbin/local/openvscode-server/extensions/vscode-cds-9.9.0/node_modules/@sap/cds-lsp/src/impl/services/WorkspaceFolder.ts:749:29)
    at we.TryCatchDecorator (/extbin/local/openvscode-server/extensions/vscode-cds-9.9.0/node_modules/@sap/cds-lsp/src/impl/utils/TryCatch.ts:90:47)
    at we.CacheDecorator (/extbin/local/openvscode-server/extensions/vscode-cds-9.9.0/node_modules/@sap/cds-lsp/src/impl/utils/Cache.ts:46:46)
    at we.isEnvChanged (/extbin/local/openvscode-server/extensions/vscode-cds-9.9.0/node_modules/@sap/cds-lsp/src/impl/services/WorkspaceFolder.ts:1199:37)
    at we.onDidChangeWatchedFiles (/extbin/local/openvscode-server/extensions/vscode-cds-9.9.0/node_modules/@sap/cds-lsp/src/impl/services/WorkspaceFolder.ts:1014:43)
    at we.TryCatchDecorator (/extbin/local/openvscode-server/extensions/vscode-cds-9.9.0/node_modules/@sap/cds-lsp/src/impl/utils/TryCatch.ts:90:47)
    at Gi.onDidChangeWatchedFiles (/extbin/local/openvscode-server/extensions/vscode-cds-9.9.0/node_modules/@sap/cds-lsp/src/impl/requests/DidChangeWatchedFiles.ts:53:26)
    at Gi.TryCatchDecorator (/extbin/local/openvscode-server/extensions/vscode-cds-9.9.0/node_modules/@sap/cds-lsp/src/impl/utils/TryCatch.ts:90:47)
    at Gi.action (/extbin/local/openvscode-server/extensions/vscode-cds-9.9.0/node_modules/@sap/cds-lsp/src/impl/utils/Telemetry.ts:83:43)
    at bc.footprint (/extbin/local/openvscode-server/extensions/vscode-cds-9.9.0/node_modules/@sap/cds-lsp/src/impl/trace/Tracer.ts:125:28)
    at Gi.RequestMethodDecorator (/extbin/local/openvscode-server/extensions/vscode-cds-9.9.0/node_modules/@sap/cds-lsp/src/impl/requests/RequestMethod.ts:171:35)
    at handleNotification (/extbin/local/openvscode-server/extensions/vscode-cds-9.9.0/node_modules/vscode-jsonrpc/lib/common/connection.js:640:25)
    at handleMessage (/extbin/local/openvscode-server/extensions/vscode-cds-9.9.0/node_modules/vscode-jsonrpc/lib/common/connection.js:342:13)
    at processMessageQueue (/extbin/local/openvscode-server/extensions/vscode-cds-9.9.0/node_modules/vscode-jsonrpc/lib/common/connection.js:362:17)
    at Immediate._onImmediate (/extbin/local/openvscode-server/extensions/vscode-cds-9.9.0/node_modules/vscode-jsonrpc/lib/common/connection.js:334:13)
    at process.processImmediate (node:internal/timers:485:21)
SyntaxError: Expected ':' after property name in JSON at position 453 (line 23 column 5)
    at JSON.parse (<anonymous>)
    at _readJson (/home/user/projects/north/node_modules/@sap/cds/lib/env/cds-env.js:540:23)
    at Config.load (/home/user/projects/north/node_modules/@sap/cds/lib/env/cds-env.js:117:16)
    at #import (/home/user/projects/north/node_modules/@sap/cds/lib/env/cds-env.js:109:21)
    at new Config (/home/user/projects/north/node_modules/@sap/cds/lib/env/cds-env.js:68:20)
    at Config.for (/home/user/projects/north/node_modules/@sap/cds/lib/env/cds-env.js:21:15)
    at ya._getEnv (/extbin/local/openvscode-server/extensions/vscode-cds-9.9.0/node_modules/@sap/cds-lsp/src/impl/cdsenv/CdsEnv.ts:36:32)
    at ya.getEnv (/extbin/local/openvscode-server/extensions/vscode-cds-9.9.0/node_modules/@sap/cds-lsp/src/impl/cdsenv/CdsEnv.ts:23:26)
    at ya.TryCatchDecorator (/extbin/local/openvscode-server/extensions/vscode-cds-9.9.0/node_modules/@sap/cds-lsp/src/impl/utils/TryCatch.ts:90:47)
    at we._getCdsEnv (/extbin/local/openvscode-server/extensions/vscode-cds-9.9.0/node_modules/@sap/cds-lsp/src/impl/services/WorkspaceFolder.ts:749:29)
    at we.TryCatchDecorator (/extbin/local/openvscode-server/extensions/vscode-cds-9.9.0/node_modules/@sap/cds-lsp/src/impl/utils/TryCatch.ts:90:47)
    at we.CacheDecorator (/extbin/local/openvscode-server/extensions/vscode-cds-9.9.0/node_modules/@sap/cds-lsp/src/impl/utils/Cache.ts:46:46)
    at we.isEnvChanged (/extbin/local/openvscode-server/extensions/vscode-cds-9.9.0/node_modules/@sap/cds-lsp/src/impl/services/WorkspaceFolder.ts:1199:37)
    at we.onDidChangeWatchedFiles (/extbin/local/openvscode-server/extensions/vscode-cds-9.9.0/node_modules/@sap/cds-lsp/src/impl/services/WorkspaceFolder.ts:1014:43)
    at we.TryCatchDecorator (/extbin/local/openvscode-server/extensions/vscode-cds-9.9.0/node_modules/@sap/cds-lsp/src/impl/utils/TryCatch.ts:90:47)
    at Gi.onDidChangeWatchedFiles (/extbin/local/openvscode-server/extensions/vscode-cds-9.9.0/node_modules/@sap/cds-lsp/src/impl/requests/DidChangeWatchedFiles.ts:53:26)
    at Gi.TryCatchDecorator (/extbin/local/openvscode-server/extensions/vscode-cds-9.9.0/node_modules/@sap/cds-lsp/src/impl/utils/TryCatch.ts:90:47)
    at Gi.action (/extbin/local/openvscode-server/extensions/vscode-cds-9.9.0/node_modules/@sap/cds-lsp/src/impl/utils/Telemetry.ts:83:43)
    at bc.footprint (/extbin/local/openvscode-server/extensions/vscode-cds-9.9.0/node_modules/@sap/cds-lsp/src/impl/trace/Tracer.ts:125:28)
    at Gi.RequestMethodDecorator (/extbin/local/openvscode-server/extensions/vscode-cds-9.9.0/node_modules/@sap/cds-lsp/src/impl/requests/RequestMethod.ts:171:35)
    at handleNotification (/extbin/local/openvscode-server/extensions/vscode-cds-9.9.0/node_modules/vscode-jsonrpc/lib/common/connection.js:640:25)
    at handleMessage (/extbin/local/openvscode-server/extensions/vscode-cds-9.9.0/node_modules/vscode-jsonrpc/lib/common/connection.js:342:13)
    at processMessageQueue (/extbin/local/openvscode-server/extensions/vscode-cds-9.9.0/node_modules/vscode-jsonrpc/lib/common/connection.js:362:17)
    at Immediate._onImmediate (/extbin/local/openvscode-server/extensions/vscode-cds-9.9.0/node_modules/vscode-jsonrpc/lib/common/connection.js:334:13)
    at process.processImmediate (node:internal/timers:485:21)
SyntaxError: Expected property name or '}' in JSON at position 441 (line 22 column 7)
    at JSON.parse (<anonymous>)
    at _readJson (/home/user/projects/north/node_modules/@sap/cds/lib/env/cds-env.js:540:23)
    at Config.load (/home/user/projects/north/node_modules/@sap/cds/lib/env/cds-env.js:117:16)
    at #import (/home/user/projects/north/node_modules/@sap/cds/lib/env/cds-env.js:109:21)
    at new Config (/home/user/projects/north/node_modules/@sap/cds/lib/env/cds-env.js:68:20)
    at Config.for (/home/user/projects/north/node_modules/@sap/cds/lib/env/cds-env.js:21:15)
    at ya._getEnv (/extbin/local/openvscode-server/extensions/vscode-cds-9.9.0/node_modules/@sap/cds-lsp/src/impl/cdsenv/CdsEnv.ts:36:32)
    at ya.getEnv (/extbin/local/openvscode-server/extensions/vscode-cds-9.9.0/node_modules/@sap/cds-lsp/src/impl/cdsenv/CdsEnv.ts:23:26)
    at ya.TryCatchDecorator (/extbin/local/openvscode-server/extensions/vscode-cds-9.9.0/node_modules/@sap/cds-lsp/src/impl/utils/TryCatch.ts:90:47)
    at we._getCdsEnv (/extbin/local/openvscode-server/extensions/vscode-cds-9.9.0/node_modules/@sap/cds-lsp/src/impl/services/WorkspaceFolder.ts:749:29)
    at we.TryCatchDecorator (/extbin/local/openvscode-server/extensions/vscode-cds-9.9.0/node_modules/@sap/cds-lsp/src/impl/utils/TryCatch.ts:90:47)
    at we.CacheDecorator (/extbin/local/openvscode-server/extensions/vscode-cds-9.9.0/node_modules/@sap/cds-lsp/src/impl/utils/Cache.ts:46:46)
    at we.isEnvChanged (/extbin/local/openvscode-server/extensions/vscode-cds-9.9.0/node_modules/@sap/cds-lsp/src/impl/services/WorkspaceFolder.ts:1199:37)
    at we.onDidChangeWatchedFiles (/extbin/local/openvscode-server/extensions/vscode-cds-9.9.0/node_modules/@sap/cds-lsp/src/impl/services/WorkspaceFolder.ts:1014:43)
    at we.TryCatchDecorator (/extbin/local/openvscode-server/extensions/vscode-cds-9.9.0/node_modules/@sap/cds-lsp/src/impl/utils/TryCatch.ts:90:47)
    at Gi.onDidChangeWatchedFiles (/extbin/local/openvscode-server/extensions/vscode-cds-9.9.0/node_modules/@sap/cds-lsp/src/impl/requests/DidChangeWatchedFiles.ts:53:26)
    at Gi.TryCatchDecorator (/extbin/local/openvscode-server/extensions/vscode-cds-9.9.0/node_modules/@sap/cds-lsp/src/impl/utils/TryCatch.ts:90:47)
    at Gi.action (/extbin/local/openvscode-server/extensions/vscode-cds-9.9.0/node_modules/@sap/cds-lsp/src/impl/utils/Telemetry.ts:83:43)
    at bc.footprint (/extbin/local/openvscode-server/extensions/vscode-cds-9.9.0/node_modules/@sap/cds-lsp/src/impl/trace/Tracer.ts:125:28)
    at Gi.RequestMethodDecorator (/extbin/local/openvscode-server/extensions/vscode-cds-9.9.0/node_modules/@sap/cds-lsp/src/impl/requests/RequestMethod.ts:171:35)
    at handleNotification (/extbin/local/openvscode-server/extensions/vscode-cds-9.9.0/node_modules/vscode-jsonrpc/lib/common/connection.js:640:25)
    at handleMessage (/extbin/local/openvscode-server/extensions/vscode-cds-9.9.0/node_modules/vscode-jsonrpc/lib/common/connection.js:342:13)
    at processMessageQueue (/extbin/local/openvscode-server/extensions/vscode-cds-9.9.0/node_modules/vscode-jsonrpc/lib/common/connection.js:362:17)
    at Immediate._onImmediate (/extbin/local/openvscode-server/extensions/vscode-cds-9.9.0/node_modules/vscode-jsonrpc/lib/common/connection.js:334:13)
    at process.processImmediate (node:internal/timers:485:21)
SyntaxError: Unexpected non-whitespace character after JSON at position 579 (line 31 column 1)
    at JSON.parse (<anonymous>)
    at _readJson (/home/user/projects/north/node_modules/@sap/cds/lib/env/cds-env.js:540:23)
    at Config.load (/home/user/projects/north/node_modules/@sap/cds/lib/env/cds-env.js:117:16)
    at #import (/home/user/projects/north/node_modules/@sap/cds/lib/env/cds-env.js:109:21)
    at new Config (/home/user/projects/north/node_modules/@sap/cds/lib/env/cds-env.js:68:20)
    at Config.for (/home/user/projects/north/node_modules/@sap/cds/lib/env/cds-env.js:21:15)
    at ya._getEnv (/extbin/local/openvscode-server/extensions/vscode-cds-9.9.0/node_modules/@sap/cds-lsp/src/impl/cdsenv/CdsEnv.ts:36:32)
    at ya.getEnv (/extbin/local/openvscode-server/extensions/vscode-cds-9.9.0/node_modules/@sap/cds-lsp/src/impl/cdsenv/CdsEnv.ts:23:26)
    at ya.TryCatchDecorator (/extbin/local/openvscode-server/extensions/vscode-cds-9.9.0/node_modules/@sap/cds-lsp/src/impl/utils/TryCatch.ts:90:47)
    at we._getCdsEnv (/extbin/local/openvscode-server/extensions/vscode-cds-9.9.0/node_modules/@sap/cds-lsp/src/impl/services/WorkspaceFolder.ts:749:29)
    at we.TryCatchDecorator (/extbin/local/openvscode-server/extensions/vscode-cds-9.9.0/node_modules/@sap/cds-lsp/src/impl/utils/TryCatch.ts:90:47)
    at we.CacheDecorator (/extbin/local/openvscode-server/extensions/vscode-cds-9.9.0/node_modules/@sap/cds-lsp/src/impl/utils/Cache.ts:46:46)
    at we.isEnvChanged (/extbin/local/openvscode-server/extensions/vscode-cds-9.9.0/node_modules/@sap/cds-lsp/src/impl/services/WorkspaceFolder.ts:1199:37)
    at we.onDidChangeWatchedFiles (/extbin/local/openvscode-server/extensions/vscode-cds-9.9.0/node_modules/@sap/cds-lsp/src/impl/services/WorkspaceFolder.ts:1014:43)
    at we.TryCatchDecorator (/extbin/local/openvscode-server/extensions/vscode-cds-9.9.0/node_modules/@sap/cds-lsp/src/impl/utils/TryCatch.ts:90:47)
    at Gi.onDidChangeWatchedFiles (/extbin/local/openvscode-server/extensions/vscode-cds-9.9.0/node_modules/@sap/cds-lsp/src/impl/requests/DidChangeWatchedFiles.ts:53:26)
    at Gi.TryCatchDecorator (/extbin/local/openvscode-server/extensions/vscode-cds-9.9.0/node_modules/@sap/cds-lsp/src/impl/utils/TryCatch.ts:90:47)
    at Gi.action (/extbin/local/openvscode-server/extensions/vscode-cds-9.9.0/node_modules/@sap/cds-lsp/src/impl/utils/Telemetry.ts:83:43)
    at bc.footprint (/extbin/local/openvscode-server/extensions/vscode-cds-9.9.0/node_modules/@sap/cds-lsp/src/impl/trace/Tracer.ts:125:28)
    at Gi.RequestMethodDecorator (/extbin/local/openvscode-server/extensions/vscode-cds-9.9.0/node_modules/@sap/cds-lsp/src/impl/requests/RequestMethod.ts:171:35)
    at handleNotification (/extbin/local/openvscode-server/extensions/vscode-cds-9.9.0/node_modules/vscode-jsonrpc/lib/common/connection.js:640:25)
    at handleMessage (/extbin/local/openvscode-server/extensions/vscode-cds-9.9.0/node_modules/vscode-jsonrpc/lib/common/connection.js:342:13)
    at processMessageQueue (/extbin/local/openvscode-server/extensions/vscode-cds-9.9.0/node_modules/vscode-jsonrpc/lib/common/connection.js:362:17)
    at Immediate._onImmediate (/extbin/local/openvscode-server/extensions/vscode-cds-9.9.0/node_modules/vscode-jsonrpc/lib/common/connection.js:334:13)
    at process.processImmediate (node:internal/timers:485:21)
SyntaxError: Expected property name or '}' in JSON at position 441 (line 22 column 7)
    at JSON.parse (<anonymous>)
    at _readJson (/home/user/projects/north/node_modules/@sap/cds/lib/env/cds-env.js:540:23)
    at Config.load (/home/user/projects/north/node_modules/@sap/cds/lib/env/cds-env.js:117:16)
    at #import (/home/user/projects/north/node_modules/@sap/cds/lib/env/cds-env.js:109:21)
    at new Config (/home/user/projects/north/node_modules/@sap/cds/lib/env/cds-env.js:68:20)
    at Config.for (/home/user/projects/north/node_modules/@sap/cds/lib/env/cds-env.js:21:15)
    at ya._getEnv (/extbin/local/openvscode-server/extensions/vscode-cds-9.9.0/node_modules/@sap/cds-lsp/src/impl/cdsenv/CdsEnv.ts:36:32)
    at ya.getEnv (/extbin/local/openvscode-server/extensions/vscode-cds-9.9.0/node_modules/@sap/cds-lsp/src/impl/cdsenv/CdsEnv.ts:23:26)
    at ya.TryCatchDecorator (/extbin/local/openvscode-server/extensions/vscode-cds-9.9.0/node_modules/@sap/cds-lsp/src/impl/utils/TryCatch.ts:90:47)
    at we._getCdsEnv (/extbin/local/openvscode-server/extensions/vscode-cds-9.9.0/node_modules/@sap/cds-lsp/src/impl/services/WorkspaceFolder.ts:749:29)
    at we.TryCatchDecorator (/extbin/local/openvscode-server/extensions/vscode-cds-9.9.0/node_modules/@sap/cds-lsp/src/impl/utils/TryCatch.ts:90:47)
    at we.CacheDecorator (/extbin/local/openvscode-server/extensions/vscode-cds-9.9.0/node_modules/@sap/cds-lsp/src/impl/utils/Cache.ts:46:46)
    at we.isEnvChanged (/extbin/local/openvscode-server/extensions/vscode-cds-9.9.0/node_modules/@sap/cds-lsp/src/impl/services/WorkspaceFolder.ts:1199:37)
    at we.onDidChangeWatchedFiles (/extbin/local/openvscode-server/extensions/vscode-cds-9.9.0/node_modules/@sap/cds-lsp/src/impl/services/WorkspaceFolder.ts:1014:43)
    at we.TryCatchDecorator (/extbin/local/openvscode-server/extensions/vscode-cds-9.9.0/node_modules/@sap/cds-lsp/src/impl/utils/TryCatch.ts:90:47)
    at Gi.onDidChangeWatchedFiles (/extbin/local/openvscode-server/extensions/vscode-cds-9.9.0/node_modules/@sap/cds-lsp/src/impl/requests/DidChangeWatchedFiles.ts:53:26)
    at Gi.TryCatchDecorator (/extbin/local/openvscode-server/extensions/vscode-cds-9.9.0/node_modules/@sap/cds-lsp/src/impl/utils/TryCatch.ts:90:47)
    at Gi.action (/extbin/local/openvscode-server/extensions/vscode-cds-9.9.0/node_modules/@sap/cds-lsp/src/impl/utils/Telemetry.ts:83:43)
    at bc.footprint (/extbin/local/openvscode-server/extensions/vscode-cds-9.9.0/node_modules/@sap/cds-lsp/src/impl/trace/Tracer.ts:125:28)
    at Gi.RequestMethodDecorator (/extbin/local/openvscode-server/extensions/vscode-cds-9.9.0/node_modules/@sap/cds-lsp/src/impl/requests/RequestMethod.ts:171:35)
    at handleNotification (/extbin/local/openvscode-server/extensions/vscode-cds-9.9.0/node_modules/vscode-jsonrpc/lib/common/connection.js:640:25)
    at handleMessage (/extbin/local/openvscode-server/extensions/vscode-cds-9.9.0/node_modules/vscode-jsonrpc/lib/common/connection.js:342:13)
    at processMessageQueue (/extbin/local/openvscode-server/extensions/vscode-cds-9.9.0/node_modules/vscode-jsonrpc/lib/common/connection.js:362:17)
    at Immediate._onImmediate (/extbin/local/openvscode-server/extensions/vscode-cds-9.9.0/node_modules/vscode-jsonrpc/lib/common/connection.js:334:13)
    at process.processImmediate (node:internal/timers:485:21)
SyntaxError: Expected ':' after property name in JSON at position 445 (line 22 column 11)
    at JSON.parse (<anonymous>)
    at _readJson (/home/user/projects/north/node_modules/@sap/cds/lib/env/cds-env.js:540:23)
    at Config.load (/home/user/projects/north/node_modules/@sap/cds/lib/env/cds-env.js:117:16)
    at #import (/home/user/projects/north/node_modules/@sap/cds/lib/env/cds-env.js:109:21)
    at new Config (/home/user/projects/north/node_modules/@sap/cds/lib/env/cds-env.js:68:20)
    at Config.for (/home/user/projects/north/node_modules/@sap/cds/lib/env/cds-env.js:21:15)
    at ya._getEnv (/extbin/local/openvscode-server/extensions/vscode-cds-9.9.0/node_modules/@sap/cds-lsp/src/impl/cdsenv/CdsEnv.ts:36:32)
    at ya.getEnv (/extbin/local/openvscode-server/extensions/vscode-cds-9.9.0/node_modules/@sap/cds-lsp/src/impl/cdsenv/CdsEnv.ts:23:26)
    at ya.TryCatchDecorator (/extbin/local/openvscode-server/extensions/vscode-cds-9.9.0/node_modules/@sap/cds-lsp/src/impl/utils/TryCatch.ts:90:47)
    at we._getCdsEnv (/extbin/local/openvscode-server/extensions/vscode-cds-9.9.0/node_modules/@sap/cds-lsp/src/impl/services/WorkspaceFolder.ts:749:29)
    at we.TryCatchDecorator (/extbin/local/openvscode-server/extensions/vscode-cds-9.9.0/node_modules/@sap/cds-lsp/src/impl/utils/TryCatch.ts:90:47)
    at we.CacheDecorator (/extbin/local/openvscode-server/extensions/vscode-cds-9.9.0/node_modules/@sap/cds-lsp/src/impl/utils/Cache.ts:46:46)
    at we.isEnvChanged (/extbin/local/openvscode-server/extensions/vscode-cds-9.9.0/node_modules/@sap/cds-lsp/src/impl/services/WorkspaceFolder.ts:1199:37)
    at we.onDidChangeWatchedFiles (/extbin/local/openvscode-server/extensions/vscode-cds-9.9.0/node_modules/@sap/cds-lsp/src/impl/services/WorkspaceFolder.ts:1014:43)
    at we.TryCatchDecorator (/extbin/local/openvscode-server/extensions/vscode-cds-9.9.0/node_modules/@sap/cds-lsp/src/impl/utils/TryCatch.ts:90:47)
    at Gi.onDidChangeWatchedFiles (/extbin/local/openvscode-server/extensions/vscode-cds-9.9.0/node_modules/@sap/cds-lsp/src/impl/requests/DidChangeWatchedFiles.ts:53:26)
    at Gi.TryCatchDecorator (/extbin/local/openvscode-server/extensions/vscode-cds-9.9.0/node_modules/@sap/cds-lsp/src/impl/utils/TryCatch.ts:90:47)
    at Gi.action (/extbin/local/openvscode-server/extensions/vscode-cds-9.9.0/node_modules/@sap/cds-lsp/src/impl/utils/Telemetry.ts:83:43)
    at bc.footprint (/extbin/local/openvscode-server/extensions/vscode-cds-9.9.0/node_modules/@sap/cds-lsp/src/impl/trace/Tracer.ts:125:28)
    at Gi.RequestMethodDecorator (/extbin/local/openvscode-server/extensions/vscode-cds-9.9.0/node_modules/@sap/cds-lsp/src/impl/requests/RequestMethod.ts:171:35)
    at handleNotification (/extbin/local/openvscode-server/extensions/vscode-cds-9.9.0/node_modules/vscode-jsonrpc/lib/common/connection.js:640:25)
    at handleMessage (/extbin/local/openvscode-server/extensions/vscode-cds-9.9.0/node_modules/vscode-jsonrpc/lib/common/connection.js:342:13)
    at processMessageQueue (/extbin/local/openvscode-server/extensions/vscode-cds-9.9.0/node_modules/vscode-jsonrpc/lib/common/connection.js:362:17)
    at Immediate._onImmediate (/extbin/local/openvscode-server/extensions/vscode-cds-9.9.0/node_modules/vscode-jsonrpc/lib/common/connection.js:334:13)
    at process.processImmediate (node:internal/timers:485:21)
SyntaxError: Expected ',' or '}' after property value in JSON at position 462 (line 23 column 15)
    at JSON.parse (<anonymous>)
    at _readJson (/home/user/projects/north/node_modules/@sap/cds/lib/env/cds-env.js:540:23)
    at Config.load (/home/user/projects/north/node_modules/@sap/cds/lib/env/cds-env.js:117:16)
    at #import (/home/user/projects/north/node_modules/@sap/cds/lib/env/cds-env.js:109:21)
    at new Config (/home/user/projects/north/node_modules/@sap/cds/lib/env/cds-env.js:68:20)
    at Config.for (/home/user/projects/north/node_modules/@sap/cds/lib/env/cds-env.js:21:15)
    at ya._getEnv (/extbin/local/openvscode-server/extensions/vscode-cds-9.9.0/node_modules/@sap/cds-lsp/src/impl/cdsenv/CdsEnv.ts:36:32)
    at ya.getEnv (/extbin/local/openvscode-server/extensions/vscode-cds-9.9.0/node_modules/@sap/cds-lsp/src/impl/cdsenv/CdsEnv.ts:23:26)
    at ya.TryCatchDecorator (/extbin/local/openvscode-server/extensions/vscode-cds-9.9.0/node_modules/@sap/cds-lsp/src/impl/utils/TryCatch.ts:90:47)
    at we._getCdsEnv (/extbin/local/openvscode-server/extensions/vscode-cds-9.9.0/node_modules/@sap/cds-lsp/src/impl/services/WorkspaceFolder.ts:749:29)
    at we.TryCatchDecorator (/extbin/local/openvscode-server/extensions/vscode-cds-9.9.0/node_modules/@sap/cds-lsp/src/impl/utils/TryCatch.ts:90:47)
    at we.CacheDecorator (/extbin/local/openvscode-server/extensions/vscode-cds-9.9.0/node_modules/@sap/cds-lsp/src/impl/utils/Cache.ts:46:46)
    at we.isEnvChanged (/extbin/local/openvscode-server/extensions/vscode-cds-9.9.0/node_modules/@sap/cds-lsp/src/impl/services/WorkspaceFolder.ts:1199:37)
    at we.onDidChangeWatchedFiles (/extbin/local/openvscode-server/extensions/vscode-cds-9.9.0/node_modules/@sap/cds-lsp/src/impl/services/WorkspaceFolder.ts:1014:43)
    at we.TryCatchDecorator (/extbin/local/openvscode-server/extensions/vscode-cds-9.9.0/node_modules/@sap/cds-lsp/src/impl/utils/TryCatch.ts:90:47)
    at Gi.onDidChangeWatchedFiles (/extbin/local/openvscode-server/extensions/vscode-cds-9.9.0/node_modules/@sap/cds-lsp/src/impl/requests/DidChangeWatchedFiles.ts:53:26)
    at Gi.TryCatchDecorator (/extbin/local/openvscode-server/extensions/vscode-cds-9.9.0/node_modules/@sap/cds-lsp/src/impl/utils/TryCatch.ts:90:47)
    at Gi.action (/extbin/local/openvscode-server/extensions/vscode-cds-9.9.0/node_modules/@sap/cds-lsp/src/impl/utils/Telemetry.ts:83:43)
    at bc.footprint (/extbin/local/openvscode-server/extensions/vscode-cds-9.9.0/node_modules/@sap/cds-lsp/src/impl/trace/Tracer.ts:125:28)
    at Gi.RequestMethodDecorator (/extbin/local/openvscode-server/extensions/vscode-cds-9.9.0/node_modules/@sap/cds-lsp/src/impl/requests/RequestMethod.ts:171:35)
    at handleNotification (/extbin/local/openvscode-server/extensions/vscode-cds-9.9.0/node_modules/vscode-jsonrpc/lib/common/connection.js:640:25)
    at handleMessage (/extbin/local/openvscode-server/extensions/vscode-cds-9.9.0/node_modules/vscode-jsonrpc/lib/common/connection.js:342:13)
    at processMessageQueue (/extbin/local/openvscode-server/extensions/vscode-cds-9.9.0/node_modules/vscode-jsonrpc/lib/common/connection.js:362:17)
    at Immediate._onImmediate (/extbin/local/openvscode-server/extensions/vscode-cds-9.9.0/node_modules/vscode-jsonrpc/lib/common/connection.js:334:13)
    at process.processImmediate (node:internal/timers:485:21)
SyntaxError: Unexpected non-whitespace character after JSON at position 578 (line 31 column 1)
    at JSON.parse (<anonymous>)
    at _readJson (/home/user/projects/north/node_modules/@sap/cds/lib/env/cds-env.js:540:23)
    at Config.load (/home/user/projects/north/node_modules/@sap/cds/lib/env/cds-env.js:117:16)
    at #import (/home/user/projects/north/node_modules/@sap/cds/lib/env/cds-env.js:109:21)
    at new Config (/home/user/projects/north/node_modules/@sap/cds/lib/env/cds-env.js:68:20)
    at Config.for (/home/user/projects/north/node_modules/@sap/cds/lib/env/cds-env.js:21:15)
    at ya._getEnv (/extbin/local/openvscode-server/extensions/vscode-cds-9.9.0/node_modules/@sap/cds-lsp/src/impl/cdsenv/CdsEnv.ts:36:32)
    at ya.getEnv (/extbin/local/openvscode-server/extensions/vscode-cds-9.9.0/node_modules/@sap/cds-lsp/src/impl/cdsenv/CdsEnv.ts:23:26)
    at ya.TryCatchDecorator (/extbin/local/openvscode-server/extensions/vscode-cds-9.9.0/node_modules/@sap/cds-lsp/src/impl/utils/TryCatch.ts:90:47)
    at we._getCdsEnv (/extbin/local/openvscode-server/extensions/vscode-cds-9.9.0/node_modules/@sap/cds-lsp/src/impl/services/WorkspaceFolder.ts:749:29)
    at we.TryCatchDecorator (/extbin/local/openvscode-server/extensions/vscode-cds-9.9.0/node_modules/@sap/cds-lsp/src/impl/utils/TryCatch.ts:90:47)
    at we.CacheDecorator (/extbin/local/openvscode-server/extensions/vscode-cds-9.9.0/node_modules/@sap/cds-lsp/src/impl/utils/Cache.ts:46:46)
    at we.isEnvChanged (/extbin/local/openvscode-server/extensions/vscode-cds-9.9.0/node_modules/@sap/cds-lsp/src/impl/services/WorkspaceFolder.ts:1199:37)
    at we.onDidChangeWatchedFiles (/extbin/local/openvscode-server/extensions/vscode-cds-9.9.0/node_modules/@sap/cds-lsp/src/impl/services/WorkspaceFolder.ts:1014:43)
    at we.TryCatchDecorator (/extbin/local/openvscode-server/extensions/vscode-cds-9.9.0/node_modules/@sap/cds-lsp/src/impl/utils/TryCatch.ts:90:47)
    at Gi.onDidChangeWatchedFiles (/extbin/local/openvscode-server/extensions/vscode-cds-9.9.0/node_modules/@sap/cds-lsp/src/impl/requests/DidChangeWatchedFiles.ts:53:26)
    at Gi.TryCatchDecorator (/extbin/local/openvscode-server/extensions/vscode-cds-9.9.0/node_modules/@sap/cds-lsp/src/impl/utils/TryCatch.ts:90:47)
    at Gi.action (/extbin/local/openvscode-server/extensions/vscode-cds-9.9.0/node_modules/@sap/cds-lsp/src/impl/utils/Telemetry.ts:83:43)
    at bc.footprint (/extbin/local/openvscode-server/extensions/vscode-cds-9.9.0/node_modules/@sap/cds-lsp/src/impl/trace/Tracer.ts:125:28)
    at Gi.RequestMethodDecorator (/extbin/local/openvscode-server/extensions/vscode-cds-9.9.0/node_modules/@sap/cds-lsp/src/impl/requests/RequestMethod.ts:171:35)
    at handleNotification (/extbin/local/openvscode-server/extensions/vscode-cds-9.9.0/node_modules/vscode-jsonrpc/lib/common/connection.js:640:25)
    at handleMessage (/extbin/local/openvscode-server/extensions/vscode-cds-9.9.0/node_modules/vscode-jsonrpc/lib/common/connection.js:342:13)
    at processMessageQueue (/extbin/local/openvscode-server/extensions/vscode-cds-9.9.0/node_modules/vscode-jsonrpc/lib/common/connection.js:362:17)
    at Immediate._onImmediate (/extbin/local/openvscode-server/extensions/vscode-cds-9.9.0/node_modules/vscode-jsonrpc/lib/common/connection.js:334:13)
    at process.processImmediate (node:internal/timers:485:21)
SyntaxError: Unexpected non-whitespace character after JSON at position 577 (line 30 column 1)
    at JSON.parse (<anonymous>)
    at _readJson (/home/user/projects/north/node_modules/@sap/cds/lib/env/cds-env.js:540:23)
    at Config.load (/home/user/projects/north/node_modules/@sap/cds/lib/env/cds-env.js:117:16)
    at #import (/home/user/projects/north/node_modules/@sap/cds/lib/env/cds-env.js:109:21)
    at new Config (/home/user/projects/north/node_modules/@sap/cds/lib/env/cds-env.js:68:20)
    at Config.for (/home/user/projects/north/node_modules/@sap/cds/lib/env/cds-env.js:21:15)
    at ya._getEnv (/extbin/local/openvscode-server/extensions/vscode-cds-9.9.0/node_modules/@sap/cds-lsp/src/impl/cdsenv/CdsEnv.ts:36:32)
    at ya.getEnv (/extbin/local/openvscode-server/extensions/vscode-cds-9.9.0/node_modules/@sap/cds-lsp/src/impl/cdsenv/CdsEnv.ts:23:26)
    at ya.TryCatchDecorator (/extbin/local/openvscode-server/extensions/vscode-cds-9.9.0/node_modules/@sap/cds-lsp/src/impl/utils/TryCatch.ts:90:47)
    at we._getCdsEnv (/extbin/local/openvscode-server/extensions/vscode-cds-9.9.0/node_modules/@sap/cds-lsp/src/impl/services/WorkspaceFolder.ts:749:29)
    at we.TryCatchDecorator (/extbin/local/openvscode-server/extensions/vscode-cds-9.9.0/node_modules/@sap/cds-lsp/src/impl/utils/TryCatch.ts:90:47)
    at we.CacheDecorator (/extbin/local/openvscode-server/extensions/vscode-cds-9.9.0/node_modules/@sap/cds-lsp/src/impl/utils/Cache.ts:46:46)
    at we.isEnvChanged (/extbin/local/openvscode-server/extensions/vscode-cds-9.9.0/node_modules/@sap/cds-lsp/src/impl/services/WorkspaceFolder.ts:1199:37)
    at we.onDidChangeWatchedFiles (/extbin/local/openvscode-server/extensions/vscode-cds-9.9.0/node_modules/@sap/cds-lsp/src/impl/services/WorkspaceFolder.ts:1014:43)
    at we.TryCatchDecorator (/extbin/local/openvscode-server/extensions/vscode-cds-9.9.0/node_modules/@sap/cds-lsp/src/impl/utils/TryCatch.ts:90:47)
    at Gi.onDidChangeWatchedFiles (/extbin/local/openvscode-server/extensions/vscode-cds-9.9.0/node_modules/@sap/cds-lsp/src/impl/requests/DidChangeWatchedFiles.ts:53:26)
    at Gi.TryCatchDecorator (/extbin/local/openvscode-server/extensions/vscode-cds-9.9.0/node_modules/@sap/cds-lsp/src/impl/utils/TryCatch.ts:90:47)
    at Gi.action (/extbin/local/openvscode-server/extensions/vscode-cds-9.9.0/node_modules/@sap/cds-lsp/src/impl/utils/Telemetry.ts:83:43)
    at bc.footprint (/extbin/local/openvscode-server/extensions/vscode-cds-9.9.0/node_modules/@sap/cds-lsp/src/impl/trace/Tracer.ts:125:28)
    at Gi.RequestMethodDecorator (/extbin/local/openvscode-server/extensions/vscode-cds-9.9.0/node_modules/@sap/cds-lsp/src/impl/requests/RequestMethod.ts:171:35)
    at handleNotification (/extbin/local/openvscode-server/extensions/vscode-cds-9.9.0/node_modules/vscode-jsonrpc/lib/common/connection.js:640:25)
    at handleMessage (/extbin/local/openvscode-server/extensions/vscode-cds-9.9.0/node_modules/vscode-jsonrpc/lib/common/connection.js:342:13)
    at processMessageQueue (/extbin/local/openvscode-server/extensions/vscode-cds-9.9.0/node_modules/vscode-jsonrpc/lib/common/connection.js:362:17)
    at Immediate._onImmediate (/extbin/local/openvscode-server/extensions/vscode-cds-9.9.0/node_modules/vscode-jsonrpc/lib/common/connection.js:334:13)
    at process.processImmediate (node:internal/timers:485:21)
SyntaxError: Unexpected non-whitespace character after JSON at position 582 (line 31 column 1)
    at JSON.parse (<anonymous>)
    at _readJson (/home/user/projects/north/node_modules/@sap/cds/lib/env/cds-env.js:540:23)
    at Config.load (/home/user/projects/north/node_modules/@sap/cds/lib/env/cds-env.js:117:16)
    at #import (/home/user/projects/north/node_modules/@sap/cds/lib/env/cds-env.js:109:21)
    at new Config (/home/user/projects/north/node_modules/@sap/cds/lib/env/cds-env.js:68:20)
    at Config.for (/home/user/projects/north/node_modules/@sap/cds/lib/env/cds-env.js:21:15)
    at ya._getEnv (/extbin/local/openvscode-server/extensions/vscode-cds-9.9.0/node_modules/@sap/cds-lsp/src/impl/cdsenv/CdsEnv.ts:36:32)
    at ya.getEnv (/extbin/local/openvscode-server/extensions/vscode-cds-9.9.0/node_modules/@sap/cds-lsp/src/impl/cdsenv/CdsEnv.ts:23:26)
    at ya.TryCatchDecorator (/extbin/local/openvscode-server/extensions/vscode-cds-9.9.0/node_modules/@sap/cds-lsp/src/impl/utils/TryCatch.ts:90:47)
    at we._getCdsEnv (/extbin/local/openvscode-server/extensions/vscode-cds-9.9.0/node_modules/@sap/cds-lsp/src/impl/services/WorkspaceFolder.ts:749:29)
    at we.TryCatchDecorator (/extbin/local/openvscode-server/extensions/vscode-cds-9.9.0/node_modules/@sap/cds-lsp/src/impl/utils/TryCatch.ts:90:47)
    at we.CacheDecorator (/extbin/local/openvscode-server/extensions/vscode-cds-9.9.0/node_modules/@sap/cds-lsp/src/impl/utils/Cache.ts:46:46)
    at we.isEnvChanged (/extbin/local/openvscode-server/extensions/vscode-cds-9.9.0/node_modules/@sap/cds-lsp/src/impl/services/WorkspaceFolder.ts:1199:37)
    at we.onDidChangeWatchedFiles (/extbin/local/openvscode-server/extensions/vscode-cds-9.9.0/node_modules/@sap/cds-lsp/src/impl/services/WorkspaceFolder.ts:1014:43)
    at we.TryCatchDecorator (/extbin/local/openvscode-server/extensions/vscode-cds-9.9.0/node_modules/@sap/cds-lsp/src/impl/utils/TryCatch.ts:90:47)
    at Gi.onDidChangeWatchedFiles (/extbin/local/openvscode-server/extensions/vscode-cds-9.9.0/node_modules/@sap/cds-lsp/src/impl/requests/DidChangeWatchedFiles.ts:53:26)
    at Gi.TryCatchDecorator (/extbin/local/openvscode-server/extensions/vscode-cds-9.9.0/node_modules/@sap/cds-lsp/src/impl/utils/TryCatch.ts:90:47)
    at Gi.action (/extbin/local/openvscode-server/extensions/vscode-cds-9.9.0/node_modules/@sap/cds-lsp/src/impl/utils/Telemetry.ts:83:43)
    at bc.footprint (/extbin/local/openvscode-server/extensions/vscode-cds-9.9.0/node_modules/@sap/cds-lsp/src/impl/trace/Tracer.ts:125:28)
    at Gi.RequestMethodDecorator (/extbin/local/openvscode-server/extensions/vscode-cds-9.9.0/node_modules/@sap/cds-lsp/src/impl/requests/RequestMethod.ts:171:35)
    at handleNotification (/extbin/local/openvscode-server/extensions/vscode-cds-9.9.0/node_modules/vscode-jsonrpc/lib/common/connection.js:640:25)
    at handleMessage (/extbin/local/openvscode-server/extensions/vscode-cds-9.9.0/node_modules/vscode-jsonrpc/lib/common/connection.js:342:13)
    at processMessageQueue (/extbin/local/openvscode-server/extensions/vscode-cds-9.9.0/node_modules/vscode-jsonrpc/lib/common/connection.js:362:17)
    at Immediate._onImmediate (/extbin/local/openvscode-server/extensions/vscode-cds-9.9.0/node_modules/vscode-jsonrpc/lib/common/connection.js:334:13)
    at process.processImmediate (node:internal/timers:485:21)
SyntaxError: Expected ':' after property name in JSON at position 428 (line 22 column 5)
    at JSON.parse (<anonymous>)
    at _readJson (/home/user/projects/north/node_modules/@sap/cds/lib/env/cds-env.js:540:23)
    at Config.load (/home/user/projects/north/node_modules/@sap/cds/lib/env/cds-env.js:117:16)
    at #import (/home/user/projects/north/node_modules/@sap/cds/lib/env/cds-env.js:109:21)
    at new Config (/home/user/projects/north/node_modules/@sap/cds/lib/env/cds-env.js:68:20)
    at Config.for (/home/user/projects/north/node_modules/@sap/cds/lib/env/cds-env.js:21:15)
    at ya._getEnv (/extbin/local/openvscode-server/extensions/vscode-cds-9.9.0/node_modules/@sap/cds-lsp/src/impl/cdsenv/CdsEnv.ts:36:32)
    at ya.getEnv (/extbin/local/openvscode-server/extensions/vscode-cds-9.9.0/node_modules/@sap/cds-lsp/src/impl/cdsenv/CdsEnv.ts:23:26)
    at ya.TryCatchDecorator (/extbin/local/openvscode-server/extensions/vscode-cds-9.9.0/node_modules/@sap/cds-lsp/src/impl/utils/TryCatch.ts:90:47)
    at we._getCdsEnv (/extbin/local/openvscode-server/extensions/vscode-cds-9.9.0/node_modules/@sap/cds-lsp/src/impl/services/WorkspaceFolder.ts:749:29)
    at we.TryCatchDecorator (/extbin/local/openvscode-server/extensions/vscode-cds-9.9.0/node_modules/@sap/cds-lsp/src/impl/utils/TryCatch.ts:90:47)
    at we.CacheDecorator (/extbin/local/openvscode-server/extensions/vscode-cds-9.9.0/node_modules/@sap/cds-lsp/src/impl/utils/Cache.ts:46:46)
    at we.isEnvChanged (/extbin/local/openvscode-server/extensions/vscode-cds-9.9.0/node_modules/@sap/cds-lsp/src/impl/services/WorkspaceFolder.ts:1199:37)
    at we.onDidChangeWatchedFiles (/extbin/local/openvscode-server/extensions/vscode-cds-9.9.0/node_modules/@sap/cds-lsp/src/impl/services/WorkspaceFolder.ts:1014:43)
    at we.TryCatchDecorator (/extbin/local/openvscode-server/extensions/vscode-cds-9.9.0/node_modules/@sap/cds-lsp/src/impl/utils/TryCatch.ts:90:47)
    at Gi.onDidChangeWatchedFiles (/extbin/local/openvscode-server/extensions/vscode-cds-9.9.0/node_modules/@sap/cds-lsp/src/impl/requests/DidChangeWatchedFiles.ts:53:26)
    at Gi.TryCatchDecorator (/extbin/local/openvscode-server/extensions/vscode-cds-9.9.0/node_modules/@sap/cds-lsp/src/impl/utils/TryCatch.ts:90:47)
    at Gi.action (/extbin/local/openvscode-server/extensions/vscode-cds-9.9.0/node_modules/@sap/cds-lsp/src/impl/utils/Telemetry.ts:83:43)
    at bc.footprint (/extbin/local/openvscode-server/extensions/vscode-cds-9.9.0/node_modules/@sap/cds-lsp/src/impl/trace/Tracer.ts:125:28)
    at Gi.RequestMethodDecorator (/extbin/local/openvscode-server/extensions/vscode-cds-9.9.0/node_modules/@sap/cds-lsp/src/impl/requests/RequestMethod.ts:171:35)
    at handleNotification (/extbin/local/openvscode-server/extensions/vscode-cds-9.9.0/node_modules/vscode-jsonrpc/lib/common/connection.js:640:25)
    at handleMessage (/extbin/local/openvscode-server/extensions/vscode-cds-9.9.0/node_modules/vscode-jsonrpc/lib/common/connection.js:342:13)
    at processMessageQueue (/extbin/local/openvscode-server/extensions/vscode-cds-9.9.0/node_modules/vscode-jsonrpc/lib/common/connection.js:362:17)
    at Immediate._onImmediate (/extbin/local/openvscode-server/extensions/vscode-cds-9.9.0/node_modules/vscode-jsonrpc/lib/common/connection.js:334:13)
    at process.processImmediate (node:internal/timers:485:21)
SyntaxError: Expected ':' after property name in JSON at position 435 (line 22 column 5)
    at JSON.parse (<anonymous>)
    at _readJson (/home/user/projects/north/node_modules/@sap/cds/lib/env/cds-env.js:540:23)
    at Config.load (/home/user/projects/north/node_modules/@sap/cds/lib/env/cds-env.js:117:16)
    at #import (/home/user/projects/north/node_modules/@sap/cds/lib/env/cds-env.js:109:21)
    at new Config (/home/user/projects/north/node_modules/@sap/cds/lib/env/cds-env.js:68:20)
    at Config.for (/home/user/projects/north/node_modules/@sap/cds/lib/env/cds-env.js:21:15)
    at ya._getEnv (/extbin/local/openvscode-server/extensions/vscode-cds-9.9.0/node_modules/@sap/cds-lsp/src/impl/cdsenv/CdsEnv.ts:36:32)
    at ya.getEnv (/extbin/local/openvscode-server/extensions/vscode-cds-9.9.0/node_modules/@sap/cds-lsp/src/impl/cdsenv/CdsEnv.ts:23:26)
    at ya.TryCatchDecorator (/extbin/local/openvscode-server/extensions/vscode-cds-9.9.0/node_modules/@sap/cds-lsp/src/impl/utils/TryCatch.ts:90:47)
    at we._getCdsEnv (/extbin/local/openvscode-server/extensions/vscode-cds-9.9.0/node_modules/@sap/cds-lsp/src/impl/services/WorkspaceFolder.ts:749:29)
    at we.TryCatchDecorator (/extbin/local/openvscode-server/extensions/vscode-cds-9.9.0/node_modules/@sap/cds-lsp/src/impl/utils/TryCatch.ts:90:47)
    at we.CacheDecorator (/extbin/local/openvscode-server/extensions/vscode-cds-9.9.0/node_modules/@sap/cds-lsp/src/impl/utils/Cache.ts:46:46)
    at we.isEnvChanged (/extbin/local/openvscode-server/extensions/vscode-cds-9.9.0/node_modules/@sap/cds-lsp/src/impl/services/WorkspaceFolder.ts:1199:37)
    at we.onDidChangeWatchedFiles (/extbin/local/openvscode-server/extensions/vscode-cds-9.9.0/node_modules/@sap/cds-lsp/src/impl/services/WorkspaceFolder.ts:1014:43)
    at we.TryCatchDecorator (/extbin/local/openvscode-server/extensions/vscode-cds-9.9.0/node_modules/@sap/cds-lsp/src/impl/utils/TryCatch.ts:90:47)
    at Gi.onDidChangeWatchedFiles (/extbin/local/openvscode-server/extensions/vscode-cds-9.9.0/node_modules/@sap/cds-lsp/src/impl/requests/DidChangeWatchedFiles.ts:53:26)
    at Gi.TryCatchDecorator (/extbin/local/openvscode-server/extensions/vscode-cds-9.9.0/node_modules/@sap/cds-lsp/src/impl/utils/TryCatch.ts:90:47)
    at Gi.action (/extbin/local/openvscode-server/extensions/vscode-cds-9.9.0/node_modules/@sap/cds-lsp/src/impl/utils/Telemetry.ts:83:43)
    at bc.footprint (/extbin/local/openvscode-server/extensions/vscode-cds-9.9.0/node_modules/@sap/cds-lsp/src/impl/trace/Tracer.ts:125:28)
    at Gi.RequestMethodDecorator (/extbin/local/openvscode-server/extensions/vscode-cds-9.9.0/node_modules/@sap/cds-lsp/src/impl/requests/RequestMethod.ts:171:35)
    at handleNotification (/extbin/local/openvscode-server/extensions/vscode-cds-9.9.0/node_modules/vscode-jsonrpc/lib/common/connection.js:640:25)
    at handleMessage (/extbin/local/openvscode-server/extensions/vscode-cds-9.9.0/node_modules/vscode-jsonrpc/lib/common/connection.js:342:13)
    at processMessageQueue (/extbin/local/openvscode-server/extensions/vscode-cds-9.9.0/node_modules/vscode-jsonrpc/lib/common/connection.js:362:17)
    at Immediate._onImmediate (/extbin/local/openvscode-server/extensions/vscode-cds-9.9.0/node_modules/vscode-jsonrpc/lib/common/connection.js:334:13)
    at process.processImmediate (node:internal/timers:485:21)
SyntaxError: Expected ':' after property name in JSON at position 452 (line 23 column 5)
    at JSON.parse (<anonymous>)
    at _readJson (/home/user/projects/north/node_modules/@sap/cds/lib/env/cds-env.js:540:23)
    at Config.load (/home/user/projects/north/node_modules/@sap/cds/lib/env/cds-env.js:117:16)
    at #import (/home/user/projects/north/node_modules/@sap/cds/lib/env/cds-env.js:109:21)
    at new Config (/home/user/projects/north/node_modules/@sap/cds/lib/env/cds-env.js:68:20)
    at Config.for (/home/user/projects/north/node_modules/@sap/cds/lib/env/cds-env.js:21:15)
    at ya._getEnv (/extbin/local/openvscode-server/extensions/vscode-cds-9.9.0/node_modules/@sap/cds-lsp/src/impl/cdsenv/CdsEnv.ts:36:32)
    at ya.getEnv (/extbin/local/openvscode-server/extensions/vscode-cds-9.9.0/node_modules/@sap/cds-lsp/src/impl/cdsenv/CdsEnv.ts:23:26)
    at ya.TryCatchDecorator (/extbin/local/openvscode-server/extensions/vscode-cds-9.9.0/node_modules/@sap/cds-lsp/src/impl/utils/TryCatch.ts:90:47)
    at we._getCdsEnv (/extbin/local/openvscode-server/extensions/vscode-cds-9.9.0/node_modules/@sap/cds-lsp/src/impl/services/WorkspaceFolder.ts:749:29)
    at we.TryCatchDecorator (/extbin/local/openvscode-server/extensions/vscode-cds-9.9.0/node_modules/@sap/cds-lsp/src/impl/utils/TryCatch.ts:90:47)
    at we.CacheDecorator (/extbin/local/openvscode-server/extensions/vscode-cds-9.9.0/node_modules/@sap/cds-lsp/src/impl/utils/Cache.ts:46:46)
    at we.isEnvChanged (/extbin/local/openvscode-server/extensions/vscode-cds-9.9.0/node_modules/@sap/cds-lsp/src/impl/services/WorkspaceFolder.ts:1199:37)
    at we.onDidChangeWatchedFiles (/extbin/local/openvscode-server/extensions/vscode-cds-9.9.0/node_modules/@sap/cds-lsp/src/impl/services/WorkspaceFolder.ts:1014:43)
    at we.TryCatchDecorator (/extbin/local/openvscode-server/extensions/vscode-cds-9.9.0/node_modules/@sap/cds-lsp/src/impl/utils/TryCatch.ts:90:47)
    at Gi.onDidChangeWatchedFiles (/extbin/local/openvscode-server/extensions/vscode-cds-9.9.0/node_modules/@sap/cds-lsp/src/impl/requests/DidChangeWatchedFiles.ts:53:26)
    at Gi.TryCatchDecorator (/extbin/local/openvscode-server/extensions/vscode-cds-9.9.0/node_modules/@sap/cds-lsp/src/impl/utils/TryCatch.ts:90:47)
    at Gi.action (/extbin/local/openvscode-server/extensions/vscode-cds-9.9.0/node_modules/@sap/cds-lsp/src/impl/utils/Telemetry.ts:83:43)
    at bc.footprint (/extbin/local/openvscode-server/extensions/vscode-cds-9.9.0/node_modules/@sap/cds-lsp/src/impl/trace/Tracer.ts:125:28)
    at Gi.RequestMethodDecorator (/extbin/local/openvscode-server/extensions/vscode-cds-9.9.0/node_modules/@sap/cds-lsp/src/impl/requests/RequestMethod.ts:171:35)
    at handleNotification (/extbin/local/openvscode-server/extensions/vscode-cds-9.9.0/node_modules/vscode-jsonrpc/lib/common/connection.js:640:25)
    at handleMessage (/extbin/local/openvscode-server/extensions/vscode-cds-9.9.0/node_modules/vscode-jsonrpc/lib/common/connection.js:342:13)
    at processMessageQueue (/extbin/local/openvscode-server/extensions/vscode-cds-9.9.0/node_modules/vscode-jsonrpc/lib/common/connection.js:362:17)
    at Immediate._onImmediate (/extbin/local/openvscode-server/extensions/vscode-cds-9.9.0/node_modules/vscode-jsonrpc/lib/common/connection.js:334:13)
    at process.processImmediate (node:internal/timers:485:21)
SyntaxError: Expected ',' or '}' after property value in JSON at position 467 (line 24 column 5)
    at JSON.parse (<anonymous>)
    at _readJson (/home/user/projects/north/node_modules/@sap/cds/lib/env/cds-env.js:540:23)
    at Config.load (/home/user/projects/north/node_modules/@sap/cds/lib/env/cds-env.js:117:16)
    at #import (/home/user/projects/north/node_modules/@sap/cds/lib/env/cds-env.js:109:21)
    at new Config (/home/user/projects/north/node_modules/@sap/cds/lib/env/cds-env.js:68:20)
    at Config.for (/home/user/projects/north/node_modules/@sap/cds/lib/env/cds-env.js:21:15)
    at ya._getEnv (/extbin/local/openvscode-server/extensions/vscode-cds-9.9.0/node_modules/@sap/cds-lsp/src/impl/cdsenv/CdsEnv.ts:36:32)
    at ya.getEnv (/extbin/local/openvscode-server/extensions/vscode-cds-9.9.0/node_modules/@sap/cds-lsp/src/impl/cdsenv/CdsEnv.ts:23:26)
    at ya.TryCatchDecorator (/extbin/local/openvscode-server/extensions/vscode-cds-9.9.0/node_modules/@sap/cds-lsp/src/impl/utils/TryCatch.ts:90:47)
    at we._getCdsEnv (/extbin/local/openvscode-server/extensions/vscode-cds-9.9.0/node_modules/@sap/cds-lsp/src/impl/services/WorkspaceFolder.ts:749:29)
    at we.TryCatchDecorator (/extbin/local/openvscode-server/extensions/vscode-cds-9.9.0/node_modules/@sap/cds-lsp/src/impl/utils/TryCatch.ts:90:47)
    at we.CacheDecorator (/extbin/local/openvscode-server/extensions/vscode-cds-9.9.0/node_modules/@sap/cds-lsp/src/impl/utils/Cache.ts:46:46)
    at we.isEnvChanged (/extbin/local/openvscode-server/extensions/vscode-cds-9.9.0/node_modules/@sap/cds-lsp/src/impl/services/WorkspaceFolder.ts:1199:37)
    at we.onDidChangeWatchedFiles (/extbin/local/openvscode-server/extensions/vscode-cds-9.9.0/node_modules/@sap/cds-lsp/src/impl/services/WorkspaceFolder.ts:1014:43)
    at we.TryCatchDecorator (/extbin/local/openvscode-server/extensions/vscode-cds-9.9.0/node_modules/@sap/cds-lsp/src/impl/utils/TryCatch.ts:90:47)
    at Gi.onDidChangeWatchedFiles (/extbin/local/openvscode-server/extensions/vscode-cds-9.9.0/node_modules/@sap/cds-lsp/src/impl/requests/DidChangeWatchedFiles.ts:53:26)
    at Gi.TryCatchDecorator (/extbin/local/openvscode-server/extensions/vscode-cds-9.9.0/node_modules/@sap/cds-lsp/src/impl/utils/TryCatch.ts:90:47)
    at Gi.action (/extbin/local/openvscode-server/extensions/vscode-cds-9.9.0/node_modules/@sap/cds-lsp/src/impl/utils/Telemetry.ts:83:43)
    at bc.footprint (/extbin/local/openvscode-server/extensions/vscode-cds-9.9.0/node_modules/@sap/cds-lsp/src/impl/trace/Tracer.ts:125:28)
    at Gi.RequestMethodDecorator (/extbin/local/openvscode-server/extensions/vscode-cds-9.9.0/node_modules/@sap/cds-lsp/src/impl/requests/RequestMethod.ts:171:35)
    at handleNotification (/extbin/local/openvscode-server/extensions/vscode-cds-9.9.0/node_modules/vscode-jsonrpc/lib/common/connection.js:640:25)
    at handleMessage (/extbin/local/openvscode-server/extensions/vscode-cds-9.9.0/node_modules/vscode-jsonrpc/lib/common/connection.js:342:13)
    at processMessageQueue (/extbin/local/openvscode-server/extensions/vscode-cds-9.9.0/node_modules/vscode-jsonrpc/lib/common/connection.js:362:17)
    at Immediate._onImmediate (/extbin/local/openvscode-server/extensions/vscode-cds-9.9.0/node_modules/vscode-jsonrpc/lib/common/connection.js:334:13)
    at process.processImmediate (node:internal/timers:485:21)
SyntaxError: Unexpected non-whitespace character after JSON at position 624 (line 33 column 1)
    at JSON.parse (<anonymous>)
    at _readJson (/home/user/projects/north/node_modules/@sap/cds/lib/env/cds-env.js:540:23)
    at Config.load (/home/user/projects/north/node_modules/@sap/cds/lib/env/cds-env.js:117:16)
    at #import (/home/user/projects/north/node_modules/@sap/cds/lib/env/cds-env.js:109:21)
    at new Config (/home/user/projects/north/node_modules/@sap/cds/lib/env/cds-env.js:68:20)
    at Config.for (/home/user/projects/north/node_modules/@sap/cds/lib/env/cds-env.js:21:15)
    at ya._getEnv (/extbin/local/openvscode-server/extensions/vscode-cds-9.9.0/node_modules/@sap/cds-lsp/src/impl/cdsenv/CdsEnv.ts:36:32)
    at ya.getEnv (/extbin/local/openvscode-server/extensions/vscode-cds-9.9.0/node_modules/@sap/cds-lsp/src/impl/cdsenv/CdsEnv.ts:23:26)
    at ya.TryCatchDecorator (/extbin/local/openvscode-server/extensions/vscode-cds-9.9.0/node_modules/@sap/cds-lsp/src/impl/utils/TryCatch.ts:90:47)
    at we._getCdsEnv (/extbin/local/openvscode-server/extensions/vscode-cds-9.9.0/node_modules/@sap/cds-lsp/src/impl/services/WorkspaceFolder.ts:749:29)
    at we.TryCatchDecorator (/extbin/local/openvscode-server/extensions/vscode-cds-9.9.0/node_modules/@sap/cds-lsp/src/impl/utils/TryCatch.ts:90:47)
    at we.CacheDecorator (/extbin/local/openvscode-server/extensions/vscode-cds-9.9.0/node_modules/@sap/cds-lsp/src/impl/utils/Cache.ts:46:46)
    at we.isEnvChanged (/extbin/local/openvscode-server/extensions/vscode-cds-9.9.0/node_modules/@sap/cds-lsp/src/impl/services/WorkspaceFolder.ts:1199:37)
    at we.onDidChangeWatchedFiles (/extbin/local/openvscode-server/extensions/vscode-cds-9.9.0/node_modules/@sap/cds-lsp/src/impl/services/WorkspaceFolder.ts:1014:43)
    at we.TryCatchDecorator (/extbin/local/openvscode-server/extensions/vscode-cds-9.9.0/node_modules/@sap/cds-lsp/src/impl/utils/TryCatch.ts:90:47)
    at Gi.onDidChangeWatchedFiles (/extbin/local/openvscode-server/extensions/vscode-cds-9.9.0/node_modules/@sap/cds-lsp/src/impl/requests/DidChangeWatchedFiles.ts:53:26)
    at Gi.TryCatchDecorator (/extbin/local/openvscode-server/extensions/vscode-cds-9.9.0/node_modules/@sap/cds-lsp/src/impl/utils/TryCatch.ts:90:47)
    at Gi.action (/extbin/local/openvscode-server/extensions/vscode-cds-9.9.0/node_modules/@sap/cds-lsp/src/impl/utils/Telemetry.ts:83:43)
    at bc.footprint (/extbin/local/openvscode-server/extensions/vscode-cds-9.9.0/node_modules/@sap/cds-lsp/src/impl/trace/Tracer.ts:125:28)
    at Gi.RequestMethodDecorator (/extbin/local/openvscode-server/extensions/vscode-cds-9.9.0/node_modules/@sap/cds-lsp/src/impl/requests/RequestMethod.ts:171:35)
    at handleNotification (/extbin/local/openvscode-server/extensions/vscode-cds-9.9.0/node_modules/vscode-jsonrpc/lib/common/connection.js:640:25)
    at handleMessage (/extbin/local/openvscode-server/extensions/vscode-cds-9.9.0/node_modules/vscode-jsonrpc/lib/common/connection.js:342:13)
    at processMessageQueue (/extbin/local/openvscode-server/extensions/vscode-cds-9.9.0/node_modules/vscode-jsonrpc/lib/common/connection.js:362:17)
    at Immediate._onImmediate (/extbin/local/openvscode-server/extensions/vscode-cds-9.9.0/node_modules/vscode-jsonrpc/lib/common/connection.js:334:13)
    at process.processImmediate (node:internal/timers:485:21)
[2026-07-15T05:54:11.235Z] stopping lsp 'LSP at /extbin/local/openvscode-server/extensions/vscode-cds-9.9.0/node_modules/@sap/cds-lsp for compiler v6'... 
[2026-07-15T05:54:11.992Z] finished stopping lsp 'LSP at /extbin/local/openvscode-server/extensions/vscode-cds-9.9.0/node_modules/@sap/cds-lsp for compiler v6' in 757ms
