{
  "label": "hana-project-explorer",
  "level": "error",
  "message": "The \"/home/user/projects/manageorders/gen/db\" folder does not exist; cannot create deploy task",
  "time": "2026-07-15T06:03:57.566Z"
}
{
  "label": "hana-project-explorer",
  "level": "error",
  "message": "Could not read content from \"/home/user/projects/manageorders/db/src/.hdiconfig\" path: ENOENT: no such file or directory, open '/home/user/projects/manageorders/db/src/.hdiconfig'",
  "time": "2026-07-15T06:04:30.455Z"
}
{
  "label": "hana-project-explorer",
  "level": "error",
  "message": "Could not read content from \"/home/user/projects/manageorders/db/src/.hdiconfig\" path: ENOENT: no such file or directory, open '/home/user/projects/manageorders/db/src/.hdiconfig'",
  "time": "2026-07-15T06:06:59.971Z"
}
{
  "label": "hana-project-explorer",
  "level": "error",
  "message": "Could not read content from \"/home/user/projects/manageorders/db/src/.hdiconfig\" path: ENOENT: no such file or directory, open '/home/user/projects/manageorders/db/src/.hdiconfig'",
  "time": "2026-07-15T06:06:59.972Z"
}
{
  "label": "hana-project-explorer",
  "level": "error",
  "message": "Could not read content from \"/home/user/projects/manageorders/db/src/.hdiconfig\" path: ENOENT: no such file or directory, open '/home/user/projects/manageorders/db/src/.hdiconfig'",
  "time": "2026-07-15T06:06:59.972Z"
}
{
  "label": "hana-project-explorer",
  "level": "error",
  "message": "Could not read content from \"/home/user/projects/manageorders/db/src/.hdiconfig\" path: ENOENT: no such file or directory, open '/home/user/projects/manageorders/db/src/.hdiconfig'",
  "time": "2026-07-15T06:06:59.972Z"
}
{
  "label": "hana-project-explorer",
  "level": "error",
  "message": "Could not read content from \"/home/user/projects/manageorders/db/src/.hdiconfig\" path: ENOENT: no such file or directory, open '/home/user/projects/manageorders/db/src/.hdiconfig'",
  "time": "2026-07-15T06:07:04.558Z"
}
{
  "label": "hana-project-explorer",
  "level": "error",
  "message": "Could not read content from \"/home/user/projects/manageorders/db/src/.hdiconfig\" path: ENOENT: no such file or directory, open '/home/user/projects/manageorders/db/src/.hdiconfig'",
  "time": "2026-07-15T06:07:18.446Z"
}
{
  "label": "hana-project-explorer",
  "level": "error",
  "message": "Could not read content from \"/home/user/projects/manageorders/db/src/.hdiconfig\" path: ENOENT: no such file or directory, open '/home/user/projects/manageorders/db/src/.hdiconfig'",
  "time": "2026-07-15T06:07:22.013Z"
}
{
  "label": "hana-project-explorer",
  "level": "error",
  "message": "Could not read content from \"/home/user/projects/manageorders/db/src/.hdiconfig\" path: ENOENT: no such file or directory, open '/home/user/projects/manageorders/db/src/.hdiconfig'",
  "time": "2026-07-15T06:07:28.418Z"
}
{
  "label": "hana-project-explorer",
  "level": "error",
  "message": "Could not read content from \"/home/user/projects/manageorders/db/src/.hdiconfig\" path: ENOENT: no such file or directory, open '/home/user/projects/manageorders/db/src/.hdiconfig'",
  "time": "2026-07-15T06:07:33.826Z"
}
{
  "label": "hana-project-explorer",
  "level": "error",
  "message": "Could not read content from \"/home/user/projects/manageorders/db/src/.hdiconfig\" path: ENOENT: no such file or directory, open '/home/user/projects/manageorders/db/src/.hdiconfig'",
  "time": "2026-07-15T06:07:55.293Z"
}
{
  "label": "hana-project-explorer",
  "level": "error",
  "message": "Could not read content from \"/home/user/projects/manageorders/db/src/.hdiconfig\" path: ENOENT: no such file or directory, open '/home/user/projects/manageorders/db/src/.hdiconfig'",
  "time": "2026-07-15T06:07:55.357Z"
}
{
  "label": "hana-project-explorer",
  "level": "error",
  "message": "Could not read content from \"/home/user/projects/manageorders/db/src/.hdiconfig\" path: ENOENT: no such file or directory, open '/home/user/projects/manageorders/db/src/.hdiconfig'",
  "time": "2026-07-15T06:07:57.667Z"
}
{
  "label": "hana-project-explorer",
  "level": "error",
  "message": "Could not read content from \"/home/user/projects/manageorders/db/src/.hdiconfig\" path: ENOENT: no such file or directory, open '/home/user/projects/manageorders/db/src/.hdiconfig'",
  "time": "2026-07-15T06:08:00.345Z"
}
{
  "label": "hana-project-explorer",
  "level": "error",
  "message": "Could not read content from \"/home/user/projects/manageorders/db/src/.hdiconfig\" path: ENOENT: no such file or directory, open '/home/user/projects/manageorders/db/src/.hdiconfig'",
  "time": "2026-07-15T06:08:16.338Z"
}
{
  "label": "hana-project-explorer",
  "level": "error",
  "message": "Could not read content from \"/home/user/projects/manageorders/db/src/.hdiconfig\" path: ENOENT: no such file or directory, open '/home/user/projects/manageorders/db/src/.hdiconfig'",
  "time": "2026-07-15T06:08:16.910Z"
}
{
  "label": "hana-project-explorer",
  "level": "error",
  "message": "Could not read content from \"/home/user/projects/manageorders/db/src/.hdiconfig\" path: ENOENT: no such file or directory, open '/home/user/projects/manageorders/db/src/.hdiconfig'",
  "time": "2026-07-15T06:08:23.662Z"
}
{
  "label": "hana-project-explorer",
  "level": "error",
  "message": "Could not read content from \"/home/user/projects/manageorders/db/src/.hdiconfig\" path: ENOENT: no such file or directory, open '/home/user/projects/manageorders/db/src/.hdiconfig'",
  "time": "2026-07-15T06:12:37.493Z"
}
{
  "label": "hana-project-explorer",
  "level": "error",
  "message": "Could not read content from \"/home/user/projects/manageorders/db/src/.hdiconfig\" path: ENOENT: no such file or directory, open '/home/user/projects/manageorders/db/src/.hdiconfig'",
  "time": "2026-07-15T06:12:45.369Z"
}
{
  "label": "hana-project-explorer",
  "level": "error",
  "message": "Could not read content from \"/home/user/projects/manageorders/db/src/.hdiconfig\" path: ENOENT: no such file or directory, open '/home/user/projects/manageorders/db/src/.hdiconfig'",
  "time": "2026-07-15T06:12:51.233Z"
}
{
  "label": "hana-project-explorer",
  "level": "error",
  "message": "Could not read content from \"/home/user/projects/manageorders/db/src/.hdiconfig\" path: ENOENT: no such file or directory, open '/home/user/projects/manageorders/db/src/.hdiconfig'",
  "time": "2026-07-15T06:12:53.250Z"
}
{
  "label": "hana-project-explorer",
  "level": "error",
  "message": "Could not read content from \"/home/user/projects/manageorders/db/src/.hdiconfig\" path: ENOENT: no such file or directory, open '/home/user/projects/manageorders/db/src/.hdiconfig'",
  "time": "2026-07-15T06:12:54.283Z"
}
{
  "label": "hana-project-explorer",
  "level": "error",
  "message": "Could not read content from \"/home/user/projects/manageorders/db/src/.hdiconfig\" path: ENOENT: no such file or directory, open '/home/user/projects/manageorders/db/src/.hdiconfig'",
  "time": "2026-07-15T06:13:01.970Z"
}
{
  "label": "hana-project-explorer",
  "level": "error",
  "message": "Could not read content from \"/home/user/projects/manageorders/db/src/.hdiconfig\" path: ENOENT: no such file or directory, open '/home/user/projects/manageorders/db/src/.hdiconfig'",
  "time": "2026-07-15T06:13:02.591Z"
}
{
  "label": "hana-project-explorer",
  "level": "error",
  "message": "Could not read content from \"/home/user/projects/manageorders/db/src/.hdiconfig\" path: ENOENT: no such file or directory, open '/home/user/projects/manageorders/db/src/.hdiconfig'",
  "time": "2026-07-15T06:13:05.165Z"
}
{
  "label": "hana-project-explorer",
  "level": "error",
  "message": "Could not read content from \"/home/user/projects/manageorders/db/src/.hdiconfig\" path: ENOENT: no such file or directory, open '/home/user/projects/manageorders/db/src/.hdiconfig'",
  "time": "2026-07-15T06:13:09.226Z"
}
{
  "label": "hana-project-explorer",
  "level": "error",
  "message": "Could not read content from \"/home/user/projects/manageorders/db/src/.hdiconfig\" path: ENOENT: no such file or directory, open '/home/user/projects/manageorders/db/src/.hdiconfig'",
  "time": "2026-07-15T06:13:14.341Z"
}
{
  "label": "hana-project-explorer",
  "level": "error",
  "message": "Could not read content from \"/home/user/projects/manageorders/db/src/.hdiconfig\" path: ENOENT: no such file or directory, open '/home/user/projects/manageorders/db/src/.hdiconfig'",
  "time": "2026-07-15T06:13:29.994Z"
}
{
  "label": "hana-project-explorer",
  "level": "error",
  "message": "Could not read content from \"/home/user/projects/manageorders/db/src/.hdiconfig\" path: ENOENT: no such file or directory, open '/home/user/projects/manageorders/db/src/.hdiconfig'",
  "time": "2026-07-15T06:13:41.502Z"
}
{
  "label": "hana-project-explorer",
  "level": "error",
  "message": "Could not read content from \"/home/user/projects/manageorders/db/src/.hdiconfig\" path: ENOENT: no such file or directory, open '/home/user/projects/manageorders/db/src/.hdiconfig'",
  "time": "2026-07-15T06:13:43.244Z"
}
{
  "label": "hana-project-explorer",
  "level": "error",
  "message": "Could not read content from \"/home/user/projects/manageorders/db/src/.hdiconfig\" path: ENOENT: no such file or directory, open '/home/user/projects/manageorders/db/src/.hdiconfig'",
  "time": "2026-07-15T06:13:47.481Z"
}
{
  "label": "hana-project-explorer",
  "level": "error",
  "message": "Could not read content from \"/home/user/projects/manageorders/db/src/.hdiconfig\" path: ENOENT: no such file or directory, open '/home/user/projects/manageorders/db/src/.hdiconfig'",
  "time": "2026-07-15T06:13:47.781Z"
}
{
  "label": "hana-project-explorer",
  "level": "error",
  "message": "Could not read content from \"/home/user/projects/manageorders/db/src/.hdiconfig\" path: ENOENT: no such file or directory, open '/home/user/projects/manageorders/db/src/.hdiconfig'",
  "time": "2026-07-15T06:13:51.015Z"
}
{
  "label": "hana-project-explorer",
  "level": "error",
  "message": "Could not read content from \"/home/user/projects/manageorders/db/src/.hdiconfig\" path: ENOENT: no such file or directory, open '/home/user/projects/manageorders/db/src/.hdiconfig'",
  "time": "2026-07-15T06:14:30.381Z"
}
{
  "label": "hana-project-explorer",
  "level": "error",
  "message": "Could not read content from \"/home/user/projects/manageorders/db/src/.hdiconfig\" path: ENOENT: no such file or directory, open '/home/user/projects/manageorders/db/src/.hdiconfig'",
  "time": "2026-07-15T06:14:40.953Z"
}
{
  "label": "hana-project-explorer",
  "level": "error",
  "message": "Could not read content from \"/home/user/projects/manageorders/db/src/.hdiconfig\" path: ENOENT: no such file or directory, open '/home/user/projects/manageorders/db/src/.hdiconfig'",
  "time": "2026-07-15T06:15:29.863Z"
}
{
  "label": "hana-project-explorer",
  "level": "error",
  "message": "Could not read content from \"/home/user/projects/manageorders/db/src/.hdiconfig\" path: ENOENT: no such file or directory, open '/home/user/projects/manageorders/db/src/.hdiconfig'",
  "time": "2026-07-15T06:15:29.864Z"
}
{
  "label": "hana-project-explorer",
  "level": "error",
  "message": "Could not read content from \"/home/user/projects/manageorders/db/src/.hdiconfig\" path: ENOENT: no such file or directory, open '/home/user/projects/manageorders/db/src/.hdiconfig'",
  "time": "2026-07-15T06:15:30.176Z"
}
{
  "label": "hana-project-explorer",
  "level": "error",
  "message": "Could not read content from \"/home/user/projects/manageorders/db/src/.hdiconfig\" path: ENOENT: no such file or directory, open '/home/user/projects/manageorders/db/src/.hdiconfig'",
  "time": "2026-07-15T06:16:07.351Z"
}
{
  "label": "hana-project-explorer",
  "level": "error",
  "message": "Could not read content from \"/home/user/projects/manageorders/db/src/.hdiconfig\" path: ENOENT: no such file or directory, open '/home/user/projects/manageorders/db/src/.hdiconfig'",
  "time": "2026-07-15T06:16:35.475Z"
}
{
  "label": "hana-project-explorer",
  "level": "error",
  "message": "Could not read content from \"/home/user/projects/manageorders/db/src/.hdiconfig\" path: ENOENT: no such file or directory, open '/home/user/projects/manageorders/db/src/.hdiconfig'",
  "time": "2026-07-15T06:16:38.155Z"
}
{
  "label": "hana-project-explorer",
  "level": "error",
  "message": "Could not read content from \"/home/user/projects/manageorders/db/src/.hdiconfig\" path: ENOENT: no such file or directory, open '/home/user/projects/manageorders/db/src/.hdiconfig'",
  "time": "2026-07-15T06:16:38.157Z"
}
{
  "label": "hana-project-explorer",
  "level": "error",
  "message": "Could not read content from \"/home/user/projects/manageorders/db/src/.hdiconfig\" path: ENOENT: no such file or directory, open '/home/user/projects/manageorders/db/src/.hdiconfig'",
  "time": "2026-07-15T06:16:38.158Z"
}
{
  "label": "hana-project-explorer",
  "level": "error",
  "message": "Could not read content from \"/home/user/projects/manageorders/db/src/.hdiconfig\" path: ENOENT: no such file or directory, open '/home/user/projects/manageorders/db/src/.hdiconfig'",
  "time": "2026-07-15T06:16:44.421Z"
}
{
  "label": "hana-project-explorer",
  "level": "error",
  "message": "Could not read content from \"/home/user/projects/manageorders/db/src/.hdiconfig\" path: ENOENT: no such file or directory, open '/home/user/projects/manageorders/db/src/.hdiconfig'",
  "time": "2026-07-15T06:16:44.422Z"
}
{
  "label": "hana-project-explorer",
  "level": "error",
  "message": "Could not read content from \"/home/user/projects/manageorders/db/src/.hdiconfig\" path: ENOENT: no such file or directory, open '/home/user/projects/manageorders/db/src/.hdiconfig'",
  "time": "2026-07-15T06:16:46.352Z"
}
{
  "label": "hana-project-explorer",
  "level": "error",
  "message": "Could not read content from \"/home/user/projects/manageorders/db/src/.hdiconfig\" path: ENOENT: no such file or directory, open '/home/user/projects/manageorders/db/src/.hdiconfig'",
  "time": "2026-07-15T06:16:52.364Z"
}
{
  "label": "hana-project-explorer",
  "level": "error",
  "message": "Could not read content from \"/home/user/projects/manageorders/db/src/.hdiconfig\" path: ENOENT: no such file or directory, open '/home/user/projects/manageorders/db/src/.hdiconfig'",
  "time": "2026-07-15T06:21:31.808Z"
}
{
  "label": "hana-project-explorer",
  "level": "error",
  "message": "Error while reading package.json, using defaults",
  "time": "2026-07-15T06:22:38.107Z"
}
{
  "label": "hana-project-explorer",
  "level": "error",
  "message": "Error while reading package.json, using defaults",
  "time": "2026-07-15T06:22:38.107Z"
}
{
  "label": "hana-project-explorer",
  "level": "error",
  "message": "Error while reading package.json, using defaults",
  "time": "2026-07-15T06:22:39.472Z"
}
{
  "label": "hana-project-explorer",
  "level": "error",
  "message": "Error while reading package.json, using defaults",
  "time": "2026-07-15T06:22:39.472Z"
}
{
  "label": "hana-project-explorer",
  "level": "error",
  "message": "Could not read content from \"/home/user/projects/manageorders/db/src/.hdiconfig\" path: ENOENT: no such file or directory, open '/home/user/projects/manageorders/db/src/.hdiconfig'",
  "time": "2026-07-15T06:25:51.142Z"
}
{
  "label": "hana-project-explorer",
  "level": "error",
  "message": "Could not parse .env file: The module path \"/home/user/projects/manageorders/gen/db\" is not a valid CAP DB module path.",
  "time": "2026-07-15T06:25:51.774Z"
}
{
  "label": "hana-project-explorer",
  "level": "error",
  "message": "Could not read content from \"/home/user/projects/manageorders/db/src/.hdiconfig\" path: ENOENT: no such file or directory, open '/home/user/projects/manageorders/db/src/.hdiconfig'",
  "time": "2026-07-15T06:38:17.607Z"
}
{
  "label": "hana-project-explorer",
  "level": "error",
  "message": "Could not read content from \"/home/user/projects/manageorders/db/src/.hdiconfig\" path: ENOENT: no such file or directory, open '/home/user/projects/manageorders/db/src/.hdiconfig'",
  "time": "2026-07-15T06:38:26.095Z"
}
{
  "label": "hana-project-explorer",
  "level": "error",
  "message": "Could not read content from \"/home/user/projects/manageorders/db/src/.hdiconfig\" path: ENOENT: no such file or directory, open '/home/user/projects/manageorders/db/src/.hdiconfig'",
  "time": "2026-07-15T06:39:22.984Z"
}
{
  "label": "hana-project-explorer",
  "level": "error",
  "message": "Error while reading package.json, using defaults",
  "time": "2026-07-15T06:39:34.555Z"
}
{
  "label": "hana-project-explorer",
  "level": "error",
  "message": "Error while reading package.json, using defaults",
  "time": "2026-07-15T06:39:34.555Z"
}
{
  "label": "hana-project-explorer",
  "level": "error",
  "message": "Error while reading package.json, using defaults",
  "time": "2026-07-15T06:39:34.896Z"
}
{
  "label": "hana-project-explorer",
  "level": "error",
  "message": "Error while reading package.json, using defaults",
  "time": "2026-07-15T06:39:34.896Z"
}
{
  "label": "hana-project-explorer",
  "level": "error",
  "message": "Error while reading package.json, using defaults",
  "time": "2026-07-15T06:39:58.340Z"
}
{
  "label": "hana-project-explorer",
  "level": "error",
  "message": "Error while reading package.json, using defaults",
  "time": "2026-07-15T06:39:58.340Z"
}
{
  "label": "hana-project-explorer",
  "level": "error",
  "message": "Error while reading package.json, using defaults",
  "time": "2026-07-15T06:40:03.826Z"
}
{
  "label": "hana-project-explorer",
  "level": "error",
  "message": "Error while reading package.json, using defaults",
  "time": "2026-07-15T06:40:03.826Z"
}
{
  "label": "hana-project-explorer",
  "level": "error",
  "message": "Could not read content from \"/home/user/projects/manageorders/gen/db/src/.hdiconfig\" path: ENOENT: no such file or directory, open '/home/user/projects/manageorders/gen/db/src/.hdiconfig'",
  "time": "2026-07-15T06:40:57.119Z"
}
{
  "label": "hana-project-explorer",
  "level": "error",
  "message": "Could not parse structured log entry '': Unexpected end of JSON input",
  "time": "2026-07-15T06:41:04.414Z"
}
{
  "label": "hana-project-explorer",
  "level": "error",
  "message": "Could not read content from \"/home/user/projects/manageorders/gen/db/src/.hdiconfig\" path: ENOENT: no such file or directory, open '/home/user/projects/manageorders/gen/db/src/.hdiconfig'",
  "time": "2026-07-15T06:43:04.734Z"
}
{
  "label": "hana-project-explorer",
  "level": "error",
  "message": "Could not parse structured log entry '': Unexpected end of JSON input",
  "time": "2026-07-15T06:43:12.677Z"
}
{
  "label": "hana-project-explorer",
  "level": "error",
  "message": "Could not read content from \"/home/user/projects/manageorders/db/src/.hdiconfig\" path: ENOENT: no such file or directory, open '/home/user/projects/manageorders/db/src/.hdiconfig'",
  "time": "2026-07-15T06:43:47.987Z"
}
{
  "label": "hana-project-explorer",
  "level": "error",
  "message": "Could not read content from \"/home/user/projects/manageorders/db/src/.hdiconfig\" path: ENOENT: no such file or directory, open '/home/user/projects/manageorders/db/src/.hdiconfig'",
  "time": "2026-07-15T06:43:55.089Z"
}
{
  "label": "hana-project-explorer",
  "level": "error",
  "message": "Could not read content from \"/home/user/projects/manageorders/db/src/.hdiconfig\" path: ENOENT: no such file or directory, open '/home/user/projects/manageorders/db/src/.hdiconfig'",
  "time": "2026-07-15T06:44:01.378Z"
}
{
  "label": "hana-project-explorer",
  "level": "error",
  "message": "Could not read content from \"/home/user/projects/manageorders/db/src/.hdiconfig\" path: ENOENT: no such file or directory, open '/home/user/projects/manageorders/db/src/.hdiconfig'",
  "time": "2026-07-15T06:44:25.226Z"
}
{
  "label": "hana-project-explorer",
  "level": "error",
  "message": "Could not read content from \"/home/user/projects/manageorders/db/src/.hdiconfig\" path: ENOENT: no such file or directory, open '/home/user/projects/manageorders/db/src/.hdiconfig'",
  "time": "2026-07-15T06:44:25.227Z"
}
{
  "label": "hana-project-explorer",
  "level": "error",
  "message": "Error occured in event listener:  Canceled",
  "name": "Canceled",
  "stack": "Canceled: Canceled\n    at ou (file:///extbin/local/openvscode-server/out/vs/workbench/api/node/extensionHostProcess.js:7:1394)\n    at file:///extbin/local/openvscode-server/out/vs/workbench/api/node/extensionHostProcess.js:29:142631\n    at Array.forEach (<anonymous>)\n    at OE.dispose (file:///extbin/local/openvscode-server/out/vs/workbench/api/node/extensionHostProcess.js:29:142571)\n    at mee.terminate (file:///extbin/local/openvscode-server/out/vs/workbench/api/node/extensionHostProcess.js:120:10238)\n    at nR.terminate (file:///extbin/local/openvscode-server/out/vs/workbench/api/node/extensionHostProcess.js:122:914)\n    at Hr (file:///extbin/local/openvscode-server/out/vs/workbench/api/node/extensionHostProcess.js:405:11144)\n    at tf.value (file:///extbin/local/openvscode-server/out/vs/workbench/api/node/extensionHostProcess.js:405:9282)\n    at I.C (file:///extbin/local/openvscode-server/out/vs/workbench/api/node/extensionHostProcess.js:27:2328)\n    at I.fire (file:///extbin/local/openvscode-server/out/vs/workbench/api/node/extensionHostProcess.js:27:2546)\n    at Jo.fire (file:///extbin/local/openvscode-server/out/vs/workbench/api/node/extensionHostProcess.js:29:9471)\n    at w0.A (file:///extbin/local/openvscode-server/out/vs/workbench/api/node/extensionHostProcess.js:29:12585)\n    at tf.value (file:///extbin/local/openvscode-server/out/vs/workbench/api/node/extensionHostProcess.js:29:11006)\n    at I.C (file:///extbin/local/openvscode-server/out/vs/workbench/api/node/extensionHostProcess.js:27:2328)\n    at I.fire (file:///extbin/local/openvscode-server/out/vs/workbench/api/node/extensionHostProcess.js:27:2546)\n    at yC.acceptChunk (file:///extbin/local/openvscode-server/out/vs/workbench/api/node/extensionHostProcess.js:29:7954)\n    at tf.value (file:///extbin/local/openvscode-server/out/vs/workbench/api/node/extensionHostProcess.js:29:7240)\n    at I.C (file:///extbin/local/openvscode-server/out/vs/workbench/api/node/extensionHostProcess.js:27:2328)\n    at I.fire (file:///extbin/local/openvscode-server/out/vs/workbench/api/node/extensionHostProcess.js:27:2546)\n    at WF.w (file:///extbin/local/openvscode-server/out/vs/workbench/api/node/extensionHostProcess.js:29:21762)",
  "time": "2026-07-15T06:47:03.736Z"
}
{
  "label": "hana-project-explorer",
  "level": "error",
  "message": "Error occured in event listener:  Canceled",
  "name": "Canceled",
  "stack": "Canceled: Canceled\n    at new rU (file:///extbin/local/openvscode-server/out/vs/workbench/api/node/extensionHostProcess.js:29:141180)\n    at OE.U (file:///extbin/local/openvscode-server/out/vs/workbench/api/node/extensionHostProcess.js:29:145790)\n    at Proxy.r.<computed>.n.charCodeAt.r.<computed> (file:///extbin/local/openvscode-server/out/vs/workbench/api/node/extensionHostProcess.js:29:143284)\n    at file:///extbin/local/openvscode-server/out/vs/workbench/api/node/extensionHostProcess.js:113:75223\n    at Array.map (<anonymous>)\n    at cA.B (file:///extbin/local/openvscode-server/out/vs/workbench/api/node/extensionHostProcess.js:113:75209)\n    at cA.A (file:///extbin/local/openvscode-server/out/vs/workbench/api/node/extensionHostProcess.js:113:75159)\n    at cA.findFiles (file:///extbin/local/openvscode-server/out/vs/workbench/api/node/extensionHostProcess.js:113:73694)\n    at Object.findFiles (file:///extbin/local/openvscode-server/out/vs/workbench/api/node/extensionHostProcess.js:213:119458)\n    at p (/extbin/local/openvscode-server/extensions/hana-project-explorer-1.38.0-bas/dist/extension.js:1:4277368)\n    at u (/extbin/local/openvscode-server/extensions/hana-project-explorer-1.38.0-bas/dist/extension.js:1:4277247)\n    at t.isHDBModulePath (/extbin/local/openvscode-server/extensions/hana-project-explorer-1.38.0-bas/dist/extension.js:1:4277052)\n    at handleFileChanged (/extbin/local/openvscode-server/extensions/hana-project-explorer-1.38.0-bas/dist/extension.js:1:4075807)\n    at /extbin/local/openvscode-server/extensions/hana-project-explorer-1.38.0-bas/dist/extension.js:1:4078082\n    at /extbin/local/openvscode-server/extensions/hana-project-explorer-1.38.0-bas/dist/extension.js:1:4319227",
  "time": "2026-07-15T06:47:03.737Z"
}
{
  "label": "hana-project-explorer",
  "level": "error",
  "message": "Error occured in event listener:  Canceled",
  "name": "Canceled",
  "stack": "Canceled: Canceled\n    at new rU (file:///extbin/local/openvscode-server/out/vs/workbench/api/node/extensionHostProcess.js:29:141180)\n    at OE.U (file:///extbin/local/openvscode-server/out/vs/workbench/api/node/extensionHostProcess.js:29:145790)\n    at Proxy.r.<computed>.n.charCodeAt.r.<computed> (file:///extbin/local/openvscode-server/out/vs/workbench/api/node/extensionHostProcess.js:29:143284)\n    at file:///extbin/local/openvscode-server/out/vs/workbench/api/node/extensionHostProcess.js:113:75223\n    at Array.map (<anonymous>)\n    at cA.B (file:///extbin/local/openvscode-server/out/vs/workbench/api/node/extensionHostProcess.js:113:75209)\n    at cA.A (file:///extbin/local/openvscode-server/out/vs/workbench/api/node/extensionHostProcess.js:113:75159)\n    at cA.findFiles (file:///extbin/local/openvscode-server/out/vs/workbench/api/node/extensionHostProcess.js:113:73694)\n    at Object.findFiles (file:///extbin/local/openvscode-server/out/vs/workbench/api/node/extensionHostProcess.js:213:119458)\n    at p (/extbin/local/openvscode-server/extensions/hana-project-explorer-1.38.0-bas/dist/extension.js:1:4277368)\n    at u (/extbin/local/openvscode-server/extensions/hana-project-explorer-1.38.0-bas/dist/extension.js:1:4277247)\n    at t.isHDBModulePath (/extbin/local/openvscode-server/extensions/hana-project-explorer-1.38.0-bas/dist/extension.js:1:4277052)\n    at handleFileChanged (/extbin/local/openvscode-server/extensions/hana-project-explorer-1.38.0-bas/dist/extension.js:1:4075807)\n    at /extbin/local/openvscode-server/extensions/hana-project-explorer-1.38.0-bas/dist/extension.js:1:4078082\n    at /extbin/local/openvscode-server/extensions/hana-project-explorer-1.38.0-bas/dist/extension.js:1:4319227",
  "time": "2026-07-15T06:47:03.737Z"
}
{
  "label": "hana-project-explorer",
  "level": "error",
  "message": "Error occured in event listener:  Canceled",
  "name": "Canceled",
  "stack": "Canceled: Canceled\n    at new rU (file:///extbin/local/openvscode-server/out/vs/workbench/api/node/extensionHostProcess.js:29:141180)\n    at OE.U (file:///extbin/local/openvscode-server/out/vs/workbench/api/node/extensionHostProcess.js:29:145790)\n    at Proxy.r.<computed>.n.charCodeAt.r.<computed> (file:///extbin/local/openvscode-server/out/vs/workbench/api/node/extensionHostProcess.js:29:143284)\n    at file:///extbin/local/openvscode-server/out/vs/workbench/api/node/extensionHostProcess.js:113:75223\n    at Array.map (<anonymous>)\n    at cA.B (file:///extbin/local/openvscode-server/out/vs/workbench/api/node/extensionHostProcess.js:113:75209)\n    at cA.A (file:///extbin/local/openvscode-server/out/vs/workbench/api/node/extensionHostProcess.js:113:75159)\n    at cA.findFiles (file:///extbin/local/openvscode-server/out/vs/workbench/api/node/extensionHostProcess.js:113:73694)\n    at Object.findFiles (file:///extbin/local/openvscode-server/out/vs/workbench/api/node/extensionHostProcess.js:213:119458)\n    at p (/extbin/local/openvscode-server/extensions/hana-project-explorer-1.38.0-bas/dist/extension.js:1:4277368)\n    at u (/extbin/local/openvscode-server/extensions/hana-project-explorer-1.38.0-bas/dist/extension.js:1:4277247)\n    at t.isHDBModulePath (/extbin/local/openvscode-server/extensions/hana-project-explorer-1.38.0-bas/dist/extension.js:1:4277052)\n    at handleFileChanged (/extbin/local/openvscode-server/extensions/hana-project-explorer-1.38.0-bas/dist/extension.js:1:4075807)\n    at /extbin/local/openvscode-server/extensions/hana-project-explorer-1.38.0-bas/dist/extension.js:1:4078082\n    at /extbin/local/openvscode-server/extensions/hana-project-explorer-1.38.0-bas/dist/extension.js:1:4319227",
  "time": "2026-07-15T06:47:03.737Z"
}
