[1783951429361] INFO  (ext): SQLTools is starting
[1783951429362] INFO  (ext): initializing language client...
[1783951429433] INFO  (ext): Registering client for languages [{"scheme":"sqltools"},{"language":"sql","scheme":"untitled"},{"language":"sql","scheme":"file"},{"language":"sql","scheme":"sqltools"}]
    ns: "lc"
[1783951429437] INFO  (ext): loading plugins...
[1783951429437] INFO  (ext): registering Formatter Plugin.
    plugin: {
      "name": "Formatter Plugin"
    }
[1783951429438] INFO  (ext): registering Connection Manager Plugin.
    plugin: {
      "name": "Connection Manager Plugin"
    }
[1783951429438] INFO  (ext): registering CodeLens Plugin.
    plugin: {
      "name": "CodeLens Plugin",
      "registeredLanguages": []
    }
[1783951429439] INFO  (ext): registering Dependency Manager Plugin.
    plugin: {
      "name": "Dependency Manager Plugin",
      "installingDrivers": []
    }
[1783951429440] INFO  (ext): Connection explorer changed. Will be updated.
    ns: "conn-man:explorer"
[1783951429440] INFO  (ext): registering History Manager Plugin.
    plugin: {
      "name": "History Manager Plugin"
    }
[1783951429440] INFO  (ext): registering Bookmarks Manager Plugin.
    plugin: {
      "name": "Bookmarks Manager Plugin"
    }
[1783951429440] INFO  (ext): registering Authentication Provider Plugin.
    plugin: {
      "name": "Authentication Provider Plugin",
      "isRegistered": false
    }
[1783951429441] INFO  (ext): registering Object Drop-in Provider (plugin).
    plugin: {
      "type": "plugin",
      "name": "Object Drop-in Provider",
      "isRegistered": false
    }
[1783951429441] INFO  (ext): SQLTools activation completed. 80.009041 ms
[1783951429444] INFO  (ext): Formatter Plugin registered!
[1783951429444] INFO  (ext): CodeLens Plugin registered!
[1783951429444] INFO  (ext): Dependency Manager Plugin registered!
[1783951429444] INFO  (ext): Connection Manager Plugin registered!
[1783951429444] INFO  (ext): History Manager Plugin registered!
[1783951429444] INFO  (ext): Bookmarks Manager Plugin registered!
[1783951429445] INFO  (ext): Authentication Provider Plugin registered!
[1783951429445] INFO  (ext): Object Drop-in Provider (plugin) registered!
[1783951431015] INFO  (ext): EXECUTING COMMAND => sqltools.refreshTree
[1783951431015] INFO  (ext): Connection explorer changed. Will be updated.
    ns: "conn-man:explorer"
[1783951432917] INFO  (ext): Connection explorer changed. Will be updated.
    ns: "conn-man:explorer"
[1783951431121] INFO  (ls): SQLTools Server started!
===============================
Using node runtime?: yes
ExecPath: /opt/nodejs/node-v22.19.0-linux-x64/bin/node v22.19.0
===============================
[1783951431124] INFO  (ls): User defined env vars
===============================
{"PATH":"/usr/local/sbin:/usr/local/bin:/usr/sbin:/usr/bin:/sbin:/bin:/home/user/.node_modules_global/bin"}
===============================:
[1783951432922] INFO  (ext): LanguageClient ready
    ns: "lc"
[1783951432921] INFO  (ls): Initialized with node version:v22.19.0
[1783951434855] INFO  (ext): registering SQLite Plugin (driver).
    plugin: {
      "extensionId": "mtxr.sqltools-driver-sqlite",
      "name": "SQLite Plugin",
      "type": "driver"
    }
[1783951434856] INFO  (ls): REQUEST RECEIVED => ls/RegisterPlugin
[1783951434857] INFO  (ls): request to register plugin: "/extbin/local/openvscode-server/extensions/mtxr.sqltools-driver-sqlite-0.5.0/out/ls/plugin.js"
[1783951434879] INFO  (ls): Driver sqlite registered!
    place: "driver-map"
    ns: "ls-context"
[1783951435672] INFO  (ext): SQLite Plugin (driver) registered!
[1783951436701] INFO  (ext): EXECUTING COMMAND => sqltools.refreshTree
[1783951436701] INFO  (ext): Connection explorer changed. Will be updated.
    ns: "conn-man:explorer"
[1783951442466] INFO  (ext): Connection explorer changed. Will be updated.
    ns: "conn-man:explorer"
[1783951444975] INFO  (ext): Connection explorer changed. Will be updated.
    ns: "conn-man:explorer"
[1783951446034] INFO  (ext): Connection explorer changed. Will be updated.
    ns: "conn-man:explorer"
[1783951450455] INFO  (ext): Connection explorer changed. Will be updated.
    ns: "conn-man:explorer"
[1783951455575] INFO  (ext): Connection explorer changed. Will be updated.
    ns: "conn-man:explorer"
[1783951460455] INFO  (ext): Connection explorer changed. Will be updated.
    ns: "conn-man:explorer"
[1783951464924] INFO  (ext): Connection explorer changed. Will be updated.
    ns: "conn-man:explorer"
[1783951469075] INFO  (ext): Connection explorer changed. Will be updated.
    ns: "conn-man:explorer"
[1783951473308] INFO  (ext): Connection explorer changed. Will be updated.
    ns: "conn-man:explorer"
[1783951477435] INFO  (ext): Connection explorer changed. Will be updated.
    ns: "conn-man:explorer"
[1783951481665] INFO  (ext): Connection explorer changed. Will be updated.
    ns: "conn-man:explorer"
[1783951485954] INFO  (ext): Connection explorer changed. Will be updated.
    ns: "conn-man:explorer"
[1783951490215] INFO  (ext): Connection explorer changed. Will be updated.
    ns: "conn-man:explorer"
[1783951494385] INFO  (ext): Connection explorer changed. Will be updated.
    ns: "conn-man:explorer"
[1783951498635] INFO  (ext): Connection explorer changed. Will be updated.
    ns: "conn-man:explorer"
[1783951502775] INFO  (ext): Connection explorer changed. Will be updated.
    ns: "conn-man:explorer"
[1783951507424] INFO  (ext): Connection explorer changed. Will be updated.
    ns: "conn-man:explorer"
