{
  "label": "SAP Continuous Integration and Delivery",
  "level": "error",
  "message": "when saving build states: Canceled",
  "time": "2026-07-14T06:18:27.996Z"
}
{
  "label": "SAP Continuous Integration and Delivery",
  "level": "error",
  "message": "when saving build states: Canceled",
  "time": "2026-07-14T06:18:27.997Z"
}
{
  "label": "SAP Continuous Integration and Delivery",
  "level": "error",
  "message": "when saving build states: Canceled",
  "time": "2026-07-14T06:18:27.997Z"
}
{
  "label": "SAP Continuous Integration and Delivery",
  "level": "error",
  "message": "when saving build states: Canceled",
  "time": "2026-07-14T06:18:27.997Z"
}
