[1784106270141] INFO  (ext): SQLTools is starting
[1784106270142] INFO  (ext): initializing language client...
[1784106270214] INFO  (ext): Registering client for languages [{"scheme":"sqltools"},{"language":"sql","scheme":"untitled"},{"language":"sql","scheme":"file"},{"language":"sql","scheme":"sqltools"}]
    ns: "lc"
[1784106270222] INFO  (ext): loading plugins...
[1784106270222] INFO  (ext): registering Formatter Plugin.
    plugin: {
      "name": "Formatter Plugin"
    }
[1784106270222] INFO  (ext): registering Connection Manager Plugin.
    plugin: {
      "name": "Connection Manager Plugin"
    }
[1784106270222] INFO  (ext): registering CodeLens Plugin.
    plugin: {
      "name": "CodeLens Plugin",
      "registeredLanguages": []
    }
[1784106270223] INFO  (ext): registering Dependency Manager Plugin.
    plugin: {
      "name": "Dependency Manager Plugin",
      "installingDrivers": []
    }
[1784106270224] INFO  (ext): Connection explorer changed. Will be updated.
    ns: "conn-man:explorer"
[1784106270224] INFO  (ext): registering History Manager Plugin.
    plugin: {
      "name": "History Manager Plugin"
    }
[1784106270224] INFO  (ext): registering Bookmarks Manager Plugin.
    plugin: {
      "name": "Bookmarks Manager Plugin"
    }
[1784106270225] INFO  (ext): registering Authentication Provider Plugin.
    plugin: {
      "name": "Authentication Provider Plugin",
      "isRegistered": false
    }
[1784106270225] INFO  (ext): registering Object Drop-in Provider (plugin).
    plugin: {
      "type": "plugin",
      "name": "Object Drop-in Provider",
      "isRegistered": false
    }
[1784106270225] INFO  (ext): SQLTools activation completed. 84.608002 ms
[1784106270235] INFO  (ext): Formatter Plugin registered!
[1784106270235] INFO  (ext): CodeLens Plugin registered!
[1784106270235] INFO  (ext): Dependency Manager Plugin registered!
[1784106270236] INFO  (ext): Connection Manager Plugin registered!
[1784106270236] INFO  (ext): History Manager Plugin registered!
[1784106270236] INFO  (ext): Bookmarks Manager Plugin registered!
[1784106270236] INFO  (ext): Authentication Provider Plugin registered!
[1784106270236] INFO  (ext): Object Drop-in Provider (plugin) registered!
[1784106271808] INFO  (ext): EXECUTING COMMAND => sqltools.refreshTree
[1784106271808] INFO  (ext): Connection explorer changed. Will be updated.
    ns: "conn-man:explorer"
[1784106270332] INFO  (ls): SQLTools Server started!
===============================
Using node runtime?: yes
ExecPath: /opt/nodejs/node-v22.19.0-linux-x64/bin/node v22.19.0
===============================
[1784106270335] INFO  (ls): User defined env vars
===============================
{"PATH":"/usr/local/sbin:/usr/local/bin:/usr/sbin:/usr/bin:/sbin:/bin:/home/user/.node_modules_global/bin"}
===============================:
[1784106271825] INFO  (ext): LanguageClient ready
    ns: "lc"
[1784106271823] INFO  (ls): Initialized with node version:v22.19.0
[1784106273431] INFO  (ext): Connection explorer changed. Will be updated.
    ns: "conn-man:explorer"
[1784106274815] INFO  (ext): registering SQLite Plugin (driver).
    plugin: {
      "extensionId": "mtxr.sqltools-driver-sqlite",
      "name": "SQLite Plugin",
      "type": "driver"
    }
[1784106274816] INFO  (ls): REQUEST RECEIVED => ls/RegisterPlugin
[1784106274816] INFO  (ls): request to register plugin: "/extbin/local/openvscode-server/extensions/mtxr.sqltools-driver-sqlite-0.5.0/out/ls/plugin.js"
[1784106274838] INFO  (ls): Driver sqlite registered!
    place: "driver-map"
    ns: "ls-context"
[1784106275597] INFO  (ext): SQLite Plugin (driver) registered!
[1784106277618] INFO  (ext): EXECUTING COMMAND => sqltools.refreshTree
[1784106277618] INFO  (ext): Connection explorer changed. Will be updated.
    ns: "conn-man:explorer"
[1784106282668] INFO  (ext): Connection explorer changed. Will be updated.
    ns: "conn-man:explorer"
