{
  "label": "vscode-wing-cap-run",
  "level": "warn",
  "message": "Activating the 'vscode-wing-cap-run' extension...",
  "time": "2026-07-18T05:36:00.191Z"
}
{
  "label": "vscode-wing-cap-run",
  "level": "warn",
  "message": "The \"vscode-wing-cap-run\" extension is now active.",
  "time": "2026-07-18T05:36:00.193Z"
}
{
  "label": "vscode-wing-cap-run",
  "level": "error",
  "message": "Could not retrieve 'cds env' for the '/home/user/projects/xsuaa2' project. Error: Error: Command failed: cds env get project-nature\nSyntaxError: /home/user/projects/xsuaa2/package.json: Expected double-quoted property name in JSON at position 431 (line 24 column 5)\n    at parse (<anonymous>)\n    at Object..json (node:internal/modules/cjs/loader:1711:39)\n    at Module.load (node:internal/modules/cjs/loader:1313:32)\n    at Function._load (node:internal/modules/cjs/loader:1123:12)\n    at TracingChannel.traceSync (node:diagnostics_channel:322:14)\n    at wrapModuleLoad (node:internal/modules/cjs/loader:217:24)\n    at Module.require (node:internal/modules/cjs/loader:1335:12)\n    at require (node:internal/modules/helpers:136:16)\n    at _add_static_profiles (/home/user/projects/xsuaa2/node_modules/@sap/cds/lib/env/cds-env.js:475:16)\n    at new Config (/home/user/projects/xsuaa2/node_modules/@sap/cds/lib/env/cds-env.js:39:16)\n",
  "time": "2026-07-18T06:31:15.169Z"
}
{
  "label": "vscode-wing-cap-run",
  "level": "error",
  "message": "Expected double-quoted property name in JSON at position 431 (line 24 column 5)",
  "time": "2026-07-18T06:31:15.170Z"
}
{
  "label": "vscode-wing-cap-run",
  "level": "error",
  "message": "Could not retrieve 'cds env' for the '/home/user/projects/xsuaa2' project. Error: Error: Command failed: cds env get project-nature\nSyntaxError: /home/user/projects/xsuaa2/package.json: Expected double-quoted property name in JSON at position 431 (line 24 column 5)\n    at parse (<anonymous>)\n    at Object..json (node:internal/modules/cjs/loader:1711:39)\n    at Module.load (node:internal/modules/cjs/loader:1313:32)\n    at Function._load (node:internal/modules/cjs/loader:1123:12)\n    at TracingChannel.traceSync (node:diagnostics_channel:322:14)\n    at wrapModuleLoad (node:internal/modules/cjs/loader:217:24)\n    at Module.require (node:internal/modules/cjs/loader:1335:12)\n    at require (node:internal/modules/helpers:136:16)\n    at _add_static_profiles (/home/user/projects/xsuaa2/node_modules/@sap/cds/lib/env/cds-env.js:475:16)\n    at new Config (/home/user/projects/xsuaa2/node_modules/@sap/cds/lib/env/cds-env.js:39:16)\n",
  "time": "2026-07-18T06:31:15.305Z"
}
{
  "label": "vscode-wing-cap-run",
  "level": "error",
  "message": "Expected double-quoted property name in JSON at position 431 (line 24 column 5)",
  "time": "2026-07-18T06:31:15.306Z"
}
