[1784352947729] INFO  (ext): SQLTools is starting
[1784352947731] INFO  (ext): initializing language client...
[1784352947821] INFO  (ext): Registering client for languages [{"scheme":"sqltools"},{"language":"sql","scheme":"untitled"},{"language":"sql","scheme":"file"},{"language":"sql","scheme":"sqltools"}]
    ns: "lc"
[1784352947830] INFO  (ext): loading plugins...
[1784352947830] INFO  (ext): registering Formatter Plugin.
    plugin: {
      "name": "Formatter Plugin"
    }
[1784352947831] INFO  (ext): registering Connection Manager Plugin.
    plugin: {
      "name": "Connection Manager Plugin"
    }
[1784352947831] INFO  (ext): registering CodeLens Plugin.
    plugin: {
      "name": "CodeLens Plugin",
      "registeredLanguages": []
    }
[1784352947832] INFO  (ext): registering Dependency Manager Plugin.
    plugin: {
      "name": "Dependency Manager Plugin",
      "installingDrivers": []
    }
[1784352947832] INFO  (ext): Connection explorer changed. Will be updated.
    ns: "conn-man:explorer"
[1784352947833] INFO  (ext): registering History Manager Plugin.
    plugin: {
      "name": "History Manager Plugin"
    }
[1784352947833] INFO  (ext): registering Bookmarks Manager Plugin.
    plugin: {
      "name": "Bookmarks Manager Plugin"
    }
[1784352947833] INFO  (ext): registering Authentication Provider Plugin.
    plugin: {
      "name": "Authentication Provider Plugin",
      "isRegistered": false
    }
[1784352947834] INFO  (ext): registering Object Drop-in Provider (plugin).
    plugin: {
      "type": "plugin",
      "name": "Object Drop-in Provider",
      "isRegistered": false
    }
[1784352947834] INFO  (ext): SQLTools activation completed. 104.65938 ms
[1784352947839] INFO  (ext): Formatter Plugin registered!
[1784352947839] INFO  (ext): CodeLens Plugin registered!
[1784352947839] INFO  (ext): Dependency Manager Plugin registered!
[1784352947839] INFO  (ext): Connection Manager Plugin registered!
[1784352947839] INFO  (ext): History Manager Plugin registered!
[1784352947839] INFO  (ext): Bookmarks Manager Plugin registered!
[1784352947839] INFO  (ext): Authentication Provider Plugin registered!
[1784352947839] INFO  (ext): Object Drop-in Provider (plugin) registered!
[1784352951094] INFO  (ext): EXECUTING COMMAND => sqltools.refreshTree
[1784352951094] INFO  (ext): Connection explorer changed. Will be updated.
    ns: "conn-man:explorer"
[1784352951094] INFO  (ext): Connection explorer changed. Will be updated.
    ns: "conn-man:explorer"
[1784352951207] INFO  (ls): SQLTools Server started!
===============================
Using node runtime?: yes
ExecPath: /opt/nodejs/node-v22.19.0-linux-x64/bin/node v22.19.0
===============================
[1784352951210] INFO  (ls): User defined env vars
===============================
{"PATH":"/usr/local/sbin:/usr/local/bin:/usr/sbin:/usr/bin:/sbin:/bin:/home/user/.node_modules_global/bin"}
===============================:
[1784352953407] INFO  (ext): LanguageClient ready
    ns: "lc"
[1784352953405] INFO  (ls): Initialized with node version:v22.19.0
[1784352953757] INFO  (ext): registering SQLite Plugin (driver).
    plugin: {
      "extensionId": "mtxr.sqltools-driver-sqlite",
      "name": "SQLite Plugin",
      "type": "driver"
    }
[1784352953764] INFO  (ls): REQUEST RECEIVED => ls/RegisterPlugin
[1784352953764] INFO  (ls): request to register plugin: "/extbin/local/openvscode-server/extensions/mtxr.sqltools-driver-sqlite-0.5.0/out/ls/plugin.js"
[1784352953793] INFO  (ls): Driver sqlite registered!
    place: "driver-map"
    ns: "ls-context"
[1784352955164] INFO  (ext): SQLite Plugin (driver) registered!
[1784352955819] INFO  (ext): Connection explorer changed. Will be updated.
    ns: "conn-man:explorer"
[1784352955888] INFO  (ext): Connection explorer changed. Will be updated.
    ns: "conn-man:explorer"
[1784352957019] INFO  (ext): EXECUTING COMMAND => sqltools.refreshTree
[1784352957019] INFO  (ext): Connection explorer changed. Will be updated.
    ns: "conn-man:explorer"
[1784352962183] INFO  (ext): Connection explorer changed. Will be updated.
    ns: "conn-man:explorer"
[1784352972091] INFO  (ext): Connection explorer changed. Will be updated.
    ns: "conn-man:explorer"
[1784353101938] INFO  (ext): Connection explorer changed. Will be updated.
    ns: "conn-man:explorer"
[1784353624933] INFO  (ext): Connection explorer changed. Will be updated.
    ns: "conn-man:explorer"
[1784353643828] INFO  (ext): Connection explorer changed. Will be updated.
    ns: "conn-man:explorer"
[1784353661693] INFO  (ext): Connection explorer changed. Will be updated.
    ns: "conn-man:explorer"
[1784353695989] INFO  (ext): Connection explorer changed. Will be updated.
    ns: "conn-man:explorer"
[1784353771875] INFO  (ext): Connection explorer changed. Will be updated.
    ns: "conn-man:explorer"
[1784353920448] INFO  (ext): Connection explorer changed. Will be updated.
    ns: "conn-man:explorer"
[1784353997183] INFO  (ext): Connection explorer changed. Will be updated.
    ns: "conn-man:explorer"
[1784354016653] INFO  (ext): Connection explorer changed. Will be updated.
    ns: "conn-man:explorer"
[1784354521115] INFO  (ext): Connection explorer changed. Will be updated.
    ns: "conn-man:explorer"
[1784355591450] INFO  (ext): Connection explorer changed. Will be updated.
    ns: "conn-man:explorer"
[1784355681005] INFO  (ext): Connection explorer changed. Will be updated.
    ns: "conn-man:explorer"
[1784355778474] INFO  (ext): Connection explorer changed. Will be updated.
    ns: "conn-man:explorer"
[1784355960455] INFO  (ext): Connection explorer changed. Will be updated.
    ns: "conn-man:explorer"
