[1784085348094] INFO  (ext): SQLTools is starting
[1784085348096] INFO  (ext): initializing language client...
[1784085348171] INFO  (ext): Registering client for languages [{"scheme":"sqltools"},{"language":"sql","scheme":"untitled"},{"language":"sql","scheme":"file"},{"language":"sql","scheme":"sqltools"}]
    ns: "lc"
[1784085348176] INFO  (ext): loading plugins...
[1784085348176] INFO  (ext): registering Formatter Plugin.
    plugin: {
      "name": "Formatter Plugin"
    }
[1784085348176] INFO  (ext): registering Connection Manager Plugin.
    plugin: {
      "name": "Connection Manager Plugin"
    }
[1784085348177] INFO  (ext): registering CodeLens Plugin.
    plugin: {
      "name": "CodeLens Plugin",
      "registeredLanguages": []
    }
[1784085348177] INFO  (ext): registering Dependency Manager Plugin.
    plugin: {
      "name": "Dependency Manager Plugin",
      "installingDrivers": []
    }
[1784085348178] INFO  (ext): Connection explorer changed. Will be updated.
    ns: "conn-man:explorer"
[1784085348179] INFO  (ext): registering History Manager Plugin.
    plugin: {
      "name": "History Manager Plugin"
    }
[1784085348179] INFO  (ext): registering Bookmarks Manager Plugin.
    plugin: {
      "name": "Bookmarks Manager Plugin"
    }
[1784085348180] INFO  (ext): registering Authentication Provider Plugin.
    plugin: {
      "name": "Authentication Provider Plugin",
      "isRegistered": false
    }
[1784085348180] INFO  (ext): registering Object Drop-in Provider (plugin).
    plugin: {
      "type": "plugin",
      "name": "Object Drop-in Provider",
      "isRegistered": false
    }
[1784085348180] INFO  (ext): SQLTools activation completed. 86.751246 ms
[1784085348183] INFO  (ext): Formatter Plugin registered!
[1784085348184] INFO  (ext): CodeLens Plugin registered!
[1784085348184] INFO  (ext): Dependency Manager Plugin registered!
[1784085348184] INFO  (ext): Connection Manager Plugin registered!
[1784085348184] INFO  (ext): History Manager Plugin registered!
[1784085348184] INFO  (ext): Bookmarks Manager Plugin registered!
[1784085348184] INFO  (ext): Authentication Provider Plugin registered!
[1784085348184] INFO  (ext): Object Drop-in Provider (plugin) registered!
[1784085350019] INFO  (ext): EXECUTING COMMAND => sqltools.refreshTree
[1784085350020] INFO  (ext): Connection explorer changed. Will be updated.
    ns: "conn-man:explorer"
[1784085351966] INFO  (ext): Connection explorer changed. Will be updated.
    ns: "conn-man:explorer"
[1784085350127] INFO  (ls): SQLTools Server started!
===============================
Using node runtime?: yes
ExecPath: /opt/nodejs/node-v22.19.0-linux-x64/bin/node v22.19.0
===============================
[1784085350129] INFO  (ls): User defined env vars
===============================
{"PATH":"/usr/local/sbin:/usr/local/bin:/usr/sbin:/usr/bin:/sbin:/bin:/home/user/.node_modules_global/bin"}
===============================:
[1784085351971] INFO  (ext): LanguageClient ready
    ns: "lc"
[1784085351969] INFO  (ls): Initialized with node version:v22.19.0
[1784085354823] INFO  (ext): registering SQLite Plugin (driver).
    plugin: {
      "extensionId": "mtxr.sqltools-driver-sqlite",
      "name": "SQLite Plugin",
      "type": "driver"
    }
[1784085354824] INFO  (ls): REQUEST RECEIVED => ls/RegisterPlugin
[1784085354824] INFO  (ls): request to register plugin: "/extbin/local/openvscode-server/extensions/mtxr.sqltools-driver-sqlite-0.5.0/out/ls/plugin.js"
[1784085354847] INFO  (ls): Driver sqlite registered!
    place: "driver-map"
    ns: "ls-context"
[1784085355687] INFO  (ext): SQLite Plugin (driver) registered!
[1784085357428] INFO  (ext): EXECUTING COMMAND => sqltools.refreshTree
[1784085357428] INFO  (ext): Connection explorer changed. Will be updated.
    ns: "conn-man:explorer"
[1784085368109] INFO  (ext): Connection explorer changed. Will be updated.
    ns: "conn-man:explorer"
[1784085553205] INFO  (ext): Connection explorer changed. Will be updated.
    ns: "conn-man:explorer"
[1784085567673] INFO  (ext): Connection explorer changed. Will be updated.
    ns: "conn-man:explorer"
[1784085567677] INFO  (ext): Connection explorer changed. Will be updated.
    ns: "conn-man:explorer"
[1784085571552] INFO  (ext): Connection explorer changed. Will be updated.
    ns: "conn-man:explorer"
[1784085897188] INFO  (ext): Connection explorer changed. Will be updated.
    ns: "conn-man:explorer"
[1784085915113] INFO  (ext): Connection explorer changed. Will be updated.
    ns: "conn-man:explorer"
[1784085932585] INFO  (ext): Connection explorer changed. Will be updated.
    ns: "conn-man:explorer"
[1784085932616] INFO  (ext): Connection explorer changed. Will be updated.
    ns: "conn-man:explorer"
[1784086035228] INFO  (ext): Connection explorer changed. Will be updated.
    ns: "conn-man:explorer"
[1784086520798] INFO  (ext): Connection explorer changed. Will be updated.
    ns: "conn-man:explorer"
[1784086824808] INFO  (ext): Connection explorer changed. Will be updated.
    ns: "conn-man:explorer"
[1784087345239] INFO  (ext): Connection explorer changed. Will be updated.
    ns: "conn-man:explorer"
[1784087509118] INFO  (ext): Connection explorer changed. Will be updated.
    ns: "conn-man:explorer"
