   create SAP-Config-1784086148940.json
   create demoprog/xs-security.json
          
No change to package.json was detected. No package manager install will be executed.
    force ../../../home/user/projects/demoprog/package.json
   create ../../../home/user/projects/demoprog/app/project1/ui5.yaml
   create ../../../home/user/projects/demoprog/app/project1/ui5-deploy.yaml
   create ../../../home/user/projects/demoprog/app/project1/webapp/Component.js
   create ../../../home/user/projects/demoprog/app/project1/webapp/index.html
   create ../../../home/user/projects/demoprog/app/project1/webapp/manifest.json
   create ../../../home/user/projects/demoprog/app/project1/webapp/i18n/i18n.properties
   create ../../../home/user/projects/demoprog/app/project1/package.json
   create ../../../home/user/projects/demoprog/app/project1/eslint.config.mjs
   create ../../../home/user/projects/demoprog/app/project1/annotations.cds
   create ../../../home/user/projects/demoprog/app/services.cds
   create ../../../home/user/projects/demoprog/app/project1/webapp/test/integration/pages/BooksList.gen.js
   create ../../../home/user/projects/demoprog/app/project1/webapp/test/integration/pages/BooksObjectPage.gen.js
   create ../../../home/user/projects/demoprog/app/project1/webapp/test/integration/pages/JourneyRunner.js
   create ../../../home/user/projects/demoprog/app/project1/webapp/test/integration/BooksListJourney.gen.js
   create ../../../home/user/projects/demoprog/app/project1/webapp/test/integration/BooksObjectPageJourney.gen.js
   create ../../../home/user/projects/demoprog/app/project1/README.md
   create ../../../home/user/projects/demoprog/app/project1/.appGenInfo.json
   create ../../../home/user/projects/demoprog/app/project1/xs-app.json
          
No change to package.json was detected. No package manager install will be executed.
The files have been generated.
