[1784108403596] INFO  (ext): SQLTools is starting
[1784108403597] INFO  (ext): initializing language client...
[1784108403666] INFO  (ext): Registering client for languages [{"scheme":"sqltools"},{"language":"sql","scheme":"untitled"},{"language":"sql","scheme":"file"},{"language":"sql","scheme":"sqltools"}]
    ns: "lc"
[1784108403698] INFO  (ext): loading plugins...
[1784108403698] INFO  (ext): registering Formatter Plugin.
    plugin: {
      "name": "Formatter Plugin"
    }
[1784108403698] INFO  (ext): registering Connection Manager Plugin.
    plugin: {
      "name": "Connection Manager Plugin"
    }
[1784108403699] INFO  (ext): registering CodeLens Plugin.
    plugin: {
      "name": "CodeLens Plugin",
      "registeredLanguages": []
    }
[1784108403700] INFO  (ext): registering Dependency Manager Plugin.
    plugin: {
      "name": "Dependency Manager Plugin",
      "installingDrivers": []
    }
[1784108403700] INFO  (ext): Connection explorer changed. Will be updated.
    ns: "conn-man:explorer"
[1784108403701] INFO  (ext): registering History Manager Plugin.
    plugin: {
      "name": "History Manager Plugin"
    }
[1784108403701] INFO  (ext): registering Bookmarks Manager Plugin.
    plugin: {
      "name": "Bookmarks Manager Plugin"
    }
[1784108403701] INFO  (ext): registering Authentication Provider Plugin.
    plugin: {
      "name": "Authentication Provider Plugin",
      "isRegistered": false
    }
[1784108403702] INFO  (ext): registering Object Drop-in Provider (plugin).
    plugin: {
      "type": "plugin",
      "name": "Object Drop-in Provider",
      "isRegistered": false
    }
[1784108403702] INFO  (ext): SQLTools activation completed. 106.321154 ms
[1784108403708] INFO  (ext): Formatter Plugin registered!
[1784108403708] INFO  (ext): CodeLens Plugin registered!
[1784108403708] INFO  (ext): Dependency Manager Plugin registered!
[1784108403709] INFO  (ext): Connection Manager Plugin registered!
[1784108403709] INFO  (ext): History Manager Plugin registered!
[1784108403709] INFO  (ext): Bookmarks Manager Plugin registered!
[1784108403709] INFO  (ext): Authentication Provider Plugin registered!
[1784108403709] INFO  (ext): Object Drop-in Provider (plugin) registered!
[1784108405841] INFO  (ext): EXECUTING COMMAND => sqltools.refreshTree
[1784108405841] INFO  (ext): Connection explorer changed. Will be updated.
    ns: "conn-man:explorer"
[1784108405841] INFO  (ext): Connection explorer changed. Will be updated.
    ns: "conn-man:explorer"
[1784108406081] INFO  (ls): SQLTools Server started!
===============================
Using node runtime?: yes
ExecPath: /opt/nodejs/node-v22.19.0-linux-x64/bin/node v22.19.0
===============================
[1784108406084] INFO  (ls): User defined env vars
===============================
{"PATH":"/usr/local/sbin:/usr/local/bin:/usr/sbin:/usr/bin:/sbin:/bin:/home/user/.node_modules_global/bin"}
===============================:
[1784108408085] INFO  (ext): LanguageClient ready
    ns: "lc"
[1784108408084] INFO  (ls): Initialized with node version:v22.19.0
[1784108409535] INFO  (ext): registering SQLite Plugin (driver).
    plugin: {
      "extensionId": "mtxr.sqltools-driver-sqlite",
      "name": "SQLite Plugin",
      "type": "driver"
    }
[1784108409536] INFO  (ls): REQUEST RECEIVED => ls/RegisterPlugin
[1784108409536] INFO  (ls): request to register plugin: "/extbin/local/openvscode-server/extensions/mtxr.sqltools-driver-sqlite-0.5.0/out/ls/plugin.js"
[1784108409558] INFO  (ls): Driver sqlite registered!
    place: "driver-map"
    ns: "ls-context"
[1784108410284] INFO  (ext): SQLite Plugin (driver) registered!
[1784108411624] INFO  (ext): EXECUTING COMMAND => sqltools.refreshTree
[1784108411624] INFO  (ext): Connection explorer changed. Will be updated.
    ns: "conn-man:explorer"
[1784108416240] INFO  (ext): Connection explorer changed. Will be updated.
    ns: "conn-man:explorer"
[1784108420139] INFO  (ext): Connection explorer changed. Will be updated.
    ns: "conn-man:explorer"
[1784108425804] INFO  (ext): Connection explorer changed. Will be updated.
    ns: "conn-man:explorer"
[1784108431229] INFO  (ext): Connection explorer changed. Will be updated.
    ns: "conn-man:explorer"
[1784109262109] INFO  (ext): Connection explorer changed. Will be updated.
    ns: "conn-man:explorer"
[1784109476563] INFO  (ext): Connection explorer changed. Will be updated.
    ns: "conn-man:explorer"
[1784111277689] INFO  (ext): Connection explorer changed. Will be updated.
    ns: "conn-man:explorer"
[1784111341659] INFO  (ext): Connection explorer changed. Will be updated.
    ns: "conn-man:explorer"
[1784111359249] INFO  (ext): Connection explorer changed. Will be updated.
    ns: "conn-man:explorer"
[1784111897359] INFO  (ext): Connection explorer changed. Will be updated.
    ns: "conn-man:explorer"
