[1784027501305] INFO  (ext): SQLTools is starting
[1784027501309] INFO  (ext): initializing language client...
[1784027501384] INFO  (ext): Registering client for languages [{"scheme":"sqltools"},{"language":"sql","scheme":"untitled"},{"language":"sql","scheme":"file"},{"language":"sql","scheme":"sqltools"}]
    ns: "lc"
[1784027501392] INFO  (ext): loading plugins...
[1784027501392] INFO  (ext): registering Formatter Plugin.
    plugin: {
      "name": "Formatter Plugin"
    }
[1784027501392] INFO  (ext): registering Connection Manager Plugin.
    plugin: {
      "name": "Connection Manager Plugin"
    }
[1784027501393] INFO  (ext): registering CodeLens Plugin.
    plugin: {
      "name": "CodeLens Plugin",
      "registeredLanguages": []
    }
[1784027501393] INFO  (ext): registering Dependency Manager Plugin.
    plugin: {
      "name": "Dependency Manager Plugin",
      "installingDrivers": []
    }
[1784027501394] INFO  (ext): Connection explorer changed. Will be updated.
    ns: "conn-man:explorer"
[1784027501394] INFO  (ext): registering History Manager Plugin.
    plugin: {
      "name": "History Manager Plugin"
    }
[1784027501395] INFO  (ext): registering Bookmarks Manager Plugin.
    plugin: {
      "name": "Bookmarks Manager Plugin"
    }
[1784027501395] INFO  (ext): registering Authentication Provider Plugin.
    plugin: {
      "name": "Authentication Provider Plugin",
      "isRegistered": false
    }
[1784027501395] INFO  (ext): registering Object Drop-in Provider (plugin).
    plugin: {
      "type": "plugin",
      "name": "Object Drop-in Provider",
      "isRegistered": false
    }
[1784027501396] INFO  (ext): SQLTools activation completed. 91.093806 ms
[1784027501399] INFO  (ext): Formatter Plugin registered!
[1784027501399] INFO  (ext): CodeLens Plugin registered!
[1784027501399] INFO  (ext): Dependency Manager Plugin registered!
[1784027501399] INFO  (ext): Connection Manager Plugin registered!
[1784027501399] INFO  (ext): History Manager Plugin registered!
[1784027501399] INFO  (ext): Bookmarks Manager Plugin registered!
[1784027501399] INFO  (ext): Authentication Provider Plugin registered!
[1784027501399] INFO  (ext): Object Drop-in Provider (plugin) registered!
[1784027503071] INFO  (ext): EXECUTING COMMAND => sqltools.refreshTree
[1784027503071] INFO  (ext): Connection explorer changed. Will be updated.
    ns: "conn-man:explorer"
[1784027505096] INFO  (ext): Connection explorer changed. Will be updated.
    ns: "conn-man:explorer"
[1784027503175] INFO  (ls): SQLTools Server started!
===============================
Using node runtime?: yes
ExecPath: /opt/nodejs/node-v22.19.0-linux-x64/bin/node v22.19.0
===============================
[1784027503178] INFO  (ls): User defined env vars
===============================
{"PATH":"/usr/local/sbin:/usr/local/bin:/usr/sbin:/usr/bin:/sbin:/bin:/home/user/.node_modules_global/bin"}
===============================:
[1784027505102] INFO  (ext): LanguageClient ready
    ns: "lc"
[1784027505100] INFO  (ls): Initialized with node version:v22.19.0
[1784027505576] INFO  (ext): registering SQLite Plugin (driver).
    plugin: {
      "extensionId": "mtxr.sqltools-driver-sqlite",
      "name": "SQLite Plugin",
      "type": "driver"
    }
[1784027505577] INFO  (ls): REQUEST RECEIVED => ls/RegisterPlugin
[1784027505577] INFO  (ls): request to register plugin: "/extbin/local/openvscode-server/extensions/mtxr.sqltools-driver-sqlite-0.5.0/out/ls/plugin.js"
[1784027505601] INFO  (ls): Driver sqlite registered!
    place: "driver-map"
    ns: "ls-context"
[1784027506402] INFO  (ext): SQLite Plugin (driver) registered!
[1784027507450] INFO  (ext): EXECUTING COMMAND => sqltools.refreshTree
[1784027507450] INFO  (ext): Connection explorer changed. Will be updated.
    ns: "conn-man:explorer"
[1784027515324] INFO  (ext): Connection explorer changed. Will be updated.
    ns: "conn-man:explorer"
[1784027519609] INFO  (ext): Connection explorer changed. Will be updated.
    ns: "conn-man:explorer"
[1784027522769] INFO  (ext): Connection explorer changed. Will be updated.
    ns: "conn-man:explorer"
[1784027523354] INFO  (ext): Connection explorer changed. Will be updated.
    ns: "conn-man:explorer"
[1784027524725] INFO  (ext): Connection explorer changed. Will be updated.
    ns: "conn-man:explorer"
[1784027525749] INFO  (ext): Connection explorer changed. Will be updated.
    ns: "conn-man:explorer"
[1784027528144] INFO  (ext): Connection explorer changed. Will be updated.
    ns: "conn-man:explorer"
[1784027528444] INFO  (ext): Connection explorer changed. Will be updated.
    ns: "conn-man:explorer"
[1784027529442] INFO  (ext): Connection explorer changed. Will be updated.
    ns: "conn-man:explorer"
[1784027530744] INFO  (ext): Connection explorer changed. Will be updated.
    ns: "conn-man:explorer"
[1784027532769] INFO  (ext): Connection explorer changed. Will be updated.
    ns: "conn-man:explorer"
[1784027533634] INFO  (ext): Connection explorer changed. Will be updated.
    ns: "conn-man:explorer"
[1784027533909] INFO  (ext): Connection explorer changed. Will be updated.
    ns: "conn-man:explorer"
[1784027538962] INFO  (ext): Connection explorer changed. Will be updated.
    ns: "conn-man:explorer"
[1784027544184] INFO  (ext): Connection explorer changed. Will be updated.
    ns: "conn-man:explorer"
[1784027549324] INFO  (ext): Connection explorer changed. Will be updated.
    ns: "conn-man:explorer"
[1784027554384] INFO  (ext): Connection explorer changed. Will be updated.
    ns: "conn-man:explorer"
[1784027559039] INFO  (ext): Connection explorer changed. Will be updated.
    ns: "conn-man:explorer"
[1784027564069] INFO  (ext): Connection explorer changed. Will be updated.
    ns: "conn-man:explorer"
[1784027569739] INFO  (ext): Connection explorer changed. Will be updated.
    ns: "conn-man:explorer"
[1784027574364] INFO  (ext): Connection explorer changed. Will be updated.
    ns: "conn-man:explorer"
[1784027578314] INFO  (ext): Connection explorer changed. Will be updated.
    ns: "conn-man:explorer"
[1784027583264] INFO  (ext): Connection explorer changed. Will be updated.
    ns: "conn-man:explorer"
[1784027587664] INFO  (ext): Connection explorer changed. Will be updated.
    ns: "conn-man:explorer"
[1784027591549] INFO  (ext): Connection explorer changed. Will be updated.
    ns: "conn-man:explorer"
[1784027597864] INFO  (ext): Connection explorer changed. Will be updated.
    ns: "conn-man:explorer"
[1784027602239] INFO  (ext): Connection explorer changed. Will be updated.
    ns: "conn-man:explorer"
[1784027608004] INFO  (ext): Connection explorer changed. Will be updated.
    ns: "conn-man:explorer"
[1784027612289] INFO  (ext): Connection explorer changed. Will be updated.
    ns: "conn-man:explorer"
[1784027616584] INFO  (ext): Connection explorer changed. Will be updated.
    ns: "conn-man:explorer"
[1784027621254] INFO  (ext): Connection explorer changed. Will be updated.
    ns: "conn-man:explorer"
[1784027626074] INFO  (ext): Connection explorer changed. Will be updated.
    ns: "conn-man:explorer"
[1784027631349] INFO  (ext): Connection explorer changed. Will be updated.
    ns: "conn-man:explorer"
[1784027637379] INFO  (ext): Connection explorer changed. Will be updated.
    ns: "conn-man:explorer"
