[1784106000623] INFO  (ext): SQLTools is starting
[1784106000625] INFO  (ext): initializing language client...
[1784106000699] INFO  (ext): Registering client for languages [{"scheme":"sqltools"},{"language":"sql","scheme":"untitled"},{"language":"sql","scheme":"file"},{"language":"sql","scheme":"sqltools"}]
    ns: "lc"
[1784106000707] INFO  (ext): loading plugins...
[1784106000707] INFO  (ext): registering Formatter Plugin.
    plugin: {
      "name": "Formatter Plugin"
    }
[1784106000708] INFO  (ext): registering Connection Manager Plugin.
    plugin: {
      "name": "Connection Manager Plugin"
    }
[1784106000708] INFO  (ext): registering CodeLens Plugin.
    plugin: {
      "name": "CodeLens Plugin",
      "registeredLanguages": []
    }
[1784106000709] INFO  (ext): registering Dependency Manager Plugin.
    plugin: {
      "name": "Dependency Manager Plugin",
      "installingDrivers": []
    }
[1784106000709] INFO  (ext): Connection explorer changed. Will be updated.
    ns: "conn-man:explorer"
[1784106000710] INFO  (ext): registering History Manager Plugin.
    plugin: {
      "name": "History Manager Plugin"
    }
[1784106000710] INFO  (ext): registering Bookmarks Manager Plugin.
    plugin: {
      "name": "Bookmarks Manager Plugin"
    }
[1784106000711] INFO  (ext): registering Authentication Provider Plugin.
    plugin: {
      "name": "Authentication Provider Plugin",
      "isRegistered": false
    }
[1784106000711] INFO  (ext): registering Object Drop-in Provider (plugin).
    plugin: {
      "type": "plugin",
      "name": "Object Drop-in Provider",
      "isRegistered": false
    }
[1784106000711] INFO  (ext): SQLTools activation completed. 87.745099 ms
[1784106000722] INFO  (ext): Formatter Plugin registered!
[1784106000722] INFO  (ext): CodeLens Plugin registered!
[1784106000722] INFO  (ext): Dependency Manager Plugin registered!
[1784106000722] INFO  (ext): Connection Manager Plugin registered!
[1784106000722] INFO  (ext): History Manager Plugin registered!
[1784106000722] INFO  (ext): Bookmarks Manager Plugin registered!
[1784106000722] INFO  (ext): Authentication Provider Plugin registered!
[1784106000722] INFO  (ext): Object Drop-in Provider (plugin) registered!
[1784106002309] INFO  (ext): EXECUTING COMMAND => sqltools.refreshTree
[1784106002309] INFO  (ext): Connection explorer changed. Will be updated.
    ns: "conn-man:explorer"
[1784106000819] INFO  (ls): SQLTools Server started!
===============================
Using node runtime?: yes
ExecPath: /opt/nodejs/node-v22.19.0-linux-x64/bin/node v22.19.0
===============================
[1784106000821] INFO  (ls): User defined env vars
===============================
{"PATH":"/usr/local/sbin:/usr/local/bin:/usr/sbin:/usr/bin:/sbin:/bin:/home/user/.node_modules_global/bin"}
===============================:
[1784106002326] INFO  (ext): LanguageClient ready
    ns: "lc"
[1784106002325] INFO  (ls): Initialized with node version:v22.19.0
[1784106003927] INFO  (ext): Connection explorer changed. Will be updated.
    ns: "conn-man:explorer"
[1784106004994] INFO  (ext): Connection explorer changed. Will be updated.
    ns: "conn-man:explorer"
[1784106005124] INFO  (ext): registering SQLite Plugin (driver).
    plugin: {
      "extensionId": "mtxr.sqltools-driver-sqlite",
      "name": "SQLite Plugin",
      "type": "driver"
    }
[1784106005125] INFO  (ls): REQUEST RECEIVED => ls/RegisterPlugin
[1784106005125] INFO  (ls): request to register plugin: "/extbin/local/openvscode-server/extensions/mtxr.sqltools-driver-sqlite-0.5.0/out/ls/plugin.js"
[1784106005148] INFO  (ls): Driver sqlite registered!
    place: "driver-map"
    ns: "ls-context"
[1784106005863] INFO  (ext): SQLite Plugin (driver) registered!
[1784106005899] INFO  (ext): Connection explorer changed. Will be updated.
    ns: "conn-man:explorer"
[1784106007020] INFO  (ext): EXECUTING COMMAND => sqltools.refreshTree
[1784106007020] INFO  (ext): Connection explorer changed. Will be updated.
    ns: "conn-man:explorer"
[1784106012386] INFO  (ext): Connection explorer changed. Will be updated.
    ns: "conn-man:explorer"
[1784106012391] INFO  (ext): Connection explorer changed. Will be updated.
    ns: "conn-man:explorer"
