{
  "label": "hana-project-explorer",
  "level": "error",
  "message": "The \"/home/user/projects/Approuter/gen/db\" folder does not exist; cannot create deploy task",
  "time": "2026-07-15T08:45:11.573Z"
}
{
  "label": "hana-project-explorer",
  "level": "error",
  "message": "Could not read content from \"/home/user/projects/Approuter/db/src/.hdiconfig\" path: ENOENT: no such file or directory, open '/home/user/projects/Approuter/db/src/.hdiconfig'",
  "time": "2026-07-15T08:45:38.583Z"
}
{
  "label": "hana-project-explorer",
  "level": "error",
  "message": "Could not read content from \"/home/user/projects/Approuter/db/src/.hdiconfig\" path: ENOENT: no such file or directory, open '/home/user/projects/Approuter/db/src/.hdiconfig'",
  "time": "2026-07-15T08:45:52.512Z"
}
{
  "label": "hana-project-explorer",
  "level": "error",
  "message": "Could not read content from \"/home/user/projects/Approuter/db/src/.hdiconfig\" path: ENOENT: no such file or directory, open '/home/user/projects/Approuter/db/src/.hdiconfig'",
  "time": "2026-07-15T08:45:54.629Z"
}
{
  "label": "hana-project-explorer",
  "level": "error",
  "message": "Could not read content from \"/home/user/projects/Approuter/db/src/.hdiconfig\" path: ENOENT: no such file or directory, open '/home/user/projects/Approuter/db/src/.hdiconfig'",
  "time": "2026-07-15T08:46:48.344Z"
}
{
  "label": "hana-project-explorer",
  "level": "error",
  "message": "Could not read content from \"/home/user/projects/Approuter/db/src/.hdiconfig\" path: ENOENT: no such file or directory, open '/home/user/projects/Approuter/db/src/.hdiconfig'",
  "time": "2026-07-15T08:46:48.345Z"
}
{
  "label": "hana-project-explorer",
  "level": "error",
  "message": "Could not read content from \"/home/user/projects/Approuter/db/src/.hdiconfig\" path: ENOENT: no such file or directory, open '/home/user/projects/Approuter/db/src/.hdiconfig'",
  "time": "2026-07-15T08:47:08.720Z"
}
{
  "label": "hana-project-explorer",
  "level": "error",
  "message": "Could not read content from \"/home/user/projects/Approuter/db/src/.hdiconfig\" path: ENOENT: no such file or directory, open '/home/user/projects/Approuter/db/src/.hdiconfig'",
  "time": "2026-07-15T08:47:08.720Z"
}
{
  "label": "hana-project-explorer",
  "level": "error",
  "message": "Could not read content from \"/home/user/projects/Approuter/db/src/.hdiconfig\" path: ENOENT: no such file or directory, open '/home/user/projects/Approuter/db/src/.hdiconfig'",
  "time": "2026-07-15T08:47:12.274Z"
}
{
  "label": "hana-project-explorer",
  "level": "error",
  "message": "Could not read content from \"/home/user/projects/Approuter/db/src/.hdiconfig\" path: ENOENT: no such file or directory, open '/home/user/projects/Approuter/db/src/.hdiconfig'",
  "time": "2026-07-15T08:47:13.373Z"
}
{
  "label": "hana-project-explorer",
  "level": "error",
  "message": "Could not read content from \"/home/user/projects/Approuter/db/src/.hdiconfig\" path: ENOENT: no such file or directory, open '/home/user/projects/Approuter/db/src/.hdiconfig'",
  "time": "2026-07-15T08:47:14.546Z"
}
{
  "label": "hana-project-explorer",
  "level": "error",
  "message": "Could not read content from \"/home/user/projects/Approuter/db/src/.hdiconfig\" path: ENOENT: no such file or directory, open '/home/user/projects/Approuter/db/src/.hdiconfig'",
  "time": "2026-07-15T08:47:15.571Z"
}
{
  "label": "hana-project-explorer",
  "level": "error",
  "message": "Could not read content from \"/home/user/projects/Approuter/db/src/.hdiconfig\" path: ENOENT: no such file or directory, open '/home/user/projects/Approuter/db/src/.hdiconfig'",
  "time": "2026-07-15T08:47:16.737Z"
}
{
  "label": "hana-project-explorer",
  "level": "error",
  "message": "Could not read content from \"/home/user/projects/Approuter/db/src/.hdiconfig\" path: ENOENT: no such file or directory, open '/home/user/projects/Approuter/db/src/.hdiconfig'",
  "time": "2026-07-15T08:47:16.737Z"
}
{
  "label": "hana-project-explorer",
  "level": "error",
  "message": "Could not read content from \"/home/user/projects/Approuter/db/src/.hdiconfig\" path: ENOENT: no such file or directory, open '/home/user/projects/Approuter/db/src/.hdiconfig'",
  "time": "2026-07-15T08:47:17.901Z"
}
{
  "label": "hana-project-explorer",
  "level": "error",
  "message": "Could not read content from \"/home/user/projects/Approuter/db/src/.hdiconfig\" path: ENOENT: no such file or directory, open '/home/user/projects/Approuter/db/src/.hdiconfig'",
  "time": "2026-07-15T08:47:18.934Z"
}
{
  "label": "hana-project-explorer",
  "level": "error",
  "message": "Could not read content from \"/home/user/projects/Approuter/db/src/.hdiconfig\" path: ENOENT: no such file or directory, open '/home/user/projects/Approuter/db/src/.hdiconfig'",
  "time": "2026-07-15T08:47:21.697Z"
}
{
  "label": "hana-project-explorer",
  "level": "error",
  "message": "Could not read content from \"/home/user/projects/Approuter/db/src/.hdiconfig\" path: ENOENT: no such file or directory, open '/home/user/projects/Approuter/db/src/.hdiconfig'",
  "time": "2026-07-15T08:47:25.850Z"
}
{
  "label": "hana-project-explorer",
  "level": "error",
  "message": "Could not read content from \"/home/user/projects/Approuter/db/src/.hdiconfig\" path: ENOENT: no such file or directory, open '/home/user/projects/Approuter/db/src/.hdiconfig'",
  "time": "2026-07-15T08:47:28.620Z"
}
{
  "label": "hana-project-explorer",
  "level": "error",
  "message": "Could not read content from \"/home/user/projects/Approuter/db/src/.hdiconfig\" path: ENOENT: no such file or directory, open '/home/user/projects/Approuter/db/src/.hdiconfig'",
  "time": "2026-07-15T08:47:29.410Z"
}
{
  "label": "hana-project-explorer",
  "level": "error",
  "message": "Could not read content from \"/home/user/projects/Approuter/db/src/.hdiconfig\" path: ENOENT: no such file or directory, open '/home/user/projects/Approuter/db/src/.hdiconfig'",
  "time": "2026-07-15T08:47:31.601Z"
}
{
  "label": "hana-project-explorer",
  "level": "error",
  "message": "Could not read content from \"/home/user/projects/Approuter/db/src/.hdiconfig\" path: ENOENT: no such file or directory, open '/home/user/projects/Approuter/db/src/.hdiconfig'",
  "time": "2026-07-15T08:47:33.921Z"
}
{
  "label": "hana-project-explorer",
  "level": "error",
  "message": "Could not read content from \"/home/user/projects/Approuter/db/src/.hdiconfig\" path: ENOENT: no such file or directory, open '/home/user/projects/Approuter/db/src/.hdiconfig'",
  "time": "2026-07-15T08:47:52.405Z"
}
{
  "label": "hana-project-explorer",
  "level": "error",
  "message": "Error while reading package.json, using defaults",
  "time": "2026-07-15T08:49:35.394Z"
}
{
  "label": "hana-project-explorer",
  "level": "error",
  "message": "Error while reading package.json, using defaults",
  "time": "2026-07-15T08:49:35.394Z"
}
{
  "label": "hana-project-explorer",
  "level": "error",
  "message": "Error while reading package.json, using defaults",
  "time": "2026-07-15T08:49:36.840Z"
}
{
  "label": "hana-project-explorer",
  "level": "error",
  "message": "Error while reading package.json, using defaults",
  "time": "2026-07-15T08:49:36.840Z"
}
{
  "label": "hana-project-explorer",
  "level": "error",
  "message": "Error while reading package.json, using defaults",
  "time": "2026-07-15T08:49:42.068Z"
}
{
  "label": "hana-project-explorer",
  "level": "error",
  "message": "Error while reading package.json, using defaults",
  "time": "2026-07-15T08:49:42.068Z"
}
{
  "label": "hana-project-explorer",
  "level": "error",
  "message": "Error while reading package.json, using defaults",
  "time": "2026-07-15T08:49:42.072Z"
}
{
  "label": "hana-project-explorer",
  "level": "error",
  "message": "Error while reading package.json, using defaults",
  "time": "2026-07-15T08:49:42.072Z"
}
{
  "label": "hana-project-explorer",
  "level": "error",
  "message": "Could not parse .env file: The module path \"/home/user/projects/Approuter/gen/db\" is not a valid CAP DB module path.",
  "time": "2026-07-15T08:50:03.234Z"
}
{
  "label": "hana-project-explorer",
  "level": "error",
  "message": "Could not read content from \"/home/user/projects/Approuter/db/src/.hdiconfig\" path: ENOENT: no such file or directory, open '/home/user/projects/Approuter/db/src/.hdiconfig'",
  "time": "2026-07-15T08:50:22.069Z"
}
{
  "label": "hana-project-explorer",
  "level": "error",
  "message": "Could not read content from \"/home/user/projects/Approuter/gen/db/src/.hdiconfig\" path: ENOENT: no such file or directory, open '/home/user/projects/Approuter/gen/db/src/.hdiconfig'",
  "time": "2026-07-15T08:51:56.502Z"
}
{
  "label": "hana-project-explorer",
  "level": "error",
  "message": "Could not parse structured log entry '': Unexpected end of JSON input",
  "time": "2026-07-15T08:52:04.411Z"
}
{
  "label": "hana-project-explorer",
  "level": "error",
  "message": "Could not read content from \"/home/user/projects/Approuter/db/src/.hdiconfig\" path: ENOENT: no such file or directory, open '/home/user/projects/Approuter/db/src/.hdiconfig'",
  "time": "2026-07-15T08:56:48.956Z"
}
{
  "label": "hana-project-explorer",
  "level": "error",
  "message": "Could not read content from \"/home/user/projects/Approuter/db/src/.hdiconfig\" path: ENOENT: no such file or directory, open '/home/user/projects/Approuter/db/src/.hdiconfig'",
  "time": "2026-07-15T08:56:54.628Z"
}
{
  "label": "hana-project-explorer",
  "level": "error",
  "message": "Could not read content from \"/home/user/projects/Approuter/db/src/.hdiconfig\" path: ENOENT: no such file or directory, open '/home/user/projects/Approuter/db/src/.hdiconfig'",
  "time": "2026-07-15T08:56:57.958Z"
}
{
  "label": "hana-project-explorer",
  "level": "error",
  "message": "Could not read content from \"/home/user/projects/Approuter/db/src/.hdiconfig\" path: ENOENT: no such file or directory, open '/home/user/projects/Approuter/db/src/.hdiconfig'",
  "time": "2026-07-15T08:56:58.342Z"
}
{
  "label": "hana-project-explorer",
  "level": "error",
  "message": "Could not read content from \"/home/user/projects/Approuter/db/src/.hdiconfig\" path: ENOENT: no such file or directory, open '/home/user/projects/Approuter/db/src/.hdiconfig'",
  "time": "2026-07-15T08:57:11.995Z"
}
{
  "label": "hana-project-explorer",
  "level": "error",
  "message": "Could not read content from \"/home/user/projects/Approuter/db/src/.hdiconfig\" path: ENOENT: no such file or directory, open '/home/user/projects/Approuter/db/src/.hdiconfig'",
  "time": "2026-07-15T08:57:12.295Z"
}
{
  "label": "hana-project-explorer",
  "level": "error",
  "message": "Could not read content from \"/home/user/projects/Approuter/db/src/.hdiconfig\" path: ENOENT: no such file or directory, open '/home/user/projects/Approuter/db/src/.hdiconfig'",
  "time": "2026-07-15T08:57:14.746Z"
}
{
  "label": "hana-project-explorer",
  "level": "error",
  "message": "Could not read content from \"/home/user/projects/Approuter/db/src/.hdiconfig\" path: ENOENT: no such file or directory, open '/home/user/projects/Approuter/db/src/.hdiconfig'",
  "time": "2026-07-15T08:57:20.441Z"
}
{
  "label": "hana-project-explorer",
  "level": "error",
  "message": "Could not read content from \"/home/user/projects/Approuter/db/src/.hdiconfig\" path: ENOENT: no such file or directory, open '/home/user/projects/Approuter/db/src/.hdiconfig'",
  "time": "2026-07-15T08:57:24.236Z"
}
{
  "label": "hana-project-explorer",
  "level": "error",
  "message": "Could not read content from \"/home/user/projects/Approuter/gen/db/src/.hdiconfig\" path: ENOENT: no such file or directory, open '/home/user/projects/Approuter/gen/db/src/.hdiconfig'",
  "time": "2026-07-15T08:59:01.400Z"
}
{
  "label": "hana-project-explorer",
  "level": "error",
  "message": "Could not parse structured log entry '': Unexpected end of JSON input",
  "time": "2026-07-15T08:59:08.102Z"
}
{
  "label": "hana-project-explorer",
  "level": "error",
  "message": "Error occured in event listener:  Canceled",
  "name": "Canceled",
  "stack": "Canceled: Canceled\n    at ou (file:///extbin/local/openvscode-server/out/vs/workbench/api/node/extensionHostProcess.js:7:1394)\n    at file:///extbin/local/openvscode-server/out/vs/workbench/api/node/extensionHostProcess.js:29:142631\n    at Array.forEach (<anonymous>)\n    at OE.dispose (file:///extbin/local/openvscode-server/out/vs/workbench/api/node/extensionHostProcess.js:29:142571)\n    at mee.terminate (file:///extbin/local/openvscode-server/out/vs/workbench/api/node/extensionHostProcess.js:120:10238)\n    at nR.terminate (file:///extbin/local/openvscode-server/out/vs/workbench/api/node/extensionHostProcess.js:122:914)\n    at Hr (file:///extbin/local/openvscode-server/out/vs/workbench/api/node/extensionHostProcess.js:405:11144)\n    at tf.value (file:///extbin/local/openvscode-server/out/vs/workbench/api/node/extensionHostProcess.js:405:9282)\n    at I.C (file:///extbin/local/openvscode-server/out/vs/workbench/api/node/extensionHostProcess.js:27:2328)\n    at I.fire (file:///extbin/local/openvscode-server/out/vs/workbench/api/node/extensionHostProcess.js:27:2546)\n    at Jo.fire (file:///extbin/local/openvscode-server/out/vs/workbench/api/node/extensionHostProcess.js:29:9471)\n    at w0.A (file:///extbin/local/openvscode-server/out/vs/workbench/api/node/extensionHostProcess.js:29:12585)\n    at tf.value (file:///extbin/local/openvscode-server/out/vs/workbench/api/node/extensionHostProcess.js:29:11006)\n    at I.C (file:///extbin/local/openvscode-server/out/vs/workbench/api/node/extensionHostProcess.js:27:2328)\n    at I.fire (file:///extbin/local/openvscode-server/out/vs/workbench/api/node/extensionHostProcess.js:27:2546)\n    at yC.acceptChunk (file:///extbin/local/openvscode-server/out/vs/workbench/api/node/extensionHostProcess.js:29:7954)\n    at tf.value (file:///extbin/local/openvscode-server/out/vs/workbench/api/node/extensionHostProcess.js:29:7240)\n    at I.C (file:///extbin/local/openvscode-server/out/vs/workbench/api/node/extensionHostProcess.js:27:2328)\n    at I.fire (file:///extbin/local/openvscode-server/out/vs/workbench/api/node/extensionHostProcess.js:27:2546)\n    at WF.w (file:///extbin/local/openvscode-server/out/vs/workbench/api/node/extensionHostProcess.js:29:21762)",
  "time": "2026-07-15T08:59:44.658Z"
}
{
  "label": "hana-project-explorer",
  "level": "error",
  "message": "Error occured in event listener:  Canceled",
  "name": "Canceled",
  "stack": "Canceled: Canceled\n    at new rU (file:///extbin/local/openvscode-server/out/vs/workbench/api/node/extensionHostProcess.js:29:141180)\n    at OE.U (file:///extbin/local/openvscode-server/out/vs/workbench/api/node/extensionHostProcess.js:29:145790)\n    at Proxy.r.<computed>.n.charCodeAt.r.<computed> (file:///extbin/local/openvscode-server/out/vs/workbench/api/node/extensionHostProcess.js:29:143284)\n    at file:///extbin/local/openvscode-server/out/vs/workbench/api/node/extensionHostProcess.js:113:75223\n    at Array.map (<anonymous>)\n    at cA.B (file:///extbin/local/openvscode-server/out/vs/workbench/api/node/extensionHostProcess.js:113:75209)\n    at cA.A (file:///extbin/local/openvscode-server/out/vs/workbench/api/node/extensionHostProcess.js:113:75159)\n    at cA.findFiles (file:///extbin/local/openvscode-server/out/vs/workbench/api/node/extensionHostProcess.js:113:73694)\n    at Object.findFiles (file:///extbin/local/openvscode-server/out/vs/workbench/api/node/extensionHostProcess.js:213:119458)\n    at p (/extbin/local/openvscode-server/extensions/hana-project-explorer-1.38.0-bas/dist/extension.js:1:4277368)\n    at u (/extbin/local/openvscode-server/extensions/hana-project-explorer-1.38.0-bas/dist/extension.js:1:4277247)\n    at t.isHDBModulePath (/extbin/local/openvscode-server/extensions/hana-project-explorer-1.38.0-bas/dist/extension.js:1:4277052)\n    at handleFileChanged (/extbin/local/openvscode-server/extensions/hana-project-explorer-1.38.0-bas/dist/extension.js:1:4075807)\n    at /extbin/local/openvscode-server/extensions/hana-project-explorer-1.38.0-bas/dist/extension.js:1:4078082\n    at /extbin/local/openvscode-server/extensions/hana-project-explorer-1.38.0-bas/dist/extension.js:1:4319227",
  "time": "2026-07-15T08:59:44.664Z"
}
{
  "label": "hana-project-explorer",
  "level": "error",
  "message": "Error occured in event listener:  Canceled",
  "name": "Canceled",
  "stack": "Canceled: Canceled\n    at new rU (file:///extbin/local/openvscode-server/out/vs/workbench/api/node/extensionHostProcess.js:29:141180)\n    at OE.U (file:///extbin/local/openvscode-server/out/vs/workbench/api/node/extensionHostProcess.js:29:145790)\n    at Proxy.r.<computed>.n.charCodeAt.r.<computed> (file:///extbin/local/openvscode-server/out/vs/workbench/api/node/extensionHostProcess.js:29:143284)\n    at file:///extbin/local/openvscode-server/out/vs/workbench/api/node/extensionHostProcess.js:113:75223\n    at Array.map (<anonymous>)\n    at cA.B (file:///extbin/local/openvscode-server/out/vs/workbench/api/node/extensionHostProcess.js:113:75209)\n    at cA.A (file:///extbin/local/openvscode-server/out/vs/workbench/api/node/extensionHostProcess.js:113:75159)\n    at cA.findFiles (file:///extbin/local/openvscode-server/out/vs/workbench/api/node/extensionHostProcess.js:113:73694)\n    at Object.findFiles (file:///extbin/local/openvscode-server/out/vs/workbench/api/node/extensionHostProcess.js:213:119458)\n    at p (/extbin/local/openvscode-server/extensions/hana-project-explorer-1.38.0-bas/dist/extension.js:1:4277368)\n    at u (/extbin/local/openvscode-server/extensions/hana-project-explorer-1.38.0-bas/dist/extension.js:1:4277247)\n    at t.isHDBModulePath (/extbin/local/openvscode-server/extensions/hana-project-explorer-1.38.0-bas/dist/extension.js:1:4277052)\n    at handleFileChanged (/extbin/local/openvscode-server/extensions/hana-project-explorer-1.38.0-bas/dist/extension.js:1:4075807)\n    at /extbin/local/openvscode-server/extensions/hana-project-explorer-1.38.0-bas/dist/extension.js:1:4078082\n    at /extbin/local/openvscode-server/extensions/hana-project-explorer-1.38.0-bas/dist/extension.js:1:4319227",
  "time": "2026-07-15T08:59:44.664Z"
}
{
  "label": "hana-project-explorer",
  "level": "error",
  "message": "Error occured in event listener:  Canceled",
  "name": "Canceled",
  "stack": "Canceled: Canceled\n    at new rU (file:///extbin/local/openvscode-server/out/vs/workbench/api/node/extensionHostProcess.js:29:141180)\n    at OE.U (file:///extbin/local/openvscode-server/out/vs/workbench/api/node/extensionHostProcess.js:29:145790)\n    at Proxy.r.<computed>.n.charCodeAt.r.<computed> (file:///extbin/local/openvscode-server/out/vs/workbench/api/node/extensionHostProcess.js:29:143284)\n    at file:///extbin/local/openvscode-server/out/vs/workbench/api/node/extensionHostProcess.js:113:75223\n    at Array.map (<anonymous>)\n    at cA.B (file:///extbin/local/openvscode-server/out/vs/workbench/api/node/extensionHostProcess.js:113:75209)\n    at cA.A (file:///extbin/local/openvscode-server/out/vs/workbench/api/node/extensionHostProcess.js:113:75159)\n    at cA.findFiles (file:///extbin/local/openvscode-server/out/vs/workbench/api/node/extensionHostProcess.js:113:73694)\n    at Object.findFiles (file:///extbin/local/openvscode-server/out/vs/workbench/api/node/extensionHostProcess.js:213:119458)\n    at p (/extbin/local/openvscode-server/extensions/hana-project-explorer-1.38.0-bas/dist/extension.js:1:4277368)\n    at u (/extbin/local/openvscode-server/extensions/hana-project-explorer-1.38.0-bas/dist/extension.js:1:4277247)\n    at t.isHDBModulePath (/extbin/local/openvscode-server/extensions/hana-project-explorer-1.38.0-bas/dist/extension.js:1:4277052)\n    at handleFileChanged (/extbin/local/openvscode-server/extensions/hana-project-explorer-1.38.0-bas/dist/extension.js:1:4075807)\n    at /extbin/local/openvscode-server/extensions/hana-project-explorer-1.38.0-bas/dist/extension.js:1:4078082\n    at /extbin/local/openvscode-server/extensions/hana-project-explorer-1.38.0-bas/dist/extension.js:1:4319227",
  "time": "2026-07-15T08:59:44.665Z"
}
