{
  "label": "service-center",
  "level": "warn",
  "message": "Activating the 'service-catalog' extension...",
  "time": "2026-07-15T04:18:20.340Z"
}
{
  "label": "service-center",
  "level": "warn",
  "message": "An action has been added for the SAP Fiori project type.",
  "time": "2026-07-15T04:18:20.351Z"
}
{
  "label": "service-center",
  "level": "warn",
  "message": "An action has been added for the SAP Fiori project type.",
  "time": "2026-07-15T04:18:20.351Z"
}
{
  "label": "service-center",
  "level": "warn",
  "message": "An action has been added for the CAP project type.",
  "time": "2026-07-15T04:18:20.351Z"
}
{
  "label": "service-center",
  "level": "warn",
  "message": "An action has been added for the CAP project type.",
  "time": "2026-07-15T04:18:20.351Z"
}
{
  "label": "service-center",
  "level": "warn",
  "message": "An action has been added for the CAP project type.",
  "time": "2026-07-15T04:18:20.352Z"
}
{
  "label": "service-center",
  "level": "warn",
  "message": "An action has been added for the  project type.",
  "time": "2026-07-15T04:18:20.352Z"
}
{
  "label": "service-center",
  "level": "warn",
  "message": "The 'service-catalog' extension is active.",
  "time": "2026-07-15T04:18:21.451Z"
}
