[1784014158757] INFO  (ext): SQLTools is starting
[1784014158758] INFO  (ext): initializing language client...
[1784014158834] INFO  (ext): Registering client for languages [{"scheme":"sqltools"},{"language":"sql","scheme":"untitled"},{"language":"sql","scheme":"file"},{"language":"sql","scheme":"sqltools"}]
    ns: "lc"
[1784014158841] INFO  (ext): loading plugins...
[1784014158842] INFO  (ext): registering Formatter Plugin.
    plugin: {
      "name": "Formatter Plugin"
    }
[1784014158842] INFO  (ext): registering Connection Manager Plugin.
    plugin: {
      "name": "Connection Manager Plugin"
    }
[1784014158842] INFO  (ext): registering CodeLens Plugin.
    plugin: {
      "name": "CodeLens Plugin",
      "registeredLanguages": []
    }
[1784014158843] INFO  (ext): registering Dependency Manager Plugin.
    plugin: {
      "name": "Dependency Manager Plugin",
      "installingDrivers": []
    }
[1784014158844] INFO  (ext): Connection explorer changed. Will be updated.
    ns: "conn-man:explorer"
[1784014158844] INFO  (ext): registering History Manager Plugin.
    plugin: {
      "name": "History Manager Plugin"
    }
[1784014158844] INFO  (ext): registering Bookmarks Manager Plugin.
    plugin: {
      "name": "Bookmarks Manager Plugin"
    }
[1784014158845] INFO  (ext): registering Authentication Provider Plugin.
    plugin: {
      "name": "Authentication Provider Plugin",
      "isRegistered": false
    }
[1784014158845] INFO  (ext): registering Object Drop-in Provider (plugin).
    plugin: {
      "type": "plugin",
      "name": "Object Drop-in Provider",
      "isRegistered": false
    }
[1784014158845] INFO  (ext): SQLTools activation completed. 88.398375 ms
[1784014158849] INFO  (ext): Formatter Plugin registered!
[1784014158849] INFO  (ext): CodeLens Plugin registered!
[1784014158849] INFO  (ext): Dependency Manager Plugin registered!
[1784014158850] INFO  (ext): Connection Manager Plugin registered!
[1784014158850] INFO  (ext): History Manager Plugin registered!
[1784014158850] INFO  (ext): Bookmarks Manager Plugin registered!
[1784014158850] INFO  (ext): Authentication Provider Plugin registered!
[1784014158850] INFO  (ext): Object Drop-in Provider (plugin) registered!
[1784014161444] INFO  (ext): EXECUTING COMMAND => sqltools.refreshTree
[1784014161445] INFO  (ext): Connection explorer changed. Will be updated.
    ns: "conn-man:explorer"
[1784014161445] INFO  (ext): Connection explorer changed. Will be updated.
    ns: "conn-man:explorer"
[1784014161554] INFO  (ls): SQLTools Server started!
===============================
Using node runtime?: yes
ExecPath: /opt/nodejs/node-v22.19.0-linux-x64/bin/node v22.19.0
===============================
[1784014161556] INFO  (ls): User defined env vars
===============================
{"PATH":"/usr/local/sbin:/usr/local/bin:/usr/sbin:/usr/bin:/sbin:/bin:/home/user/.node_modules_global/bin"}
===============================:
[1784014163499] INFO  (ext): LanguageClient ready
    ns: "lc"
[1784014163497] INFO  (ls): Initialized with node version:v22.19.0
[1784014163795] INFO  (ext): registering SQLite Plugin (driver).
    plugin: {
      "extensionId": "mtxr.sqltools-driver-sqlite",
      "name": "SQLite Plugin",
      "type": "driver"
    }
[1784014163796] INFO  (ls): REQUEST RECEIVED => ls/RegisterPlugin
[1784014163796] INFO  (ls): request to register plugin: "/extbin/local/openvscode-server/extensions/mtxr.sqltools-driver-sqlite-0.5.0/out/ls/plugin.js"
[1784014163818] INFO  (ls): Driver sqlite registered!
    place: "driver-map"
    ns: "ls-context"
[1784014164550] INFO  (ext): SQLite Plugin (driver) registered!
[1784014165863] INFO  (ext): EXECUTING COMMAND => sqltools.refreshTree
[1784014165863] INFO  (ext): Connection explorer changed. Will be updated.
    ns: "conn-man:explorer"
[1784014169982] INFO  (ext): Connection explorer changed. Will be updated.
    ns: "conn-man:explorer"
[1784014171719] INFO  (ext): Connection explorer changed. Will be updated.
    ns: "conn-man:explorer"
[1784014172501] INFO  (ext): Connection explorer changed. Will be updated.
    ns: "conn-man:explorer"
[1784014173798] INFO  (ext): Connection explorer changed. Will be updated.
    ns: "conn-man:explorer"
[1784014173940] INFO  (ext): Connection explorer changed. Will be updated.
    ns: "conn-man:explorer"
[1784014175000] INFO  (ext): Connection explorer changed. Will be updated.
    ns: "conn-man:explorer"
[1784014177265] INFO  (ext): Connection explorer changed. Will be updated.
    ns: "conn-man:explorer"
[1784014178127] INFO  (ext): Connection explorer changed. Will be updated.
    ns: "conn-man:explorer"
[1784014179293] INFO  (ext): Connection explorer changed. Will be updated.
    ns: "conn-man:explorer"
[1784014179588] INFO  (ext): Connection explorer changed. Will be updated.
    ns: "conn-man:explorer"
[1784014180572] INFO  (ext): Connection explorer changed. Will be updated.
    ns: "conn-man:explorer"
[1784014184318] INFO  (ext): Connection explorer changed. Will be updated.
    ns: "conn-man:explorer"
[1784014188297] INFO  (ext): Connection explorer changed. Will be updated.
    ns: "conn-man:explorer"
[1784014192317] INFO  (ext): Connection explorer changed. Will be updated.
    ns: "conn-man:explorer"
[1784014197018] INFO  (ext): Connection explorer changed. Will be updated.
    ns: "conn-man:explorer"
[1784014200998] INFO  (ext): Connection explorer changed. Will be updated.
    ns: "conn-man:explorer"
[1784014205183] INFO  (ext): Connection explorer changed. Will be updated.
    ns: "conn-man:explorer"
[1784014209564] INFO  (ext): Connection explorer changed. Will be updated.
    ns: "conn-man:explorer"
