{
  "label": "hana-project-explorer",
  "level": "error",
  "message": "Could not parse .env file: The module path \"/home/user/projects/Sample/gen/db\" is not a valid CAP DB module path.",
  "time": "2026-07-16T06:02:50.675Z"
}
{
  "label": "hana-project-explorer",
  "level": "error",
  "message": "The \"/home/user/projects/south/gen/db\" folder does not exist; cannot create deploy task",
  "time": "2026-07-16T06:06:56.729Z"
}
{
  "label": "hana-project-explorer",
  "level": "error",
  "message": "The \"/home/user/projects/where/gen/db\" folder does not exist; cannot create deploy task",
  "time": "2026-07-16T06:06:56.729Z"
}
{
  "label": "hana-project-explorer",
  "level": "error",
  "message": "Could not parse .env file: The module path \"/home/user/projects/Assoc/gen/db\" is not a valid CAP DB module path.",
  "time": "2026-07-16T06:18:56.641Z"
}
{
  "label": "hana-project-explorer",
  "level": "error",
  "message": "Could not parse .env file: The module path \"/home/user/projects/LKMpro2/gen/db\" is not a valid CAP DB module path.",
  "time": "2026-07-16T06:22:09.254Z"
}
{
  "label": "hana-project-explorer",
  "level": "error",
  "message": "Could not parse .env file: The module path \"/home/user/projects/Assoc/gen/db\" is not a valid CAP DB module path.",
  "time": "2026-07-16T06:22:15.211Z"
}
{
  "label": "hana-project-explorer",
  "level": "error",
  "message": "Could not parse .env file: The module path \"/home/user/projects/Assoc/gen/db\" is not a valid CAP DB module path.",
  "time": "2026-07-16T06:22:21.017Z"
}
{
  "label": "hana-project-explorer",
  "level": "error",
  "message": "Could not parse .env file: The module path \"/home/user/projects/Assoc/gen/db\" is not a valid CAP DB module path.",
  "time": "2026-07-16T06:22:26.160Z"
}
{
  "label": "hana-project-explorer",
  "level": "error",
  "message": "Could not parse .env file: The module path \"/home/user/projects/Assoc/gen/db\" is not a valid CAP DB module path.",
  "time": "2026-07-16T06:22:32.173Z"
}
{
  "label": "hana-project-explorer",
  "level": "error",
  "message": "Could not parse .env file: The module path \"/home/user/projects/Assoc/gen/db\" is not a valid CAP DB module path.",
  "time": "2026-07-16T06:22:38.300Z"
}
{
  "label": "hana-project-explorer",
  "level": "error",
  "message": "Could not parse .env file: The module path \"/home/user/projects/Assoc/gen/db\" is not a valid CAP DB module path.",
  "time": "2026-07-16T06:22:45.093Z"
}
{
  "label": "hana-project-explorer",
  "level": "error",
  "message": "Could not parse .env file: The module path \"/home/user/projects/Assoc/gen/db\" is not a valid CAP DB module path.",
  "time": "2026-07-16T06:22:58.242Z"
}
{
  "label": "hana-project-explorer",
  "level": "error",
  "message": "Could not parse .env file: The module path \"/home/user/projects/Assoc/gen/db\" is not a valid CAP DB module path.",
  "time": "2026-07-16T06:23:03.434Z"
}
{
  "label": "hana-project-explorer",
  "level": "error",
  "message": "Could not parse .env file: The module path \"/home/user/projects/Assoc/gen/db\" is not a valid CAP DB module path.",
  "time": "2026-07-16T06:23:08.706Z"
}
{
  "label": "hana-project-explorer",
  "level": "error",
  "message": "Could not parse .env file: The module path \"/home/user/projects/Assoc/gen/db\" is not a valid CAP DB module path.",
  "time": "2026-07-16T06:23:14.017Z"
}
{
  "label": "hana-project-explorer",
  "level": "error",
  "message": "Could not parse .env file: The module path \"/home/user/projects/Assoc/gen/db\" is not a valid CAP DB module path.",
  "time": "2026-07-16T06:23:19.734Z"
}
