[1784359584828] INFO  (ext): SQLTools is starting
[1784359584829] INFO  (ext): initializing language client...
[1784359584905] INFO  (ext): Registering client for languages [{"scheme":"sqltools"},{"language":"sql","scheme":"untitled"},{"language":"sql","scheme":"file"},{"language":"sql","scheme":"sqltools"}]
    ns: "lc"
[1784359584914] INFO  (ext): loading plugins...
[1784359584914] INFO  (ext): registering Formatter Plugin.
    plugin: {
      "name": "Formatter Plugin"
    }
[1784359584914] INFO  (ext): registering Connection Manager Plugin.
    plugin: {
      "name": "Connection Manager Plugin"
    }
[1784359584914] INFO  (ext): registering CodeLens Plugin.
    plugin: {
      "name": "CodeLens Plugin",
      "registeredLanguages": []
    }
[1784359584919] INFO  (ext): registering Dependency Manager Plugin.
    plugin: {
      "name": "Dependency Manager Plugin",
      "installingDrivers": []
    }
[1784359584920] INFO  (ext): Connection explorer changed. Will be updated.
    ns: "conn-man:explorer"
[1784359584920] INFO  (ext): registering History Manager Plugin.
    plugin: {
      "name": "History Manager Plugin"
    }
[1784359584920] INFO  (ext): registering Bookmarks Manager Plugin.
    plugin: {
      "name": "Bookmarks Manager Plugin"
    }
[1784359584922] INFO  (ext): registering Authentication Provider Plugin.
    plugin: {
      "name": "Authentication Provider Plugin",
      "isRegistered": false
    }
[1784359584922] INFO  (ext): registering Object Drop-in Provider (plugin).
    plugin: {
      "type": "plugin",
      "name": "Object Drop-in Provider",
      "isRegistered": false
    }
[1784359584923] INFO  (ext): SQLTools activation completed. 95.146816 ms
[1784359584927] INFO  (ext): Formatter Plugin registered!
[1784359584927] INFO  (ext): CodeLens Plugin registered!
[1784359584927] INFO  (ext): Dependency Manager Plugin registered!
[1784359584928] INFO  (ext): Connection Manager Plugin registered!
[1784359584928] INFO  (ext): History Manager Plugin registered!
[1784359584928] INFO  (ext): Bookmarks Manager Plugin registered!
[1784359584928] INFO  (ext): Authentication Provider Plugin registered!
[1784359584928] INFO  (ext): Object Drop-in Provider (plugin) registered!
[1784359588000] INFO  (ext): EXECUTING COMMAND => sqltools.refreshTree
[1784359588000] INFO  (ext): Connection explorer changed. Will be updated.
    ns: "conn-man:explorer"
[1784359588000] INFO  (ext): Connection explorer changed. Will be updated.
    ns: "conn-man:explorer"
[1784359588182] INFO  (ls): SQLTools Server started!
===============================
Using node runtime?: yes
ExecPath: /opt/nodejs/node-v22.19.0-linux-x64/bin/node v22.19.0
===============================
[1784359588185] INFO  (ls): User defined env vars
===============================
{"PATH":"/usr/local/sbin:/usr/local/bin:/usr/sbin:/usr/bin:/sbin:/bin:/home/user/.node_modules_global/bin"}
===============================:
[1784359592133] INFO  (ext): LanguageClient ready
    ns: "lc"
[1784359592131] INFO  (ls): Initialized with node version:v22.19.0
[1784359592798] INFO  (ext): registering SQLite Plugin (driver).
    plugin: {
      "extensionId": "mtxr.sqltools-driver-sqlite",
      "name": "SQLite Plugin",
      "type": "driver"
    }
[1784359594265] INFO  (ext): EXECUTING COMMAND => sqltools.refreshTree
[1784359594265] INFO  (ext): Connection explorer changed. Will be updated.
    ns: "conn-man:explorer"
[1784359592799] INFO  (ls): REQUEST RECEIVED => ls/RegisterPlugin
[1784359592800] INFO  (ls): request to register plugin: "/extbin/local/openvscode-server/extensions/mtxr.sqltools-driver-sqlite-0.5.0/out/ls/plugin.js"
[1784359592824] INFO  (ls): Driver sqlite registered!
    place: "driver-map"
    ns: "ls-context"
[1784359594268] INFO  (ext): SQLite Plugin (driver) registered!
[1784359595296] INFO  (ext): EXECUTING COMMAND => sqltools.refreshTree
[1784359595296] INFO  (ext): Connection explorer changed. Will be updated.
    ns: "conn-man:explorer"
[1784359600572] INFO  (ext): Connection explorer changed. Will be updated.
    ns: "conn-man:explorer"
[1784359606527] INFO  (ext): Connection explorer changed. Will be updated.
    ns: "conn-man:explorer"
[1784359607273] INFO  (ext): Connection explorer changed. Will be updated.
    ns: "conn-man:explorer"
[1784359613003] INFO  (ext): Connection explorer changed. Will be updated.
    ns: "conn-man:explorer"
[1784359618824] INFO  (ext): Connection explorer changed. Will be updated.
    ns: "conn-man:explorer"
[1784359625348] INFO  (ext): Connection explorer changed. Will be updated.
    ns: "conn-man:explorer"
[1784359630478] INFO  (ext): Connection explorer changed. Will be updated.
    ns: "conn-man:explorer"
[1784359635918] INFO  (ext): Connection explorer changed. Will be updated.
    ns: "conn-man:explorer"
[1784359642119] INFO  (ext): Connection explorer changed. Will be updated.
    ns: "conn-man:explorer"
[1784359654473] INFO  (ext): Connection explorer changed. Will be updated.
    ns: "conn-man:explorer"
[1784359665323] INFO  (ext): Connection explorer changed. Will be updated.
    ns: "conn-man:explorer"
[1784359676633] INFO  (ext): Connection explorer changed. Will be updated.
    ns: "conn-man:explorer"
[1784359716693] INFO  (ext): Connection explorer changed. Will be updated.
    ns: "conn-man:explorer"
[1784359730753] INFO  (ext): Connection explorer changed. Will be updated.
    ns: "conn-man:explorer"
[1784359740078] INFO  (ext): Connection explorer changed. Will be updated.
    ns: "conn-man:explorer"
[1784359748033] INFO  (ext): Connection explorer changed. Will be updated.
    ns: "conn-man:explorer"
[1784359756563] INFO  (ext): Connection explorer changed. Will be updated.
    ns: "conn-man:explorer"
[1784359761983] INFO  (ext): Connection explorer changed. Will be updated.
    ns: "conn-man:explorer"
[1784359766923] INFO  (ext): Connection explorer changed. Will be updated.
    ns: "conn-man:explorer"
[1784359768348] INFO  (ext): Connection explorer changed. Will be updated.
    ns: "conn-man:explorer"
[1784359774248] INFO  (ext): Connection explorer changed. Will be updated.
    ns: "conn-man:explorer"
[1784359779708] INFO  (ext): Connection explorer changed. Will be updated.
    ns: "conn-man:explorer"
[1784359784908] INFO  (ext): Connection explorer changed. Will be updated.
    ns: "conn-man:explorer"
[1784359790383] INFO  (ext): Connection explorer changed. Will be updated.
    ns: "conn-man:explorer"
[1784359796523] INFO  (ext): Connection explorer changed. Will be updated.
    ns: "conn-man:explorer"
[1784359801418] INFO  (ext): Connection explorer changed. Will be updated.
    ns: "conn-man:explorer"
[1784359806409] INFO  (ext): Connection explorer changed. Will be updated.
    ns: "conn-man:explorer"
[1784359811383] INFO  (ext): Connection explorer changed. Will be updated.
    ns: "conn-man:explorer"
[1784359815293] INFO  (ext): Connection explorer changed. Will be updated.
    ns: "conn-man:explorer"
[1784359820183] INFO  (ext): Connection explorer changed. Will be updated.
    ns: "conn-man:explorer"
[1784359824788] INFO  (ext): Connection explorer changed. Will be updated.
    ns: "conn-man:explorer"
[1784359845908] INFO  (ext): Connection explorer changed. Will be updated.
    ns: "conn-man:explorer"
[1784359898058] INFO  (ext): Connection explorer changed. Will be updated.
    ns: "conn-man:explorer"
