{
  "label": "hana-project-explorer",
  "level": "error",
  "message": "Could not read content from \"/home/user/projects/Assoc/db/src/.hdiconfig\" path: ENOENT: no such file or directory, open '/home/user/projects/Assoc/db/src/.hdiconfig'",
  "time": "2026-07-14T07:24:12.715Z"
}
{
  "label": "hana-project-explorer",
  "level": "error",
  "message": "Could not read content from \"/home/user/projects/Assoc/db/src/.hdiconfig\" path: ENOENT: no such file or directory, open '/home/user/projects/Assoc/db/src/.hdiconfig'",
  "time": "2026-07-14T07:24:37.003Z"
}
{
  "label": "hana-project-explorer",
  "level": "error",
  "message": "Could not parse .env file: The module path \"/home/user/projects/Assoc/gen/db\" is not a valid CAP DB module path.",
  "time": "2026-07-14T07:24:37.291Z"
}
{
  "label": "hana-project-explorer",
  "level": "error",
  "message": "Could not parse .env file: The module path \"/home/user/projects/Assoc/gen/db\" is not a valid CAP DB module path.",
  "time": "2026-07-14T07:24:39.112Z"
}
{
  "label": "hana-project-explorer",
  "level": "error",
  "message": "Could not read content from \"/home/user/projects/Assoc/db/src/.hdiconfig\" path: ENOENT: no such file or directory, open '/home/user/projects/Assoc/db/src/.hdiconfig'",
  "time": "2026-07-14T07:24:39.313Z"
}
{
  "label": "hana-project-explorer",
  "level": "error",
  "message": "Could not read content from \"/home/user/projects/Assoc/gen/db/src/.hdiconfig\" path: ENOENT: no such file or directory, open '/home/user/projects/Assoc/gen/db/src/.hdiconfig'",
  "time": "2026-07-14T07:25:05.132Z"
}
{
  "label": "hana-project-explorer",
  "level": "error",
  "message": "Could not parse structured log entry '': Unexpected end of JSON input",
  "time": "2026-07-14T07:25:13.673Z"
}
