[1784181740334] INFO  (ext): SQLTools is starting
[1784181740336] INFO  (ext): initializing language client...
[1784181740438] INFO  (ext): Registering client for languages [{"scheme":"sqltools"},{"language":"sql","scheme":"untitled"},{"language":"sql","scheme":"file"},{"language":"sql","scheme":"sqltools"}]
    ns: "lc"
[1784181740467] INFO  (ext): loading plugins...
[1784181740467] INFO  (ext): registering Formatter Plugin.
    plugin: {
      "name": "Formatter Plugin"
    }
[1784181740467] INFO  (ext): registering Connection Manager Plugin.
    plugin: {
      "name": "Connection Manager Plugin"
    }
[1784181740467] INFO  (ext): registering CodeLens Plugin.
    plugin: {
      "name": "CodeLens Plugin",
      "registeredLanguages": []
    }
[1784181740468] INFO  (ext): registering Dependency Manager Plugin.
    plugin: {
      "name": "Dependency Manager Plugin",
      "installingDrivers": []
    }
[1784181740469] INFO  (ext): Connection explorer changed. Will be updated.
    ns: "conn-man:explorer"
[1784181740469] INFO  (ext): registering History Manager Plugin.
    plugin: {
      "name": "History Manager Plugin"
    }
[1784181740470] INFO  (ext): registering Bookmarks Manager Plugin.
    plugin: {
      "name": "Bookmarks Manager Plugin"
    }
[1784181740470] INFO  (ext): registering Authentication Provider Plugin.
    plugin: {
      "name": "Authentication Provider Plugin",
      "isRegistered": false
    }
[1784181740470] INFO  (ext): registering Object Drop-in Provider (plugin).
    plugin: {
      "type": "plugin",
      "name": "Object Drop-in Provider",
      "isRegistered": false
    }
[1784181740471] INFO  (ext): SQLTools activation completed. 137.228008 ms
[1784181740478] INFO  (ext): Formatter Plugin registered!
[1784181740478] INFO  (ext): CodeLens Plugin registered!
[1784181740478] INFO  (ext): Dependency Manager Plugin registered!
[1784181740478] INFO  (ext): Connection Manager Plugin registered!
[1784181740478] INFO  (ext): History Manager Plugin registered!
[1784181740478] INFO  (ext): Bookmarks Manager Plugin registered!
[1784181740478] INFO  (ext): Authentication Provider Plugin registered!
[1784181740478] INFO  (ext): Object Drop-in Provider (plugin) registered!
[1784181744896] INFO  (ext): EXECUTING COMMAND => sqltools.refreshTree
[1784181744896] INFO  (ext): Connection explorer changed. Will be updated.
    ns: "conn-man:explorer"
[1784181744896] INFO  (ext): Connection explorer changed. Will be updated.
    ns: "conn-man:explorer"
[1784181745216] INFO  (ls): SQLTools Server started!
===============================
Using node runtime?: yes
ExecPath: /opt/nodejs/node-v22.19.0-linux-x64/bin/node v22.19.0
===============================
[1784181745220] INFO  (ls): User defined env vars
===============================
{"PATH":"/usr/local/sbin:/usr/local/bin:/usr/sbin:/usr/bin:/sbin:/bin:/home/user/.node_modules_global/bin"}
===============================:
[1784181754933] INFO  (ext): LanguageClient ready
    ns: "lc"
[1784181754927] INFO  (ls): Initialized with node version:v22.19.0
[1784181755419] INFO  (ext): registering SQLite Plugin (driver).
    plugin: {
      "extensionId": "mtxr.sqltools-driver-sqlite",
      "name": "SQLite Plugin",
      "type": "driver"
    }
[1784181758023] INFO  (ext): EXECUTING COMMAND => sqltools.refreshTree
[1784181758023] INFO  (ext): Connection explorer changed. Will be updated.
    ns: "conn-man:explorer"
[1784181755421] INFO  (ls): REQUEST RECEIVED => ls/RegisterPlugin
[1784181755421] INFO  (ls): request to register plugin: "/extbin/local/openvscode-server/extensions/mtxr.sqltools-driver-sqlite-0.5.0/out/ls/plugin.js"
[1784181755478] INFO  (ls): Driver sqlite registered!
    place: "driver-map"
    ns: "ls-context"
[1784181758070] INFO  (ext): SQLite Plugin (driver) registered!
[1784181759404] INFO  (ext): EXECUTING COMMAND => sqltools.refreshTree
[1784181759405] INFO  (ext): Connection explorer changed. Will be updated.
    ns: "conn-man:explorer"
[1784181764338] INFO  (ext): Connection explorer changed. Will be updated.
    ns: "conn-man:explorer"
[1784181765898] INFO  (ext): Connection explorer changed. Will be updated.
    ns: "conn-man:explorer"
[1784181766513] INFO  (ext): Connection explorer changed. Will be updated.
    ns: "conn-man:explorer"
[1784181767981] INFO  (ext): Connection explorer changed. Will be updated.
    ns: "conn-man:explorer"
[1784181769213] INFO  (ext): Connection explorer changed. Will be updated.
    ns: "conn-man:explorer"
[1784181770348] INFO  (ext): Connection explorer changed. Will be updated.
    ns: "conn-man:explorer"
[1784181771090] INFO  (ext): Connection explorer changed. Will be updated.
    ns: "conn-man:explorer"
[1784181771715] INFO  (ext): Connection explorer changed. Will be updated.
    ns: "conn-man:explorer"
[1784181772680] INFO  (ext): Connection explorer changed. Will be updated.
    ns: "conn-man:explorer"
[1784181773977] INFO  (ext): Connection explorer changed. Will be updated.
    ns: "conn-man:explorer"
[1784181774895] INFO  (ext): Connection explorer changed. Will be updated.
    ns: "conn-man:explorer"
[1784181778097] INFO  (ext): Connection explorer changed. Will be updated.
    ns: "conn-man:explorer"
[1784181778511] INFO  (ext): Connection explorer changed. Will be updated.
    ns: "conn-man:explorer"
[1784181779725] INFO  (ext): Connection explorer changed. Will be updated.
    ns: "conn-man:explorer"
[1784181780965] INFO  (ext): Connection explorer changed. Will be updated.
    ns: "conn-man:explorer"
[1784181781847] INFO  (ext): Connection explorer changed. Will be updated.
    ns: "conn-man:explorer"
[1784181782968] INFO  (ext): Connection explorer changed. Will be updated.
    ns: "conn-man:explorer"
[1784181784135] INFO  (ext): Connection explorer changed. Will be updated.
    ns: "conn-man:explorer"
[1784181784143] INFO  (ext): Connection explorer changed. Will be updated.
    ns: "conn-man:explorer"
[1784181788440] INFO  (ext): Connection explorer changed. Will be updated.
    ns: "conn-man:explorer"
[1784181789310] INFO  (ext): Connection explorer changed. Will be updated.
    ns: "conn-man:explorer"
[1784181792607] INFO  (ext): Connection explorer changed. Will be updated.
    ns: "conn-man:explorer"
[1784181793446] INFO  (ext): Connection explorer changed. Will be updated.
    ns: "conn-man:explorer"
[1784181796487] INFO  (ext): Connection explorer changed. Will be updated.
    ns: "conn-man:explorer"
[1784181807327] INFO  (ext): Connection explorer changed. Will be updated.
    ns: "conn-man:explorer"
[1784181810241] INFO  (ext): Connection explorer changed. Will be updated.
    ns: "conn-man:explorer"
[1784181811163] INFO  (ext): Connection explorer changed. Will be updated.
    ns: "conn-man:explorer"
[1784181814208] INFO  (ext): Connection explorer changed. Will be updated.
    ns: "conn-man:explorer"
[1784181815083] INFO  (ext): Connection explorer changed. Will be updated.
    ns: "conn-man:explorer"
[1784181818073] INFO  (ext): Connection explorer changed. Will be updated.
    ns: "conn-man:explorer"
[1784181818930] INFO  (ext): Connection explorer changed. Will be updated.
    ns: "conn-man:explorer"
[1784181821913] INFO  (ext): Connection explorer changed. Will be updated.
    ns: "conn-man:explorer"
[1784181822768] INFO  (ext): Connection explorer changed. Will be updated.
    ns: "conn-man:explorer"
[1784181839647] INFO  (ext): Connection explorer changed. Will be updated.
    ns: "conn-man:explorer"
[1784181842167] INFO  (ext): Connection explorer changed. Will be updated.
    ns: "conn-man:explorer"
[1784181843453] INFO  (ext): Connection explorer changed. Will be updated.
    ns: "conn-man:explorer"
[1784181845911] INFO  (ext): Connection explorer changed. Will be updated.
    ns: "conn-man:explorer"
[1784181849643] INFO  (ext): Connection explorer changed. Will be updated.
    ns: "conn-man:explorer"
[1784181853430] INFO  (ext): Connection explorer changed. Will be updated.
    ns: "conn-man:explorer"
[1784181853602] INFO  (ext): Connection explorer changed. Will be updated.
    ns: "conn-man:explorer"
[1784181857270] INFO  (ext): Connection explorer changed. Will be updated.
    ns: "conn-man:explorer"
[1784181861150] INFO  (ext): Connection explorer changed. Will be updated.
    ns: "conn-man:explorer"
[1784181870434] INFO  (ext): Connection explorer changed. Will be updated.
    ns: "conn-man:explorer"
[1784181874310] INFO  (ext): Connection explorer changed. Will be updated.
    ns: "conn-man:explorer"
[1784181875007] INFO  (ext): Connection explorer changed. Will be updated.
    ns: "conn-man:explorer"
[1784181891680] INFO  (ext): Connection explorer changed. Will be updated.
    ns: "conn-man:explorer"
[1784181892590] INFO  (ext): Connection explorer changed. Will be updated.
    ns: "conn-man:explorer"
[1784181895750] INFO  (ext): Connection explorer changed. Will be updated.
    ns: "conn-man:explorer"
[1784181899534] INFO  (ext): Connection explorer changed. Will be updated.
    ns: "conn-man:explorer"
[1784181899830] INFO  (ext): Connection explorer changed. Will be updated.
    ns: "conn-man:explorer"
[1784181910280] INFO  (ext): Connection explorer changed. Will be updated.
    ns: "conn-man:explorer"
[1784181913951] INFO  (ext): Connection explorer changed. Will be updated.
    ns: "conn-man:explorer"
[1784181914230] INFO  (ext): Connection explorer changed. Will be updated.
    ns: "conn-man:explorer"
[1784182108346] INFO  (ext): Connection explorer changed. Will be updated.
    ns: "conn-man:explorer"
[1784182131510] INFO  (ext): Connection explorer changed. Will be updated.
    ns: "conn-man:explorer"
[1784182685050] INFO  (ext): Connection explorer changed. Will be updated.
    ns: "conn-man:explorer"
