[1784106128678] INFO  (ext): SQLTools is starting
[1784106128679] INFO  (ext): initializing language client...
[1784106128755] INFO  (ext): Registering client for languages [{"scheme":"sqltools"},{"language":"sql","scheme":"untitled"},{"language":"sql","scheme":"file"},{"language":"sql","scheme":"sqltools"}]
    ns: "lc"
[1784106128763] INFO  (ext): loading plugins...
[1784106128763] INFO  (ext): registering Formatter Plugin.
    plugin: {
      "name": "Formatter Plugin"
    }
[1784106128764] INFO  (ext): registering Connection Manager Plugin.
    plugin: {
      "name": "Connection Manager Plugin"
    }
[1784106128764] INFO  (ext): registering CodeLens Plugin.
    plugin: {
      "name": "CodeLens Plugin",
      "registeredLanguages": []
    }
[1784106128765] INFO  (ext): registering Dependency Manager Plugin.
    plugin: {
      "name": "Dependency Manager Plugin",
      "installingDrivers": []
    }
[1784106128765] INFO  (ext): Connection explorer changed. Will be updated.
    ns: "conn-man:explorer"
[1784106128766] INFO  (ext): registering History Manager Plugin.
    plugin: {
      "name": "History Manager Plugin"
    }
[1784106128766] INFO  (ext): registering Bookmarks Manager Plugin.
    plugin: {
      "name": "Bookmarks Manager Plugin"
    }
[1784106128766] INFO  (ext): registering Authentication Provider Plugin.
    plugin: {
      "name": "Authentication Provider Plugin",
      "isRegistered": false
    }
[1784106128766] INFO  (ext): registering Object Drop-in Provider (plugin).
    plugin: {
      "type": "plugin",
      "name": "Object Drop-in Provider",
      "isRegistered": false
    }
[1784106128767] INFO  (ext): SQLTools activation completed. 89.240418 ms
[1784106128771] INFO  (ext): Formatter Plugin registered!
[1784106128771] INFO  (ext): CodeLens Plugin registered!
[1784106128771] INFO  (ext): Dependency Manager Plugin registered!
[1784106128772] INFO  (ext): Connection Manager Plugin registered!
[1784106128772] INFO  (ext): History Manager Plugin registered!
[1784106128772] INFO  (ext): Bookmarks Manager Plugin registered!
[1784106128772] INFO  (ext): Authentication Provider Plugin registered!
[1784106128772] INFO  (ext): Object Drop-in Provider (plugin) registered!
[1784106131314] INFO  (ext): EXECUTING COMMAND => sqltools.refreshTree
[1784106131314] INFO  (ext): Connection explorer changed. Will be updated.
    ns: "conn-man:explorer"
[1784106131315] INFO  (ext): Connection explorer changed. Will be updated.
    ns: "conn-man:explorer"
[1784106131425] INFO  (ls): SQLTools Server started!
===============================
Using node runtime?: yes
ExecPath: /opt/nodejs/node-v22.19.0-linux-x64/bin/node v22.19.0
===============================
[1784106131428] INFO  (ls): User defined env vars
===============================
{"PATH":"/usr/local/sbin:/usr/local/bin:/usr/sbin:/usr/bin:/sbin:/bin:/home/user/.node_modules_global/bin"}
===============================:
[1784106133257] INFO  (ext): LanguageClient ready
    ns: "lc"
[1784106133255] INFO  (ls): Initialized with node version:v22.19.0
[1784106133753] INFO  (ext): registering SQLite Plugin (driver).
    plugin: {
      "extensionId": "mtxr.sqltools-driver-sqlite",
      "name": "SQLite Plugin",
      "type": "driver"
    }
[1784106133755] INFO  (ls): REQUEST RECEIVED => ls/RegisterPlugin
[1784106133755] INFO  (ls): request to register plugin: "/extbin/local/openvscode-server/extensions/mtxr.sqltools-driver-sqlite-0.5.0/out/ls/plugin.js"
[1784106133777] INFO  (ls): Driver sqlite registered!
    place: "driver-map"
    ns: "ls-context"
[1784106134507] INFO  (ext): SQLite Plugin (driver) registered!
[1784106135914] INFO  (ext): EXECUTING COMMAND => sqltools.refreshTree
[1784106135914] INFO  (ext): Connection explorer changed. Will be updated.
    ns: "conn-man:explorer"
[1784106140046] INFO  (ext): Connection explorer changed. Will be updated.
    ns: "conn-man:explorer"
[1784106140590] INFO  (ext): Connection explorer changed. Will be updated.
    ns: "conn-man:explorer"
[1784106141619] INFO  (ext): Connection explorer changed. Will be updated.
    ns: "conn-man:explorer"
[1784106142710] INFO  (ext): Connection explorer changed. Will be updated.
    ns: "conn-man:explorer"
[1784106143437] INFO  (ext): Connection explorer changed. Will be updated.
    ns: "conn-man:explorer"
[1784106143805] INFO  (ext): Connection explorer changed. Will be updated.
    ns: "conn-man:explorer"
[1784106145012] INFO  (ext): Connection explorer changed. Will be updated.
    ns: "conn-man:explorer"
[1784106146159] INFO  (ext): Connection explorer changed. Will be updated.
    ns: "conn-man:explorer"
[1784106147218] INFO  (ext): Connection explorer changed. Will be updated.
    ns: "conn-man:explorer"
[1784106148074] INFO  (ext): Connection explorer changed. Will be updated.
    ns: "conn-man:explorer"
[1784106148253] INFO  (ext): Connection explorer changed. Will be updated.
    ns: "conn-man:explorer"
[1784106149302] INFO  (ext): Connection explorer changed. Will be updated.
    ns: "conn-man:explorer"
[1784106149331] INFO  (ext): Connection explorer changed. Will be updated.
    ns: "conn-man:explorer"
[1784106151024] INFO  (ext): Connection explorer changed. Will be updated.
    ns: "conn-man:explorer"
[1784106152478] INFO  (ext): Connection explorer changed. Will be updated.
    ns: "conn-man:explorer"
[1784106153617] INFO  (ext): Connection explorer changed. Will be updated.
    ns: "conn-man:explorer"
[1784106153618] INFO  (ext): Connection explorer changed. Will be updated.
    ns: "conn-man:explorer"
[1784106153700] INFO  (ext): Connection explorer changed. Will be updated.
    ns: "conn-man:explorer"
[1784106157691] INFO  (ext): Connection explorer changed. Will be updated.
    ns: "conn-man:explorer"
[1784106157772] INFO  (ext): Connection explorer changed. Will be updated.
    ns: "conn-man:explorer"
[1784106159933] INFO  (ext): Connection explorer changed. Will be updated.
    ns: "conn-man:explorer"
[1784106161844] INFO  (ext): Connection explorer changed. Will be updated.
    ns: "conn-man:explorer"
[1784106162796] INFO  (ext): Connection explorer changed. Will be updated.
    ns: "conn-man:explorer"
[1784106164632] INFO  (ext): Connection explorer changed. Will be updated.
    ns: "conn-man:explorer"
[1784106165965] INFO  (ext): Connection explorer changed. Will be updated.
    ns: "conn-man:explorer"
[1784106166777] INFO  (ext): Connection explorer changed. Will be updated.
    ns: "conn-man:explorer"
[1784106168150] INFO  (ext): Connection explorer changed. Will be updated.
    ns: "conn-man:explorer"
[1784106169770] INFO  (ext): Connection explorer changed. Will be updated.
    ns: "conn-man:explorer"
[1784106170252] INFO  (ext): Connection explorer changed. Will be updated.
    ns: "conn-man:explorer"
[1784106172292] INFO  (ext): Connection explorer changed. Will be updated.
    ns: "conn-man:explorer"
[1784106173472] INFO  (ext): Connection explorer changed. Will be updated.
    ns: "conn-man:explorer"
[1784106174288] INFO  (ext): Connection explorer changed. Will be updated.
    ns: "conn-man:explorer"
[1784106174452] INFO  (ext): Connection explorer changed. Will be updated.
    ns: "conn-man:explorer"
[1784106176914] INFO  (ext): Connection explorer changed. Will be updated.
    ns: "conn-man:explorer"
[1784106178446] INFO  (ext): Connection explorer changed. Will be updated.
    ns: "conn-man:explorer"
[1784106178910] INFO  (ext): Connection explorer changed. Will be updated.
    ns: "conn-man:explorer"
[1784106182445] INFO  (ext): Connection explorer changed. Will be updated.
    ns: "conn-man:explorer"
[1784106186462] INFO  (ext): Connection explorer changed. Will be updated.
    ns: "conn-man:explorer"
[1784106190282] INFO  (ext): Connection explorer changed. Will be updated.
    ns: "conn-man:explorer"
[1784106191147] INFO  (ext): Connection explorer changed. Will be updated.
    ns: "conn-man:explorer"
[1784106194859] INFO  (ext): Connection explorer changed. Will be updated.
    ns: "conn-man:explorer"
[1784106195382] INFO  (ext): Connection explorer changed. Will be updated.
    ns: "conn-man:explorer"
[1784106198522] INFO  (ext): Connection explorer changed. Will be updated.
    ns: "conn-man:explorer"
[1784106198877] INFO  (ext): Connection explorer changed. Will be updated.
    ns: "conn-man:explorer"
[1784106201279] INFO  (ext): Connection explorer changed. Will be updated.
    ns: "conn-man:explorer"
[1784106203141] INFO  (ext): Connection explorer changed. Will be updated.
    ns: "conn-man:explorer"
[1784106204942] INFO  (ext): Connection explorer changed. Will be updated.
    ns: "conn-man:explorer"
[1784106210302] INFO  (ext): Connection explorer changed. Will be updated.
    ns: "conn-man:explorer"
[1784106214192] INFO  (ext): Connection explorer changed. Will be updated.
    ns: "conn-man:explorer"
[1784106218314] INFO  (ext): Connection explorer changed. Will be updated.
    ns: "conn-man:explorer"
[1784106222213] INFO  (ext): Connection explorer changed. Will be updated.
    ns: "conn-man:explorer"
[1784106225932] INFO  (ext): Connection explorer changed. Will be updated.
    ns: "conn-man:explorer"
[1784106229651] INFO  (ext): Connection explorer changed. Will be updated.
    ns: "conn-man:explorer"
[1784106233445] INFO  (ext): Connection explorer changed. Will be updated.
    ns: "conn-man:explorer"
[1784106237198] INFO  (ext): Connection explorer changed. Will be updated.
    ns: "conn-man:explorer"
[1784106241031] INFO  (ext): Connection explorer changed. Will be updated.
    ns: "conn-man:explorer"
[1784106244777] INFO  (ext): Connection explorer changed. Will be updated.
    ns: "conn-man:explorer"
