{
  "label": "hana-project-explorer",
  "level": "error",
  "message": "Could not determine which Cloud MTA version is installed in your system. Go to https://github.com/SAP/cloud-mta to install the tool and try again.",
  "time": "2026-07-13T14:01:00.656Z"
}
{
  "label": "hana-project-explorer",
  "level": "error",
  "message": "Could not initialize this diagnostics Canceled",
  "name": "Canceled",
  "stack": "Canceled: Canceled\n    at ou (file:///extbin/local/openvscode-server/out/vs/workbench/api/node/extensionHostProcess.js:7:1394)\n    at file:///extbin/local/openvscode-server/out/vs/workbench/api/node/extensionHostProcess.js:29:142631\n    at Array.forEach (<anonymous>)\n    at OE.dispose (file:///extbin/local/openvscode-server/out/vs/workbench/api/node/extensionHostProcess.js:29:142571)\n    at mee.terminate (file:///extbin/local/openvscode-server/out/vs/workbench/api/node/extensionHostProcess.js:120:10238)\n    at nR.terminate (file:///extbin/local/openvscode-server/out/vs/workbench/api/node/extensionHostProcess.js:122:914)\n    at Hr (file:///extbin/local/openvscode-server/out/vs/workbench/api/node/extensionHostProcess.js:405:11144)\n    at tf.value (file:///extbin/local/openvscode-server/out/vs/workbench/api/node/extensionHostProcess.js:405:9282)\n    at I.C (file:///extbin/local/openvscode-server/out/vs/workbench/api/node/extensionHostProcess.js:27:2328)\n    at I.fire (file:///extbin/local/openvscode-server/out/vs/workbench/api/node/extensionHostProcess.js:27:2546)\n    at Jo.fire (file:///extbin/local/openvscode-server/out/vs/workbench/api/node/extensionHostProcess.js:29:9471)\n    at w0.A (file:///extbin/local/openvscode-server/out/vs/workbench/api/node/extensionHostProcess.js:29:12585)\n    at tf.value (file:///extbin/local/openvscode-server/out/vs/workbench/api/node/extensionHostProcess.js:29:11006)\n    at I.C (file:///extbin/local/openvscode-server/out/vs/workbench/api/node/extensionHostProcess.js:27:2328)\n    at I.fire (file:///extbin/local/openvscode-server/out/vs/workbench/api/node/extensionHostProcess.js:27:2546)\n    at yC.acceptChunk (file:///extbin/local/openvscode-server/out/vs/workbench/api/node/extensionHostProcess.js:29:7954)\n    at tf.value (file:///extbin/local/openvscode-server/out/vs/workbench/api/node/extensionHostProcess.js:29:7240)\n    at I.C (file:///extbin/local/openvscode-server/out/vs/workbench/api/node/extensionHostProcess.js:27:2328)\n    at I.fire (file:///extbin/local/openvscode-server/out/vs/workbench/api/node/extensionHostProcess.js:27:2546)\n    at WF.w (file:///extbin/local/openvscode-server/out/vs/workbench/api/node/extensionHostProcess.js:29:21762)",
  "time": "2026-07-13T14:03:35.839Z"
}
{
  "label": "hana-project-explorer",
  "level": "error",
  "message": "Could not initialize this diagnostics Canceled",
  "name": "Canceled",
  "stack": "Canceled: Canceled\n    at new rU (file:///extbin/local/openvscode-server/out/vs/workbench/api/node/extensionHostProcess.js:29:141180)\n    at OE.U (file:///extbin/local/openvscode-server/out/vs/workbench/api/node/extensionHostProcess.js:29:145790)\n    at Proxy.r.<computed>.n.charCodeAt.r.<computed> (file:///extbin/local/openvscode-server/out/vs/workbench/api/node/extensionHostProcess.js:29:143284)\n    at file:///extbin/local/openvscode-server/out/vs/workbench/api/node/extensionHostProcess.js:113:75223\n    at Array.map (<anonymous>)\n    at cA.B (file:///extbin/local/openvscode-server/out/vs/workbench/api/node/extensionHostProcess.js:113:75209)\n    at cA.A (file:///extbin/local/openvscode-server/out/vs/workbench/api/node/extensionHostProcess.js:113:75159)\n    at cA.findFiles (file:///extbin/local/openvscode-server/out/vs/workbench/api/node/extensionHostProcess.js:113:73694)\n    at Object.findFiles (file:///extbin/local/openvscode-server/out/vs/workbench/api/node/extensionHostProcess.js:213:119458)\n    at p (/extbin/local/openvscode-server/extensions/hana-project-explorer-1.38.0-bas/dist/extension.js:1:4277368)\n    at t.findProjectsMtaFiles (/extbin/local/openvscode-server/extensions/hana-project-explorer-1.38.0-bas/dist/extension.js:1:4228659)\n    at c.refreshAllDiagnostics (/extbin/local/openvscode-server/extensions/hana-project-explorer-1.38.0-bas/dist/extension.js:1:4240531)\n    at c.initAndWatchDiagnostics (/extbin/local/openvscode-server/extensions/hana-project-explorer-1.38.0-bas/dist/extension.js:1:4240019)\n    at y (/extbin/local/openvscode-server/extensions/hana-project-explorer-1.38.0-bas/dist/extension.js:1:4243694)\n    at t.initActionProviderAndDiagnostics (/extbin/local/openvscode-server/extensions/hana-project-explorer-1.38.0-bas/dist/extension.js:1:4242413)\n    at async Promise.all (index 2)\n    at t.activate (/extbin/local/openvscode-server/extensions/hana-project-explorer-1.38.0-bas/dist/extension.js:1:4044722)\n    at gA.n (file:///extbin/local/openvscode-server/out/vs/workbench/api/node/extensionHostProcess.js:116:13398)\n    at gA.m (file:///extbin/local/openvscode-server/out/vs/workbench/api/node/extensionHostProcess.js:116:13361)\n    at gA.l (file:///extbin/local/openvscode-server/out/vs/workbench/api/node/extensionHostProcess.js:116:12817)",
  "time": "2026-07-13T14:03:35.860Z"
}
{
  "label": "hana-project-explorer",
  "level": "error",
  "message": "error displaying joule icon",
  "time": "2026-07-13T14:03:35.871Z"
}
