{
  "label": "hana-project-explorer",
  "level": "error",
  "message": "The \"/home/user/projects/xsuaa2/gen/db\" folder does not exist; cannot create deploy task",
  "time": "2026-07-18T05:36:09.988Z"
}
{
  "label": "hana-project-explorer",
  "level": "error",
  "message": "Could not read content from \"/home/user/projects/xsuaa2/gen/db/src/.hdiconfig\" path: ENOENT: no such file or directory, open '/home/user/projects/xsuaa2/gen/db/src/.hdiconfig'",
  "time": "2026-07-18T05:36:32.438Z"
}
{
  "label": "hana-project-explorer",
  "level": "error",
  "message": "Could not compute module folders and files, ENOENT: no such file or directory, stat '/home/user/projects/xsuaa2/gen/db'",
  "time": "2026-07-18T05:36:32.440Z"
}
{
  "label": "hana-project-explorer",
  "level": "error",
  "message": "Could not read content from \"/home/user/projects/xsuaa2/db/src/.hdiconfig\" path: ENOENT: no such file or directory, open '/home/user/projects/xsuaa2/db/src/.hdiconfig'",
  "time": "2026-07-18T05:38:21.554Z"
}
{
  "label": "hana-project-explorer",
  "level": "error",
  "message": "Could not read content from \"/home/user/projects/xsuaa2/db/src/.hdiconfig\" path: ENOENT: no such file or directory, open '/home/user/projects/xsuaa2/db/src/.hdiconfig'",
  "time": "2026-07-18T05:38:41.244Z"
}
{
  "label": "hana-project-explorer",
  "level": "error",
  "message": "Could not read content from \"/home/user/projects/xsuaa2/db/src/.hdiconfig\" path: ENOENT: no such file or directory, open '/home/user/projects/xsuaa2/db/src/.hdiconfig'",
  "time": "2026-07-18T05:38:52.850Z"
}
{
  "label": "hana-project-explorer",
  "level": "error",
  "message": "Could not read content from \"/home/user/projects/xsuaa2/db/src/.hdiconfig\" path: ENOENT: no such file or directory, open '/home/user/projects/xsuaa2/db/src/.hdiconfig'",
  "time": "2026-07-18T05:38:53.216Z"
}
{
  "label": "hana-project-explorer",
  "level": "error",
  "message": "Could not read content from \"/home/user/projects/xsuaa2/db/src/.hdiconfig\" path: ENOENT: no such file or directory, open '/home/user/projects/xsuaa2/db/src/.hdiconfig'",
  "time": "2026-07-18T05:39:45.398Z"
}
{
  "label": "hana-project-explorer",
  "level": "error",
  "message": "Could not read content from \"/home/user/projects/xsuaa2/db/src/.hdiconfig\" path: ENOENT: no such file or directory, open '/home/user/projects/xsuaa2/db/src/.hdiconfig'",
  "time": "2026-07-18T05:40:01.232Z"
}
{
  "label": "hana-project-explorer",
  "level": "error",
  "message": "Could not read content from \"/home/user/projects/xsuaa2/db/src/.hdiconfig\" path: ENOENT: no such file or directory, open '/home/user/projects/xsuaa2/db/src/.hdiconfig'",
  "time": "2026-07-18T05:40:03.429Z"
}
{
  "label": "hana-project-explorer",
  "level": "error",
  "message": "Could not read content from \"/home/user/projects/xsuaa2/db/src/.hdiconfig\" path: ENOENT: no such file or directory, open '/home/user/projects/xsuaa2/db/src/.hdiconfig'",
  "time": "2026-07-18T05:40:03.567Z"
}
{
  "label": "hana-project-explorer",
  "level": "error",
  "message": "Could not read content from \"/home/user/projects/xsuaa2/db/src/.hdiconfig\" path: ENOENT: no such file or directory, open '/home/user/projects/xsuaa2/db/src/.hdiconfig'",
  "time": "2026-07-18T05:40:05.647Z"
}
{
  "label": "hana-project-explorer",
  "level": "error",
  "message": "Could not read content from \"/home/user/projects/xsuaa2/db/src/.hdiconfig\" path: ENOENT: no such file or directory, open '/home/user/projects/xsuaa2/db/src/.hdiconfig'",
  "time": "2026-07-18T05:41:33.630Z"
}
{
  "label": "hana-project-explorer",
  "level": "error",
  "message": "Could not read content from \"/home/user/projects/xsuaa2/db/src/.hdiconfig\" path: ENOENT: no such file or directory, open '/home/user/projects/xsuaa2/db/src/.hdiconfig'",
  "time": "2026-07-18T05:41:35.821Z"
}
{
  "label": "hana-project-explorer",
  "level": "error",
  "message": "Could not read content from \"/home/user/projects/xsuaa2/db/src/.hdiconfig\" path: ENOENT: no such file or directory, open '/home/user/projects/xsuaa2/db/src/.hdiconfig'",
  "time": "2026-07-18T05:41:38.256Z"
}
{
  "label": "hana-project-explorer",
  "level": "error",
  "message": "Could not read content from \"/home/user/projects/xsuaa2/db/src/.hdiconfig\" path: ENOENT: no such file or directory, open '/home/user/projects/xsuaa2/db/src/.hdiconfig'",
  "time": "2026-07-18T05:41:40.473Z"
}
{
  "label": "hana-project-explorer",
  "level": "error",
  "message": "Could not read content from \"/home/user/projects/xsuaa2/db/src/.hdiconfig\" path: ENOENT: no such file or directory, open '/home/user/projects/xsuaa2/db/src/.hdiconfig'",
  "time": "2026-07-18T05:41:50.227Z"
}
{
  "label": "hana-project-explorer",
  "level": "error",
  "message": "Could not read content from \"/home/user/projects/xsuaa2/db/src/.hdiconfig\" path: ENOENT: no such file or directory, open '/home/user/projects/xsuaa2/db/src/.hdiconfig'",
  "time": "2026-07-18T05:41:52.422Z"
}
{
  "label": "hana-project-explorer",
  "level": "error",
  "message": "Could not read content from \"/home/user/projects/xsuaa2/db/src/.hdiconfig\" path: ENOENT: no such file or directory, open '/home/user/projects/xsuaa2/db/src/.hdiconfig'",
  "time": "2026-07-18T05:47:04.522Z"
}
{
  "label": "hana-project-explorer",
  "level": "error",
  "message": "Could not read content from \"/home/user/projects/xsuaa2/db/src/.hdiconfig\" path: ENOENT: no such file or directory, open '/home/user/projects/xsuaa2/db/src/.hdiconfig'",
  "time": "2026-07-18T05:47:04.523Z"
}
{
  "label": "hana-project-explorer",
  "level": "error",
  "message": "Could not read content from \"/home/user/projects/xsuaa2/db/src/.hdiconfig\" path: ENOENT: no such file or directory, open '/home/user/projects/xsuaa2/db/src/.hdiconfig'",
  "time": "2026-07-18T05:47:06.488Z"
}
{
  "label": "hana-project-explorer",
  "level": "error",
  "message": "Could not read content from \"/home/user/projects/xsuaa2/db/src/.hdiconfig\" path: ENOENT: no such file or directory, open '/home/user/projects/xsuaa2/db/src/.hdiconfig'",
  "time": "2026-07-18T05:47:23.479Z"
}
{
  "label": "hana-project-explorer",
  "level": "error",
  "message": "Could not read content from \"/home/user/projects/xsuaa2/db/src/.hdiconfig\" path: ENOENT: no such file or directory, open '/home/user/projects/xsuaa2/db/src/.hdiconfig'",
  "time": "2026-07-18T05:47:23.480Z"
}
{
  "label": "hana-project-explorer",
  "level": "error",
  "message": "Could not read content from \"/home/user/projects/xsuaa2/db/src/.hdiconfig\" path: ENOENT: no such file or directory, open '/home/user/projects/xsuaa2/db/src/.hdiconfig'",
  "time": "2026-07-18T05:47:25.126Z"
}
{
  "label": "hana-project-explorer",
  "level": "error",
  "message": "Could not read content from \"/home/user/projects/xsuaa2/db/src/.hdiconfig\" path: ENOENT: no such file or directory, open '/home/user/projects/xsuaa2/db/src/.hdiconfig'",
  "time": "2026-07-18T05:47:41.411Z"
}
{
  "label": "hana-project-explorer",
  "level": "error",
  "message": "Could not read content from \"/home/user/projects/xsuaa2/db/src/.hdiconfig\" path: ENOENT: no such file or directory, open '/home/user/projects/xsuaa2/db/src/.hdiconfig'",
  "time": "2026-07-18T05:47:41.413Z"
}
{
  "label": "hana-project-explorer",
  "level": "error",
  "message": "Could not read content from \"/home/user/projects/xsuaa2/db/src/.hdiconfig\" path: ENOENT: no such file or directory, open '/home/user/projects/xsuaa2/db/src/.hdiconfig'",
  "time": "2026-07-18T05:47:41.626Z"
}
{
  "label": "hana-project-explorer",
  "level": "error",
  "message": "Could not read content from \"/home/user/projects/xsuaa2/db/src/.hdiconfig\" path: ENOENT: no such file or directory, open '/home/user/projects/xsuaa2/db/src/.hdiconfig'",
  "time": "2026-07-18T05:47:49.422Z"
}
{
  "label": "hana-project-explorer",
  "level": "error",
  "message": "Could not read content from \"/home/user/projects/xsuaa2/db/src/.hdiconfig\" path: ENOENT: no such file or directory, open '/home/user/projects/xsuaa2/db/src/.hdiconfig'",
  "time": "2026-07-18T05:48:15.690Z"
}
{
  "label": "hana-project-explorer",
  "level": "error",
  "message": "Could not read content from \"/home/user/projects/xsuaa2/db/src/.hdiconfig\" path: ENOENT: no such file or directory, open '/home/user/projects/xsuaa2/db/src/.hdiconfig'",
  "time": "2026-07-18T05:48:15.691Z"
}
{
  "label": "hana-project-explorer",
  "level": "error",
  "message": "Could not read content from \"/home/user/projects/xsuaa2/db/src/.hdiconfig\" path: ENOENT: no such file or directory, open '/home/user/projects/xsuaa2/db/src/.hdiconfig'",
  "time": "2026-07-18T05:48:17.966Z"
}
{
  "label": "hana-project-explorer",
  "level": "error",
  "message": "Could not read content from \"/home/user/projects/xsuaa2/db/src/.hdiconfig\" path: ENOENT: no such file or directory, open '/home/user/projects/xsuaa2/db/src/.hdiconfig'",
  "time": "2026-07-18T05:48:29.789Z"
}
{
  "label": "hana-project-explorer",
  "level": "error",
  "message": "Could not read content from \"/home/user/projects/xsuaa2/db/src/.hdiconfig\" path: ENOENT: no such file or directory, open '/home/user/projects/xsuaa2/db/src/.hdiconfig'",
  "time": "2026-07-18T05:48:41.083Z"
}
{
  "label": "hana-project-explorer",
  "level": "error",
  "message": "Could not read content from \"/home/user/projects/xsuaa2/db/src/.hdiconfig\" path: ENOENT: no such file or directory, open '/home/user/projects/xsuaa2/db/src/.hdiconfig'",
  "time": "2026-07-18T05:48:44.616Z"
}
{
  "label": "hana-project-explorer",
  "level": "error",
  "message": "Could not read content from \"/home/user/projects/xsuaa2/db/src/.hdiconfig\" path: ENOENT: no such file or directory, open '/home/user/projects/xsuaa2/db/src/.hdiconfig'",
  "time": "2026-07-18T05:48:47.290Z"
}
{
  "label": "hana-project-explorer",
  "level": "error",
  "message": "Could not read content from \"/home/user/projects/xsuaa2/db/src/.hdiconfig\" path: ENOENT: no such file or directory, open '/home/user/projects/xsuaa2/db/src/.hdiconfig'",
  "time": "2026-07-18T05:48:47.331Z"
}
{
  "label": "hana-project-explorer",
  "level": "error",
  "message": "Could not read content from \"/home/user/projects/xsuaa2/db/src/.hdiconfig\" path: ENOENT: no such file or directory, open '/home/user/projects/xsuaa2/db/src/.hdiconfig'",
  "time": "2026-07-18T05:48:50.953Z"
}
{
  "label": "hana-project-explorer",
  "level": "error",
  "message": "Could not read content from \"/home/user/projects/xsuaa2/db/src/.hdiconfig\" path: ENOENT: no such file or directory, open '/home/user/projects/xsuaa2/db/src/.hdiconfig'",
  "time": "2026-07-18T05:48:53.608Z"
}
{
  "label": "hana-project-explorer",
  "level": "error",
  "message": "Could not read content from \"/home/user/projects/xsuaa2/db/src/.hdiconfig\" path: ENOENT: no such file or directory, open '/home/user/projects/xsuaa2/db/src/.hdiconfig'",
  "time": "2026-07-18T05:48:55.274Z"
}
{
  "label": "hana-project-explorer",
  "level": "error",
  "message": "Could not read content from \"/home/user/projects/xsuaa2/db/src/.hdiconfig\" path: ENOENT: no such file or directory, open '/home/user/projects/xsuaa2/db/src/.hdiconfig'",
  "time": "2026-07-18T05:48:58.268Z"
}
{
  "label": "hana-project-explorer",
  "level": "error",
  "message": "Could not read content from \"/home/user/projects/xsuaa2/db/src/.hdiconfig\" path: ENOENT: no such file or directory, open '/home/user/projects/xsuaa2/db/src/.hdiconfig'",
  "time": "2026-07-18T05:48:58.472Z"
}
{
  "label": "hana-project-explorer",
  "level": "error",
  "message": "Could not read content from \"/home/user/projects/xsuaa2/db/src/.hdiconfig\" path: ENOENT: no such file or directory, open '/home/user/projects/xsuaa2/db/src/.hdiconfig'",
  "time": "2026-07-18T05:49:02.266Z"
}
{
  "label": "hana-project-explorer",
  "level": "error",
  "message": "Could not read content from \"/home/user/projects/xsuaa2/db/src/.hdiconfig\" path: ENOENT: no such file or directory, open '/home/user/projects/xsuaa2/db/src/.hdiconfig'",
  "time": "2026-07-18T05:49:04.039Z"
}
{
  "label": "hana-project-explorer",
  "level": "error",
  "message": "Could not read content from \"/home/user/projects/xsuaa2/db/src/.hdiconfig\" path: ENOENT: no such file or directory, open '/home/user/projects/xsuaa2/db/src/.hdiconfig'",
  "time": "2026-07-18T05:49:08.848Z"
}
{
  "label": "hana-project-explorer",
  "level": "error",
  "message": "Could not read content from \"/home/user/projects/xsuaa2/db/src/.hdiconfig\" path: ENOENT: no such file or directory, open '/home/user/projects/xsuaa2/db/src/.hdiconfig'",
  "time": "2026-07-18T05:49:10.135Z"
}
{
  "label": "hana-project-explorer",
  "level": "error",
  "message": "Could not read content from \"/home/user/projects/xsuaa2/db/src/.hdiconfig\" path: ENOENT: no such file or directory, open '/home/user/projects/xsuaa2/db/src/.hdiconfig'",
  "time": "2026-07-18T05:49:15.737Z"
}
{
  "label": "hana-project-explorer",
  "level": "error",
  "message": "Could not read content from \"/home/user/projects/xsuaa2/db/src/.hdiconfig\" path: ENOENT: no such file or directory, open '/home/user/projects/xsuaa2/db/src/.hdiconfig'",
  "time": "2026-07-18T05:49:19.283Z"
}
{
  "label": "hana-project-explorer",
  "level": "error",
  "message": "Could not read content from \"/home/user/projects/xsuaa2/db/src/.hdiconfig\" path: ENOENT: no such file or directory, open '/home/user/projects/xsuaa2/db/src/.hdiconfig'",
  "time": "2026-07-18T05:49:24.153Z"
}
{
  "label": "hana-project-explorer",
  "level": "error",
  "message": "Could not read content from \"/home/user/projects/xsuaa2/db/src/.hdiconfig\" path: ENOENT: no such file or directory, open '/home/user/projects/xsuaa2/db/src/.hdiconfig'",
  "time": "2026-07-18T05:49:25.334Z"
}
{
  "label": "hana-project-explorer",
  "level": "error",
  "message": "Could not read content from \"/home/user/projects/xsuaa2/db/src/.hdiconfig\" path: ENOENT: no such file or directory, open '/home/user/projects/xsuaa2/db/src/.hdiconfig'",
  "time": "2026-07-18T05:49:26.697Z"
}
{
  "label": "hana-project-explorer",
  "level": "error",
  "message": "Could not read content from \"/home/user/projects/xsuaa2/db/src/.hdiconfig\" path: ENOENT: no such file or directory, open '/home/user/projects/xsuaa2/db/src/.hdiconfig'",
  "time": "2026-07-18T05:49:31.562Z"
}
{
  "label": "hana-project-explorer",
  "level": "error",
  "message": "Could not read content from \"/home/user/projects/xsuaa2/db/src/.hdiconfig\" path: ENOENT: no such file or directory, open '/home/user/projects/xsuaa2/db/src/.hdiconfig'",
  "time": "2026-07-18T05:49:31.562Z"
}
{
  "label": "hana-project-explorer",
  "level": "error",
  "message": "Could not read content from \"/home/user/projects/xsuaa2/db/src/.hdiconfig\" path: ENOENT: no such file or directory, open '/home/user/projects/xsuaa2/db/src/.hdiconfig'",
  "time": "2026-07-18T05:49:37.232Z"
}
{
  "label": "hana-project-explorer",
  "level": "error",
  "message": "Could not read content from \"/home/user/projects/xsuaa2/db/src/.hdiconfig\" path: ENOENT: no such file or directory, open '/home/user/projects/xsuaa2/db/src/.hdiconfig'",
  "time": "2026-07-18T05:49:37.239Z"
}
{
  "label": "hana-project-explorer",
  "level": "error",
  "message": "Could not read content from \"/home/user/projects/xsuaa2/db/src/.hdiconfig\" path: ENOENT: no such file or directory, open '/home/user/projects/xsuaa2/db/src/.hdiconfig'",
  "time": "2026-07-18T05:49:39.386Z"
}
{
  "label": "hana-project-explorer",
  "level": "error",
  "message": "Could not read content from \"/home/user/projects/xsuaa2/db/src/.hdiconfig\" path: ENOENT: no such file or directory, open '/home/user/projects/xsuaa2/db/src/.hdiconfig'",
  "time": "2026-07-18T05:49:41.663Z"
}
{
  "label": "hana-project-explorer",
  "level": "error",
  "message": "Could not read content from \"/home/user/projects/xsuaa2/db/src/.hdiconfig\" path: ENOENT: no such file or directory, open '/home/user/projects/xsuaa2/db/src/.hdiconfig'",
  "time": "2026-07-18T05:49:43.863Z"
}
{
  "label": "hana-project-explorer",
  "level": "error",
  "message": "Could not read content from \"/home/user/projects/xsuaa2/db/src/.hdiconfig\" path: ENOENT: no such file or directory, open '/home/user/projects/xsuaa2/db/src/.hdiconfig'",
  "time": "2026-07-18T05:49:45.394Z"
}
{
  "label": "hana-project-explorer",
  "level": "error",
  "message": "Could not read content from \"/home/user/projects/xsuaa2/db/src/.hdiconfig\" path: ENOENT: no such file or directory, open '/home/user/projects/xsuaa2/db/src/.hdiconfig'",
  "time": "2026-07-18T05:49:47.659Z"
}
{
  "label": "hana-project-explorer",
  "level": "error",
  "message": "Could not read content from \"/home/user/projects/xsuaa2/db/src/.hdiconfig\" path: ENOENT: no such file or directory, open '/home/user/projects/xsuaa2/db/src/.hdiconfig'",
  "time": "2026-07-18T05:49:47.828Z"
}
{
  "label": "hana-project-explorer",
  "level": "error",
  "message": "Could not read content from \"/home/user/projects/xsuaa2/db/src/.hdiconfig\" path: ENOENT: no such file or directory, open '/home/user/projects/xsuaa2/db/src/.hdiconfig'",
  "time": "2026-07-18T05:49:50.162Z"
}
{
  "label": "hana-project-explorer",
  "level": "error",
  "message": "Could not read content from \"/home/user/projects/xsuaa2/db/src/.hdiconfig\" path: ENOENT: no such file or directory, open '/home/user/projects/xsuaa2/db/src/.hdiconfig'",
  "time": "2026-07-18T05:49:51.907Z"
}
{
  "label": "hana-project-explorer",
  "level": "error",
  "message": "Could not read content from \"/home/user/projects/xsuaa2/db/src/.hdiconfig\" path: ENOENT: no such file or directory, open '/home/user/projects/xsuaa2/db/src/.hdiconfig'",
  "time": "2026-07-18T05:49:54.305Z"
}
{
  "label": "hana-project-explorer",
  "level": "error",
  "message": "Could not read content from \"/home/user/projects/xsuaa2/db/src/.hdiconfig\" path: ENOENT: no such file or directory, open '/home/user/projects/xsuaa2/db/src/.hdiconfig'",
  "time": "2026-07-18T05:49:54.383Z"
}
{
  "label": "hana-project-explorer",
  "level": "error",
  "message": "Could not read content from \"/home/user/projects/xsuaa2/db/src/.hdiconfig\" path: ENOENT: no such file or directory, open '/home/user/projects/xsuaa2/db/src/.hdiconfig'",
  "time": "2026-07-18T05:49:56.759Z"
}
{
  "label": "hana-project-explorer",
  "level": "error",
  "message": "Could not read content from \"/home/user/projects/xsuaa2/db/src/.hdiconfig\" path: ENOENT: no such file or directory, open '/home/user/projects/xsuaa2/db/src/.hdiconfig'",
  "time": "2026-07-18T05:49:57.513Z"
}
{
  "label": "hana-project-explorer",
  "level": "error",
  "message": "Could not read content from \"/home/user/projects/xsuaa2/db/src/.hdiconfig\" path: ENOENT: no such file or directory, open '/home/user/projects/xsuaa2/db/src/.hdiconfig'",
  "time": "2026-07-18T05:50:00.227Z"
}
{
  "label": "hana-project-explorer",
  "level": "error",
  "message": "Could not read content from \"/home/user/projects/xsuaa2/db/src/.hdiconfig\" path: ENOENT: no such file or directory, open '/home/user/projects/xsuaa2/db/src/.hdiconfig'",
  "time": "2026-07-18T05:50:01.588Z"
}
{
  "label": "hana-project-explorer",
  "level": "error",
  "message": "Could not read content from \"/home/user/projects/xsuaa2/db/src/.hdiconfig\" path: ENOENT: no such file or directory, open '/home/user/projects/xsuaa2/db/src/.hdiconfig'",
  "time": "2026-07-18T05:50:03.858Z"
}
{
  "label": "hana-project-explorer",
  "level": "error",
  "message": "Could not read content from \"/home/user/projects/xsuaa2/db/src/.hdiconfig\" path: ENOENT: no such file or directory, open '/home/user/projects/xsuaa2/db/src/.hdiconfig'",
  "time": "2026-07-18T05:50:05.032Z"
}
{
  "label": "hana-project-explorer",
  "level": "error",
  "message": "Could not read content from \"/home/user/projects/xsuaa2/db/src/.hdiconfig\" path: ENOENT: no such file or directory, open '/home/user/projects/xsuaa2/db/src/.hdiconfig'",
  "time": "2026-07-18T05:50:07.327Z"
}
{
  "label": "hana-project-explorer",
  "level": "error",
  "message": "Could not read content from \"/home/user/projects/xsuaa2/db/src/.hdiconfig\" path: ENOENT: no such file or directory, open '/home/user/projects/xsuaa2/db/src/.hdiconfig'",
  "time": "2026-07-18T05:50:11.512Z"
}
{
  "label": "hana-project-explorer",
  "level": "error",
  "message": "Could not read content from \"/home/user/projects/xsuaa2/db/src/.hdiconfig\" path: ENOENT: no such file or directory, open '/home/user/projects/xsuaa2/db/src/.hdiconfig'",
  "time": "2026-07-18T05:50:14.168Z"
}
{
  "label": "hana-project-explorer",
  "level": "error",
  "message": "Could not read content from \"/home/user/projects/xsuaa2/db/src/.hdiconfig\" path: ENOENT: no such file or directory, open '/home/user/projects/xsuaa2/db/src/.hdiconfig'",
  "time": "2026-07-18T05:50:25.014Z"
}
{
  "label": "hana-project-explorer",
  "level": "error",
  "message": "Could not read content from \"/home/user/projects/xsuaa2/db/src/.hdiconfig\" path: ENOENT: no such file or directory, open '/home/user/projects/xsuaa2/db/src/.hdiconfig'",
  "time": "2026-07-18T05:50:31.552Z"
}
{
  "label": "hana-project-explorer",
  "level": "error",
  "message": "Could not read content from \"/home/user/projects/xsuaa2/db/src/.hdiconfig\" path: ENOENT: no such file or directory, open '/home/user/projects/xsuaa2/db/src/.hdiconfig'",
  "time": "2026-07-18T05:50:33.704Z"
}
{
  "label": "hana-project-explorer",
  "level": "error",
  "message": "Could not read content from \"/home/user/projects/xsuaa2/db/src/.hdiconfig\" path: ENOENT: no such file or directory, open '/home/user/projects/xsuaa2/db/src/.hdiconfig'",
  "time": "2026-07-18T05:50:35.755Z"
}
{
  "label": "hana-project-explorer",
  "level": "error",
  "message": "Could not read content from \"/home/user/projects/xsuaa2/db/src/.hdiconfig\" path: ENOENT: no such file or directory, open '/home/user/projects/xsuaa2/db/src/.hdiconfig'",
  "time": "2026-07-18T05:50:38.508Z"
}
{
  "label": "hana-project-explorer",
  "level": "error",
  "message": "Could not read content from \"/home/user/projects/xsuaa2/db/src/.hdiconfig\" path: ENOENT: no such file or directory, open '/home/user/projects/xsuaa2/db/src/.hdiconfig'",
  "time": "2026-07-18T05:50:39.033Z"
}
{
  "label": "hana-project-explorer",
  "level": "error",
  "message": "Could not read content from \"/home/user/projects/xsuaa2/db/src/.hdiconfig\" path: ENOENT: no such file or directory, open '/home/user/projects/xsuaa2/db/src/.hdiconfig'",
  "time": "2026-07-18T05:50:41.262Z"
}
{
  "label": "hana-project-explorer",
  "level": "error",
  "message": "Could not read content from \"/home/user/projects/xsuaa2/db/src/.hdiconfig\" path: ENOENT: no such file or directory, open '/home/user/projects/xsuaa2/db/src/.hdiconfig'",
  "time": "2026-07-18T05:50:41.415Z"
}
{
  "label": "hana-project-explorer",
  "level": "error",
  "message": "Could not read content from \"/home/user/projects/xsuaa2/db/src/.hdiconfig\" path: ENOENT: no such file or directory, open '/home/user/projects/xsuaa2/db/src/.hdiconfig'",
  "time": "2026-07-18T05:50:45.503Z"
}
{
  "label": "hana-project-explorer",
  "level": "error",
  "message": "Could not read content from \"/home/user/projects/xsuaa2/db/src/.hdiconfig\" path: ENOENT: no such file or directory, open '/home/user/projects/xsuaa2/db/src/.hdiconfig'",
  "time": "2026-07-18T05:50:45.627Z"
}
{
  "label": "hana-project-explorer",
  "level": "error",
  "message": "Could not read content from \"/home/user/projects/xsuaa2/db/src/.hdiconfig\" path: ENOENT: no such file or directory, open '/home/user/projects/xsuaa2/db/src/.hdiconfig'",
  "time": "2026-07-18T05:50:48.038Z"
}
{
  "label": "hana-project-explorer",
  "level": "error",
  "message": "Could not read content from \"/home/user/projects/xsuaa2/db/src/.hdiconfig\" path: ENOENT: no such file or directory, open '/home/user/projects/xsuaa2/db/src/.hdiconfig'",
  "time": "2026-07-18T05:50:50.029Z"
}
{
  "label": "hana-project-explorer",
  "level": "error",
  "message": "Could not read content from \"/home/user/projects/xsuaa2/db/src/.hdiconfig\" path: ENOENT: no such file or directory, open '/home/user/projects/xsuaa2/db/src/.hdiconfig'",
  "time": "2026-07-18T05:51:07.891Z"
}
{
  "label": "hana-project-explorer",
  "level": "error",
  "message": "Could not read content from \"/home/user/projects/xsuaa2/db/src/.hdiconfig\" path: ENOENT: no such file or directory, open '/home/user/projects/xsuaa2/db/src/.hdiconfig'",
  "time": "2026-07-18T05:51:08.226Z"
}
{
  "label": "hana-project-explorer",
  "level": "error",
  "message": "Could not read content from \"/home/user/projects/xsuaa2/db/src/.hdiconfig\" path: ENOENT: no such file or directory, open '/home/user/projects/xsuaa2/db/src/.hdiconfig'",
  "time": "2026-07-18T05:51:17.699Z"
}
{
  "label": "hana-project-explorer",
  "level": "error",
  "message": "Could not read content from \"/home/user/projects/xsuaa2/db/src/.hdiconfig\" path: ENOENT: no such file or directory, open '/home/user/projects/xsuaa2/db/src/.hdiconfig'",
  "time": "2026-07-18T05:51:17.962Z"
}
{
  "label": "hana-project-explorer",
  "level": "error",
  "message": "Could not read content from \"/home/user/projects/xsuaa2/db/src/.hdiconfig\" path: ENOENT: no such file or directory, open '/home/user/projects/xsuaa2/db/src/.hdiconfig'",
  "time": "2026-07-18T05:51:20.353Z"
}
{
  "label": "hana-project-explorer",
  "level": "error",
  "message": "Could not read content from \"/home/user/projects/xsuaa2/db/src/.hdiconfig\" path: ENOENT: no such file or directory, open '/home/user/projects/xsuaa2/db/src/.hdiconfig'",
  "time": "2026-07-18T05:51:20.981Z"
}
{
  "label": "hana-project-explorer",
  "level": "error",
  "message": "Could not read content from \"/home/user/projects/xsuaa2/db/src/.hdiconfig\" path: ENOENT: no such file or directory, open '/home/user/projects/xsuaa2/db/src/.hdiconfig'",
  "time": "2026-07-18T05:51:23.329Z"
}
{
  "label": "hana-project-explorer",
  "level": "error",
  "message": "Could not read content from \"/home/user/projects/xsuaa2/db/src/.hdiconfig\" path: ENOENT: no such file or directory, open '/home/user/projects/xsuaa2/db/src/.hdiconfig'",
  "time": "2026-07-18T05:51:23.662Z"
}
{
  "label": "hana-project-explorer",
  "level": "error",
  "message": "Could not read content from \"/home/user/projects/xsuaa2/db/src/.hdiconfig\" path: ENOENT: no such file or directory, open '/home/user/projects/xsuaa2/db/src/.hdiconfig'",
  "time": "2026-07-18T05:51:25.834Z"
}
{
  "label": "hana-project-explorer",
  "level": "error",
  "message": "Could not read content from \"/home/user/projects/xsuaa2/db/src/.hdiconfig\" path: ENOENT: no such file or directory, open '/home/user/projects/xsuaa2/db/src/.hdiconfig'",
  "time": "2026-07-18T05:51:28.960Z"
}
{
  "label": "hana-project-explorer",
  "level": "error",
  "message": "Could not read content from \"/home/user/projects/xsuaa2/db/src/.hdiconfig\" path: ENOENT: no such file or directory, open '/home/user/projects/xsuaa2/db/src/.hdiconfig'",
  "time": "2026-07-18T05:51:31.309Z"
}
{
  "label": "hana-project-explorer",
  "level": "error",
  "message": "Could not read content from \"/home/user/projects/xsuaa2/db/src/.hdiconfig\" path: ENOENT: no such file or directory, open '/home/user/projects/xsuaa2/db/src/.hdiconfig'",
  "time": "2026-07-18T05:51:40.698Z"
}
{
  "label": "hana-project-explorer",
  "level": "error",
  "message": "Could not read content from \"/home/user/projects/xsuaa2/db/src/.hdiconfig\" path: ENOENT: no such file or directory, open '/home/user/projects/xsuaa2/db/src/.hdiconfig'",
  "time": "2026-07-18T05:51:41.597Z"
}
{
  "label": "hana-project-explorer",
  "level": "error",
  "message": "Could not read content from \"/home/user/projects/xsuaa2/db/src/.hdiconfig\" path: ENOENT: no such file or directory, open '/home/user/projects/xsuaa2/db/src/.hdiconfig'",
  "time": "2026-07-18T05:51:43.355Z"
}
{
  "label": "hana-project-explorer",
  "level": "error",
  "message": "Could not read content from \"/home/user/projects/xsuaa2/db/src/.hdiconfig\" path: ENOENT: no such file or directory, open '/home/user/projects/xsuaa2/db/src/.hdiconfig'",
  "time": "2026-07-18T05:51:48.341Z"
}
{
  "label": "hana-project-explorer",
  "level": "error",
  "message": "Could not read content from \"/home/user/projects/xsuaa2/db/src/.hdiconfig\" path: ENOENT: no such file or directory, open '/home/user/projects/xsuaa2/db/src/.hdiconfig'",
  "time": "2026-07-18T05:51:50.081Z"
}
{
  "label": "hana-project-explorer",
  "level": "error",
  "message": "Could not read content from \"/home/user/projects/xsuaa2/db/src/.hdiconfig\" path: ENOENT: no such file or directory, open '/home/user/projects/xsuaa2/db/src/.hdiconfig'",
  "time": "2026-07-18T05:51:51.762Z"
}
{
  "label": "hana-project-explorer",
  "level": "error",
  "message": "Could not read content from \"/home/user/projects/xsuaa2/db/src/.hdiconfig\" path: ENOENT: no such file or directory, open '/home/user/projects/xsuaa2/db/src/.hdiconfig'",
  "time": "2026-07-18T05:51:53.467Z"
}
{
  "label": "hana-project-explorer",
  "level": "error",
  "message": "Could not read content from \"/home/user/projects/xsuaa2/db/src/.hdiconfig\" path: ENOENT: no such file or directory, open '/home/user/projects/xsuaa2/db/src/.hdiconfig'",
  "time": "2026-07-18T05:52:00.073Z"
}
{
  "label": "hana-project-explorer",
  "level": "error",
  "message": "Could not read content from \"/home/user/projects/xsuaa2/db/src/.hdiconfig\" path: ENOENT: no such file or directory, open '/home/user/projects/xsuaa2/db/src/.hdiconfig'",
  "time": "2026-07-18T05:52:00.074Z"
}
{
  "label": "hana-project-explorer",
  "level": "error",
  "message": "Could not read content from \"/home/user/projects/xsuaa2/db/src/.hdiconfig\" path: ENOENT: no such file or directory, open '/home/user/projects/xsuaa2/db/src/.hdiconfig'",
  "time": "2026-07-18T05:52:02.738Z"
}
{
  "label": "hana-project-explorer",
  "level": "error",
  "message": "Could not read content from \"/home/user/projects/xsuaa2/db/src/.hdiconfig\" path: ENOENT: no such file or directory, open '/home/user/projects/xsuaa2/db/src/.hdiconfig'",
  "time": "2026-07-18T05:52:02.738Z"
}
{
  "label": "hana-project-explorer",
  "level": "error",
  "message": "Could not read content from \"/home/user/projects/xsuaa2/db/src/.hdiconfig\" path: ENOENT: no such file or directory, open '/home/user/projects/xsuaa2/db/src/.hdiconfig'",
  "time": "2026-07-18T05:52:05.288Z"
}
{
  "label": "hana-project-explorer",
  "level": "error",
  "message": "Could not read content from \"/home/user/projects/xsuaa2/db/src/.hdiconfig\" path: ENOENT: no such file or directory, open '/home/user/projects/xsuaa2/db/src/.hdiconfig'",
  "time": "2026-07-18T05:52:12.487Z"
}
{
  "label": "hana-project-explorer",
  "level": "error",
  "message": "Could not read content from \"/home/user/projects/xsuaa2/db/src/.hdiconfig\" path: ENOENT: no such file or directory, open '/home/user/projects/xsuaa2/db/src/.hdiconfig'",
  "time": "2026-07-18T05:52:14.783Z"
}
{
  "label": "hana-project-explorer",
  "level": "error",
  "message": "Could not read content from \"/home/user/projects/xsuaa2/db/src/.hdiconfig\" path: ENOENT: no such file or directory, open '/home/user/projects/xsuaa2/db/src/.hdiconfig'",
  "time": "2026-07-18T05:52:25.093Z"
}
{
  "label": "hana-project-explorer",
  "level": "error",
  "message": "Could not read content from \"/home/user/projects/xsuaa2/db/src/.hdiconfig\" path: ENOENT: no such file or directory, open '/home/user/projects/xsuaa2/db/src/.hdiconfig'",
  "time": "2026-07-18T05:52:27.558Z"
}
{
  "label": "hana-project-explorer",
  "level": "error",
  "message": "Could not read content from \"/home/user/projects/xsuaa2/db/src/.hdiconfig\" path: ENOENT: no such file or directory, open '/home/user/projects/xsuaa2/db/src/.hdiconfig'",
  "time": "2026-07-18T05:52:28.339Z"
}
{
  "label": "hana-project-explorer",
  "level": "error",
  "message": "Could not read content from \"/home/user/projects/xsuaa2/db/src/.hdiconfig\" path: ENOENT: no such file or directory, open '/home/user/projects/xsuaa2/db/src/.hdiconfig'",
  "time": "2026-07-18T05:52:30.604Z"
}
{
  "label": "hana-project-explorer",
  "level": "error",
  "message": "Could not read content from \"/home/user/projects/xsuaa2/db/src/.hdiconfig\" path: ENOENT: no such file or directory, open '/home/user/projects/xsuaa2/db/src/.hdiconfig'",
  "time": "2026-07-18T05:52:31.032Z"
}
{
  "label": "hana-project-explorer",
  "level": "error",
  "message": "Could not read content from \"/home/user/projects/xsuaa2/db/src/.hdiconfig\" path: ENOENT: no such file or directory, open '/home/user/projects/xsuaa2/db/src/.hdiconfig'",
  "time": "2026-07-18T05:52:33.328Z"
}
{
  "label": "hana-project-explorer",
  "level": "error",
  "message": "Could not read content from \"/home/user/projects/xsuaa2/db/src/.hdiconfig\" path: ENOENT: no such file or directory, open '/home/user/projects/xsuaa2/db/src/.hdiconfig'",
  "time": "2026-07-18T05:52:34.901Z"
}
{
  "label": "hana-project-explorer",
  "level": "error",
  "message": "Could not read content from \"/home/user/projects/xsuaa2/db/src/.hdiconfig\" path: ENOENT: no such file or directory, open '/home/user/projects/xsuaa2/db/src/.hdiconfig'",
  "time": "2026-07-18T05:52:37.179Z"
}
{
  "label": "hana-project-explorer",
  "level": "error",
  "message": "Could not read content from \"/home/user/projects/xsuaa2/db/src/.hdiconfig\" path: ENOENT: no such file or directory, open '/home/user/projects/xsuaa2/db/src/.hdiconfig'",
  "time": "2026-07-18T05:52:37.417Z"
}
{
  "label": "hana-project-explorer",
  "level": "error",
  "message": "Could not read content from \"/home/user/projects/xsuaa2/db/src/.hdiconfig\" path: ENOENT: no such file or directory, open '/home/user/projects/xsuaa2/db/src/.hdiconfig'",
  "time": "2026-07-18T05:52:41.700Z"
}
{
  "label": "hana-project-explorer",
  "level": "error",
  "message": "Could not read content from \"/home/user/projects/xsuaa2/db/src/.hdiconfig\" path: ENOENT: no such file or directory, open '/home/user/projects/xsuaa2/db/src/.hdiconfig'",
  "time": "2026-07-18T05:52:45.412Z"
}
{
  "label": "hana-project-explorer",
  "level": "error",
  "message": "Could not read content from \"/home/user/projects/xsuaa2/db/src/.hdiconfig\" path: ENOENT: no such file or directory, open '/home/user/projects/xsuaa2/db/src/.hdiconfig'",
  "time": "2026-07-18T05:52:48.637Z"
}
{
  "label": "hana-project-explorer",
  "level": "error",
  "message": "Could not read content from \"/home/user/projects/xsuaa2/db/src/.hdiconfig\" path: ENOENT: no such file or directory, open '/home/user/projects/xsuaa2/db/src/.hdiconfig'",
  "time": "2026-07-18T05:52:49.781Z"
}
{
  "label": "hana-project-explorer",
  "level": "error",
  "message": "Could not read content from \"/home/user/projects/xsuaa2/db/src/.hdiconfig\" path: ENOENT: no such file or directory, open '/home/user/projects/xsuaa2/db/src/.hdiconfig'",
  "time": "2026-07-18T05:52:52.009Z"
}
{
  "label": "hana-project-explorer",
  "level": "error",
  "message": "Could not read content from \"/home/user/projects/xsuaa2/db/src/.hdiconfig\" path: ENOENT: no such file or directory, open '/home/user/projects/xsuaa2/db/src/.hdiconfig'",
  "time": "2026-07-18T05:52:52.945Z"
}
{
  "label": "hana-project-explorer",
  "level": "error",
  "message": "Could not read content from \"/home/user/projects/xsuaa2/db/src/.hdiconfig\" path: ENOENT: no such file or directory, open '/home/user/projects/xsuaa2/db/src/.hdiconfig'",
  "time": "2026-07-18T05:52:56.172Z"
}
{
  "label": "hana-project-explorer",
  "level": "error",
  "message": "Could not read content from \"/home/user/projects/xsuaa2/db/src/.hdiconfig\" path: ENOENT: no such file or directory, open '/home/user/projects/xsuaa2/db/src/.hdiconfig'",
  "time": "2026-07-18T05:52:56.401Z"
}
{
  "label": "hana-project-explorer",
  "level": "error",
  "message": "Could not read content from \"/home/user/projects/xsuaa2/db/src/.hdiconfig\" path: ENOENT: no such file or directory, open '/home/user/projects/xsuaa2/db/src/.hdiconfig'",
  "time": "2026-07-18T05:53:04.383Z"
}
{
  "label": "hana-project-explorer",
  "level": "error",
  "message": "Could not read content from \"/home/user/projects/xsuaa2/db/src/.hdiconfig\" path: ENOENT: no such file or directory, open '/home/user/projects/xsuaa2/db/src/.hdiconfig'",
  "time": "2026-07-18T05:53:16.824Z"
}
{
  "label": "hana-project-explorer",
  "level": "error",
  "message": "Could not read content from \"/home/user/projects/xsuaa2/db/src/.hdiconfig\" path: ENOENT: no such file or directory, open '/home/user/projects/xsuaa2/db/src/.hdiconfig'",
  "time": "2026-07-18T05:53:36.379Z"
}
{
  "label": "hana-project-explorer",
  "level": "error",
  "message": "Could not read content from \"/home/user/projects/xsuaa2/db/src/.hdiconfig\" path: ENOENT: no such file or directory, open '/home/user/projects/xsuaa2/db/src/.hdiconfig'",
  "time": "2026-07-18T06:01:55.568Z"
}
{
  "label": "hana-project-explorer",
  "level": "error",
  "message": "Could not read content from \"/home/user/projects/xsuaa2/db/src/.hdiconfig\" path: ENOENT: no such file or directory, open '/home/user/projects/xsuaa2/db/src/.hdiconfig'",
  "time": "2026-07-18T06:01:59.696Z"
}
{
  "label": "hana-project-explorer",
  "level": "error",
  "message": "Could not read content from \"/home/user/projects/xsuaa2/db/src/.hdiconfig\" path: ENOENT: no such file or directory, open '/home/user/projects/xsuaa2/db/src/.hdiconfig'",
  "time": "2026-07-18T06:04:39.074Z"
}
{
  "label": "hana-project-explorer",
  "level": "error",
  "message": "Could not read content from \"/home/user/projects/xsuaa2/db/src/.hdiconfig\" path: ENOENT: no such file or directory, open '/home/user/projects/xsuaa2/db/src/.hdiconfig'",
  "time": "2026-07-18T06:09:45.081Z"
}
{
  "label": "hana-project-explorer",
  "level": "error",
  "message": "Could not read content from \"/home/user/projects/xsuaa2/db/src/.hdiconfig\" path: ENOENT: no such file or directory, open '/home/user/projects/xsuaa2/db/src/.hdiconfig'",
  "time": "2026-07-18T06:09:51.338Z"
}
{
  "label": "hana-project-explorer",
  "level": "error",
  "message": "Could not read content from \"/home/user/projects/xsuaa2/db/src/.hdiconfig\" path: ENOENT: no such file or directory, open '/home/user/projects/xsuaa2/db/src/.hdiconfig'",
  "time": "2026-07-18T06:10:27.793Z"
}
{
  "label": "hana-project-explorer",
  "level": "error",
  "message": "Could not read content from \"/home/user/projects/xsuaa2/db/src/.hdiconfig\" path: ENOENT: no such file or directory, open '/home/user/projects/xsuaa2/db/src/.hdiconfig'",
  "time": "2026-07-18T06:11:24.577Z"
}
{
  "label": "hana-project-explorer",
  "level": "error",
  "message": "Could not read content from \"/home/user/projects/xsuaa2/db/src/.hdiconfig\" path: ENOENT: no such file or directory, open '/home/user/projects/xsuaa2/db/src/.hdiconfig'",
  "time": "2026-07-18T06:12:24.261Z"
}
{
  "label": "hana-project-explorer",
  "level": "error",
  "message": "Could not read content from \"/home/user/projects/xsuaa2/db/src/.hdiconfig\" path: ENOENT: no such file or directory, open '/home/user/projects/xsuaa2/db/src/.hdiconfig'",
  "time": "2026-07-18T06:12:27.461Z"
}
{
  "label": "hana-project-explorer",
  "level": "error",
  "message": "Could not read content from \"/home/user/projects/xsuaa2/db/src/.hdiconfig\" path: ENOENT: no such file or directory, open '/home/user/projects/xsuaa2/db/src/.hdiconfig'",
  "time": "2026-07-18T06:12:29.813Z"
}
{
  "label": "hana-project-explorer",
  "level": "error",
  "message": "Could not read content from \"/home/user/projects/xsuaa2/db/src/.hdiconfig\" path: ENOENT: no such file or directory, open '/home/user/projects/xsuaa2/db/src/.hdiconfig'",
  "time": "2026-07-18T06:13:30.630Z"
}
{
  "label": "hana-project-explorer",
  "level": "error",
  "message": "Could not read content from \"/home/user/projects/xsuaa2/db/src/.hdiconfig\" path: ENOENT: no such file or directory, open '/home/user/projects/xsuaa2/db/src/.hdiconfig'",
  "time": "2026-07-18T06:13:30.633Z"
}
{
  "label": "hana-project-explorer",
  "level": "error",
  "message": "Could not read content from \"/home/user/projects/xsuaa2/db/src/.hdiconfig\" path: ENOENT: no such file or directory, open '/home/user/projects/xsuaa2/db/src/.hdiconfig'",
  "time": "2026-07-18T06:13:33.501Z"
}
{
  "label": "hana-project-explorer",
  "level": "error",
  "message": "Could not read content from \"/home/user/projects/xsuaa2/db/src/.hdiconfig\" path: ENOENT: no such file or directory, open '/home/user/projects/xsuaa2/db/src/.hdiconfig'",
  "time": "2026-07-18T06:13:33.504Z"
}
{
  "label": "hana-project-explorer",
  "level": "error",
  "message": "Could not read content from \"/home/user/projects/xsuaa2/db/src/.hdiconfig\" path: ENOENT: no such file or directory, open '/home/user/projects/xsuaa2/db/src/.hdiconfig'",
  "time": "2026-07-18T06:14:07.121Z"
}
{
  "label": "hana-project-explorer",
  "level": "error",
  "message": "Could not read content from \"/home/user/projects/xsuaa2/db/src/.hdiconfig\" path: ENOENT: no such file or directory, open '/home/user/projects/xsuaa2/db/src/.hdiconfig'",
  "time": "2026-07-18T06:14:07.121Z"
}
{
  "label": "hana-project-explorer",
  "level": "error",
  "message": "Could not read content from \"/home/user/projects/xsuaa2/db/src/.hdiconfig\" path: ENOENT: no such file or directory, open '/home/user/projects/xsuaa2/db/src/.hdiconfig'",
  "time": "2026-07-18T06:14:10.130Z"
}
{
  "label": "hana-project-explorer",
  "level": "error",
  "message": "Could not read content from \"/home/user/projects/xsuaa2/db/src/.hdiconfig\" path: ENOENT: no such file or directory, open '/home/user/projects/xsuaa2/db/src/.hdiconfig'",
  "time": "2026-07-18T06:14:10.131Z"
}
{
  "label": "hana-project-explorer",
  "level": "error",
  "message": "Could not read content from \"/home/user/projects/xsuaa2/db/src/.hdiconfig\" path: ENOENT: no such file or directory, open '/home/user/projects/xsuaa2/db/src/.hdiconfig'",
  "time": "2026-07-18T06:14:15.488Z"
}
{
  "label": "hana-project-explorer",
  "level": "error",
  "message": "Could not read content from \"/home/user/projects/xsuaa2/db/src/.hdiconfig\" path: ENOENT: no such file or directory, open '/home/user/projects/xsuaa2/db/src/.hdiconfig'",
  "time": "2026-07-18T06:14:15.489Z"
}
{
  "label": "hana-project-explorer",
  "level": "error",
  "message": "Could not read content from \"/home/user/projects/xsuaa2/db/src/.hdiconfig\" path: ENOENT: no such file or directory, open '/home/user/projects/xsuaa2/db/src/.hdiconfig'",
  "time": "2026-07-18T06:14:17.777Z"
}
{
  "label": "hana-project-explorer",
  "level": "error",
  "message": "Could not read content from \"/home/user/projects/xsuaa2/db/src/.hdiconfig\" path: ENOENT: no such file or directory, open '/home/user/projects/xsuaa2/db/src/.hdiconfig'",
  "time": "2026-07-18T06:14:17.778Z"
}
{
  "label": "hana-project-explorer",
  "level": "error",
  "message": "Could not read content from \"/home/user/projects/xsuaa2/db/src/.hdiconfig\" path: ENOENT: no such file or directory, open '/home/user/projects/xsuaa2/db/src/.hdiconfig'",
  "time": "2026-07-18T06:15:59.850Z"
}
{
  "label": "hana-project-explorer",
  "level": "error",
  "message": "Could not read content from \"/home/user/projects/xsuaa2/db/src/.hdiconfig\" path: ENOENT: no such file or directory, open '/home/user/projects/xsuaa2/db/src/.hdiconfig'",
  "time": "2026-07-18T06:16:37.208Z"
}
{
  "label": "hana-project-explorer",
  "level": "error",
  "message": "Could not read content from \"/home/user/projects/xsuaa2/db/src/.hdiconfig\" path: ENOENT: no such file or directory, open '/home/user/projects/xsuaa2/db/src/.hdiconfig'",
  "time": "2026-07-18T06:19:34.632Z"
}
{
  "label": "hana-project-explorer",
  "level": "error",
  "message": "Could not parse .env file: The module path \"/home/user/projects/xsuaa2/gen/db\" is not a valid CAP DB module path.",
  "time": "2026-07-18T06:19:36.519Z"
}
{
  "label": "hana-project-explorer",
  "level": "error",
  "message": "Could not read content from \"/home/user/projects/xsuaa2/db/src/.hdiconfig\" path: ENOENT: no such file or directory, open '/home/user/projects/xsuaa2/db/src/.hdiconfig'",
  "time": "2026-07-18T06:19:37.106Z"
}
{
  "label": "hana-project-explorer",
  "level": "error",
  "message": "Could not parse .env file: The module path \"/home/user/projects/xsuaa2/gen/db\" is not a valid CAP DB module path.",
  "time": "2026-07-18T06:19:39.270Z"
}
{
  "label": "hana-project-explorer",
  "level": "error",
  "message": "Error while reading package.json, using defaults",
  "time": "2026-07-18T06:20:04.010Z"
}
{
  "label": "hana-project-explorer",
  "level": "error",
  "message": "Error while reading package.json, using defaults",
  "time": "2026-07-18T06:20:04.011Z"
}
{
  "label": "hana-project-explorer",
  "level": "error",
  "message": "Error while reading package.json, using defaults",
  "time": "2026-07-18T06:20:04.747Z"
}
{
  "label": "hana-project-explorer",
  "level": "error",
  "message": "Error while reading package.json, using defaults",
  "time": "2026-07-18T06:20:04.747Z"
}
{
  "label": "hana-project-explorer",
  "level": "error",
  "message": "Error while reading package.json, using defaults",
  "time": "2026-07-18T06:20:06.845Z"
}
{
  "label": "hana-project-explorer",
  "level": "error",
  "message": "Error while reading package.json, using defaults",
  "time": "2026-07-18T06:20:06.845Z"
}
{
  "label": "hana-project-explorer",
  "level": "error",
  "message": "Error while reading package.json, using defaults",
  "time": "2026-07-18T06:20:07.671Z"
}
{
  "label": "hana-project-explorer",
  "level": "error",
  "message": "Error while reading package.json, using defaults",
  "time": "2026-07-18T06:20:07.671Z"
}
{
  "label": "hana-project-explorer",
  "level": "error",
  "message": "Could not read content from \"/home/user/projects/xsuaa2/gen/db/src/.hdiconfig\" path: ENOENT: no such file or directory, open '/home/user/projects/xsuaa2/gen/db/src/.hdiconfig'",
  "time": "2026-07-18T06:21:29.143Z"
}
{
  "label": "hana-project-explorer",
  "level": "error",
  "message": "Could not retrieve target container for module at path /home/user/projects/xsuaa2/gen/db",
  "time": "2026-07-18T06:21:39.280Z"
}
{
  "label": "hana-project-explorer",
  "level": "error",
  "message": "Could not parse structured log entry '': Unexpected end of JSON input",
  "time": "2026-07-18T06:21:39.281Z"
}
{
  "label": "hana-project-explorer",
  "level": "error",
  "message": "Could not read content from \"/home/user/projects/xsuaa2/db/src/.hdiconfig\" path: ENOENT: no such file or directory, open '/home/user/projects/xsuaa2/db/src/.hdiconfig'",
  "time": "2026-07-18T06:24:41.042Z"
}
{
  "label": "hana-project-explorer",
  "level": "error",
  "message": "Could not parse .env file: The module path \"/home/user/projects/xsuaa2/gen/db\" is not a valid CAP DB module path.",
  "time": "2026-07-18T06:24:41.825Z"
}
{
  "label": "hana-project-explorer",
  "level": "error",
  "message": "Could not parse .env file: The module path \"/home/user/projects/xsuaa2/gen/db\" is not a valid CAP DB module path.",
  "time": "2026-07-18T06:24:43.832Z"
}
{
  "label": "hana-project-explorer",
  "level": "error",
  "message": "Could not read content from \"/home/user/projects/xsuaa2/db/src/.hdiconfig\" path: ENOENT: no such file or directory, open '/home/user/projects/xsuaa2/db/src/.hdiconfig'",
  "time": "2026-07-18T06:24:45.824Z"
}
{
  "label": "hana-project-explorer",
  "level": "error",
  "message": "Error while reading package.json, using defaults",
  "time": "2026-07-18T06:31:14.173Z"
}
{
  "label": "hana-project-explorer",
  "level": "error",
  "message": "Error while reading package.json, using defaults",
  "time": "2026-07-18T06:31:14.173Z"
}
{
  "label": "hana-project-explorer",
  "level": "error",
  "message": "Error while reading package.json, using defaults",
  "time": "2026-07-18T06:31:15.394Z"
}
{
  "label": "hana-project-explorer",
  "level": "error",
  "message": "Error while reading package.json, using defaults",
  "time": "2026-07-18T06:31:15.394Z"
}
{
  "label": "hana-project-explorer",
  "level": "error",
  "message": "Error while reading package.json, using defaults",
  "time": "2026-07-18T06:37:50.461Z"
}
{
  "label": "hana-project-explorer",
  "level": "error",
  "message": "Error while reading package.json, using defaults",
  "time": "2026-07-18T06:37:50.461Z"
}
{
  "label": "hana-project-explorer",
  "level": "error",
  "message": "Error while reading package.json, using defaults",
  "time": "2026-07-18T06:37:51.703Z"
}
{
  "label": "hana-project-explorer",
  "level": "error",
  "message": "Error while reading package.json, using defaults",
  "time": "2026-07-18T06:37:51.703Z"
}
{
  "label": "hana-project-explorer",
  "level": "error",
  "message": "Error while reading package.json, using defaults",
  "time": "2026-07-18T06:38:07.746Z"
}
{
  "label": "hana-project-explorer",
  "level": "error",
  "message": "Error while reading package.json, using defaults",
  "time": "2026-07-18T06:38:07.746Z"
}
{
  "label": "hana-project-explorer",
  "level": "error",
  "message": "Error while reading package.json, using defaults",
  "time": "2026-07-18T06:38:08.351Z"
}
{
  "label": "hana-project-explorer",
  "level": "error",
  "message": "Error while reading package.json, using defaults",
  "time": "2026-07-18T06:38:08.351Z"
}
