[1784009620633] INFO  (ext): SQLTools is starting
[1784009620634] INFO  (ext): initializing language client...
[1784009620707] INFO  (ext): Registering client for languages [{"scheme":"sqltools"},{"language":"sql","scheme":"untitled"},{"language":"sql","scheme":"file"},{"language":"sql","scheme":"sqltools"}]
    ns: "lc"
[1784009620712] INFO  (ext): loading plugins...
[1784009620712] INFO  (ext): registering Formatter Plugin.
    plugin: {
      "name": "Formatter Plugin"
    }
[1784009620713] INFO  (ext): registering Connection Manager Plugin.
    plugin: {
      "name": "Connection Manager Plugin"
    }
[1784009620713] INFO  (ext): registering CodeLens Plugin.
    plugin: {
      "name": "CodeLens Plugin",
      "registeredLanguages": []
    }
[1784009620714] INFO  (ext): registering Dependency Manager Plugin.
    plugin: {
      "name": "Dependency Manager Plugin",
      "installingDrivers": []
    }
[1784009620715] INFO  (ext): Connection explorer changed. Will be updated.
    ns: "conn-man:explorer"
[1784009620715] INFO  (ext): registering History Manager Plugin.
    plugin: {
      "name": "History Manager Plugin"
    }
[1784009620715] INFO  (ext): registering Bookmarks Manager Plugin.
    plugin: {
      "name": "Bookmarks Manager Plugin"
    }
[1784009620716] INFO  (ext): registering Authentication Provider Plugin.
    plugin: {
      "name": "Authentication Provider Plugin",
      "isRegistered": false
    }
[1784009620716] INFO  (ext): registering Object Drop-in Provider (plugin).
    plugin: {
      "type": "plugin",
      "name": "Object Drop-in Provider",
      "isRegistered": false
    }
[1784009620716] INFO  (ext): SQLTools activation completed. 83.691654 ms
[1784009620720] INFO  (ext): Formatter Plugin registered!
[1784009620720] INFO  (ext): CodeLens Plugin registered!
[1784009620720] INFO  (ext): Dependency Manager Plugin registered!
[1784009620720] INFO  (ext): Connection Manager Plugin registered!
[1784009620720] INFO  (ext): History Manager Plugin registered!
[1784009620720] INFO  (ext): Bookmarks Manager Plugin registered!
[1784009620720] INFO  (ext): Authentication Provider Plugin registered!
[1784009620720] INFO  (ext): Object Drop-in Provider (plugin) registered!
[1784009622294] INFO  (ext): EXECUTING COMMAND => sqltools.refreshTree
[1784009622294] INFO  (ext): Connection explorer changed. Will be updated.
    ns: "conn-man:explorer"
[1784009624217] INFO  (ext): Connection explorer changed. Will be updated.
    ns: "conn-man:explorer"
[1784009622400] INFO  (ls): SQLTools Server started!
===============================
Using node runtime?: yes
ExecPath: /opt/nodejs/node-v22.19.0-linux-x64/bin/node v22.19.0
===============================
[1784009622403] INFO  (ls): User defined env vars
===============================
{"PATH":"/usr/local/sbin:/usr/local/bin:/usr/sbin:/usr/bin:/sbin:/bin:/home/user/.node_modules_global/bin"}
===============================:
[1784009624223] INFO  (ext): LanguageClient ready
    ns: "lc"
[1784009624221] INFO  (ls): Initialized with node version:v22.19.0
[1784009624470] INFO  (ext): registering SQLite Plugin (driver).
    plugin: {
      "extensionId": "mtxr.sqltools-driver-sqlite",
      "name": "SQLite Plugin",
      "type": "driver"
    }
[1784009624471] INFO  (ls): REQUEST RECEIVED => ls/RegisterPlugin
[1784009624471] INFO  (ls): request to register plugin: "/extbin/local/openvscode-server/extensions/mtxr.sqltools-driver-sqlite-0.5.0/out/ls/plugin.js"
[1784009624492] INFO  (ls): Driver sqlite registered!
    place: "driver-map"
    ns: "ls-context"
[1784009625262] INFO  (ext): SQLite Plugin (driver) registered!
[1784009626262] INFO  (ext): EXECUTING COMMAND => sqltools.refreshTree
[1784009626263] INFO  (ext): Connection explorer changed. Will be updated.
    ns: "conn-man:explorer"
[1784009629488] INFO  (ext): Connection explorer changed. Will be updated.
    ns: "conn-man:explorer"
[1784009632429] INFO  (ext): Connection explorer changed. Will be updated.
    ns: "conn-man:explorer"
[1784009633922] INFO  (ext): Connection explorer changed. Will be updated.
    ns: "conn-man:explorer"
[1784009635853] INFO  (ext): Connection explorer changed. Will be updated.
    ns: "conn-man:explorer"
[1784009638245] INFO  (ext): Connection explorer changed. Will be updated.
    ns: "conn-man:explorer"
[1784009639843] INFO  (ext): Connection explorer changed. Will be updated.
    ns: "conn-man:explorer"
[1784009643184] INFO  (ext): Connection explorer changed. Will be updated.
    ns: "conn-man:explorer"
[1784009646328] INFO  (ext): Connection explorer changed. Will be updated.
    ns: "conn-man:explorer"
[1784009647458] INFO  (ext): Connection explorer changed. Will be updated.
    ns: "conn-man:explorer"
[1784009649638] INFO  (ext): Connection explorer changed. Will be updated.
    ns: "conn-man:explorer"
[1784009651053] INFO  (ext): Connection explorer changed. Will be updated.
    ns: "conn-man:explorer"
[1784009653103] INFO  (ext): Connection explorer changed. Will be updated.
    ns: "conn-man:explorer"
[1784009654873] INFO  (ext): Connection explorer changed. Will be updated.
    ns: "conn-man:explorer"
[1784009654908] INFO  (ext): Connection explorer changed. Will be updated.
    ns: "conn-man:explorer"
[1784009655348] INFO  (ext): Connection explorer changed. Will be updated.
    ns: "conn-man:explorer"
[1784009727218] INFO  (ext): Connection explorer changed. Will be updated.
    ns: "conn-man:explorer"
[1784010567058] INFO  (ext): Connection explorer changed. Will be updated.
    ns: "conn-man:explorer"
[1784010791703] INFO  (ext): Connection explorer changed. Will be updated.
    ns: "conn-man:explorer"
[1784010796328] INFO  (ext): Connection explorer changed. Will be updated.
    ns: "conn-man:explorer"
[1784010801058] INFO  (ext): Connection explorer changed. Will be updated.
    ns: "conn-man:explorer"
[1784010805708] INFO  (ext): Connection explorer changed. Will be updated.
    ns: "conn-man:explorer"
[1784010810383] INFO  (ext): Connection explorer changed. Will be updated.
    ns: "conn-man:explorer"
[1784010814923] INFO  (ext): Connection explorer changed. Will be updated.
    ns: "conn-man:explorer"
[1784010819648] INFO  (ext): Connection explorer changed. Will be updated.
    ns: "conn-man:explorer"
[1784010824668] INFO  (ext): Connection explorer changed. Will be updated.
    ns: "conn-man:explorer"
[1784010829823] INFO  (ext): Connection explorer changed. Will be updated.
    ns: "conn-man:explorer"
[1784010835523] INFO  (ext): Connection explorer changed. Will be updated.
    ns: "conn-man:explorer"
[1784010841608] INFO  (ext): Connection explorer changed. Will be updated.
    ns: "conn-man:explorer"
[1784010848063] INFO  (ext): Connection explorer changed. Will be updated.
    ns: "conn-man:explorer"
[1784010854499] INFO  (ext): Connection explorer changed. Will be updated.
    ns: "conn-man:explorer"
[1784010861923] INFO  (ext): Connection explorer changed. Will be updated.
    ns: "conn-man:explorer"
[1784010868128] INFO  (ext): Connection explorer changed. Will be updated.
    ns: "conn-man:explorer"
[1784010874848] INFO  (ext): Connection explorer changed. Will be updated.
    ns: "conn-man:explorer"
[1784010881033] INFO  (ext): Connection explorer changed. Will be updated.
    ns: "conn-man:explorer"
[1784010889068] INFO  (ext): Connection explorer changed. Will be updated.
    ns: "conn-man:explorer"
[1784010895156] INFO  (ext): Connection explorer changed. Will be updated.
    ns: "conn-man:explorer"
[1784010904343] INFO  (ext): Connection explorer changed. Will be updated.
    ns: "conn-man:explorer"
[1784013041892] INFO  (ext): Connection explorer changed. Will be updated.
    ns: "conn-man:explorer"
[1784013054626] INFO  (ext): Connection explorer changed. Will be updated.
    ns: "conn-man:explorer"
[1784013307837] INFO  (ext): Connection explorer changed. Will be updated.
    ns: "conn-man:explorer"
[1784013545596] INFO  (ext): Connection explorer changed. Will be updated.
    ns: "conn-man:explorer"
