{
  "label": "hana-project-explorer",
  "level": "error",
  "message": "Could not read content from \"/home/user/projects/Approuter/db/src/.hdiconfig\" path: ENOENT: no such file or directory, open '/home/user/projects/Approuter/db/src/.hdiconfig'",
  "time": "2026-07-15T08:23:15.601Z"
}
{
  "label": "hana-project-explorer",
  "level": "error",
  "message": "Could not read content from \"/home/user/projects/Approuter/db/src/.hdiconfig\" path: ENOENT: no such file or directory, open '/home/user/projects/Approuter/db/src/.hdiconfig'",
  "time": "2026-07-15T08:23:15.915Z"
}
{
  "label": "hana-project-explorer",
  "level": "error",
  "message": "Could not read content from \"/home/user/projects/Approuter/db/src/.hdiconfig\" path: ENOENT: no such file or directory, open '/home/user/projects/Approuter/db/src/.hdiconfig'",
  "time": "2026-07-15T08:23:19.853Z"
}
{
  "label": "hana-project-explorer",
  "level": "error",
  "message": "Could not read content from \"/home/user/projects/Approuter/db/src/.hdiconfig\" path: ENOENT: no such file or directory, open '/home/user/projects/Approuter/db/src/.hdiconfig'",
  "time": "2026-07-15T08:23:19.854Z"
}
{
  "label": "hana-project-explorer",
  "level": "error",
  "message": "Could not read content from \"/home/user/projects/Approuter/db/src/.hdiconfig\" path: ENOENT: no such file or directory, open '/home/user/projects/Approuter/db/src/.hdiconfig'",
  "time": "2026-07-15T08:23:23.736Z"
}
{
  "label": "hana-project-explorer",
  "level": "error",
  "message": "Could not read content from \"/home/user/projects/Approuter/db/src/.hdiconfig\" path: ENOENT: no such file or directory, open '/home/user/projects/Approuter/db/src/.hdiconfig'",
  "time": "2026-07-15T08:25:16.108Z"
}
{
  "label": "hana-project-explorer",
  "level": "error",
  "message": "Could not read content from \"/home/user/projects/Approuter/db/src/.hdiconfig\" path: ENOENT: no such file or directory, open '/home/user/projects/Approuter/db/src/.hdiconfig'",
  "time": "2026-07-15T08:25:19.393Z"
}
{
  "label": "hana-project-explorer",
  "level": "error",
  "message": "Could not read content from \"/home/user/projects/Approuter/db/src/.hdiconfig\" path: ENOENT: no such file or directory, open '/home/user/projects/Approuter/db/src/.hdiconfig'",
  "time": "2026-07-15T08:26:50.545Z"
}
{
  "label": "hana-project-explorer",
  "level": "error",
  "message": "Could not read content from \"/home/user/projects/Approuter/db/src/.hdiconfig\" path: ENOENT: no such file or directory, open '/home/user/projects/Approuter/db/src/.hdiconfig'",
  "time": "2026-07-15T08:26:50.546Z"
}
{
  "label": "hana-project-explorer",
  "level": "error",
  "message": "Could not read content from \"/home/user/projects/Approuter/db/src/.hdiconfig\" path: ENOENT: no such file or directory, open '/home/user/projects/Approuter/db/src/.hdiconfig'",
  "time": "2026-07-15T08:28:53.903Z"
}
{
  "label": "hana-project-explorer",
  "level": "error",
  "message": "Could not read content from \"/home/user/projects/Approuter/db/src/.hdiconfig\" path: ENOENT: no such file or directory, open '/home/user/projects/Approuter/db/src/.hdiconfig'",
  "time": "2026-07-15T08:28:58.558Z"
}
{
  "label": "hana-project-explorer",
  "level": "error",
  "message": "Could not read content from \"/home/user/projects/Approuter/db/src/.hdiconfig\" path: ENOENT: no such file or directory, open '/home/user/projects/Approuter/db/src/.hdiconfig'",
  "time": "2026-07-15T08:28:59.522Z"
}
{
  "label": "hana-project-explorer",
  "level": "error",
  "message": "Could not read content from \"/home/user/projects/Approuter/db/src/.hdiconfig\" path: ENOENT: no such file or directory, open '/home/user/projects/Approuter/db/src/.hdiconfig'",
  "time": "2026-07-15T08:29:01.608Z"
}
{
  "label": "hana-project-explorer",
  "level": "error",
  "message": "Could not read content from \"/home/user/projects/Approuter/db/src/.hdiconfig\" path: ENOENT: no such file or directory, open '/home/user/projects/Approuter/db/src/.hdiconfig'",
  "time": "2026-07-15T08:29:05.131Z"
}
{
  "label": "hana-project-explorer",
  "level": "error",
  "message": "Could not read content from \"/home/user/projects/Approuter/db/src/.hdiconfig\" path: ENOENT: no such file or directory, open '/home/user/projects/Approuter/db/src/.hdiconfig'",
  "time": "2026-07-15T08:29:21.158Z"
}
{
  "label": "hana-project-explorer",
  "level": "error",
  "message": "Could not read content from \"/home/user/projects/Approuter/db/src/.hdiconfig\" path: ENOENT: no such file or directory, open '/home/user/projects/Approuter/db/src/.hdiconfig'",
  "time": "2026-07-15T08:29:21.160Z"
}
{
  "label": "hana-project-explorer",
  "level": "error",
  "message": "Could not read content from \"/home/user/projects/Approuter/db/src/.hdiconfig\" path: ENOENT: no such file or directory, open '/home/user/projects/Approuter/db/src/.hdiconfig'",
  "time": "2026-07-15T08:29:24.189Z"
}
{
  "label": "hana-project-explorer",
  "level": "error",
  "message": "Could not read content from \"/home/user/projects/Approuter/db/src/.hdiconfig\" path: ENOENT: no such file or directory, open '/home/user/projects/Approuter/db/src/.hdiconfig'",
  "time": "2026-07-15T08:29:24.192Z"
}
{
  "label": "hana-project-explorer",
  "level": "error",
  "message": "Could not read content from \"/home/user/projects/Approuter/db/src/.hdiconfig\" path: ENOENT: no such file or directory, open '/home/user/projects/Approuter/db/src/.hdiconfig'",
  "time": "2026-07-15T08:29:26.236Z"
}
{
  "label": "hana-project-explorer",
  "level": "error",
  "message": "Could not read content from \"/home/user/projects/Approuter/db/src/.hdiconfig\" path: ENOENT: no such file or directory, open '/home/user/projects/Approuter/db/src/.hdiconfig'",
  "time": "2026-07-15T08:29:28.713Z"
}
{
  "label": "hana-project-explorer",
  "level": "error",
  "message": "Could not read content from \"/home/user/projects/Approuter/db/src/.hdiconfig\" path: ENOENT: no such file or directory, open '/home/user/projects/Approuter/db/src/.hdiconfig'",
  "time": "2026-07-15T08:29:31.833Z"
}
{
  "label": "hana-project-explorer",
  "level": "error",
  "message": "Could not read content from \"/home/user/projects/Approuter/db/src/.hdiconfig\" path: ENOENT: no such file or directory, open '/home/user/projects/Approuter/db/src/.hdiconfig'",
  "time": "2026-07-15T08:29:34.920Z"
}
{
  "label": "hana-project-explorer",
  "level": "error",
  "message": "Could not read content from \"/home/user/projects/Approuter/db/src/.hdiconfig\" path: ENOENT: no such file or directory, open '/home/user/projects/Approuter/db/src/.hdiconfig'",
  "time": "2026-07-15T08:29:38.372Z"
}
{
  "label": "hana-project-explorer",
  "level": "error",
  "message": "Could not read content from \"/home/user/projects/Approuter/db/src/.hdiconfig\" path: ENOENT: no such file or directory, open '/home/user/projects/Approuter/db/src/.hdiconfig'",
  "time": "2026-07-15T08:29:41.744Z"
}
{
  "label": "hana-project-explorer",
  "level": "error",
  "message": "Could not read content from \"/home/user/projects/Approuter/db/src/.hdiconfig\" path: ENOENT: no such file or directory, open '/home/user/projects/Approuter/db/src/.hdiconfig'",
  "time": "2026-07-15T08:29:43.001Z"
}
{
  "label": "hana-project-explorer",
  "level": "error",
  "message": "Could not read content from \"/home/user/projects/Approuter/db/src/.hdiconfig\" path: ENOENT: no such file or directory, open '/home/user/projects/Approuter/db/src/.hdiconfig'",
  "time": "2026-07-15T08:29:45.634Z"
}
{
  "label": "hana-project-explorer",
  "level": "error",
  "message": "Could not read content from \"/home/user/projects/Approuter/db/src/.hdiconfig\" path: ENOENT: no such file or directory, open '/home/user/projects/Approuter/db/src/.hdiconfig'",
  "time": "2026-07-15T08:29:48.605Z"
}
{
  "label": "hana-project-explorer",
  "level": "error",
  "message": "Error occured in event listener:  Canceled",
  "name": "Canceled",
  "stack": "Canceled: Canceled\n    at ou (file:///extbin/local/openvscode-server/out/vs/workbench/api/node/extensionHostProcess.js:7:1394)\n    at file:///extbin/local/openvscode-server/out/vs/workbench/api/node/extensionHostProcess.js:29:142631\n    at Array.forEach (<anonymous>)\n    at OE.dispose (file:///extbin/local/openvscode-server/out/vs/workbench/api/node/extensionHostProcess.js:29:142571)\n    at mee.terminate (file:///extbin/local/openvscode-server/out/vs/workbench/api/node/extensionHostProcess.js:120:10238)\n    at nR.terminate (file:///extbin/local/openvscode-server/out/vs/workbench/api/node/extensionHostProcess.js:122:914)\n    at Hr (file:///extbin/local/openvscode-server/out/vs/workbench/api/node/extensionHostProcess.js:405:11144)\n    at tf.value (file:///extbin/local/openvscode-server/out/vs/workbench/api/node/extensionHostProcess.js:405:9282)\n    at I.C (file:///extbin/local/openvscode-server/out/vs/workbench/api/node/extensionHostProcess.js:27:2328)\n    at I.fire (file:///extbin/local/openvscode-server/out/vs/workbench/api/node/extensionHostProcess.js:27:2546)\n    at Jo.fire (file:///extbin/local/openvscode-server/out/vs/workbench/api/node/extensionHostProcess.js:29:9471)\n    at w0.A (file:///extbin/local/openvscode-server/out/vs/workbench/api/node/extensionHostProcess.js:29:12585)\n    at tf.value (file:///extbin/local/openvscode-server/out/vs/workbench/api/node/extensionHostProcess.js:29:11006)\n    at I.C (file:///extbin/local/openvscode-server/out/vs/workbench/api/node/extensionHostProcess.js:27:2328)\n    at I.fire (file:///extbin/local/openvscode-server/out/vs/workbench/api/node/extensionHostProcess.js:27:2546)\n    at yC.acceptChunk (file:///extbin/local/openvscode-server/out/vs/workbench/api/node/extensionHostProcess.js:29:7954)\n    at tf.value (file:///extbin/local/openvscode-server/out/vs/workbench/api/node/extensionHostProcess.js:29:7240)\n    at I.C (file:///extbin/local/openvscode-server/out/vs/workbench/api/node/extensionHostProcess.js:27:2328)\n    at I.fire (file:///extbin/local/openvscode-server/out/vs/workbench/api/node/extensionHostProcess.js:27:2546)\n    at WF.w (file:///extbin/local/openvscode-server/out/vs/workbench/api/node/extensionHostProcess.js:29:21762)",
  "time": "2026-07-15T08:30:51.701Z"
}
{
  "label": "hana-project-explorer",
  "level": "error",
  "message": "Error occured in event listener:  Canceled",
  "name": "Canceled",
  "stack": "Canceled: Canceled\n    at new rU (file:///extbin/local/openvscode-server/out/vs/workbench/api/node/extensionHostProcess.js:29:141180)\n    at OE.U (file:///extbin/local/openvscode-server/out/vs/workbench/api/node/extensionHostProcess.js:29:145790)\n    at Proxy.r.<computed>.n.charCodeAt.r.<computed> (file:///extbin/local/openvscode-server/out/vs/workbench/api/node/extensionHostProcess.js:29:143284)\n    at file:///extbin/local/openvscode-server/out/vs/workbench/api/node/extensionHostProcess.js:113:75223\n    at Array.map (<anonymous>)\n    at cA.B (file:///extbin/local/openvscode-server/out/vs/workbench/api/node/extensionHostProcess.js:113:75209)\n    at cA.A (file:///extbin/local/openvscode-server/out/vs/workbench/api/node/extensionHostProcess.js:113:75159)\n    at cA.findFiles (file:///extbin/local/openvscode-server/out/vs/workbench/api/node/extensionHostProcess.js:113:73694)\n    at Object.findFiles (file:///extbin/local/openvscode-server/out/vs/workbench/api/node/extensionHostProcess.js:213:119458)\n    at p (/extbin/local/openvscode-server/extensions/hana-project-explorer-1.38.0-bas/dist/extension.js:1:4277368)\n    at u (/extbin/local/openvscode-server/extensions/hana-project-explorer-1.38.0-bas/dist/extension.js:1:4277247)\n    at /extbin/local/openvscode-server/extensions/hana-project-explorer-1.38.0-bas/dist/extension.js:1:4078274\n    at L (/extbin/local/openvscode-server/extensions/hana-project-explorer-1.38.0-bas/dist/extension.js:1:4078734)\n    at M (/extbin/local/openvscode-server/extensions/hana-project-explorer-1.38.0-bas/dist/extension.js:1:4078118)\n    at /extbin/local/openvscode-server/extensions/hana-project-explorer-1.38.0-bas/dist/extension.js:1:4078082\n    at /extbin/local/openvscode-server/extensions/hana-project-explorer-1.38.0-bas/dist/extension.js:1:4319227",
  "time": "2026-07-15T08:30:51.724Z"
}
