{
  "label": "hana-project-explorer",
  "level": "error",
  "message": "The \"/home/user/projects/south/gen/db\" folder does not exist; cannot create deploy task",
  "time": "2026-07-16T05:14:06.861Z"
}
{
  "label": "hana-project-explorer",
  "level": "error",
  "message": "The \"/home/user/projects/where/gen/db\" folder does not exist; cannot create deploy task",
  "time": "2026-07-16T05:14:06.861Z"
}
{
  "label": "hana-project-explorer",
  "level": "error",
  "message": "Could not parse .env file: The module path \"/home/user/projects/Assoc/gen/db\" is not a valid CAP DB module path.",
  "time": "2026-07-16T05:14:15.638Z"
}
{
  "label": "hana-project-explorer",
  "level": "error",
  "message": "Could not parse .env file: The module path \"/home/user/projects/Assoc/gen/db\" is not a valid CAP DB module path.",
  "time": "2026-07-16T05:15:28.651Z"
}
{
  "label": "hana-project-explorer",
  "level": "error",
  "message": "Could not parse .env file: The module path \"/home/user/projects/Assoc/gen/db\" is not a valid CAP DB module path.",
  "time": "2026-07-16T05:15:34.742Z"
}
