[1784357885986] INFO  (ext): SQLTools is starting
[1784357885987] INFO  (ext): initializing language client...
[1784357886072] INFO  (ext): Registering client for languages [{"scheme":"sqltools"},{"language":"sql","scheme":"untitled"},{"language":"sql","scheme":"file"},{"language":"sql","scheme":"sqltools"}]
    ns: "lc"
[1784357886080] INFO  (ext): loading plugins...
[1784357886080] INFO  (ext): registering Formatter Plugin.
    plugin: {
      "name": "Formatter Plugin"
    }
[1784357886080] INFO  (ext): registering Connection Manager Plugin.
    plugin: {
      "name": "Connection Manager Plugin"
    }
[1784357886081] INFO  (ext): registering CodeLens Plugin.
    plugin: {
      "name": "CodeLens Plugin",
      "registeredLanguages": []
    }
[1784357886081] INFO  (ext): registering Dependency Manager Plugin.
    plugin: {
      "name": "Dependency Manager Plugin",
      "installingDrivers": []
    }
[1784357886082] INFO  (ext): Connection explorer changed. Will be updated.
    ns: "conn-man:explorer"
[1784357886082] INFO  (ext): registering History Manager Plugin.
    plugin: {
      "name": "History Manager Plugin"
    }
[1784357886083] INFO  (ext): registering Bookmarks Manager Plugin.
    plugin: {
      "name": "Bookmarks Manager Plugin"
    }
[1784357886083] INFO  (ext): registering Authentication Provider Plugin.
    plugin: {
      "name": "Authentication Provider Plugin",
      "isRegistered": false
    }
[1784357886083] INFO  (ext): registering Object Drop-in Provider (plugin).
    plugin: {
      "type": "plugin",
      "name": "Object Drop-in Provider",
      "isRegistered": false
    }
[1784357886084] INFO  (ext): SQLTools activation completed. 98.048329 ms
[1784357886088] INFO  (ext): Formatter Plugin registered!
[1784357886088] INFO  (ext): CodeLens Plugin registered!
[1784357886088] INFO  (ext): Dependency Manager Plugin registered!
[1784357886088] INFO  (ext): Connection Manager Plugin registered!
[1784357886088] INFO  (ext): History Manager Plugin registered!
[1784357886088] INFO  (ext): Bookmarks Manager Plugin registered!
[1784357886088] INFO  (ext): Authentication Provider Plugin registered!
[1784357886088] INFO  (ext): Object Drop-in Provider (plugin) registered!
[1784357888711] INFO  (ext): EXECUTING COMMAND => sqltools.refreshTree
[1784357888711] INFO  (ext): Connection explorer changed. Will be updated.
    ns: "conn-man:explorer"
[1784357888712] INFO  (ext): Connection explorer changed. Will be updated.
    ns: "conn-man:explorer"
[1784357888823] INFO  (ls): SQLTools Server started!
===============================
Using node runtime?: yes
ExecPath: /opt/nodejs/node-v22.19.0-linux-x64/bin/node v22.19.0
===============================
[1784357888826] INFO  (ls): User defined env vars
===============================
{"PATH":"/usr/local/sbin:/usr/local/bin:/usr/sbin:/usr/bin:/sbin:/bin:/home/user/.node_modules_global/bin"}
===============================:
[1784357890707] INFO  (ext): LanguageClient ready
    ns: "lc"
[1784357890706] INFO  (ls): Initialized with node version:v22.19.0
[1784357890959] INFO  (ext): registering SQLite Plugin (driver).
    plugin: {
      "extensionId": "mtxr.sqltools-driver-sqlite",
      "name": "SQLite Plugin",
      "type": "driver"
    }
[1784357890960] INFO  (ls): REQUEST RECEIVED => ls/RegisterPlugin
[1784357890960] INFO  (ls): request to register plugin: "/extbin/local/openvscode-server/extensions/mtxr.sqltools-driver-sqlite-0.5.0/out/ls/plugin.js"
[1784357890982] INFO  (ls): Driver sqlite registered!
    place: "driver-map"
    ns: "ls-context"
[1784357891714] INFO  (ext): SQLite Plugin (driver) registered!
[1784357891755] INFO  (ext): Connection explorer changed. Will be updated.
    ns: "conn-man:explorer"
[1784357893033] INFO  (ext): EXECUTING COMMAND => sqltools.refreshTree
[1784357893033] INFO  (ext): Connection explorer changed. Will be updated.
    ns: "conn-man:explorer"
[1784357897156] INFO  (ext): Connection explorer changed. Will be updated.
    ns: "conn-man:explorer"
[1784357897721] INFO  (ext): Connection explorer changed. Will be updated.
    ns: "conn-man:explorer"
[1784357900672] INFO  (ext): Connection explorer changed. Will be updated.
    ns: "conn-man:explorer"
[1784357904807] INFO  (ext): Connection explorer changed. Will be updated.
    ns: "conn-man:explorer"
[1784357904811] INFO  (ext): Connection explorer changed. Will be updated.
    ns: "conn-man:explorer"
[1784357909456] INFO  (ext): Connection explorer changed. Will be updated.
    ns: "conn-man:explorer"
[1784357912036] INFO  (ext): Connection explorer changed. Will be updated.
    ns: "conn-man:explorer"
[1784357915196] INFO  (ext): Connection explorer changed. Will be updated.
    ns: "conn-man:explorer"
