[1784179026736] INFO  (ext): SQLTools is starting
[1784179026743] INFO  (ext): initializing language client...
[1784179026821] INFO  (ext): Registering client for languages [{"scheme":"sqltools"},{"language":"sql","scheme":"untitled"},{"language":"sql","scheme":"file"},{"language":"sql","scheme":"sqltools"}]
    ns: "lc"
[1784179026854] INFO  (ext): loading plugins...
[1784179026854] INFO  (ext): registering Formatter Plugin.
    plugin: {
      "name": "Formatter Plugin"
    }
[1784179026854] INFO  (ext): registering Connection Manager Plugin.
    plugin: {
      "name": "Connection Manager Plugin"
    }
[1784179026854] INFO  (ext): registering CodeLens Plugin.
    plugin: {
      "name": "CodeLens Plugin",
      "registeredLanguages": []
    }
[1784179026855] INFO  (ext): registering Dependency Manager Plugin.
    plugin: {
      "name": "Dependency Manager Plugin",
      "installingDrivers": []
    }
[1784179026856] INFO  (ext): Connection explorer changed. Will be updated.
    ns: "conn-man:explorer"
[1784179026856] INFO  (ext): registering History Manager Plugin.
    plugin: {
      "name": "History Manager Plugin"
    }
[1784179026857] INFO  (ext): registering Bookmarks Manager Plugin.
    plugin: {
      "name": "Bookmarks Manager Plugin"
    }
[1784179026859] INFO  (ext): registering Authentication Provider Plugin.
    plugin: {
      "name": "Authentication Provider Plugin",
      "isRegistered": false
    }
[1784179026859] INFO  (ext): registering Object Drop-in Provider (plugin).
    plugin: {
      "type": "plugin",
      "name": "Object Drop-in Provider",
      "isRegistered": false
    }
[1784179026859] INFO  (ext): SQLTools activation completed. 122.804808 ms
[1784179026866] INFO  (ext): Formatter Plugin registered!
[1784179026867] INFO  (ext): CodeLens Plugin registered!
[1784179026867] INFO  (ext): Dependency Manager Plugin registered!
[1784179026867] INFO  (ext): Connection Manager Plugin registered!
[1784179026867] INFO  (ext): History Manager Plugin registered!
[1784179026867] INFO  (ext): Bookmarks Manager Plugin registered!
[1784179026867] INFO  (ext): Authentication Provider Plugin registered!
[1784179026867] INFO  (ext): Object Drop-in Provider (plugin) registered!
[1784179030437] INFO  (ext): EXECUTING COMMAND => sqltools.refreshTree
[1784179030437] INFO  (ext): Connection explorer changed. Will be updated.
    ns: "conn-man:explorer"
[1784179030437] INFO  (ext): Connection explorer changed. Will be updated.
    ns: "conn-man:explorer"
[1784179030577] INFO  (ls): SQLTools Server started!
===============================
Using node runtime?: yes
ExecPath: /opt/nodejs/node-v22.19.0-linux-x64/bin/node v22.19.0
===============================
[1784179030611] INFO  (ls): User defined env vars
===============================
{"PATH":"/usr/local/sbin:/usr/local/bin:/usr/sbin:/usr/bin:/sbin:/bin:/home/user/.node_modules_global/bin"}
===============================:
[1784179032412] INFO  (ext): LanguageClient ready
    ns: "lc"
[1784179032411] INFO  (ls): Initialized with node version:v22.19.0
[1784179032679] INFO  (ext): registering SQLite Plugin (driver).
    plugin: {
      "extensionId": "mtxr.sqltools-driver-sqlite",
      "name": "SQLite Plugin",
      "type": "driver"
    }
[1784179032680] INFO  (ls): REQUEST RECEIVED => ls/RegisterPlugin
[1784179032681] INFO  (ls): request to register plugin: "/extbin/local/openvscode-server/extensions/mtxr.sqltools-driver-sqlite-0.5.0/out/ls/plugin.js"
[1784179032704] INFO  (ls): Driver sqlite registered!
    place: "driver-map"
    ns: "ls-context"
[1784179033696] INFO  (ext): SQLite Plugin (driver) registered!
[1784179035419] INFO  (ext): EXECUTING COMMAND => sqltools.refreshTree
[1784179035419] INFO  (ext): Connection explorer changed. Will be updated.
    ns: "conn-man:explorer"
[1784179047844] INFO  (ext): Connection explorer changed. Will be updated.
    ns: "conn-man:explorer"
[1784179049737] INFO  (ext): Connection explorer changed. Will be updated.
    ns: "conn-man:explorer"
[1784179050182] INFO  (ext): Connection explorer changed. Will be updated.
    ns: "conn-man:explorer"
[1784179054222] INFO  (ext): Connection explorer changed. Will be updated.
    ns: "conn-man:explorer"
[1784179064437] INFO  (ext): Connection explorer changed. Will be updated.
    ns: "conn-man:explorer"
[1784179094192] INFO  (ext): Connection explorer changed. Will be updated.
    ns: "conn-man:explorer"
