[2026-07-16 05:17:19.557] [          9ms] [/home/user/projects/Posman] git rev-parse --show-toplevel • FAILED

Error: Command failed: /usr/bin/git -c core.quotepath=false -c color.ui=false rev-parse --show-toplevel
fatal: not a git repository (or any parent up to mount point /)
Stopping at filesystem boundary (GIT_DISCOVERY_ACROSS_FILESYSTEM not set).


[2026-07-16 05:17:20.571] [          8ms] [/home/user/projects/Posman] git rev-parse --show-toplevel • FAILED

Error: Command failed: /usr/bin/git -c core.quotepath=false -c color.ui=false rev-parse --show-toplevel
fatal: not a git repository (or any parent up to mount point /)
Stopping at filesystem boundary (GIT_DISCOVERY_ACROSS_FILESYSTEM not set).


[2026-07-16 05:17:21.225] [          8ms] [/home/user/projects/Posman/srv] git rev-parse --show-toplevel • FAILED

Error: Command failed: /usr/bin/git -c core.quotepath=false -c color.ui=false rev-parse --show-toplevel
fatal: not a git repository (or any parent up to mount point /)
Stopping at filesystem boundary (GIT_DISCOVERY_ACROSS_FILESYSTEM not set).


[2026-07-16 05:17:28.767] [          8ms] [/home/user/.vscode/data/Machine] git rev-parse --show-toplevel • FAILED

Error: Command failed: /usr/bin/git -c core.quotepath=false -c color.ui=false rev-parse --show-toplevel
fatal: not a git repository (or any parent up to mount point /)
Stopping at filesystem boundary (GIT_DISCOVERY_ACROSS_FILESYSTEM not set).


[2026-07-16 05:17:30.155] [         23ms] [/home/user/projects/Posman/.vscode] git rev-parse --show-toplevel • FAILED

Error: Command failed: /usr/bin/git -c core.quotepath=false -c color.ui=false rev-parse --show-toplevel
fatal: not a git repository (or any parent up to mount point /)
Stopping at filesystem boundary (GIT_DISCOVERY_ACROSS_FILESYSTEM not set).


[2026-07-16 05:17:30.477] [         19ms] [/home/user/projects/Posman/gen/db] git rev-parse --show-toplevel • FAILED

Error: Command failed: /usr/bin/git -c core.quotepath=false -c color.ui=false rev-parse --show-toplevel
fatal: not a git repository (or any parent up to mount point /)
Stopping at filesystem boundary (GIT_DISCOVERY_ACROSS_FILESYSTEM not set).


[2026-07-16 05:17:34.511] [          9ms] [/home/user/projects/Posman] git rev-parse --show-toplevel • FAILED

Error: Command failed: /usr/bin/git -c core.quotepath=false -c color.ui=false rev-parse --show-toplevel
fatal: not a git repository (or any parent up to mount point /)
Stopping at filesystem boundary (GIT_DISCOVERY_ACROSS_FILESYSTEM not set).


[2026-07-16 05:17:44.701] [          9ms] [/home/user/projects/Posman/gen/srv] git rev-parse --show-toplevel • FAILED

Error: Command failed: /usr/bin/git -c core.quotepath=false -c color.ui=false rev-parse --show-toplevel
fatal: not a git repository (or any parent up to mount point /)
Stopping at filesystem boundary (GIT_DISCOVERY_ACROSS_FILESYSTEM not set).


[2026-07-16 05:18:14.596] [         16ms] [/home/user/projects/Posman] git rev-parse --show-toplevel • FAILED

Error: Command failed: /usr/bin/git -c core.quotepath=false -c color.ui=false rev-parse --show-toplevel
fatal: not a git repository (or any parent up to mount point /)
Stopping at filesystem boundary (GIT_DISCOVERY_ACROSS_FILESYSTEM not set).


