[1784104921790] INFO  (ext): SQLTools is starting
[1784104921791] INFO  (ext): initializing language client...
[1784104921874] INFO  (ext): Registering client for languages [{"scheme":"sqltools"},{"language":"sql","scheme":"untitled"},{"language":"sql","scheme":"file"},{"language":"sql","scheme":"sqltools"}]
    ns: "lc"
[1784104921882] INFO  (ext): loading plugins...
[1784104921883] INFO  (ext): registering Formatter Plugin.
    plugin: {
      "name": "Formatter Plugin"
    }
[1784104921883] INFO  (ext): registering Connection Manager Plugin.
    plugin: {
      "name": "Connection Manager Plugin"
    }
[1784104921883] INFO  (ext): registering CodeLens Plugin.
    plugin: {
      "name": "CodeLens Plugin",
      "registeredLanguages": []
    }
[1784104921884] INFO  (ext): registering Dependency Manager Plugin.
    plugin: {
      "name": "Dependency Manager Plugin",
      "installingDrivers": []
    }
[1784104921885] INFO  (ext): Connection explorer changed. Will be updated.
    ns: "conn-man:explorer"
[1784104921885] INFO  (ext): registering History Manager Plugin.
    plugin: {
      "name": "History Manager Plugin"
    }
[1784104921885] INFO  (ext): registering Bookmarks Manager Plugin.
    plugin: {
      "name": "Bookmarks Manager Plugin"
    }
[1784104921886] INFO  (ext): registering Authentication Provider Plugin.
    plugin: {
      "name": "Authentication Provider Plugin",
      "isRegistered": false
    }
[1784104921886] INFO  (ext): registering Object Drop-in Provider (plugin).
    plugin: {
      "type": "plugin",
      "name": "Object Drop-in Provider",
      "isRegistered": false
    }
[1784104921886] INFO  (ext): SQLTools activation completed. 96.189271 ms
[1784104921891] INFO  (ext): Formatter Plugin registered!
[1784104921891] INFO  (ext): CodeLens Plugin registered!
[1784104921891] INFO  (ext): Dependency Manager Plugin registered!
[1784104921891] INFO  (ext): Connection Manager Plugin registered!
[1784104921891] INFO  (ext): History Manager Plugin registered!
[1784104921891] INFO  (ext): Bookmarks Manager Plugin registered!
[1784104921891] INFO  (ext): Authentication Provider Plugin registered!
[1784104921891] INFO  (ext): Object Drop-in Provider (plugin) registered!
[1784104924524] INFO  (ext): EXECUTING COMMAND => sqltools.refreshTree
[1784104924525] INFO  (ext): Connection explorer changed. Will be updated.
    ns: "conn-man:explorer"
[1784104924525] INFO  (ext): Connection explorer changed. Will be updated.
    ns: "conn-man:explorer"
[1784104924632] INFO  (ls): SQLTools Server started!
===============================
Using node runtime?: yes
ExecPath: /opt/nodejs/node-v22.19.0-linux-x64/bin/node v22.19.0
===============================
[1784104924634] INFO  (ls): User defined env vars
===============================
{"PATH":"/usr/local/sbin:/usr/local/bin:/usr/sbin:/usr/bin:/sbin:/bin:/home/user/.node_modules_global/bin"}
===============================:
[1784104926491] INFO  (ext): LanguageClient ready
    ns: "lc"
[1784104926490] INFO  (ls): Initialized with node version:v22.19.0
[1784104926867] INFO  (ext): registering SQLite Plugin (driver).
    plugin: {
      "extensionId": "mtxr.sqltools-driver-sqlite",
      "name": "SQLite Plugin",
      "type": "driver"
    }
[1784104926868] INFO  (ls): REQUEST RECEIVED => ls/RegisterPlugin
[1784104926868] INFO  (ls): request to register plugin: "/extbin/local/openvscode-server/extensions/mtxr.sqltools-driver-sqlite-0.5.0/out/ls/plugin.js"
[1784104926891] INFO  (ls): Driver sqlite registered!
    place: "driver-map"
    ns: "ls-context"
[1784104927631] INFO  (ext): SQLite Plugin (driver) registered!
[1784104928887] INFO  (ext): EXECUTING COMMAND => sqltools.refreshTree
[1784104928887] INFO  (ext): Connection explorer changed. Will be updated.
    ns: "conn-man:explorer"
[1784104933958] INFO  (ext): Connection explorer changed. Will be updated.
    ns: "conn-man:explorer"
[1784104934768] INFO  (ext): Connection explorer changed. Will be updated.
    ns: "conn-man:explorer"
[1784104936273] INFO  (ext): Connection explorer changed. Will be updated.
    ns: "conn-man:explorer"
[1784104937581] INFO  (ext): Connection explorer changed. Will be updated.
    ns: "conn-man:explorer"
[1784104938970] INFO  (ext): Connection explorer changed. Will be updated.
    ns: "conn-man:explorer"
[1784104940573] INFO  (ext): Connection explorer changed. Will be updated.
    ns: "conn-man:explorer"
[1784104942263] INFO  (ext): Connection explorer changed. Will be updated.
    ns: "conn-man:explorer"
[1784104943838] INFO  (ext): Connection explorer changed. Will be updated.
    ns: "conn-man:explorer"
[1784104944628] INFO  (ext): Connection explorer changed. Will be updated.
    ns: "conn-man:explorer"
[1784104945389] INFO  (ext): Connection explorer changed. Will be updated.
    ns: "conn-man:explorer"
[1784104947210] INFO  (ext): Connection explorer changed. Will be updated.
    ns: "conn-man:explorer"
[1784104948786] INFO  (ext): Connection explorer changed. Will be updated.
    ns: "conn-man:explorer"
[1784104949981] INFO  (ext): Connection explorer changed. Will be updated.
    ns: "conn-man:explorer"
[1784104950286] INFO  (ext): Connection explorer changed. Will be updated.
    ns: "conn-man:explorer"
[1784104951116] INFO  (ext): Connection explorer changed. Will be updated.
    ns: "conn-man:explorer"
[1784104952302] INFO  (ext): Connection explorer changed. Will be updated.
    ns: "conn-man:explorer"
[1784104953417] INFO  (ext): Connection explorer changed. Will be updated.
    ns: "conn-man:explorer"
[1784104954283] INFO  (ext): Connection explorer changed. Will be updated.
    ns: "conn-man:explorer"
[1784104958228] INFO  (ext): Connection explorer changed. Will be updated.
    ns: "conn-man:explorer"
[1784104962233] INFO  (ext): Connection explorer changed. Will be updated.
    ns: "conn-man:explorer"
[1784104966193] INFO  (ext): Connection explorer changed. Will be updated.
    ns: "conn-man:explorer"
[1784104966377] INFO  (ext): Connection explorer changed. Will be updated.
    ns: "conn-man:explorer"
[1784104971377] INFO  (ext): Connection explorer changed. Will be updated.
    ns: "conn-man:explorer"
[1784104977448] INFO  (ext): Connection explorer changed. Will be updated.
    ns: "conn-man:explorer"
[1784104984111] INFO  (ext): Connection explorer changed. Will be updated.
    ns: "conn-man:explorer"
[1784104998676] INFO  (ext): Connection explorer changed. Will be updated.
    ns: "conn-man:explorer"
[1784105005398] INFO  (ext): Connection explorer changed. Will be updated.
    ns: "conn-man:explorer"
[1784105010325] INFO  (ext): Connection explorer changed. Will be updated.
    ns: "conn-man:explorer"
[1784105024769] INFO  (ext): Connection explorer changed. Will be updated.
    ns: "conn-man:explorer"
[1784105033337] INFO  (ext): Connection explorer changed. Will be updated.
    ns: "conn-man:explorer"
