[1784014224427] INFO  (ext): SQLTools is starting
[1784014224428] INFO  (ext): initializing language client...
[1784014224505] INFO  (ext): Registering client for languages [{"scheme":"sqltools"},{"language":"sql","scheme":"untitled"},{"language":"sql","scheme":"file"},{"language":"sql","scheme":"sqltools"}]
    ns: "lc"
[1784014224514] INFO  (ext): loading plugins...
[1784014224514] INFO  (ext): registering Formatter Plugin.
    plugin: {
      "name": "Formatter Plugin"
    }
[1784014224514] INFO  (ext): registering Connection Manager Plugin.
    plugin: {
      "name": "Connection Manager Plugin"
    }
[1784014224514] INFO  (ext): registering CodeLens Plugin.
    plugin: {
      "name": "CodeLens Plugin",
      "registeredLanguages": []
    }
[1784014224515] INFO  (ext): registering Dependency Manager Plugin.
    plugin: {
      "name": "Dependency Manager Plugin",
      "installingDrivers": []
    }
[1784014224516] INFO  (ext): Connection explorer changed. Will be updated.
    ns: "conn-man:explorer"
[1784014224516] INFO  (ext): registering History Manager Plugin.
    plugin: {
      "name": "History Manager Plugin"
    }
[1784014224516] INFO  (ext): registering Bookmarks Manager Plugin.
    plugin: {
      "name": "Bookmarks Manager Plugin"
    }
[1784014224517] INFO  (ext): registering Authentication Provider Plugin.
    plugin: {
      "name": "Authentication Provider Plugin",
      "isRegistered": false
    }
[1784014224517] INFO  (ext): registering Object Drop-in Provider (plugin).
    plugin: {
      "type": "plugin",
      "name": "Object Drop-in Provider",
      "isRegistered": false
    }
[1784014224517] INFO  (ext): SQLTools activation completed. 90.17502 ms
[1784014224525] INFO  (ext): Formatter Plugin registered!
[1784014224525] INFO  (ext): CodeLens Plugin registered!
[1784014224525] INFO  (ext): Dependency Manager Plugin registered!
[1784014224525] INFO  (ext): Connection Manager Plugin registered!
[1784014224525] INFO  (ext): History Manager Plugin registered!
[1784014224526] INFO  (ext): Bookmarks Manager Plugin registered!
[1784014224526] INFO  (ext): Authentication Provider Plugin registered!
[1784014224526] INFO  (ext): Object Drop-in Provider (plugin) registered!
[1784014227143] INFO  (ext): EXECUTING COMMAND => sqltools.refreshTree
[1784014227143] INFO  (ext): Connection explorer changed. Will be updated.
    ns: "conn-man:explorer"
[1784014227144] INFO  (ext): Connection explorer changed. Will be updated.
    ns: "conn-man:explorer"
[1784014227255] INFO  (ls): SQLTools Server started!
===============================
Using node runtime?: yes
ExecPath: /opt/nodejs/node-v22.19.0-linux-x64/bin/node v22.19.0
===============================
[1784014227257] INFO  (ls): User defined env vars
===============================
{"PATH":"/usr/local/sbin:/usr/local/bin:/usr/sbin:/usr/bin:/sbin:/bin:/home/user/.node_modules_global/bin"}
===============================:
[1784014229024] INFO  (ext): LanguageClient ready
    ns: "lc"
[1784014229023] INFO  (ls): Initialized with node version:v22.19.0
[1784014229269] INFO  (ext): registering SQLite Plugin (driver).
    plugin: {
      "extensionId": "mtxr.sqltools-driver-sqlite",
      "name": "SQLite Plugin",
      "type": "driver"
    }
[1784014229270] INFO  (ls): REQUEST RECEIVED => ls/RegisterPlugin
[1784014229270] INFO  (ls): request to register plugin: "/extbin/local/openvscode-server/extensions/mtxr.sqltools-driver-sqlite-0.5.0/out/ls/plugin.js"
[1784014229292] INFO  (ls): Driver sqlite registered!
    place: "driver-map"
    ns: "ls-context"
[1784014230020] INFO  (ext): SQLite Plugin (driver) registered!
[1784014230246] INFO  (ext): Connection explorer changed. Will be updated.
    ns: "conn-man:explorer"
[1784014230411] INFO  (ext): Connection explorer changed. Will be updated.
    ns: "conn-man:explorer"
[1784014231081] INFO  (ext): EXECUTING COMMAND => sqltools.refreshTree
[1784014231081] INFO  (ext): Connection explorer changed. Will be updated.
    ns: "conn-man:explorer"
[1784014236458] INFO  (ext): Connection explorer changed. Will be updated.
    ns: "conn-man:explorer"
[1784014239058] INFO  (ext): Connection explorer changed. Will be updated.
    ns: "conn-man:explorer"
[1784014248958] INFO  (ext): Connection explorer changed. Will be updated.
    ns: "conn-man:explorer"
[1784014473808] INFO  (ext): Connection explorer changed. Will be updated.
    ns: "conn-man:explorer"
[1784014640258] INFO  (ext): Connection explorer changed. Will be updated.
    ns: "conn-man:explorer"
[1784014668593] INFO  (ext): Connection explorer changed. Will be updated.
    ns: "conn-man:explorer"
[1784014703153] INFO  (ext): Connection explorer changed. Will be updated.
    ns: "conn-man:explorer"
[1784014833673] INFO  (ext): Connection explorer changed. Will be updated.
    ns: "conn-man:explorer"
[1784014996713] INFO  (ext): Connection explorer changed. Will be updated.
    ns: "conn-man:explorer"
[1784016241651] INFO  (ext): Connection explorer changed. Will be updated.
    ns: "conn-man:explorer"
[1784016571023] INFO  (ext): Connection explorer changed. Will be updated.
    ns: "conn-man:explorer"
