[1784104262994] INFO  (ext): SQLTools is starting
[1784104262995] INFO  (ext): initializing language client...
[1784104263076] INFO  (ext): Registering client for languages [{"scheme":"sqltools"},{"language":"sql","scheme":"untitled"},{"language":"sql","scheme":"file"},{"language":"sql","scheme":"sqltools"}]
    ns: "lc"
[1784104263084] INFO  (ext): loading plugins...
[1784104263084] INFO  (ext): registering Formatter Plugin.
    plugin: {
      "name": "Formatter Plugin"
    }
[1784104263085] INFO  (ext): registering Connection Manager Plugin.
    plugin: {
      "name": "Connection Manager Plugin"
    }
[1784104263085] INFO  (ext): registering CodeLens Plugin.
    plugin: {
      "name": "CodeLens Plugin",
      "registeredLanguages": []
    }
[1784104263086] INFO  (ext): registering Dependency Manager Plugin.
    plugin: {
      "name": "Dependency Manager Plugin",
      "installingDrivers": []
    }
[1784104263086] INFO  (ext): Connection explorer changed. Will be updated.
    ns: "conn-man:explorer"
[1784104263087] INFO  (ext): registering History Manager Plugin.
    plugin: {
      "name": "History Manager Plugin"
    }
[1784104263087] INFO  (ext): registering Bookmarks Manager Plugin.
    plugin: {
      "name": "Bookmarks Manager Plugin"
    }
[1784104263087] INFO  (ext): registering Authentication Provider Plugin.
    plugin: {
      "name": "Authentication Provider Plugin",
      "isRegistered": false
    }
[1784104263088] INFO  (ext): registering Object Drop-in Provider (plugin).
    plugin: {
      "type": "plugin",
      "name": "Object Drop-in Provider",
      "isRegistered": false
    }
[1784104263088] INFO  (ext): SQLTools activation completed. 94.468433 ms
[1784104263092] INFO  (ext): Formatter Plugin registered!
[1784104263092] INFO  (ext): CodeLens Plugin registered!
[1784104263092] INFO  (ext): Dependency Manager Plugin registered!
[1784104263093] INFO  (ext): Connection Manager Plugin registered!
[1784104263093] INFO  (ext): History Manager Plugin registered!
[1784104263093] INFO  (ext): Bookmarks Manager Plugin registered!
[1784104263093] INFO  (ext): Authentication Provider Plugin registered!
[1784104263093] INFO  (ext): Object Drop-in Provider (plugin) registered!
[1784104265628] INFO  (ext): EXECUTING COMMAND => sqltools.refreshTree
[1784104265628] INFO  (ext): Connection explorer changed. Will be updated.
    ns: "conn-man:explorer"
[1784104265628] INFO  (ext): Connection explorer changed. Will be updated.
    ns: "conn-man:explorer"
[1784104265733] INFO  (ls): SQLTools Server started!
===============================
Using node runtime?: yes
ExecPath: /opt/nodejs/node-v22.19.0-linux-x64/bin/node v22.19.0
===============================
[1784104265735] INFO  (ls): User defined env vars
===============================
{"PATH":"/usr/local/sbin:/usr/local/bin:/usr/sbin:/usr/bin:/sbin:/bin:/home/user/.node_modules_global/bin"}
===============================:
[1784104267886] INFO  (ext): LanguageClient ready
    ns: "lc"
[1784104267885] INFO  (ls): Initialized with node version:v22.19.0
[1784104268306] INFO  (ext): registering SQLite Plugin (driver).
    plugin: {
      "extensionId": "mtxr.sqltools-driver-sqlite",
      "name": "SQLite Plugin",
      "type": "driver"
    }
[1784104268307] INFO  (ls): REQUEST RECEIVED => ls/RegisterPlugin
[1784104268307] INFO  (ls): request to register plugin: "/extbin/local/openvscode-server/extensions/mtxr.sqltools-driver-sqlite-0.5.0/out/ls/plugin.js"
[1784104268329] INFO  (ls): Driver sqlite registered!
    place: "driver-map"
    ns: "ls-context"
[1784104269044] INFO  (ext): SQLite Plugin (driver) registered!
[1784104270130] INFO  (ext): EXECUTING COMMAND => sqltools.refreshTree
[1784104270130] INFO  (ext): Connection explorer changed. Will be updated.
    ns: "conn-man:explorer"
[1784104274968] INFO  (ext): Connection explorer changed. Will be updated.
    ns: "conn-man:explorer"
[1784104278157] INFO  (ext): Connection explorer changed. Will be updated.
    ns: "conn-man:explorer"
[1784104283636] INFO  (ext): Connection explorer changed. Will be updated.
    ns: "conn-man:explorer"
[1784104288549] INFO  (ext): Connection explorer changed. Will be updated.
    ns: "conn-man:explorer"
[1784104292595] INFO  (ext): Connection explorer changed. Will be updated.
    ns: "conn-man:explorer"
[1784104296397] INFO  (ext): Connection explorer changed. Will be updated.
    ns: "conn-man:explorer"
[1784104300184] INFO  (ext): Connection explorer changed. Will be updated.
    ns: "conn-man:explorer"
[1784104303994] INFO  (ext): Connection explorer changed. Will be updated.
    ns: "conn-man:explorer"
[1784104307912] INFO  (ext): Connection explorer changed. Will be updated.
    ns: "conn-man:explorer"
[1784104311852] INFO  (ext): Connection explorer changed. Will be updated.
    ns: "conn-man:explorer"
[1784104317168] INFO  (ext): Connection explorer changed. Will be updated.
    ns: "conn-man:explorer"
[1784104320979] INFO  (ext): Connection explorer changed. Will be updated.
    ns: "conn-man:explorer"
[1784104324772] INFO  (ext): Connection explorer changed. Will be updated.
    ns: "conn-man:explorer"
[1784104328557] INFO  (ext): Connection explorer changed. Will be updated.
    ns: "conn-man:explorer"
[1784104332339] INFO  (ext): Connection explorer changed. Will be updated.
    ns: "conn-man:explorer"
[1784104336127] INFO  (ext): Connection explorer changed. Will be updated.
    ns: "conn-man:explorer"
[1784104339989] INFO  (ext): Connection explorer changed. Will be updated.
    ns: "conn-man:explorer"
