{
  "label": "hana-project-explorer",
  "level": "error",
  "message": "The \"/home/user/projects/Sample/gen/db\" folder does not exist; cannot create deploy task",
  "time": "2026-07-09T09:02:39.035Z"
}
{
  "label": "hana-project-explorer",
  "level": "error",
  "message": "Could not read content from \"/home/user/projects/Sample/db/src/.hdiconfig\" path: ENOENT: no such file or directory, open '/home/user/projects/Sample/db/src/.hdiconfig'",
  "time": "2026-07-09T09:05:29.211Z"
}
{
  "label": "hana-project-explorer",
  "level": "error",
  "message": "Could not read content from \"/home/user/projects/Sample/db/src/.hdiconfig\" path: ENOENT: no such file or directory, open '/home/user/projects/Sample/db/src/.hdiconfig'",
  "time": "2026-07-09T09:05:37.211Z"
}
{
  "label": "hana-project-explorer",
  "level": "error",
  "message": "Could not read content from \"/home/user/projects/Sample/db/src/.hdiconfig\" path: ENOENT: no such file or directory, open '/home/user/projects/Sample/db/src/.hdiconfig'",
  "time": "2026-07-09T09:05:47.894Z"
}
{
  "label": "hana-project-explorer",
  "level": "error",
  "message": "Could not read content from \"/home/user/projects/Sample/db/src/.hdiconfig\" path: ENOENT: no such file or directory, open '/home/user/projects/Sample/db/src/.hdiconfig'",
  "time": "2026-07-09T09:05:49.809Z"
}
{
  "label": "hana-project-explorer",
  "level": "error",
  "message": "Could not read content from \"/home/user/projects/Sample/db/src/.hdiconfig\" path: ENOENT: no such file or directory, open '/home/user/projects/Sample/db/src/.hdiconfig'",
  "time": "2026-07-09T09:05:52.630Z"
}
{
  "label": "hana-project-explorer",
  "level": "error",
  "message": "Could not read content from \"/home/user/projects/Sample/db/src/.hdiconfig\" path: ENOENT: no such file or directory, open '/home/user/projects/Sample/db/src/.hdiconfig'",
  "time": "2026-07-09T09:05:52.907Z"
}
{
  "label": "hana-project-explorer",
  "level": "error",
  "message": "Could not read content from \"/home/user/projects/Sample/db/src/.hdiconfig\" path: ENOENT: no such file or directory, open '/home/user/projects/Sample/db/src/.hdiconfig'",
  "time": "2026-07-09T09:05:55.774Z"
}
{
  "label": "hana-project-explorer",
  "level": "error",
  "message": "Could not read content from \"/home/user/projects/Sample/db/src/.hdiconfig\" path: ENOENT: no such file or directory, open '/home/user/projects/Sample/db/src/.hdiconfig'",
  "time": "2026-07-09T09:06:20.491Z"
}
{
  "label": "hana-project-explorer",
  "level": "error",
  "message": "Could not read content from \"/home/user/projects/Sample/db/src/.hdiconfig\" path: ENOENT: no such file or directory, open '/home/user/projects/Sample/db/src/.hdiconfig'",
  "time": "2026-07-09T09:06:22.683Z"
}
{
  "label": "hana-project-explorer",
  "level": "error",
  "message": "Could not read content from \"/home/user/projects/Sample/db/src/.hdiconfig\" path: ENOENT: no such file or directory, open '/home/user/projects/Sample/db/src/.hdiconfig'",
  "time": "2026-07-09T09:06:23.228Z"
}
{
  "label": "hana-project-explorer",
  "level": "error",
  "message": "Could not read content from \"/home/user/projects/Sample/db/src/.hdiconfig\" path: ENOENT: no such file or directory, open '/home/user/projects/Sample/db/src/.hdiconfig'",
  "time": "2026-07-09T09:06:26.350Z"
}
{
  "label": "hana-project-explorer",
  "level": "error",
  "message": "Could not read content from \"/home/user/projects/Sample/db/src/.hdiconfig\" path: ENOENT: no such file or directory, open '/home/user/projects/Sample/db/src/.hdiconfig'",
  "time": "2026-07-09T09:06:27.381Z"
}
{
  "label": "hana-project-explorer",
  "level": "error",
  "message": "Could not read content from \"/home/user/projects/Sample/db/src/.hdiconfig\" path: ENOENT: no such file or directory, open '/home/user/projects/Sample/db/src/.hdiconfig'",
  "time": "2026-07-09T09:06:29.379Z"
}
{
  "label": "hana-project-explorer",
  "level": "error",
  "message": "Could not read content from \"/home/user/projects/Sample/db/src/.hdiconfig\" path: ENOENT: no such file or directory, open '/home/user/projects/Sample/db/src/.hdiconfig'",
  "time": "2026-07-09T09:06:32.521Z"
}
{
  "label": "hana-project-explorer",
  "level": "error",
  "message": "Could not read content from \"/home/user/projects/Sample/db/src/.hdiconfig\" path: ENOENT: no such file or directory, open '/home/user/projects/Sample/db/src/.hdiconfig'",
  "time": "2026-07-09T09:06:36.280Z"
}
{
  "label": "hana-project-explorer",
  "level": "error",
  "message": "Could not read content from \"/home/user/projects/Sample/db/src/.hdiconfig\" path: ENOENT: no such file or directory, open '/home/user/projects/Sample/db/src/.hdiconfig'",
  "time": "2026-07-09T09:06:37.980Z"
}
{
  "label": "hana-project-explorer",
  "level": "error",
  "message": "Could not read content from \"/home/user/projects/Sample/db/src/.hdiconfig\" path: ENOENT: no such file or directory, open '/home/user/projects/Sample/db/src/.hdiconfig'",
  "time": "2026-07-09T09:06:40.089Z"
}
{
  "label": "hana-project-explorer",
  "level": "error",
  "message": "Could not read content from \"/home/user/projects/Sample/db/src/.hdiconfig\" path: ENOENT: no such file or directory, open '/home/user/projects/Sample/db/src/.hdiconfig'",
  "time": "2026-07-09T09:06:42.101Z"
}
{
  "label": "hana-project-explorer",
  "level": "error",
  "message": "Could not read content from \"/home/user/projects/Sample/db/src/.hdiconfig\" path: ENOENT: no such file or directory, open '/home/user/projects/Sample/db/src/.hdiconfig'",
  "time": "2026-07-09T09:06:44.245Z"
}
{
  "label": "hana-project-explorer",
  "level": "error",
  "message": "Could not read content from \"/home/user/projects/Sample/db/src/.hdiconfig\" path: ENOENT: no such file or directory, open '/home/user/projects/Sample/db/src/.hdiconfig'",
  "time": "2026-07-09T09:06:45.539Z"
}
{
  "label": "hana-project-explorer",
  "level": "error",
  "message": "Could not read content from \"/home/user/projects/Sample/db/src/.hdiconfig\" path: ENOENT: no such file or directory, open '/home/user/projects/Sample/db/src/.hdiconfig'",
  "time": "2026-07-09T09:06:48.960Z"
}
{
  "label": "hana-project-explorer",
  "level": "error",
  "message": "Could not read content from \"/home/user/projects/Sample/db/src/.hdiconfig\" path: ENOENT: no such file or directory, open '/home/user/projects/Sample/db/src/.hdiconfig'",
  "time": "2026-07-09T09:06:55.144Z"
}
{
  "label": "hana-project-explorer",
  "level": "error",
  "message": "Could not read content from \"/home/user/projects/Sample/db/src/.hdiconfig\" path: ENOENT: no such file or directory, open '/home/user/projects/Sample/db/src/.hdiconfig'",
  "time": "2026-07-09T09:07:00.128Z"
}
{
  "label": "hana-project-explorer",
  "level": "error",
  "message": "Could not read content from \"/home/user/projects/Sample/db/src/.hdiconfig\" path: ENOENT: no such file or directory, open '/home/user/projects/Sample/db/src/.hdiconfig'",
  "time": "2026-07-09T09:07:28.115Z"
}
{
  "label": "hana-project-explorer",
  "level": "error",
  "message": "Could not read content from \"/home/user/projects/Sample/db/src/.hdiconfig\" path: ENOENT: no such file or directory, open '/home/user/projects/Sample/db/src/.hdiconfig'",
  "time": "2026-07-09T09:07:32.395Z"
}
{
  "label": "hana-project-explorer",
  "level": "error",
  "message": "Could not read content from \"/home/user/projects/Sample/db/src/.hdiconfig\" path: ENOENT: no such file or directory, open '/home/user/projects/Sample/db/src/.hdiconfig'",
  "time": "2026-07-09T09:08:52.374Z"
}
{
  "label": "hana-project-explorer",
  "level": "error",
  "message": "Could not read content from \"/home/user/projects/Sample/db/src/.hdiconfig\" path: ENOENT: no such file or directory, open '/home/user/projects/Sample/db/src/.hdiconfig'",
  "time": "2026-07-09T09:09:03.035Z"
}
{
  "label": "hana-project-explorer",
  "level": "error",
  "message": "Could not read content from \"/home/user/projects/Sample/db/src/.hdiconfig\" path: ENOENT: no such file or directory, open '/home/user/projects/Sample/db/src/.hdiconfig'",
  "time": "2026-07-09T09:09:11.051Z"
}
{
  "label": "hana-project-explorer",
  "level": "error",
  "message": "Could not read content from \"/home/user/projects/Sample/db/src/.hdiconfig\" path: ENOENT: no such file or directory, open '/home/user/projects/Sample/db/src/.hdiconfig'",
  "time": "2026-07-09T09:09:24.740Z"
}
{
  "label": "hana-project-explorer",
  "level": "error",
  "message": "Could not read content from \"/home/user/projects/Sample/db/src/.hdiconfig\" path: ENOENT: no such file or directory, open '/home/user/projects/Sample/db/src/.hdiconfig'",
  "time": "2026-07-09T09:09:29.190Z"
}
{
  "label": "hana-project-explorer",
  "level": "error",
  "message": "Could not read content from \"/home/user/projects/Sample/db/src/.hdiconfig\" path: ENOENT: no such file or directory, open '/home/user/projects/Sample/db/src/.hdiconfig'",
  "time": "2026-07-09T09:09:35.308Z"
}
{
  "label": "hana-project-explorer",
  "level": "error",
  "message": "Could not read content from \"/home/user/projects/Sample/db/src/.hdiconfig\" path: ENOENT: no such file or directory, open '/home/user/projects/Sample/db/src/.hdiconfig'",
  "time": "2026-07-09T09:09:36.826Z"
}
{
  "label": "hana-project-explorer",
  "level": "error",
  "message": "Could not read content from \"/home/user/projects/Sample/db/src/.hdiconfig\" path: ENOENT: no such file or directory, open '/home/user/projects/Sample/db/src/.hdiconfig'",
  "time": "2026-07-09T09:09:40.754Z"
}
{
  "label": "hana-project-explorer",
  "level": "error",
  "message": "Could not read content from \"/home/user/projects/Sample/db/src/.hdiconfig\" path: ENOENT: no such file or directory, open '/home/user/projects/Sample/db/src/.hdiconfig'",
  "time": "2026-07-09T09:09:40.793Z"
}
{
  "label": "hana-project-explorer",
  "level": "error",
  "message": "Could not read content from \"/home/user/projects/Sample/db/src/.hdiconfig\" path: ENOENT: no such file or directory, open '/home/user/projects/Sample/db/src/.hdiconfig'",
  "time": "2026-07-09T09:09:44.528Z"
}
{
  "label": "hana-project-explorer",
  "level": "error",
  "message": "Could not read content from \"/home/user/projects/Sample/db/src/.hdiconfig\" path: ENOENT: no such file or directory, open '/home/user/projects/Sample/db/src/.hdiconfig'",
  "time": "2026-07-09T09:09:54.984Z"
}
{
  "label": "hana-project-explorer",
  "level": "error",
  "message": "Could not read content from \"/home/user/projects/Sample/db/src/.hdiconfig\" path: ENOENT: no such file or directory, open '/home/user/projects/Sample/db/src/.hdiconfig'",
  "time": "2026-07-09T09:09:57.288Z"
}
{
  "label": "hana-project-explorer",
  "level": "error",
  "message": "Could not read content from \"/home/user/projects/Sample/db/src/.hdiconfig\" path: ENOENT: no such file or directory, open '/home/user/projects/Sample/db/src/.hdiconfig'",
  "time": "2026-07-09T09:09:58.818Z"
}
{
  "label": "hana-project-explorer",
  "level": "error",
  "message": "Could not read content from \"/home/user/projects/Sample/db/src/.hdiconfig\" path: ENOENT: no such file or directory, open '/home/user/projects/Sample/db/src/.hdiconfig'",
  "time": "2026-07-09T09:10:00.858Z"
}
{
  "label": "hana-project-explorer",
  "level": "error",
  "message": "Could not read content from \"/home/user/projects/Sample/db/src/.hdiconfig\" path: ENOENT: no such file or directory, open '/home/user/projects/Sample/db/src/.hdiconfig'",
  "time": "2026-07-09T09:10:01.614Z"
}
{
  "label": "hana-project-explorer",
  "level": "error",
  "message": "Could not read content from \"/home/user/projects/Sample/db/src/.hdiconfig\" path: ENOENT: no such file or directory, open '/home/user/projects/Sample/db/src/.hdiconfig'",
  "time": "2026-07-09T09:10:03.707Z"
}
{
  "label": "hana-project-explorer",
  "level": "error",
  "message": "Could not read content from \"/home/user/projects/Sample/db/src/.hdiconfig\" path: ENOENT: no such file or directory, open '/home/user/projects/Sample/db/src/.hdiconfig'",
  "time": "2026-07-09T09:10:07.546Z"
}
{
  "label": "hana-project-explorer",
  "level": "error",
  "message": "Could not read content from \"/home/user/projects/Sample/db/src/.hdiconfig\" path: ENOENT: no such file or directory, open '/home/user/projects/Sample/db/src/.hdiconfig'",
  "time": "2026-07-09T09:10:13.084Z"
}
{
  "label": "hana-project-explorer",
  "level": "error",
  "message": "Could not read content from \"/home/user/projects/Sample/db/src/.hdiconfig\" path: ENOENT: no such file or directory, open '/home/user/projects/Sample/db/src/.hdiconfig'",
  "time": "2026-07-09T09:10:15.390Z"
}
{
  "label": "hana-project-explorer",
  "level": "error",
  "message": "Could not read content from \"/home/user/projects/Sample/db/src/.hdiconfig\" path: ENOENT: no such file or directory, open '/home/user/projects/Sample/db/src/.hdiconfig'",
  "time": "2026-07-09T09:10:35.603Z"
}
{
  "label": "hana-project-explorer",
  "level": "error",
  "message": "Could not read content from \"/home/user/projects/Sample/db/src/.hdiconfig\" path: ENOENT: no such file or directory, open '/home/user/projects/Sample/db/src/.hdiconfig'",
  "time": "2026-07-09T09:10:40.459Z"
}
{
  "label": "hana-project-explorer",
  "level": "error",
  "message": "Could not read content from \"/home/user/projects/Sample/db/src/.hdiconfig\" path: ENOENT: no such file or directory, open '/home/user/projects/Sample/db/src/.hdiconfig'",
  "time": "2026-07-09T09:10:49.765Z"
}
{
  "label": "hana-project-explorer",
  "level": "error",
  "message": "Could not read content from \"/home/user/projects/Sample/db/src/.hdiconfig\" path: ENOENT: no such file or directory, open '/home/user/projects/Sample/db/src/.hdiconfig'",
  "time": "2026-07-09T09:10:51.629Z"
}
{
  "label": "hana-project-explorer",
  "level": "error",
  "message": "Could not read content from \"/home/user/projects/Sample/db/src/.hdiconfig\" path: ENOENT: no such file or directory, open '/home/user/projects/Sample/db/src/.hdiconfig'",
  "time": "2026-07-09T09:10:54.106Z"
}
{
  "label": "hana-project-explorer",
  "level": "error",
  "message": "Could not read content from \"/home/user/projects/Sample/db/src/.hdiconfig\" path: ENOENT: no such file or directory, open '/home/user/projects/Sample/db/src/.hdiconfig'",
  "time": "2026-07-09T09:11:08.920Z"
}
{
  "label": "hana-project-explorer",
  "level": "error",
  "message": "Could not read content from \"/home/user/projects/Sample/db/src/.hdiconfig\" path: ENOENT: no such file or directory, open '/home/user/projects/Sample/db/src/.hdiconfig'",
  "time": "2026-07-09T09:11:11.150Z"
}
{
  "label": "hana-project-explorer",
  "level": "error",
  "message": "Could not read content from \"/home/user/projects/Sample/db/src/.hdiconfig\" path: ENOENT: no such file or directory, open '/home/user/projects/Sample/db/src/.hdiconfig'",
  "time": "2026-07-09T09:11:12.700Z"
}
{
  "label": "hana-project-explorer",
  "level": "error",
  "message": "Could not read content from \"/home/user/projects/Sample/db/src/.hdiconfig\" path: ENOENT: no such file or directory, open '/home/user/projects/Sample/db/src/.hdiconfig'",
  "time": "2026-07-09T09:11:14.734Z"
}
{
  "label": "hana-project-explorer",
  "level": "error",
  "message": "Could not read content from \"/home/user/projects/Sample/db/src/.hdiconfig\" path: ENOENT: no such file or directory, open '/home/user/projects/Sample/db/src/.hdiconfig'",
  "time": "2026-07-09T09:13:19.357Z"
}
{
  "label": "hana-project-explorer",
  "level": "error",
  "message": "Could not read content from \"/home/user/projects/Sample/db/src/.hdiconfig\" path: ENOENT: no such file or directory, open '/home/user/projects/Sample/db/src/.hdiconfig'",
  "time": "2026-07-09T09:13:21.369Z"
}
{
  "label": "hana-project-explorer",
  "level": "error",
  "message": "Could not read content from \"/home/user/projects/Sample/db/src/.hdiconfig\" path: ENOENT: no such file or directory, open '/home/user/projects/Sample/db/src/.hdiconfig'",
  "time": "2026-07-09T09:13:23.290Z"
}
{
  "label": "hana-project-explorer",
  "level": "error",
  "message": "Could not read content from \"/home/user/projects/Sample/db/src/.hdiconfig\" path: ENOENT: no such file or directory, open '/home/user/projects/Sample/db/src/.hdiconfig'",
  "time": "2026-07-09T09:13:25.373Z"
}
{
  "label": "hana-project-explorer",
  "level": "error",
  "message": "Could not read content from \"/home/user/projects/Sample/db/src/.hdiconfig\" path: ENOENT: no such file or directory, open '/home/user/projects/Sample/db/src/.hdiconfig'",
  "time": "2026-07-09T09:13:25.652Z"
}
{
  "label": "hana-project-explorer",
  "level": "error",
  "message": "Could not read content from \"/home/user/projects/Sample/db/src/.hdiconfig\" path: ENOENT: no such file or directory, open '/home/user/projects/Sample/db/src/.hdiconfig'",
  "time": "2026-07-09T09:13:28.814Z"
}
{
  "label": "hana-project-explorer",
  "level": "error",
  "message": "Could not read content from \"/home/user/projects/Sample/db/src/.hdiconfig\" path: ENOENT: no such file or directory, open '/home/user/projects/Sample/db/src/.hdiconfig'",
  "time": "2026-07-09T09:13:29.245Z"
}
{
  "label": "hana-project-explorer",
  "level": "error",
  "message": "Could not read content from \"/home/user/projects/Sample/db/src/.hdiconfig\" path: ENOENT: no such file or directory, open '/home/user/projects/Sample/db/src/.hdiconfig'",
  "time": "2026-07-09T09:13:31.279Z"
}
{
  "label": "hana-project-explorer",
  "level": "error",
  "message": "Could not read content from \"/home/user/projects/Sample/db/src/.hdiconfig\" path: ENOENT: no such file or directory, open '/home/user/projects/Sample/db/src/.hdiconfig'",
  "time": "2026-07-09T09:13:35.461Z"
}
{
  "label": "hana-project-explorer",
  "level": "error",
  "message": "Could not read content from \"/home/user/projects/Sample/db/src/.hdiconfig\" path: ENOENT: no such file or directory, open '/home/user/projects/Sample/db/src/.hdiconfig'",
  "time": "2026-07-09T09:13:39.550Z"
}
{
  "label": "hana-project-explorer",
  "level": "error",
  "message": "Could not read content from \"/home/user/projects/Sample/db/src/.hdiconfig\" path: ENOENT: no such file or directory, open '/home/user/projects/Sample/db/src/.hdiconfig'",
  "time": "2026-07-09T09:13:39.693Z"
}
{
  "label": "hana-project-explorer",
  "level": "error",
  "message": "Could not read content from \"/home/user/projects/Sample/db/src/.hdiconfig\" path: ENOENT: no such file or directory, open '/home/user/projects/Sample/db/src/.hdiconfig'",
  "time": "2026-07-09T09:13:42.090Z"
}
{
  "label": "hana-project-explorer",
  "level": "error",
  "message": "Could not read content from \"/home/user/projects/Sample/db/src/.hdiconfig\" path: ENOENT: no such file or directory, open '/home/user/projects/Sample/db/src/.hdiconfig'",
  "time": "2026-07-09T09:13:51.071Z"
}
{
  "label": "hana-project-explorer",
  "level": "error",
  "message": "Could not read content from \"/home/user/projects/Sample/db/src/.hdiconfig\" path: ENOENT: no such file or directory, open '/home/user/projects/Sample/db/src/.hdiconfig'",
  "time": "2026-07-09T09:13:53.989Z"
}
{
  "label": "hana-project-explorer",
  "level": "error",
  "message": "Could not read content from \"/home/user/projects/Sample/db/src/.hdiconfig\" path: ENOENT: no such file or directory, open '/home/user/projects/Sample/db/src/.hdiconfig'",
  "time": "2026-07-09T09:13:54.374Z"
}
{
  "label": "hana-project-explorer",
  "level": "error",
  "message": "Could not read content from \"/home/user/projects/Sample/db/src/.hdiconfig\" path: ENOENT: no such file or directory, open '/home/user/projects/Sample/db/src/.hdiconfig'",
  "time": "2026-07-09T09:13:56.888Z"
}
{
  "label": "hana-project-explorer",
  "level": "error",
  "message": "Could not read content from \"/home/user/projects/Sample/db/src/.hdiconfig\" path: ENOENT: no such file or directory, open '/home/user/projects/Sample/db/src/.hdiconfig'",
  "time": "2026-07-09T09:13:58.982Z"
}
{
  "label": "hana-project-explorer",
  "level": "error",
  "message": "Could not read content from \"/home/user/projects/Sample/db/src/.hdiconfig\" path: ENOENT: no such file or directory, open '/home/user/projects/Sample/db/src/.hdiconfig'",
  "time": "2026-07-09T09:14:01.305Z"
}
{
  "label": "hana-project-explorer",
  "level": "error",
  "message": "Could not read content from \"/home/user/projects/Sample/db/src/.hdiconfig\" path: ENOENT: no such file or directory, open '/home/user/projects/Sample/db/src/.hdiconfig'",
  "time": "2026-07-09T09:14:08.747Z"
}
{
  "label": "hana-project-explorer",
  "level": "error",
  "message": "Could not read content from \"/home/user/projects/Sample/db/src/.hdiconfig\" path: ENOENT: no such file or directory, open '/home/user/projects/Sample/db/src/.hdiconfig'",
  "time": "2026-07-09T09:14:11.006Z"
}
{
  "label": "hana-project-explorer",
  "level": "error",
  "message": "Could not read content from \"/home/user/projects/Sample/db/src/.hdiconfig\" path: ENOENT: no such file or directory, open '/home/user/projects/Sample/db/src/.hdiconfig'",
  "time": "2026-07-09T09:14:20.127Z"
}
{
  "label": "hana-project-explorer",
  "level": "error",
  "message": "Could not read content from \"/home/user/projects/Sample/db/src/.hdiconfig\" path: ENOENT: no such file or directory, open '/home/user/projects/Sample/db/src/.hdiconfig'",
  "time": "2026-07-09T09:14:23.420Z"
}
{
  "label": "hana-project-explorer",
  "level": "error",
  "message": "Could not read content from \"/home/user/projects/Sample/db/src/.hdiconfig\" path: ENOENT: no such file or directory, open '/home/user/projects/Sample/db/src/.hdiconfig'",
  "time": "2026-07-09T09:14:25.434Z"
}
{
  "label": "hana-project-explorer",
  "level": "error",
  "message": "Could not read content from \"/home/user/projects/Sample/db/src/.hdiconfig\" path: ENOENT: no such file or directory, open '/home/user/projects/Sample/db/src/.hdiconfig'",
  "time": "2026-07-09T09:14:30.806Z"
}
{
  "label": "hana-project-explorer",
  "level": "error",
  "message": "Could not read content from \"/home/user/projects/Sample/db/src/.hdiconfig\" path: ENOENT: no such file or directory, open '/home/user/projects/Sample/db/src/.hdiconfig'",
  "time": "2026-07-09T09:14:31.817Z"
}
{
  "label": "hana-project-explorer",
  "level": "error",
  "message": "Could not read content from \"/home/user/projects/Sample/db/src/.hdiconfig\" path: ENOENT: no such file or directory, open '/home/user/projects/Sample/db/src/.hdiconfig'",
  "time": "2026-07-09T09:14:36.810Z"
}
{
  "label": "hana-project-explorer",
  "level": "error",
  "message": "Could not read content from \"/home/user/projects/Sample/db/src/.hdiconfig\" path: ENOENT: no such file or directory, open '/home/user/projects/Sample/db/src/.hdiconfig'",
  "time": "2026-07-09T09:14:39.524Z"
}
{
  "label": "hana-project-explorer",
  "level": "error",
  "message": "Could not read content from \"/home/user/projects/Sample/db/src/.hdiconfig\" path: ENOENT: no such file or directory, open '/home/user/projects/Sample/db/src/.hdiconfig'",
  "time": "2026-07-09T09:14:43.043Z"
}
{
  "label": "hana-project-explorer",
  "level": "error",
  "message": "Could not read content from \"/home/user/projects/Sample/db/src/.hdiconfig\" path: ENOENT: no such file or directory, open '/home/user/projects/Sample/db/src/.hdiconfig'",
  "time": "2026-07-09T09:14:45.679Z"
}
{
  "label": "hana-project-explorer",
  "level": "error",
  "message": "Could not read content from \"/home/user/projects/Sample/db/src/.hdiconfig\" path: ENOENT: no such file or directory, open '/home/user/projects/Sample/db/src/.hdiconfig'",
  "time": "2026-07-09T09:14:51.570Z"
}
{
  "label": "hana-project-explorer",
  "level": "error",
  "message": "Could not read content from \"/home/user/projects/Sample/db/src/.hdiconfig\" path: ENOENT: no such file or directory, open '/home/user/projects/Sample/db/src/.hdiconfig'",
  "time": "2026-07-09T09:14:58.215Z"
}
{
  "label": "hana-project-explorer",
  "level": "error",
  "message": "Could not read content from \"/home/user/projects/Sample/db/src/.hdiconfig\" path: ENOENT: no such file or directory, open '/home/user/projects/Sample/db/src/.hdiconfig'",
  "time": "2026-07-09T09:15:00.439Z"
}
{
  "label": "hana-project-explorer",
  "level": "error",
  "message": "Could not read content from \"/home/user/projects/Sample/db/src/.hdiconfig\" path: ENOENT: no such file or directory, open '/home/user/projects/Sample/db/src/.hdiconfig'",
  "time": "2026-07-09T09:15:02.941Z"
}
{
  "label": "hana-project-explorer",
  "level": "error",
  "message": "Could not read content from \"/home/user/projects/Sample/db/src/.hdiconfig\" path: ENOENT: no such file or directory, open '/home/user/projects/Sample/db/src/.hdiconfig'",
  "time": "2026-07-09T09:15:07.019Z"
}
{
  "label": "hana-project-explorer",
  "level": "error",
  "message": "Could not read content from \"/home/user/projects/Sample/db/src/.hdiconfig\" path: ENOENT: no such file or directory, open '/home/user/projects/Sample/db/src/.hdiconfig'",
  "time": "2026-07-09T09:15:13.558Z"
}
{
  "label": "hana-project-explorer",
  "level": "error",
  "message": "Could not read content from \"/home/user/projects/Sample/db/src/.hdiconfig\" path: ENOENT: no such file or directory, open '/home/user/projects/Sample/db/src/.hdiconfig'",
  "time": "2026-07-09T09:15:22.329Z"
}
{
  "label": "hana-project-explorer",
  "level": "error",
  "message": "Could not read content from \"/home/user/projects/Sample/db/src/.hdiconfig\" path: ENOENT: no such file or directory, open '/home/user/projects/Sample/db/src/.hdiconfig'",
  "time": "2026-07-09T09:15:28.613Z"
}
{
  "label": "hana-project-explorer",
  "level": "error",
  "message": "Could not read content from \"/home/user/projects/Sample/db/src/.hdiconfig\" path: ENOENT: no such file or directory, open '/home/user/projects/Sample/db/src/.hdiconfig'",
  "time": "2026-07-09T09:15:34.254Z"
}
{
  "label": "hana-project-explorer",
  "level": "error",
  "message": "Could not read content from \"/home/user/projects/Sample/db/src/.hdiconfig\" path: ENOENT: no such file or directory, open '/home/user/projects/Sample/db/src/.hdiconfig'",
  "time": "2026-07-09T09:15:39.662Z"
}
{
  "label": "hana-project-explorer",
  "level": "error",
  "message": "Could not read content from \"/home/user/projects/Sample/db/src/.hdiconfig\" path: ENOENT: no such file or directory, open '/home/user/projects/Sample/db/src/.hdiconfig'",
  "time": "2026-07-09T09:15:45.744Z"
}
{
  "label": "hana-project-explorer",
  "level": "error",
  "message": "Could not read content from \"/home/user/projects/Sample/db/src/.hdiconfig\" path: ENOENT: no such file or directory, open '/home/user/projects/Sample/db/src/.hdiconfig'",
  "time": "2026-07-09T09:15:46.954Z"
}
{
  "label": "hana-project-explorer",
  "level": "error",
  "message": "Could not read content from \"/home/user/projects/Sample/db/src/.hdiconfig\" path: ENOENT: no such file or directory, open '/home/user/projects/Sample/db/src/.hdiconfig'",
  "time": "2026-07-09T09:15:51.834Z"
}
{
  "label": "hana-project-explorer",
  "level": "error",
  "message": "Could not read content from \"/home/user/projects/Sample/db/src/.hdiconfig\" path: ENOENT: no such file or directory, open '/home/user/projects/Sample/db/src/.hdiconfig'",
  "time": "2026-07-09T09:15:53.895Z"
}
{
  "label": "hana-project-explorer",
  "level": "error",
  "message": "Could not read content from \"/home/user/projects/Sample/db/src/.hdiconfig\" path: ENOENT: no such file or directory, open '/home/user/projects/Sample/db/src/.hdiconfig'",
  "time": "2026-07-09T09:16:03.991Z"
}
{
  "label": "hana-project-explorer",
  "level": "error",
  "message": "Could not read content from \"/home/user/projects/Sample/db/src/.hdiconfig\" path: ENOENT: no such file or directory, open '/home/user/projects/Sample/db/src/.hdiconfig'",
  "time": "2026-07-09T09:16:04.147Z"
}
{
  "label": "hana-project-explorer",
  "level": "error",
  "message": "Could not read content from \"/home/user/projects/Sample/db/src/.hdiconfig\" path: ENOENT: no such file or directory, open '/home/user/projects/Sample/db/src/.hdiconfig'",
  "time": "2026-07-09T09:16:09.063Z"
}
{
  "label": "hana-project-explorer",
  "level": "error",
  "message": "Could not read content from \"/home/user/projects/Sample/db/src/.hdiconfig\" path: ENOENT: no such file or directory, open '/home/user/projects/Sample/db/src/.hdiconfig'",
  "time": "2026-07-09T09:16:11.064Z"
}
{
  "label": "hana-project-explorer",
  "level": "error",
  "message": "Could not read content from \"/home/user/projects/Sample/db/src/.hdiconfig\" path: ENOENT: no such file or directory, open '/home/user/projects/Sample/db/src/.hdiconfig'",
  "time": "2026-07-09T09:16:16.141Z"
}
{
  "label": "hana-project-explorer",
  "level": "error",
  "message": "Could not read content from \"/home/user/projects/Sample/db/src/.hdiconfig\" path: ENOENT: no such file or directory, open '/home/user/projects/Sample/db/src/.hdiconfig'",
  "time": "2026-07-09T09:16:21.449Z"
}
{
  "label": "hana-project-explorer",
  "level": "error",
  "message": "Could not read content from \"/home/user/projects/Sample/db/src/.hdiconfig\" path: ENOENT: no such file or directory, open '/home/user/projects/Sample/db/src/.hdiconfig'",
  "time": "2026-07-09T09:16:30.304Z"
}
{
  "label": "hana-project-explorer",
  "level": "error",
  "message": "Could not read content from \"/home/user/projects/Sample/db/src/.hdiconfig\" path: ENOENT: no such file or directory, open '/home/user/projects/Sample/db/src/.hdiconfig'",
  "time": "2026-07-09T09:16:31.983Z"
}
{
  "label": "hana-project-explorer",
  "level": "error",
  "message": "Could not read content from \"/home/user/projects/Sample/db/src/.hdiconfig\" path: ENOENT: no such file or directory, open '/home/user/projects/Sample/db/src/.hdiconfig'",
  "time": "2026-07-09T09:16:34.054Z"
}
{
  "label": "hana-project-explorer",
  "level": "error",
  "message": "Could not read content from \"/home/user/projects/Sample/db/src/.hdiconfig\" path: ENOENT: no such file or directory, open '/home/user/projects/Sample/db/src/.hdiconfig'",
  "time": "2026-07-09T09:16:41.977Z"
}
{
  "label": "hana-project-explorer",
  "level": "error",
  "message": "Could not read content from \"/home/user/projects/Sample/db/src/.hdiconfig\" path: ENOENT: no such file or directory, open '/home/user/projects/Sample/db/src/.hdiconfig'",
  "time": "2026-07-09T09:16:55.666Z"
}
{
  "label": "hana-project-explorer",
  "level": "error",
  "message": "Could not read content from \"/home/user/projects/Sample/db/src/.hdiconfig\" path: ENOENT: no such file or directory, open '/home/user/projects/Sample/db/src/.hdiconfig'",
  "time": "2026-07-09T09:16:58.546Z"
}
{
  "label": "hana-project-explorer",
  "level": "error",
  "message": "Could not read content from \"/home/user/projects/Sample/db/src/.hdiconfig\" path: ENOENT: no such file or directory, open '/home/user/projects/Sample/db/src/.hdiconfig'",
  "time": "2026-07-09T09:17:00.726Z"
}
{
  "label": "hana-project-explorer",
  "level": "error",
  "message": "Could not read content from \"/home/user/projects/Sample/db/src/.hdiconfig\" path: ENOENT: no such file or directory, open '/home/user/projects/Sample/db/src/.hdiconfig'",
  "time": "2026-07-09T09:17:01.340Z"
}
{
  "label": "hana-project-explorer",
  "level": "error",
  "message": "Could not read content from \"/home/user/projects/Sample/db/src/.hdiconfig\" path: ENOENT: no such file or directory, open '/home/user/projects/Sample/db/src/.hdiconfig'",
  "time": "2026-07-09T09:17:05.775Z"
}
{
  "label": "hana-project-explorer",
  "level": "error",
  "message": "Could not read content from \"/home/user/projects/Sample/db/src/.hdiconfig\" path: ENOENT: no such file or directory, open '/home/user/projects/Sample/db/src/.hdiconfig'",
  "time": "2026-07-09T09:17:06.600Z"
}
{
  "label": "hana-project-explorer",
  "level": "error",
  "message": "Could not read content from \"/home/user/projects/Sample/db/src/.hdiconfig\" path: ENOENT: no such file or directory, open '/home/user/projects/Sample/db/src/.hdiconfig'",
  "time": "2026-07-09T09:17:21.016Z"
}
{
  "label": "hana-project-explorer",
  "level": "error",
  "message": "Could not read content from \"/home/user/projects/Sample/db/src/.hdiconfig\" path: ENOENT: no such file or directory, open '/home/user/projects/Sample/db/src/.hdiconfig'",
  "time": "2026-07-09T09:17:21.344Z"
}
{
  "label": "hana-project-explorer",
  "level": "error",
  "message": "Could not read content from \"/home/user/projects/Sample/db/src/.hdiconfig\" path: ENOENT: no such file or directory, open '/home/user/projects/Sample/db/src/.hdiconfig'",
  "time": "2026-07-09T09:17:34.447Z"
}
{
  "label": "hana-project-explorer",
  "level": "error",
  "message": "Could not read content from \"/home/user/projects/Sample/db/src/.hdiconfig\" path: ENOENT: no such file or directory, open '/home/user/projects/Sample/db/src/.hdiconfig'",
  "time": "2026-07-09T09:17:36.806Z"
}
{
  "label": "hana-project-explorer",
  "level": "error",
  "message": "Could not read content from \"/home/user/projects/Sample/db/src/.hdiconfig\" path: ENOENT: no such file or directory, open '/home/user/projects/Sample/db/src/.hdiconfig'",
  "time": "2026-07-09T09:17:38.924Z"
}
{
  "label": "hana-project-explorer",
  "level": "error",
  "message": "Could not read content from \"/home/user/projects/Sample/db/src/.hdiconfig\" path: ENOENT: no such file or directory, open '/home/user/projects/Sample/db/src/.hdiconfig'",
  "time": "2026-07-09T09:21:27.741Z"
}
{
  "label": "hana-project-explorer",
  "level": "error",
  "message": "Could not read content from \"/home/user/projects/Sample/db/src/.hdiconfig\" path: ENOENT: no such file or directory, open '/home/user/projects/Sample/db/src/.hdiconfig'",
  "time": "2026-07-09T09:21:27.741Z"
}
{
  "label": "hana-project-explorer",
  "level": "error",
  "message": "Error while reading package.json, using defaults",
  "time": "2026-07-09T09:23:02.640Z"
}
{
  "label": "hana-project-explorer",
  "level": "error",
  "message": "Error while reading package.json, using defaults",
  "time": "2026-07-09T09:23:02.640Z"
}
{
  "label": "hana-project-explorer",
  "level": "error",
  "message": "Error while reading package.json, using defaults",
  "time": "2026-07-09T09:23:03.263Z"
}
{
  "label": "hana-project-explorer",
  "level": "error",
  "message": "Error while reading package.json, using defaults",
  "time": "2026-07-09T09:23:03.264Z"
}
{
  "label": "hana-project-explorer",
  "level": "error",
  "message": "Error while reading package.json, using defaults",
  "time": "2026-07-09T09:23:05.361Z"
}
{
  "label": "hana-project-explorer",
  "level": "error",
  "message": "Error while reading package.json, using defaults",
  "time": "2026-07-09T09:23:05.361Z"
}
{
  "label": "hana-project-explorer",
  "level": "error",
  "message": "Error while reading package.json, using defaults",
  "time": "2026-07-09T09:23:05.688Z"
}
{
  "label": "hana-project-explorer",
  "level": "error",
  "message": "Error while reading package.json, using defaults",
  "time": "2026-07-09T09:23:05.688Z"
}
{
  "label": "hana-project-explorer",
  "level": "error",
  "message": "Error while reading package.json, using defaults",
  "time": "2026-07-09T09:23:10.670Z"
}
{
  "label": "hana-project-explorer",
  "level": "error",
  "message": "Error while reading package.json, using defaults",
  "time": "2026-07-09T09:23:10.670Z"
}
{
  "label": "hana-project-explorer",
  "level": "error",
  "message": "Error while reading package.json, using defaults",
  "time": "2026-07-09T09:23:11.743Z"
}
{
  "label": "hana-project-explorer",
  "level": "error",
  "message": "Error while reading package.json, using defaults",
  "time": "2026-07-09T09:23:11.743Z"
}
{
  "label": "hana-project-explorer",
  "level": "error",
  "message": "Error while reading package.json, using defaults",
  "time": "2026-07-09T09:23:20.722Z"
}
{
  "label": "hana-project-explorer",
  "level": "error",
  "message": "Error while reading package.json, using defaults",
  "time": "2026-07-09T09:23:20.722Z"
}
{
  "label": "hana-project-explorer",
  "level": "error",
  "message": "Error while reading package.json, using defaults",
  "time": "2026-07-09T09:23:20.840Z"
}
{
  "label": "hana-project-explorer",
  "level": "error",
  "message": "Error while reading package.json, using defaults",
  "time": "2026-07-09T09:23:20.840Z"
}
{
  "label": "hana-project-explorer",
  "level": "error",
  "message": "Error while reading package.json, using defaults",
  "time": "2026-07-09T09:23:25.735Z"
}
{
  "label": "hana-project-explorer",
  "level": "error",
  "message": "Error while reading package.json, using defaults",
  "time": "2026-07-09T09:23:25.735Z"
}
{
  "label": "hana-project-explorer",
  "level": "error",
  "message": "Error while reading package.json, using defaults",
  "time": "2026-07-09T09:23:26.349Z"
}
{
  "label": "hana-project-explorer",
  "level": "error",
  "message": "Error while reading package.json, using defaults",
  "time": "2026-07-09T09:23:26.349Z"
}
{
  "label": "hana-project-explorer",
  "level": "error",
  "message": "Error while reading package.json, using defaults",
  "time": "2026-07-09T09:23:28.674Z"
}
{
  "label": "hana-project-explorer",
  "level": "error",
  "message": "Error while reading package.json, using defaults",
  "time": "2026-07-09T09:23:28.675Z"
}
{
  "label": "hana-project-explorer",
  "level": "error",
  "message": "Error while reading package.json, using defaults",
  "time": "2026-07-09T09:23:28.745Z"
}
{
  "label": "hana-project-explorer",
  "level": "error",
  "message": "Error while reading package.json, using defaults",
  "time": "2026-07-09T09:23:28.746Z"
}
{
  "label": "hana-project-explorer",
  "level": "error",
  "message": "Error while reading package.json, using defaults",
  "time": "2026-07-09T09:23:30.829Z"
}
{
  "label": "hana-project-explorer",
  "level": "error",
  "message": "Error while reading package.json, using defaults",
  "time": "2026-07-09T09:23:30.830Z"
}
{
  "label": "hana-project-explorer",
  "level": "error",
  "message": "Error while reading package.json, using defaults",
  "time": "2026-07-09T09:23:40.755Z"
}
{
  "label": "hana-project-explorer",
  "level": "error",
  "message": "Error while reading package.json, using defaults",
  "time": "2026-07-09T09:23:40.755Z"
}
{
  "label": "hana-project-explorer",
  "level": "error",
  "message": "Error while reading package.json, using defaults",
  "time": "2026-07-09T09:23:42.781Z"
}
{
  "label": "hana-project-explorer",
  "level": "error",
  "message": "Error while reading package.json, using defaults",
  "time": "2026-07-09T09:23:42.781Z"
}
{
  "label": "hana-project-explorer",
  "level": "error",
  "message": "Error while reading package.json, using defaults",
  "time": "2026-07-09T09:23:43.687Z"
}
{
  "label": "hana-project-explorer",
  "level": "error",
  "message": "Error while reading package.json, using defaults",
  "time": "2026-07-09T09:23:43.687Z"
}
{
  "label": "hana-project-explorer",
  "level": "error",
  "message": "Error while reading package.json, using defaults",
  "time": "2026-07-09T09:23:46.962Z"
}
{
  "label": "hana-project-explorer",
  "level": "error",
  "message": "Error while reading package.json, using defaults",
  "time": "2026-07-09T09:23:46.963Z"
}
{
  "label": "hana-project-explorer",
  "level": "error",
  "message": "Error while reading package.json, using defaults",
  "time": "2026-07-09T09:23:47.414Z"
}
{
  "label": "hana-project-explorer",
  "level": "error",
  "message": "Error while reading package.json, using defaults",
  "time": "2026-07-09T09:23:47.414Z"
}
{
  "label": "hana-project-explorer",
  "level": "error",
  "message": "Error while reading package.json, using defaults",
  "time": "2026-07-09T09:23:50.987Z"
}
{
  "label": "hana-project-explorer",
  "level": "error",
  "message": "Error while reading package.json, using defaults",
  "time": "2026-07-09T09:23:50.987Z"
}
{
  "label": "hana-project-explorer",
  "level": "error",
  "message": "Error while reading package.json, using defaults",
  "time": "2026-07-09T09:23:55.692Z"
}
{
  "label": "hana-project-explorer",
  "level": "error",
  "message": "Error while reading package.json, using defaults",
  "time": "2026-07-09T09:23:55.692Z"
}
{
  "label": "hana-project-explorer",
  "level": "error",
  "message": "Error while reading package.json, using defaults",
  "time": "2026-07-09T09:24:00.786Z"
}
{
  "label": "hana-project-explorer",
  "level": "error",
  "message": "Error while reading package.json, using defaults",
  "time": "2026-07-09T09:24:00.787Z"
}
{
  "label": "hana-project-explorer",
  "level": "error",
  "message": "Error while reading package.json, using defaults",
  "time": "2026-07-09T09:24:00.839Z"
}
{
  "label": "hana-project-explorer",
  "level": "error",
  "message": "Error while reading package.json, using defaults",
  "time": "2026-07-09T09:24:00.839Z"
}
{
  "label": "hana-project-explorer",
  "level": "error",
  "message": "Error while reading package.json, using defaults",
  "time": "2026-07-09T09:24:04.672Z"
}
{
  "label": "hana-project-explorer",
  "level": "error",
  "message": "Error while reading package.json, using defaults",
  "time": "2026-07-09T09:24:04.672Z"
}
{
  "label": "hana-project-explorer",
  "level": "error",
  "message": "Error while reading package.json, using defaults",
  "time": "2026-07-09T09:24:06.190Z"
}
{
  "label": "hana-project-explorer",
  "level": "error",
  "message": "Error while reading package.json, using defaults",
  "time": "2026-07-09T09:24:06.191Z"
}
{
  "label": "hana-project-explorer",
  "level": "error",
  "message": "Error while reading package.json, using defaults",
  "time": "2026-07-09T09:24:08.254Z"
}
{
  "label": "hana-project-explorer",
  "level": "error",
  "message": "Error while reading package.json, using defaults",
  "time": "2026-07-09T09:24:08.254Z"
}
{
  "label": "hana-project-explorer",
  "level": "error",
  "message": "Error while reading package.json, using defaults",
  "time": "2026-07-09T09:24:09.424Z"
}
{
  "label": "hana-project-explorer",
  "level": "error",
  "message": "Error while reading package.json, using defaults",
  "time": "2026-07-09T09:24:09.424Z"
}
{
  "label": "hana-project-explorer",
  "level": "error",
  "message": "Could not read content from \"/home/user/projects/Sample/db/src/.hdiconfig\" path: ENOENT: no such file or directory, open '/home/user/projects/Sample/db/src/.hdiconfig'",
  "time": "2026-07-09T09:24:34.256Z"
}
{
  "label": "hana-project-explorer",
  "level": "error",
  "message": "Could not read content from \"/home/user/projects/Sample/db/src/.hdiconfig\" path: ENOENT: no such file or directory, open '/home/user/projects/Sample/db/src/.hdiconfig'",
  "time": "2026-07-09T09:24:45.707Z"
}
{
  "label": "hana-project-explorer",
  "level": "error",
  "message": "Could not read content from \"/home/user/projects/Sample/db/src/.hdiconfig\" path: ENOENT: no such file or directory, open '/home/user/projects/Sample/db/src/.hdiconfig'",
  "time": "2026-07-09T09:24:49.416Z"
}
{
  "label": "hana-project-explorer",
  "level": "error",
  "message": "Could not read content from \"/home/user/projects/Sample/db/src/.hdiconfig\" path: ENOENT: no such file or directory, open '/home/user/projects/Sample/db/src/.hdiconfig'",
  "time": "2026-07-09T09:24:49.416Z"
}
{
  "label": "hana-project-explorer",
  "level": "error",
  "message": "Could not read content from \"/home/user/projects/Sample/db/src/.hdiconfig\" path: ENOENT: no such file or directory, open '/home/user/projects/Sample/db/src/.hdiconfig'",
  "time": "2026-07-09T09:24:51.750Z"
}
{
  "label": "hana-project-explorer",
  "level": "error",
  "message": "Could not read content from \"/home/user/projects/Sample/db/src/.hdiconfig\" path: ENOENT: no such file or directory, open '/home/user/projects/Sample/db/src/.hdiconfig'",
  "time": "2026-07-09T09:24:59.734Z"
}
{
  "label": "hana-project-explorer",
  "level": "error",
  "message": "Could not read content from \"/home/user/projects/Sample/db/src/.hdiconfig\" path: ENOENT: no such file or directory, open '/home/user/projects/Sample/db/src/.hdiconfig'",
  "time": "2026-07-09T09:24:59.735Z"
}
{
  "label": "hana-project-explorer",
  "level": "error",
  "message": "Could not read content from \"/home/user/projects/Sample/db/src/.hdiconfig\" path: ENOENT: no such file or directory, open '/home/user/projects/Sample/db/src/.hdiconfig'",
  "time": "2026-07-09T09:26:11.969Z"
}
{
  "label": "hana-project-explorer",
  "level": "error",
  "message": "Could not read content from \"/home/user/projects/Sample/db/src/.hdiconfig\" path: ENOENT: no such file or directory, open '/home/user/projects/Sample/db/src/.hdiconfig'",
  "time": "2026-07-09T09:26:14.206Z"
}
{
  "label": "hana-project-explorer",
  "level": "error",
  "message": "Could not read content from \"/home/user/projects/Sample/db/src/.hdiconfig\" path: ENOENT: no such file or directory, open '/home/user/projects/Sample/db/src/.hdiconfig'",
  "time": "2026-07-09T09:26:16.658Z"
}
{
  "label": "hana-project-explorer",
  "level": "error",
  "message": "Could not read content from \"/home/user/projects/Sample/db/src/.hdiconfig\" path: ENOENT: no such file or directory, open '/home/user/projects/Sample/db/src/.hdiconfig'",
  "time": "2026-07-09T09:26:22.381Z"
}
{
  "label": "hana-project-explorer",
  "level": "error",
  "message": "Could not read content from \"/home/user/projects/Sample/db/src/.hdiconfig\" path: ENOENT: no such file or directory, open '/home/user/projects/Sample/db/src/.hdiconfig'",
  "time": "2026-07-09T09:26:23.517Z"
}
{
  "label": "hana-project-explorer",
  "level": "error",
  "message": "Could not read content from \"/home/user/projects/Sample/db/src/.hdiconfig\" path: ENOENT: no such file or directory, open '/home/user/projects/Sample/db/src/.hdiconfig'",
  "time": "2026-07-09T09:26:26.609Z"
}
{
  "label": "hana-project-explorer",
  "level": "error",
  "message": "Could not read content from \"/home/user/projects/Sample/db/src/.hdiconfig\" path: ENOENT: no such file or directory, open '/home/user/projects/Sample/db/src/.hdiconfig'",
  "time": "2026-07-09T09:27:29.795Z"
}
{
  "label": "hana-project-explorer",
  "level": "error",
  "message": "Could not read content from \"/home/user/projects/Sample/db/src/.hdiconfig\" path: ENOENT: no such file or directory, open '/home/user/projects/Sample/db/src/.hdiconfig'",
  "time": "2026-07-09T09:27:31.965Z"
}
{
  "label": "hana-project-explorer",
  "level": "error",
  "message": "Could not read content from \"/home/user/projects/Sample/db/src/.hdiconfig\" path: ENOENT: no such file or directory, open '/home/user/projects/Sample/db/src/.hdiconfig'",
  "time": "2026-07-09T09:29:51.736Z"
}
{
  "label": "hana-project-explorer",
  "level": "error",
  "message": "Could not read content from \"/home/user/projects/Sample/db/src/.hdiconfig\" path: ENOENT: no such file or directory, open '/home/user/projects/Sample/db/src/.hdiconfig'",
  "time": "2026-07-09T09:29:53.774Z"
}
{
  "label": "hana-project-explorer",
  "level": "error",
  "message": "Could not parse .env file: The module path \"/home/user/projects/Sample/gen/db\" is not a valid CAP DB module path.",
  "time": "2026-07-09T09:30:29.933Z"
}
{
  "label": "hana-project-explorer",
  "level": "error",
  "message": "Could not read content from \"/home/user/projects/Sample/db/src/.hdiconfig\" path: ENOENT: no such file or directory, open '/home/user/projects/Sample/db/src/.hdiconfig'",
  "time": "2026-07-09T09:30:37.876Z"
}
