[1783656326458] INFO  (ext): SQLTools is starting
[1783656326461] INFO  (ext): initializing language client...
[1783656326539] INFO  (ext): Registering client for languages [{"scheme":"sqltools"},{"language":"sql","scheme":"untitled"},{"language":"sql","scheme":"file"},{"language":"sql","scheme":"sqltools"}]
    ns: "lc"
[1783656326547] INFO  (ext): loading plugins...
[1783656326548] INFO  (ext): registering Formatter Plugin.
    plugin: {
      "name": "Formatter Plugin"
    }
[1783656326548] INFO  (ext): registering Connection Manager Plugin.
    plugin: {
      "name": "Connection Manager Plugin"
    }
[1783656326548] INFO  (ext): registering CodeLens Plugin.
    plugin: {
      "name": "CodeLens Plugin",
      "registeredLanguages": []
    }
[1783656326549] INFO  (ext): registering Dependency Manager Plugin.
    plugin: {
      "name": "Dependency Manager Plugin",
      "installingDrivers": []
    }
[1783656326550] INFO  (ext): Connection explorer changed. Will be updated.
    ns: "conn-man:explorer"
[1783656326550] INFO  (ext): registering History Manager Plugin.
    plugin: {
      "name": "History Manager Plugin"
    }
[1783656326550] INFO  (ext): registering Bookmarks Manager Plugin.
    plugin: {
      "name": "Bookmarks Manager Plugin"
    }
[1783656326551] INFO  (ext): registering Authentication Provider Plugin.
    plugin: {
      "name": "Authentication Provider Plugin",
      "isRegistered": false
    }
[1783656326551] INFO  (ext): registering Object Drop-in Provider (plugin).
    plugin: {
      "type": "plugin",
      "name": "Object Drop-in Provider",
      "isRegistered": false
    }
[1783656326551] INFO  (ext): SQLTools activation completed. 93.057363 ms
[1783656326556] INFO  (ext): Formatter Plugin registered!
[1783656326556] INFO  (ext): CodeLens Plugin registered!
[1783656326556] INFO  (ext): Dependency Manager Plugin registered!
[1783656326556] INFO  (ext): Connection Manager Plugin registered!
[1783656326556] INFO  (ext): History Manager Plugin registered!
[1783656326556] INFO  (ext): Bookmarks Manager Plugin registered!
[1783656326556] INFO  (ext): Authentication Provider Plugin registered!
[1783656326556] INFO  (ext): Object Drop-in Provider (plugin) registered!
[1783656329557] INFO  (ext): EXECUTING COMMAND => sqltools.refreshTree
[1783656329557] INFO  (ext): Connection explorer changed. Will be updated.
    ns: "conn-man:explorer"
[1783656329557] INFO  (ext): Connection explorer changed. Will be updated.
    ns: "conn-man:explorer"
[1783656329729] INFO  (ls): SQLTools Server started!
===============================
Using node runtime?: yes
ExecPath: /opt/nodejs/node-v22.19.0-linux-x64/bin/node v22.19.0
===============================
[1783656329731] INFO  (ls): User defined env vars
===============================
{"PATH":"/usr/local/sbin:/usr/local/bin:/usr/sbin:/usr/bin:/sbin:/bin:/home/user/.node_modules_global/bin"}
===============================:
[1783656332512] INFO  (ext): LanguageClient ready
    ns: "lc"
[1783656332511] INFO  (ls): Initialized with node version:v22.19.0
[1783656332800] INFO  (ext): registering SQLite Plugin (driver).
    plugin: {
      "extensionId": "mtxr.sqltools-driver-sqlite",
      "name": "SQLite Plugin",
      "type": "driver"
    }
[1783656332801] INFO  (ls): REQUEST RECEIVED => ls/RegisterPlugin
[1783656332801] INFO  (ls): request to register plugin: "/extbin/local/openvscode-server/extensions/mtxr.sqltools-driver-sqlite-0.5.0/out/ls/plugin.js"
[1783656332823] INFO  (ls): Driver sqlite registered!
    place: "driver-map"
    ns: "ls-context"
[1783656333636] INFO  (ext): SQLite Plugin (driver) registered!
[1783656334673] INFO  (ext): EXECUTING COMMAND => sqltools.refreshTree
[1783656334674] INFO  (ext): Connection explorer changed. Will be updated.
    ns: "conn-man:explorer"
