[1784035607473] INFO  (ext): SQLTools is starting
[1784035607475] INFO  (ext): initializing language client...
[1784035607543] INFO  (ext): Registering client for languages [{"scheme":"sqltools"},{"language":"sql","scheme":"untitled"},{"language":"sql","scheme":"file"},{"language":"sql","scheme":"sqltools"}]
    ns: "lc"
[1784035607551] INFO  (ext): loading plugins...
[1784035607551] INFO  (ext): registering Formatter Plugin.
    plugin: {
      "name": "Formatter Plugin"
    }
[1784035607551] INFO  (ext): registering Connection Manager Plugin.
    plugin: {
      "name": "Connection Manager Plugin"
    }
[1784035607551] INFO  (ext): registering CodeLens Plugin.
    plugin: {
      "name": "CodeLens Plugin",
      "registeredLanguages": []
    }
[1784035607555] INFO  (ext): registering Dependency Manager Plugin.
    plugin: {
      "name": "Dependency Manager Plugin",
      "installingDrivers": []
    }
[1784035607556] INFO  (ext): Connection explorer changed. Will be updated.
    ns: "conn-man:explorer"
[1784035607556] INFO  (ext): registering History Manager Plugin.
    plugin: {
      "name": "History Manager Plugin"
    }
[1784035607557] INFO  (ext): registering Bookmarks Manager Plugin.
    plugin: {
      "name": "Bookmarks Manager Plugin"
    }
[1784035607557] INFO  (ext): registering Authentication Provider Plugin.
    plugin: {
      "name": "Authentication Provider Plugin",
      "isRegistered": false
    }
[1784035607557] INFO  (ext): registering Object Drop-in Provider (plugin).
    plugin: {
      "type": "plugin",
      "name": "Object Drop-in Provider",
      "isRegistered": false
    }
[1784035607558] INFO  (ext): SQLTools activation completed. 84.176139 ms
[1784035607561] INFO  (ext): Formatter Plugin registered!
[1784035607561] INFO  (ext): CodeLens Plugin registered!
[1784035607561] INFO  (ext): Dependency Manager Plugin registered!
[1784035607561] INFO  (ext): Connection Manager Plugin registered!
[1784035607561] INFO  (ext): History Manager Plugin registered!
[1784035607561] INFO  (ext): Bookmarks Manager Plugin registered!
[1784035607561] INFO  (ext): Authentication Provider Plugin registered!
[1784035607561] INFO  (ext): Object Drop-in Provider (plugin) registered!
[1784035609126] INFO  (ext): EXECUTING COMMAND => sqltools.refreshTree
[1784035609126] INFO  (ext): Connection explorer changed. Will be updated.
    ns: "conn-man:explorer"
[1784035611152] INFO  (ext): Connection explorer changed. Will be updated.
    ns: "conn-man:explorer"
[1784035609231] INFO  (ls): SQLTools Server started!
===============================
Using node runtime?: yes
ExecPath: /opt/nodejs/node-v22.19.0-linux-x64/bin/node v22.19.0
===============================
[1784035609234] INFO  (ls): User defined env vars
===============================
{"PATH":"/usr/local/sbin:/usr/local/bin:/usr/sbin:/usr/bin:/sbin:/bin:/home/user/.node_modules_global/bin"}
===============================:
[1784035611160] INFO  (ext): LanguageClient ready
    ns: "lc"
[1784035611159] INFO  (ls): Initialized with node version:v22.19.0
[1784035612599] INFO  (ext): registering SQLite Plugin (driver).
    plugin: {
      "extensionId": "mtxr.sqltools-driver-sqlite",
      "name": "SQLite Plugin",
      "type": "driver"
    }
[1784035612600] INFO  (ls): REQUEST RECEIVED => ls/RegisterPlugin
[1784035612600] INFO  (ls): request to register plugin: "/extbin/local/openvscode-server/extensions/mtxr.sqltools-driver-sqlite-0.5.0/out/ls/plugin.js"
[1784035612621] INFO  (ls): Driver sqlite registered!
    place: "driver-map"
    ns: "ls-context"
[1784035613364] INFO  (ext): SQLite Plugin (driver) registered!
[1784035614637] INFO  (ext): EXECUTING COMMAND => sqltools.refreshTree
[1784035614637] INFO  (ext): Connection explorer changed. Will be updated.
    ns: "conn-man:explorer"
[1784035619387] INFO  (ext): Connection explorer changed. Will be updated.
    ns: "conn-man:explorer"
[1784035619941] INFO  (ext): Connection explorer changed. Will be updated.
    ns: "conn-man:explorer"
[1784035622109] INFO  (ext): Connection explorer changed. Will be updated.
    ns: "conn-man:explorer"
[1784035670294] INFO  (ext): Connection explorer changed. Will be updated.
    ns: "conn-man:explorer"
