[1784034075347] INFO  (ext): SQLTools is starting
[1784034075348] INFO  (ext): initializing language client...
[1784034075448] INFO  (ext): Registering client for languages [{"scheme":"sqltools"},{"language":"sql","scheme":"untitled"},{"language":"sql","scheme":"file"},{"language":"sql","scheme":"sqltools"}]
    ns: "lc"
[1784034075456] INFO  (ext): loading plugins...
[1784034075456] INFO  (ext): registering Formatter Plugin.
    plugin: {
      "name": "Formatter Plugin"
    }
[1784034075457] INFO  (ext): registering Connection Manager Plugin.
    plugin: {
      "name": "Connection Manager Plugin"
    }
[1784034075457] INFO  (ext): registering CodeLens Plugin.
    plugin: {
      "name": "CodeLens Plugin",
      "registeredLanguages": []
    }
[1784034075458] INFO  (ext): registering Dependency Manager Plugin.
    plugin: {
      "name": "Dependency Manager Plugin",
      "installingDrivers": []
    }
[1784034075458] INFO  (ext): Connection explorer changed. Will be updated.
    ns: "conn-man:explorer"
[1784034075459] INFO  (ext): registering History Manager Plugin.
    plugin: {
      "name": "History Manager Plugin"
    }
[1784034075459] INFO  (ext): registering Bookmarks Manager Plugin.
    plugin: {
      "name": "Bookmarks Manager Plugin"
    }
[1784034075459] INFO  (ext): registering Authentication Provider Plugin.
    plugin: {
      "name": "Authentication Provider Plugin",
      "isRegistered": false
    }
[1784034075460] INFO  (ext): registering Object Drop-in Provider (plugin).
    plugin: {
      "type": "plugin",
      "name": "Object Drop-in Provider",
      "isRegistered": false
    }
[1784034075460] INFO  (ext): SQLTools activation completed. 113.205159 ms
[1784034075464] INFO  (ext): Formatter Plugin registered!
[1784034075465] INFO  (ext): CodeLens Plugin registered!
[1784034075465] INFO  (ext): Dependency Manager Plugin registered!
[1784034075465] INFO  (ext): Connection Manager Plugin registered!
[1784034075465] INFO  (ext): History Manager Plugin registered!
[1784034075465] INFO  (ext): Bookmarks Manager Plugin registered!
[1784034075465] INFO  (ext): Authentication Provider Plugin registered!
[1784034075465] INFO  (ext): Object Drop-in Provider (plugin) registered!
[1784034078093] INFO  (ext): EXECUTING COMMAND => sqltools.refreshTree
[1784034078093] INFO  (ext): Connection explorer changed. Will be updated.
    ns: "conn-man:explorer"
[1784034078093] INFO  (ext): Connection explorer changed. Will be updated.
    ns: "conn-man:explorer"
[1784034078220] INFO  (ls): SQLTools Server started!
===============================
Using node runtime?: yes
ExecPath: /opt/nodejs/node-v22.19.0-linux-x64/bin/node v22.19.0
===============================
[1784034078225] INFO  (ls): User defined env vars
===============================
{"PATH":"/usr/local/sbin:/usr/local/bin:/usr/sbin:/usr/bin:/sbin:/bin:/home/user/.node_modules_global/bin"}
===============================:
[1784034080210] INFO  (ext): LanguageClient ready
    ns: "lc"
[1784034080209] INFO  (ls): Initialized with node version:v22.19.0
[1784034080591] INFO  (ext): registering SQLite Plugin (driver).
    plugin: {
      "extensionId": "mtxr.sqltools-driver-sqlite",
      "name": "SQLite Plugin",
      "type": "driver"
    }
[1784034080592] INFO  (ls): REQUEST RECEIVED => ls/RegisterPlugin
[1784034080593] INFO  (ls): request to register plugin: "/extbin/local/openvscode-server/extensions/mtxr.sqltools-driver-sqlite-0.5.0/out/ls/plugin.js"
[1784034080615] INFO  (ls): Driver sqlite registered!
    place: "driver-map"
    ns: "ls-context"
[1784034081384] INFO  (ext): SQLite Plugin (driver) registered!
[1784034081638] INFO  (ext): Connection explorer changed. Will be updated.
    ns: "conn-man:explorer"
[1784034081656] INFO  (ext): Connection explorer changed. Will be updated.
    ns: "conn-man:explorer"
[1784034082571] INFO  (ext): EXECUTING COMMAND => sqltools.refreshTree
[1784034082571] INFO  (ext): Connection explorer changed. Will be updated.
    ns: "conn-man:explorer"
[1784034087331] INFO  (ext): Connection explorer changed. Will be updated.
    ns: "conn-man:explorer"
[1784034090417] INFO  (ext): Connection explorer changed. Will be updated.
    ns: "conn-man:explorer"
