[1784181741642] INFO  (ext): SQLTools is starting
[1784181741644] INFO  (ext): initializing language client...
[1784181741718] INFO  (ext): Registering client for languages [{"scheme":"sqltools"},{"language":"sql","scheme":"untitled"},{"language":"sql","scheme":"file"},{"language":"sql","scheme":"sqltools"}]
    ns: "lc"
[1784181741746] INFO  (ext): loading plugins...
[1784181741746] INFO  (ext): registering Formatter Plugin.
    plugin: {
      "name": "Formatter Plugin"
    }
[1784181741747] INFO  (ext): registering Connection Manager Plugin.
    plugin: {
      "name": "Connection Manager Plugin"
    }
[1784181741747] INFO  (ext): registering CodeLens Plugin.
    plugin: {
      "name": "CodeLens Plugin",
      "registeredLanguages": []
    }
[1784181741748] INFO  (ext): registering Dependency Manager Plugin.
    plugin: {
      "name": "Dependency Manager Plugin",
      "installingDrivers": []
    }
[1784181741749] INFO  (ext): Connection explorer changed. Will be updated.
    ns: "conn-man:explorer"
[1784181741750] INFO  (ext): registering History Manager Plugin.
    plugin: {
      "name": "History Manager Plugin"
    }
[1784181741750] INFO  (ext): registering Bookmarks Manager Plugin.
    plugin: {
      "name": "Bookmarks Manager Plugin"
    }
[1784181741751] INFO  (ext): registering Authentication Provider Plugin.
    plugin: {
      "name": "Authentication Provider Plugin",
      "isRegistered": false
    }
[1784181741751] INFO  (ext): registering Object Drop-in Provider (plugin).
    plugin: {
      "type": "plugin",
      "name": "Object Drop-in Provider",
      "isRegistered": false
    }
[1784181741751] INFO  (ext): SQLTools activation completed. 108.892017 ms
[1784181741765] INFO  (ext): Formatter Plugin registered!
[1784181741765] INFO  (ext): CodeLens Plugin registered!
[1784181741765] INFO  (ext): Dependency Manager Plugin registered!
[1784181741765] INFO  (ext): Connection Manager Plugin registered!
[1784181741765] INFO  (ext): History Manager Plugin registered!
[1784181741765] INFO  (ext): Bookmarks Manager Plugin registered!
[1784181741765] INFO  (ext): Authentication Provider Plugin registered!
[1784181741765] INFO  (ext): Object Drop-in Provider (plugin) registered!
[1784181744795] INFO  (ext): EXECUTING COMMAND => sqltools.refreshTree
[1784181744795] INFO  (ext): Connection explorer changed. Will be updated.
    ns: "conn-man:explorer"
[1784181744795] INFO  (ext): Connection explorer changed. Will be updated.
    ns: "conn-man:explorer"
[1784181745032] INFO  (ls): SQLTools Server started!
===============================
Using node runtime?: yes
ExecPath: /opt/nodejs/node-v22.19.0-linux-x64/bin/node v22.19.0
===============================
[1784181745034] INFO  (ls): User defined env vars
===============================
{"PATH":"/usr/local/sbin:/usr/local/bin:/usr/sbin:/usr/bin:/sbin:/bin:/home/user/.node_modules_global/bin"}
===============================:
[1784181755211] INFO  (ext): LanguageClient ready
    ns: "lc"
[1784181755208] INFO  (ls): Initialized with node version:v22.19.0
[1784181755599] INFO  (ext): registering SQLite Plugin (driver).
    plugin: {
      "extensionId": "mtxr.sqltools-driver-sqlite",
      "name": "SQLite Plugin",
      "type": "driver"
    }
[1784181757960] INFO  (ext): EXECUTING COMMAND => sqltools.refreshTree
[1784181757961] INFO  (ext): Connection explorer changed. Will be updated.
    ns: "conn-man:explorer"
[1784181755599] INFO  (ls): REQUEST RECEIVED => ls/RegisterPlugin
[1784181755600] INFO  (ls): request to register plugin: "/extbin/local/openvscode-server/extensions/mtxr.sqltools-driver-sqlite-0.5.0/out/ls/plugin.js"
[1784181755622] INFO  (ls): Driver sqlite registered!
    place: "driver-map"
    ns: "ls-context"
[1784181757999] INFO  (ext): SQLite Plugin (driver) registered!
[1784181761168] INFO  (ext): EXECUTING COMMAND => sqltools.refreshTree
[1784181761168] INFO  (ext): Connection explorer changed. Will be updated.
    ns: "conn-man:explorer"
[1784181763891] INFO  (ext): Connection explorer changed. Will be updated.
    ns: "conn-man:explorer"
[1784181765352] INFO  (ext): Connection explorer changed. Will be updated.
    ns: "conn-man:explorer"
[1784181766703] INFO  (ext): Connection explorer changed. Will be updated.
    ns: "conn-man:explorer"
[1784181767985] INFO  (ext): Connection explorer changed. Will be updated.
    ns: "conn-man:explorer"
[1784181769194] INFO  (ext): Connection explorer changed. Will be updated.
    ns: "conn-man:explorer"
[1784181770332] INFO  (ext): Connection explorer changed. Will be updated.
    ns: "conn-man:explorer"
[1784181771618] INFO  (ext): Connection explorer changed. Will be updated.
    ns: "conn-man:explorer"
[1784182136256] INFO  (ext): Connection explorer changed. Will be updated.
    ns: "conn-man:explorer"
[1784182196297] INFO  (ext): Connection explorer changed. Will be updated.
    ns: "conn-man:explorer"
[1784182436240] INFO  (ext): Connection explorer changed. Will be updated.
    ns: "conn-man:explorer"
[1784182616406] INFO  (ext): Connection explorer changed. Will be updated.
    ns: "conn-man:explorer"
[1784182736245] INFO  (ext): Connection explorer changed. Will be updated.
    ns: "conn-man:explorer"
[1784182736246] INFO  (ext): Connection explorer changed. Will be updated.
    ns: "conn-man:explorer"
[1784182736247] INFO  (ext): Connection explorer changed. Will be updated.
    ns: "conn-man:explorer"
[1784182736248] INFO  (ext): Connection explorer changed. Will be updated.
    ns: "conn-man:explorer"
[1784182856238] INFO  (ext): Connection explorer changed. Will be updated.
    ns: "conn-man:explorer"
[1784182856238] INFO  (ext): Connection explorer changed. Will be updated.
    ns: "conn-man:explorer"
[1784182856239] INFO  (ext): Connection explorer changed. Will be updated.
    ns: "conn-man:explorer"
[1784182919973] INFO  (ext): Connection explorer changed. Will be updated.
    ns: "conn-man:explorer"
[1784182928235] INFO  (ext): Connection explorer changed. Will be updated.
    ns: "conn-man:explorer"
[1784182929590] INFO  (ext): Connection explorer changed. Will be updated.
    ns: "conn-man:explorer"
[1784182935487] INFO  (ext): Connection explorer changed. Will be updated.
    ns: "conn-man:explorer"
[1784182941528] INFO  (ext): Connection explorer changed. Will be updated.
    ns: "conn-man:explorer"
[1784182948229] INFO  (ext): Connection explorer changed. Will be updated.
    ns: "conn-man:explorer"
[1784182954513] INFO  (ext): Connection explorer changed. Will be updated.
    ns: "conn-man:explorer"
[1784182954885] INFO  (ext): Connection explorer changed. Will be updated.
    ns: "conn-man:explorer"
[1784182960532] INFO  (ext): Connection explorer changed. Will be updated.
    ns: "conn-man:explorer"
[1784182967040] INFO  (ext): Connection explorer changed. Will be updated.
    ns: "conn-man:explorer"
[1784182974711] INFO  (ext): Connection explorer changed. Will be updated.
    ns: "conn-man:explorer"
[1784182980849] INFO  (ext): Connection explorer changed. Will be updated.
    ns: "conn-man:explorer"
[1784182986222] INFO  (ext): Connection explorer changed. Will be updated.
    ns: "conn-man:explorer"
[1784182991917] INFO  (ext): Connection explorer changed. Will be updated.
    ns: "conn-man:explorer"
[1784182998205] INFO  (ext): Connection explorer changed. Will be updated.
    ns: "conn-man:explorer"
[1784183003702] INFO  (ext): Connection explorer changed. Will be updated.
    ns: "conn-man:explorer"
[1784183019835] INFO  (ext): Connection explorer changed. Will be updated.
    ns: "conn-man:explorer"
[1784183031402] INFO  (ext): Connection explorer changed. Will be updated.
    ns: "conn-man:explorer"
[1784183276258] INFO  (ext): Connection explorer changed. Will be updated.
    ns: "conn-man:explorer"
[1784183536013] INFO  (ext): Connection explorer changed. Will be updated.
    ns: "conn-man:explorer"
[1784183540933] INFO  (ext): Connection explorer changed. Will be updated.
    ns: "conn-man:explorer"
[1784183546397] INFO  (ext): Connection explorer changed. Will be updated.
    ns: "conn-man:explorer"
[1784183551662] INFO  (ext): Connection explorer changed. Will be updated.
    ns: "conn-man:explorer"
[1784183556722] INFO  (ext): Connection explorer changed. Will be updated.
    ns: "conn-man:explorer"
[1784183561822] INFO  (ext): Connection explorer changed. Will be updated.
    ns: "conn-man:explorer"
[1784183566613] INFO  (ext): Connection explorer changed. Will be updated.
    ns: "conn-man:explorer"
[1784183573272] INFO  (ext): Connection explorer changed. Will be updated.
    ns: "conn-man:explorer"
