[1784106616793] INFO  (ext): SQLTools is starting
[1784106616794] INFO  (ext): initializing language client...
[1784106616872] INFO  (ext): Registering client for languages [{"scheme":"sqltools"},{"language":"sql","scheme":"untitled"},{"language":"sql","scheme":"file"},{"language":"sql","scheme":"sqltools"}]
    ns: "lc"
[1784106616882] INFO  (ext): loading plugins...
[1784106616882] INFO  (ext): registering Formatter Plugin.
    plugin: {
      "name": "Formatter Plugin"
    }
[1784106616882] INFO  (ext): registering Connection Manager Plugin.
    plugin: {
      "name": "Connection Manager Plugin"
    }
[1784106616883] INFO  (ext): registering CodeLens Plugin.
    plugin: {
      "name": "CodeLens Plugin",
      "registeredLanguages": []
    }
[1784106616883] INFO  (ext): registering Dependency Manager Plugin.
    plugin: {
      "name": "Dependency Manager Plugin",
      "installingDrivers": []
    }
[1784106616884] INFO  (ext): Connection explorer changed. Will be updated.
    ns: "conn-man:explorer"
[1784106616885] INFO  (ext): registering History Manager Plugin.
    plugin: {
      "name": "History Manager Plugin"
    }
[1784106616885] INFO  (ext): registering Bookmarks Manager Plugin.
    plugin: {
      "name": "Bookmarks Manager Plugin"
    }
[1784106616885] INFO  (ext): registering Authentication Provider Plugin.
    plugin: {
      "name": "Authentication Provider Plugin",
      "isRegistered": false
    }
[1784106616885] INFO  (ext): registering Object Drop-in Provider (plugin).
    plugin: {
      "type": "plugin",
      "name": "Object Drop-in Provider",
      "isRegistered": false
    }
[1784106616886] INFO  (ext): SQLTools activation completed. 92.864969 ms
[1784106616890] INFO  (ext): Formatter Plugin registered!
[1784106616890] INFO  (ext): CodeLens Plugin registered!
[1784106616890] INFO  (ext): Dependency Manager Plugin registered!
[1784106616890] INFO  (ext): Connection Manager Plugin registered!
[1784106616890] INFO  (ext): History Manager Plugin registered!
[1784106616890] INFO  (ext): Bookmarks Manager Plugin registered!
[1784106616890] INFO  (ext): Authentication Provider Plugin registered!
[1784106616890] INFO  (ext): Object Drop-in Provider (plugin) registered!
[1784106619421] INFO  (ext): EXECUTING COMMAND => sqltools.refreshTree
[1784106619421] INFO  (ext): Connection explorer changed. Will be updated.
    ns: "conn-man:explorer"
[1784106619421] INFO  (ext): Connection explorer changed. Will be updated.
    ns: "conn-man:explorer"
[1784106619525] INFO  (ls): SQLTools Server started!
===============================
Using node runtime?: yes
ExecPath: /opt/nodejs/node-v22.19.0-linux-x64/bin/node v22.19.0
===============================
[1784106619528] INFO  (ls): User defined env vars
===============================
{"PATH":"/usr/local/sbin:/usr/local/bin:/usr/sbin:/usr/bin:/sbin:/bin:/home/user/.node_modules_global/bin"}
===============================:
[1784106621406] INFO  (ext): LanguageClient ready
    ns: "lc"
[1784106621405] INFO  (ls): Initialized with node version:v22.19.0
[1784106621654] INFO  (ext): registering SQLite Plugin (driver).
    plugin: {
      "extensionId": "mtxr.sqltools-driver-sqlite",
      "name": "SQLite Plugin",
      "type": "driver"
    }
[1784106621655] INFO  (ls): REQUEST RECEIVED => ls/RegisterPlugin
[1784106621655] INFO  (ls): request to register plugin: "/extbin/local/openvscode-server/extensions/mtxr.sqltools-driver-sqlite-0.5.0/out/ls/plugin.js"
[1784106621677] INFO  (ls): Driver sqlite registered!
    place: "driver-map"
    ns: "ls-context"
[1784106622413] INFO  (ext): SQLite Plugin (driver) registered!
[1784106622716] INFO  (ext): Connection explorer changed. Will be updated.
    ns: "conn-man:explorer"
[1784106622885] INFO  (ext): Connection explorer changed. Will be updated.
    ns: "conn-man:explorer"
[1784106623655] INFO  (ext): EXECUTING COMMAND => sqltools.refreshTree
[1784106623655] INFO  (ext): Connection explorer changed. Will be updated.
    ns: "conn-man:explorer"
[1784106628447] INFO  (ext): Connection explorer changed. Will be updated.
    ns: "conn-man:explorer"
[1784106631340] INFO  (ext): Connection explorer changed. Will be updated.
    ns: "conn-man:explorer"
[1784106672208] INFO  (ext): Connection explorer changed. Will be updated.
    ns: "conn-man:explorer"
[1784106689886] INFO  (ext): Connection explorer changed. Will be updated.
    ns: "conn-man:explorer"
[1784106695367] INFO  (ext): Connection explorer changed. Will be updated.
    ns: "conn-man:explorer"
[1784106706998] INFO  (ext): Connection explorer changed. Will be updated.
    ns: "conn-man:explorer"
[1784106720360] INFO  (ext): Connection explorer changed. Will be updated.
    ns: "conn-man:explorer"
[1784106791758] INFO  (ext): Connection explorer changed. Will be updated.
    ns: "conn-man:explorer"
[1784106828187] INFO  (ext): Connection explorer changed. Will be updated.
    ns: "conn-man:explorer"
[1784106851484] INFO  (ext): Connection explorer changed. Will be updated.
    ns: "conn-man:explorer"
[1784106963875] INFO  (ext): Connection explorer changed. Will be updated.
    ns: "conn-man:explorer"
[1784107017925] INFO  (ext): Connection explorer changed. Will be updated.
    ns: "conn-man:explorer"
[1784107252260] INFO  (ext): Connection explorer changed. Will be updated.
    ns: "conn-man:explorer"
[1784107459097] INFO  (ext): Connection explorer changed. Will be updated.
    ns: "conn-man:explorer"
