{
  "label": "hana-project-explorer",
  "level": "error",
  "message": "The \"/home/user/projects/south/gen/db\" folder does not exist; cannot create deploy task",
  "time": "2026-07-16T06:02:50.723Z"
}
{
  "label": "hana-project-explorer",
  "level": "error",
  "message": "The \"/home/user/projects/where/gen/db\" folder does not exist; cannot create deploy task",
  "time": "2026-07-16T06:02:50.724Z"
}
{
  "label": "hana-project-explorer",
  "level": "error",
  "message": "Could not parse .env file: The module path \"/home/user/projects/Assoc/gen/db\" is not a valid CAP DB module path.",
  "time": "2026-07-16T06:02:50.856Z"
}
{
  "label": "hana-project-explorer",
  "level": "error",
  "message": "Could not parse .env file: The module path \"/home/user/projects/Assoc/gen/db\" is not a valid CAP DB module path.",
  "time": "2026-07-16T06:08:27.154Z"
}
{
  "label": "hana-project-explorer",
  "level": "error",
  "message": "Could not parse .env file: The module path \"/home/user/projects/Assoc/gen/db\" is not a valid CAP DB module path.",
  "time": "2026-07-16T06:08:31.022Z"
}
{
  "label": "hana-project-explorer",
  "level": "error",
  "message": "Error while reading package.json, using defaults",
  "time": "2026-07-16T06:08:40.733Z"
}
{
  "label": "hana-project-explorer",
  "level": "error",
  "message": "Error while reading package.json, using defaults",
  "time": "2026-07-16T06:08:40.733Z"
}
{
  "label": "hana-project-explorer",
  "level": "error",
  "message": "Error while reading package.json, using defaults",
  "time": "2026-07-16T06:08:46.671Z"
}
{
  "label": "hana-project-explorer",
  "level": "error",
  "message": "Error while reading package.json, using defaults",
  "time": "2026-07-16T06:08:46.671Z"
}
{
  "label": "hana-project-explorer",
  "level": "error",
  "message": "Could not parse .env file: The module path \"/home/user/projects/Assoc/gen/db\" is not a valid CAP DB module path.",
  "time": "2026-07-16T06:09:14.858Z"
}
{
  "label": "hana-project-explorer",
  "level": "error",
  "message": "Could not parse .env file: The module path \"/home/user/projects/Assoc/gen/db\" is not a valid CAP DB module path.",
  "time": "2026-07-16T06:09:18.731Z"
}
{
  "label": "hana-project-explorer",
  "level": "error",
  "message": "Could not parse .env file: The module path \"/home/user/projects/Assoc/gen/db\" is not a valid CAP DB module path.",
  "time": "2026-07-16T06:10:24.861Z"
}
{
  "label": "hana-project-explorer",
  "level": "error",
  "message": "Could not parse .env file: The module path \"/home/user/projects/Assoc/gen/db\" is not a valid CAP DB module path.",
  "time": "2026-07-16T06:10:28.491Z"
}
{
  "label": "hana-project-explorer",
  "level": "error",
  "message": "Could not parse .env file: The module path \"/home/user/projects/Assoc/gen/db\" is not a valid CAP DB module path.",
  "time": "2026-07-16T06:12:16.247Z"
}
{
  "label": "hana-project-explorer",
  "level": "error",
  "message": "Could not parse .env file: The module path \"/home/user/projects/Assoc/gen/db\" is not a valid CAP DB module path.",
  "time": "2026-07-16T06:12:20.006Z"
}
{
  "label": "hana-project-explorer",
  "level": "error",
  "message": "Could not parse .env file: The module path \"/home/user/projects/Assoc/gen/db\" is not a valid CAP DB module path.",
  "time": "2026-07-16T06:14:28.637Z"
}
{
  "label": "hana-project-explorer",
  "level": "error",
  "message": "Could not parse .env file: The module path \"/home/user/projects/Assoc/gen/db\" is not a valid CAP DB module path.",
  "time": "2026-07-16T06:14:32.350Z"
}
{
  "label": "hana-project-explorer",
  "level": "error",
  "message": "Could not parse .env file: The module path \"/home/user/projects/Assoc/gen/db\" is not a valid CAP DB module path.",
  "time": "2026-07-16T06:15:27.259Z"
}
{
  "label": "hana-project-explorer",
  "level": "error",
  "message": "Could not parse .env file: The module path \"/home/user/projects/Assoc/gen/db\" is not a valid CAP DB module path.",
  "time": "2026-07-16T06:15:31.034Z"
}
{
  "label": "hana-project-explorer",
  "level": "error",
  "message": "Error while reading package.json, using defaults",
  "time": "2026-07-16T06:17:44.267Z"
}
{
  "label": "hana-project-explorer",
  "level": "error",
  "message": "Error while reading package.json, using defaults",
  "time": "2026-07-16T06:17:44.267Z"
}
{
  "label": "hana-project-explorer",
  "level": "error",
  "message": "Error while reading package.json, using defaults",
  "time": "2026-07-16T06:17:45.195Z"
}
{
  "label": "hana-project-explorer",
  "level": "error",
  "message": "Error while reading package.json, using defaults",
  "time": "2026-07-16T06:17:45.195Z"
}
{
  "label": "hana-project-explorer",
  "level": "error",
  "message": "Could not parse .env file: The module path \"/home/user/projects/Assoc/gen/db\" is not a valid CAP DB module path.",
  "time": "2026-07-16T06:18:14.311Z"
}
