[1783656421773] INFO  (ext): SQLTools is starting
[1783656421781] INFO  (ext): initializing language client...
[1783656421888] INFO  (ext): Registering client for languages [{"scheme":"sqltools"},{"language":"sql","scheme":"untitled"},{"language":"sql","scheme":"file"},{"language":"sql","scheme":"sqltools"}]
    ns: "lc"
[1783656421897] INFO  (ext): loading plugins...
[1783656421897] INFO  (ext): registering Formatter Plugin.
    plugin: {
      "name": "Formatter Plugin"
    }
[1783656421897] INFO  (ext): registering Connection Manager Plugin.
    plugin: {
      "name": "Connection Manager Plugin"
    }
[1783656421898] INFO  (ext): registering CodeLens Plugin.
    plugin: {
      "name": "CodeLens Plugin",
      "registeredLanguages": []
    }
[1783656421898] INFO  (ext): registering Dependency Manager Plugin.
    plugin: {
      "name": "Dependency Manager Plugin",
      "installingDrivers": []
    }
[1783656421899] INFO  (ext): Connection explorer changed. Will be updated.
    ns: "conn-man:explorer"
[1783656421900] INFO  (ext): registering History Manager Plugin.
    plugin: {
      "name": "History Manager Plugin"
    }
[1783656421900] INFO  (ext): registering Bookmarks Manager Plugin.
    plugin: {
      "name": "Bookmarks Manager Plugin"
    }
[1783656421900] INFO  (ext): registering Authentication Provider Plugin.
    plugin: {
      "name": "Authentication Provider Plugin",
      "isRegistered": false
    }
[1783656421900] INFO  (ext): registering Object Drop-in Provider (plugin).
    plugin: {
      "type": "plugin",
      "name": "Object Drop-in Provider",
      "isRegistered": false
    }
[1783656421901] INFO  (ext): SQLTools activation completed. 130.667352 ms
[1783656421910] INFO  (ext): Formatter Plugin registered!
[1783656421910] INFO  (ext): CodeLens Plugin registered!
[1783656421910] INFO  (ext): Dependency Manager Plugin registered!
[1783656421910] INFO  (ext): Connection Manager Plugin registered!
[1783656421910] INFO  (ext): History Manager Plugin registered!
[1783656421910] INFO  (ext): Bookmarks Manager Plugin registered!
[1783656421910] INFO  (ext): Authentication Provider Plugin registered!
[1783656421910] INFO  (ext): Object Drop-in Provider (plugin) registered!
[1783656425367] INFO  (ext): EXECUTING COMMAND => sqltools.refreshTree
[1783656425367] INFO  (ext): Connection explorer changed. Will be updated.
    ns: "conn-man:explorer"
[1783656425367] INFO  (ext): Connection explorer changed. Will be updated.
    ns: "conn-man:explorer"
[1783656425482] INFO  (ls): SQLTools Server started!
===============================
Using node runtime?: yes
ExecPath: /opt/nodejs/node-v22.19.0-linux-x64/bin/node v22.19.0
===============================
[1783656425484] INFO  (ls): User defined env vars
===============================
{"PATH":"/usr/local/sbin:/usr/local/bin:/usr/sbin:/usr/bin:/sbin:/bin:/home/user/.node_modules_global/bin"}
===============================:
[1783656427628] INFO  (ext): LanguageClient ready
    ns: "lc"
[1783656427626] INFO  (ls): Initialized with node version:v22.19.0
[1783656427909] INFO  (ext): registering SQLite Plugin (driver).
    plugin: {
      "extensionId": "mtxr.sqltools-driver-sqlite",
      "name": "SQLite Plugin",
      "type": "driver"
    }
[1783656427911] INFO  (ls): REQUEST RECEIVED => ls/RegisterPlugin
[1783656427911] INFO  (ls): request to register plugin: "/extbin/local/openvscode-server/extensions/mtxr.sqltools-driver-sqlite-0.5.0/out/ls/plugin.js"
[1783656427951] INFO  (ls): Driver sqlite registered!
    place: "driver-map"
    ns: "ls-context"
[1783656428882] INFO  (ext): SQLite Plugin (driver) registered!
[1783656430030] INFO  (ext): EXECUTING COMMAND => sqltools.refreshTree
[1783656430030] INFO  (ext): Connection explorer changed. Will be updated.
    ns: "conn-man:explorer"
[1783656430051] INFO  (ext): Connection explorer changed. Will be updated.
    ns: "conn-man:explorer"
[1783656430081] INFO  (ext): Connection explorer changed. Will be updated.
    ns: "conn-man:explorer"
[1783656437805] INFO  (ext): Connection explorer changed. Will be updated.
    ns: "conn-man:explorer"
[1783656450712] INFO  (ext): Connection explorer changed. Will be updated.
    ns: "conn-man:explorer"
[1783656505080] INFO  (ext): Connection explorer changed. Will be updated.
    ns: "conn-man:explorer"
[1783656506455] INFO  (ext): Connection explorer changed. Will be updated.
    ns: "conn-man:explorer"
[1783656647845] INFO  (ext): Connection explorer changed. Will be updated.
    ns: "conn-man:explorer"
[1783656658764] INFO  (ext): Connection explorer changed. Will be updated.
    ns: "conn-man:explorer"
[1783657076394] INFO  (ext): Connection explorer changed. Will be updated.
    ns: "conn-man:explorer"
[1783658817218] INFO  (ext): Connection explorer changed. Will be updated.
    ns: "conn-man:explorer"
[1783658825783] INFO  (ext): Connection explorer changed. Will be updated.
    ns: "conn-man:explorer"
