[4:07:01 AM] (Extension) Activating SAPSE.vscode-cds...
[2026-07-10T04:07:01.914Z] creating client and starting lsp 'LSP at /extbin/local/openvscode-server/extensions/vscode-cds-9.9.0/node_modules/@sap/cds-lsp for compiler v6'...
[2026-07-10T04:07:07.637Z] finished starting lsp 'LSP at /extbin/local/openvscode-server/extensions/vscode-cds-9.9.0/node_modules/@sap/cds-lsp for compiler v6' in 5724ms
SyntaxError: Expected ',' or '}' after property value in JSON at position 235 (line 15 column 4)
    at JSON.parse (<anonymous>)
    at _readJson (/home/user/projects/Sql/node_modules/@sap/cds/lib/env/cds-env.js:540:23)
    at Config.load (/home/user/projects/Sql/node_modules/@sap/cds/lib/env/cds-env.js:117:16)
    at #import (/home/user/projects/Sql/node_modules/@sap/cds/lib/env/cds-env.js:109:21)
    at new Config (/home/user/projects/Sql/node_modules/@sap/cds/lib/env/cds-env.js:68:20)
    at Config.for (/home/user/projects/Sql/node_modules/@sap/cds/lib/env/cds-env.js:21:15)
    at ya._getEnv (/extbin/local/openvscode-server/extensions/vscode-cds-9.9.0/node_modules/@sap/cds-lsp/src/impl/cdsenv/CdsEnv.ts:36:32)
    at ya.getEnv (/extbin/local/openvscode-server/extensions/vscode-cds-9.9.0/node_modules/@sap/cds-lsp/src/impl/cdsenv/CdsEnv.ts:23:26)
    at ya.TryCatchDecorator (/extbin/local/openvscode-server/extensions/vscode-cds-9.9.0/node_modules/@sap/cds-lsp/src/impl/utils/TryCatch.ts:90:47)
    at we._getCdsEnv (/extbin/local/openvscode-server/extensions/vscode-cds-9.9.0/node_modules/@sap/cds-lsp/src/impl/services/WorkspaceFolder.ts:749:29)
    at we.TryCatchDecorator (/extbin/local/openvscode-server/extensions/vscode-cds-9.9.0/node_modules/@sap/cds-lsp/src/impl/utils/TryCatch.ts:90:47)
    at we.CacheDecorator (/extbin/local/openvscode-server/extensions/vscode-cds-9.9.0/node_modules/@sap/cds-lsp/src/impl/utils/Cache.ts:46:46)
    at we.isEnvChanged (/extbin/local/openvscode-server/extensions/vscode-cds-9.9.0/node_modules/@sap/cds-lsp/src/impl/services/WorkspaceFolder.ts:1199:37)
    at we.onDidChangeWatchedFiles (/extbin/local/openvscode-server/extensions/vscode-cds-9.9.0/node_modules/@sap/cds-lsp/src/impl/services/WorkspaceFolder.ts:1014:43)
    at we.TryCatchDecorator (/extbin/local/openvscode-server/extensions/vscode-cds-9.9.0/node_modules/@sap/cds-lsp/src/impl/utils/TryCatch.ts:90:47)
    at Gi.onDidChangeWatchedFiles (/extbin/local/openvscode-server/extensions/vscode-cds-9.9.0/node_modules/@sap/cds-lsp/src/impl/requests/DidChangeWatchedFiles.ts:53:26)
    at Gi.TryCatchDecorator (/extbin/local/openvscode-server/extensions/vscode-cds-9.9.0/node_modules/@sap/cds-lsp/src/impl/utils/TryCatch.ts:90:47)
    at Gi.action (/extbin/local/openvscode-server/extensions/vscode-cds-9.9.0/node_modules/@sap/cds-lsp/src/impl/utils/Telemetry.ts:83:43)
    at bc.footprint (/extbin/local/openvscode-server/extensions/vscode-cds-9.9.0/node_modules/@sap/cds-lsp/src/impl/trace/Tracer.ts:125:28)
    at Gi.RequestMethodDecorator (/extbin/local/openvscode-server/extensions/vscode-cds-9.9.0/node_modules/@sap/cds-lsp/src/impl/requests/RequestMethod.ts:171:35)
    at handleNotification (/extbin/local/openvscode-server/extensions/vscode-cds-9.9.0/node_modules/vscode-jsonrpc/lib/common/connection.js:640:25)
    at handleMessage (/extbin/local/openvscode-server/extensions/vscode-cds-9.9.0/node_modules/vscode-jsonrpc/lib/common/connection.js:342:13)
    at processMessageQueue (/extbin/local/openvscode-server/extensions/vscode-cds-9.9.0/node_modules/vscode-jsonrpc/lib/common/connection.js:362:17)
    at Immediate._onImmediate (/extbin/local/openvscode-server/extensions/vscode-cds-9.9.0/node_modules/vscode-jsonrpc/lib/common/connection.js:334:13)
    at process.processImmediate (node:internal/timers:485:21)
[2026-07-10T05:03:44.871Z] stopping lsp 'LSP at /extbin/local/openvscode-server/extensions/vscode-cds-9.9.0/node_modules/@sap/cds-lsp for compiler v6'... 
[Error - 5:03:44 AM] Request textDocument/codeAction failed.
Error: Starting server failed
    at cs.$start (/extbin/local/openvscode-server/extensions/vscode-cds-9.9.0/node_modules/vscode-languageclient/lib/common/client.js:1133:19)
    at cs.sendRequest (/extbin/local/openvscode-server/extensions/vscode-cds-9.9.0/node_modules/vscode-languageclient/lib/common/client.js:340:28)
    at g1.provideCodeActions (file:///extbin/local/openvscode-server/out/vs/workbench/api/node/extensionHostProcess.js:144:152012)
[Error - 5:03:44 AM] Request textDocument/codeAction failed.
Error: Starting server failed
    at cs.$start (/extbin/local/openvscode-server/extensions/vscode-cds-9.9.0/node_modules/vscode-languageclient/lib/common/client.js:1133:19)
    at cs.sendRequest (/extbin/local/openvscode-server/extensions/vscode-cds-9.9.0/node_modules/vscode-languageclient/lib/common/client.js:340:28)
    at g1.provideCodeActions (file:///extbin/local/openvscode-server/out/vs/workbench/api/node/extensionHostProcess.js:144:152012)
[Error - 5:03:44 AM] Request textDocument/codeAction failed.
Error: Starting server failed
    at cs.$start (/extbin/local/openvscode-server/extensions/vscode-cds-9.9.0/node_modules/vscode-languageclient/lib/common/client.js:1133:19)
    at cs.sendRequest (/extbin/local/openvscode-server/extensions/vscode-cds-9.9.0/node_modules/vscode-languageclient/lib/common/client.js:340:28)
    at g1.provideCodeActions (file:///extbin/local/openvscode-server/out/vs/workbench/api/node/extensionHostProcess.js:144:152012)
[2026-07-10T05:03:45.554Z] finished stopping lsp 'LSP at /extbin/local/openvscode-server/extensions/vscode-cds-9.9.0/node_modules/@sap/cds-lsp for compiler v6' in 683ms
