{
  "label": "hana-project-explorer",
  "level": "error",
  "message": "Could not parse .env file: The module path \"/home/user/projects/Posman/gen/db\" is not a valid CAP DB module path.",
  "time": "2026-07-15T04:17:55.176Z"
}
{
  "label": "hana-project-explorer",
  "level": "error",
  "message": "Error while reading package.json, using defaults",
  "time": "2026-07-15T04:24:38.977Z"
}
{
  "label": "hana-project-explorer",
  "level": "error",
  "message": "Error while reading package.json, using defaults",
  "time": "2026-07-15T04:24:38.977Z"
}
{
  "label": "hana-project-explorer",
  "level": "error",
  "message": "Error while reading package.json, using defaults",
  "time": "2026-07-15T04:24:39.724Z"
}
{
  "label": "hana-project-explorer",
  "level": "error",
  "message": "Error while reading package.json, using defaults",
  "time": "2026-07-15T04:24:39.724Z"
}
{
  "label": "hana-project-explorer",
  "level": "error",
  "message": "Error while reading package.json, using defaults",
  "time": "2026-07-15T04:24:43.022Z"
}
{
  "label": "hana-project-explorer",
  "level": "error",
  "message": "Error while reading package.json, using defaults",
  "time": "2026-07-15T04:24:43.022Z"
}
{
  "label": "hana-project-explorer",
  "level": "error",
  "message": "Error while reading package.json, using defaults",
  "time": "2026-07-15T04:24:49.244Z"
}
{
  "label": "hana-project-explorer",
  "level": "error",
  "message": "Error while reading package.json, using defaults",
  "time": "2026-07-15T04:24:49.244Z"
}
{
  "label": "hana-project-explorer",
  "level": "error",
  "message": "Could not read content from \"/home/user/projects/Posman/db/src/.hdiconfig\" path: ENOENT: no such file or directory, open '/home/user/projects/Posman/db/src/.hdiconfig'",
  "time": "2026-07-15T04:39:41.256Z"
}
{
  "label": "hana-project-explorer",
  "level": "error",
  "message": "Could not read content from \"/home/user/projects/Posman/db/src/.hdiconfig\" path: ENOENT: no such file or directory, open '/home/user/projects/Posman/db/src/.hdiconfig'",
  "time": "2026-07-15T04:41:31.298Z"
}
{
  "label": "hana-project-explorer",
  "level": "error",
  "message": "Could not read content from \"/home/user/projects/Posman/db/src/.hdiconfig\" path: ENOENT: no such file or directory, open '/home/user/projects/Posman/db/src/.hdiconfig'",
  "time": "2026-07-15T04:41:37.327Z"
}
{
  "label": "hana-project-explorer",
  "level": "error",
  "message": "Could not read content from \"/home/user/projects/Posman/db/src/.hdiconfig\" path: ENOENT: no such file or directory, open '/home/user/projects/Posman/db/src/.hdiconfig'",
  "time": "2026-07-15T04:41:51.043Z"
}
{
  "label": "hana-project-explorer",
  "level": "error",
  "message": "Could not read content from \"/home/user/projects/Posman/db/src/.hdiconfig\" path: ENOENT: no such file or directory, open '/home/user/projects/Posman/db/src/.hdiconfig'",
  "time": "2026-07-15T04:42:24.696Z"
}
{
  "label": "hana-project-explorer",
  "level": "error",
  "message": "Could not read content from \"/home/user/projects/Posman/db/src/.hdiconfig\" path: ENOENT: no such file or directory, open '/home/user/projects/Posman/db/src/.hdiconfig'",
  "time": "2026-07-15T04:42:25.226Z"
}
{
  "label": "hana-project-explorer",
  "level": "error",
  "message": "Could not read content from \"/home/user/projects/Posman/db/src/.hdiconfig\" path: ENOENT: no such file or directory, open '/home/user/projects/Posman/db/src/.hdiconfig'",
  "time": "2026-07-15T04:42:28.000Z"
}
