[1783586757027] INFO  (ext): SQLTools is starting
[1783586757030] INFO  (ext): initializing language client...
[1783586757106] INFO  (ext): Registering client for languages [{"scheme":"sqltools"},{"language":"sql","scheme":"untitled"},{"language":"sql","scheme":"file"},{"language":"sql","scheme":"sqltools"}]
    ns: "lc"
[1783586757115] INFO  (ext): loading plugins...
[1783586757115] INFO  (ext): registering Formatter Plugin.
    plugin: {
      "name": "Formatter Plugin"
    }
[1783586757115] INFO  (ext): registering Connection Manager Plugin.
    plugin: {
      "name": "Connection Manager Plugin"
    }
[1783586757115] INFO  (ext): registering CodeLens Plugin.
    plugin: {
      "name": "CodeLens Plugin",
      "registeredLanguages": []
    }
[1783586757116] INFO  (ext): registering Dependency Manager Plugin.
    plugin: {
      "name": "Dependency Manager Plugin",
      "installingDrivers": []
    }
[1783586757117] INFO  (ext): Connection explorer changed. Will be updated.
    ns: "conn-man:explorer"
[1783586757117] INFO  (ext): registering History Manager Plugin.
    plugin: {
      "name": "History Manager Plugin"
    }
[1783586757117] INFO  (ext): registering Bookmarks Manager Plugin.
    plugin: {
      "name": "Bookmarks Manager Plugin"
    }
[1783586757118] INFO  (ext): registering Authentication Provider Plugin.
    plugin: {
      "name": "Authentication Provider Plugin",
      "isRegistered": false
    }
[1783586757118] INFO  (ext): registering Object Drop-in Provider (plugin).
    plugin: {
      "type": "plugin",
      "name": "Object Drop-in Provider",
      "isRegistered": false
    }
[1783586757119] INFO  (ext): SQLTools activation completed. 91.671063 ms
[1783586757123] INFO  (ext): Formatter Plugin registered!
[1783586757123] INFO  (ext): CodeLens Plugin registered!
[1783586757123] INFO  (ext): Dependency Manager Plugin registered!
[1783586757123] INFO  (ext): Connection Manager Plugin registered!
[1783586757123] INFO  (ext): History Manager Plugin registered!
[1783586757123] INFO  (ext): Bookmarks Manager Plugin registered!
[1783586757123] INFO  (ext): Authentication Provider Plugin registered!
[1783586757123] INFO  (ext): Object Drop-in Provider (plugin) registered!
[1783586759730] INFO  (ext): EXECUTING COMMAND => sqltools.refreshTree
[1783586759731] INFO  (ext): Connection explorer changed. Will be updated.
    ns: "conn-man:explorer"
[1783586759731] INFO  (ext): Connection explorer changed. Will be updated.
    ns: "conn-man:explorer"
[1783586759841] INFO  (ls): SQLTools Server started!
===============================
Using node runtime?: yes
ExecPath: /opt/nodejs/node-v22.19.0-linux-x64/bin/node v22.19.0
===============================
[1783586759844] INFO  (ls): User defined env vars
===============================
{"PATH":"/usr/local/sbin:/usr/local/bin:/usr/sbin:/usr/bin:/sbin:/bin:/home/user/.node_modules_global/bin"}
===============================:
[1783586761673] INFO  (ext): LanguageClient ready
    ns: "lc"
[1783586761671] INFO  (ls): Initialized with node version:v22.19.0
[1783586761931] INFO  (ext): registering SQLite Plugin (driver).
    plugin: {
      "extensionId": "mtxr.sqltools-driver-sqlite",
      "name": "SQLite Plugin",
      "type": "driver"
    }
[1783586761932] INFO  (ls): REQUEST RECEIVED => ls/RegisterPlugin
[1783586761932] INFO  (ls): request to register plugin: "/extbin/local/openvscode-server/extensions/mtxr.sqltools-driver-sqlite-0.5.0/out/ls/plugin.js"
[1783586761954] INFO  (ls): Driver sqlite registered!
    place: "driver-map"
    ns: "ls-context"
[1783586762729] INFO  (ext): SQLite Plugin (driver) registered!
[1783586764607] INFO  (ext): EXECUTING COMMAND => sqltools.refreshTree
[1783586764607] INFO  (ext): Connection explorer changed. Will be updated.
    ns: "conn-man:explorer"
[1783586769542] INFO  (ext): Connection explorer changed. Will be updated.
    ns: "conn-man:explorer"
[1783586772170] INFO  (ext): Connection explorer changed. Will be updated.
    ns: "conn-man:explorer"
[1783586776426] INFO  (ext): Connection explorer changed. Will be updated.
    ns: "conn-man:explorer"
