[1784101524497] INFO  (ext): SQLTools is starting
[1784101524498] INFO  (ext): initializing language client...
[1784101524567] INFO  (ext): Registering client for languages [{"scheme":"sqltools"},{"language":"sql","scheme":"untitled"},{"language":"sql","scheme":"file"},{"language":"sql","scheme":"sqltools"}]
    ns: "lc"
[1784101524575] INFO  (ext): loading plugins...
[1784101524575] INFO  (ext): registering Formatter Plugin.
    plugin: {
      "name": "Formatter Plugin"
    }
[1784101524575] INFO  (ext): registering Connection Manager Plugin.
    plugin: {
      "name": "Connection Manager Plugin"
    }
[1784101524576] INFO  (ext): registering CodeLens Plugin.
    plugin: {
      "name": "CodeLens Plugin",
      "registeredLanguages": []
    }
[1784101524576] INFO  (ext): registering Dependency Manager Plugin.
    plugin: {
      "name": "Dependency Manager Plugin",
      "installingDrivers": []
    }
[1784101524577] INFO  (ext): Connection explorer changed. Will be updated.
    ns: "conn-man:explorer"
[1784101524577] INFO  (ext): registering History Manager Plugin.
    plugin: {
      "name": "History Manager Plugin"
    }
[1784101524578] INFO  (ext): registering Bookmarks Manager Plugin.
    plugin: {
      "name": "Bookmarks Manager Plugin"
    }
[1784101524578] INFO  (ext): registering Authentication Provider Plugin.
    plugin: {
      "name": "Authentication Provider Plugin",
      "isRegistered": false
    }
[1784101524578] INFO  (ext): registering Object Drop-in Provider (plugin).
    plugin: {
      "type": "plugin",
      "name": "Object Drop-in Provider",
      "isRegistered": false
    }
[1784101524579] INFO  (ext): SQLTools activation completed. 81.351166 ms
[1784101524582] INFO  (ext): Formatter Plugin registered!
[1784101524582] INFO  (ext): CodeLens Plugin registered!
[1784101524582] INFO  (ext): Dependency Manager Plugin registered!
[1784101524582] INFO  (ext): Connection Manager Plugin registered!
[1784101524582] INFO  (ext): History Manager Plugin registered!
[1784101524582] INFO  (ext): Bookmarks Manager Plugin registered!
[1784101524582] INFO  (ext): Authentication Provider Plugin registered!
[1784101524582] INFO  (ext): Object Drop-in Provider (plugin) registered!
[1784101526132] INFO  (ext): EXECUTING COMMAND => sqltools.refreshTree
[1784101526132] INFO  (ext): Connection explorer changed. Will be updated.
    ns: "conn-man:explorer"
[1784101528110] INFO  (ext): Connection explorer changed. Will be updated.
    ns: "conn-man:explorer"
[1784101526235] INFO  (ls): SQLTools Server started!
===============================
Using node runtime?: yes
ExecPath: /opt/nodejs/node-v22.19.0-linux-x64/bin/node v22.19.0
===============================
[1784101526237] INFO  (ls): User defined env vars
===============================
{"PATH":"/usr/local/sbin:/usr/local/bin:/usr/sbin:/usr/bin:/sbin:/bin:/home/user/.node_modules_global/bin"}
===============================:
[1784101528116] INFO  (ext): LanguageClient ready
    ns: "lc"
[1784101528115] INFO  (ls): Initialized with node version:v22.19.0
[1784101529373] INFO  (ext): registering SQLite Plugin (driver).
    plugin: {
      "extensionId": "mtxr.sqltools-driver-sqlite",
      "name": "SQLite Plugin",
      "type": "driver"
    }
[1784101529374] INFO  (ls): REQUEST RECEIVED => ls/RegisterPlugin
[1784101529374] INFO  (ls): request to register plugin: "/extbin/local/openvscode-server/extensions/mtxr.sqltools-driver-sqlite-0.5.0/out/ls/plugin.js"
[1784101529396] INFO  (ls): Driver sqlite registered!
    place: "driver-map"
    ns: "ls-context"
[1784101530187] INFO  (ext): SQLite Plugin (driver) registered!
[1784101531189] INFO  (ext): EXECUTING COMMAND => sqltools.refreshTree
[1784101531189] INFO  (ext): Connection explorer changed. Will be updated.
    ns: "conn-man:explorer"
[1784101535499] INFO  (ext): Connection explorer changed. Will be updated.
    ns: "conn-man:explorer"
[1784101536086] INFO  (ext): Connection explorer changed. Will be updated.
    ns: "conn-man:explorer"
[1784101536725] INFO  (ext): Connection explorer changed. Will be updated.
    ns: "conn-man:explorer"
[1784101537845] INFO  (ext): Connection explorer changed. Will be updated.
    ns: "conn-man:explorer"
[1784101538586] INFO  (ext): Connection explorer changed. Will be updated.
    ns: "conn-man:explorer"
[1784101539147] INFO  (ext): Connection explorer changed. Will be updated.
    ns: "conn-man:explorer"
[1784101540403] INFO  (ext): Connection explorer changed. Will be updated.
    ns: "conn-man:explorer"
[1784101541473] INFO  (ext): Connection explorer changed. Will be updated.
    ns: "conn-man:explorer"
[1784101542921] INFO  (ext): Connection explorer changed. Will be updated.
    ns: "conn-man:explorer"
[1784101543743] INFO  (ext): Connection explorer changed. Will be updated.
    ns: "conn-man:explorer"
[1784101543745] INFO  (ext): Connection explorer changed. Will be updated.
    ns: "conn-man:explorer"
[1784101544905] INFO  (ext): Connection explorer changed. Will be updated.
    ns: "conn-man:explorer"
[1784101546714] INFO  (ext): Connection explorer changed. Will be updated.
    ns: "conn-man:explorer"
[1784101547769] INFO  (ext): Connection explorer changed. Will be updated.
    ns: "conn-man:explorer"
[1784101548965] INFO  (ext): Connection explorer changed. Will be updated.
    ns: "conn-man:explorer"
[1784101548967] INFO  (ext): Connection explorer changed. Will be updated.
    ns: "conn-man:explorer"
[1784101550083] INFO  (ext): Connection explorer changed. Will be updated.
    ns: "conn-man:explorer"
[1784101554353] INFO  (ext): Connection explorer changed. Will be updated.
    ns: "conn-man:explorer"
[1784101558341] INFO  (ext): Connection explorer changed. Will be updated.
    ns: "conn-man:explorer"
[1784101562218] INFO  (ext): Connection explorer changed. Will be updated.
    ns: "conn-man:explorer"
[1784101566063] INFO  (ext): Connection explorer changed. Will be updated.
    ns: "conn-man:explorer"
[1784101569941] INFO  (ext): Connection explorer changed. Will be updated.
    ns: "conn-man:explorer"
[1784101573753] INFO  (ext): Connection explorer changed. Will be updated.
    ns: "conn-man:explorer"
[1784101577627] INFO  (ext): Connection explorer changed. Will be updated.
    ns: "conn-man:explorer"
[1784101581486] INFO  (ext): Connection explorer changed. Will be updated.
    ns: "conn-man:explorer"
[1784101585341] INFO  (ext): Connection explorer changed. Will be updated.
    ns: "conn-man:explorer"
[1784101595714] INFO  (ext): Connection explorer changed. Will be updated.
    ns: "conn-man:explorer"
[1784101602893] INFO  (ext): Connection explorer changed. Will be updated.
    ns: "conn-man:explorer"
[1784101606845] INFO  (ext): Connection explorer changed. Will be updated.
    ns: "conn-man:explorer"
[1784101610753] INFO  (ext): Connection explorer changed. Will be updated.
    ns: "conn-man:explorer"
[1784101614593] INFO  (ext): Connection explorer changed. Will be updated.
    ns: "conn-man:explorer"
[1784101619269] INFO  (ext): Connection explorer changed. Will be updated.
    ns: "conn-man:explorer"
[1784101624983] INFO  (ext): Connection explorer changed. Will be updated.
    ns: "conn-man:explorer"
[1784101631703] INFO  (ext): Connection explorer changed. Will be updated.
    ns: "conn-man:explorer"
[1784101639272] INFO  (ext): Connection explorer changed. Will be updated.
    ns: "conn-man:explorer"
[1784101644346] INFO  (ext): Connection explorer changed. Will be updated.
    ns: "conn-man:explorer"
[1784101649283] INFO  (ext): Connection explorer changed. Will be updated.
    ns: "conn-man:explorer"
[1784101654281] INFO  (ext): Connection explorer changed. Will be updated.
    ns: "conn-man:explorer"
[1784101658297] INFO  (ext): Connection explorer changed. Will be updated.
    ns: "conn-man:explorer"
[1784101663163] INFO  (ext): Connection explorer changed. Will be updated.
    ns: "conn-man:explorer"
[1784101669296] INFO  (ext): Connection explorer changed. Will be updated.
    ns: "conn-man:explorer"
[1784101675691] INFO  (ext): Connection explorer changed. Will be updated.
    ns: "conn-man:explorer"
[1784101681628] INFO  (ext): Connection explorer changed. Will be updated.
    ns: "conn-man:explorer"
[1784101687746] INFO  (ext): Connection explorer changed. Will be updated.
    ns: "conn-man:explorer"
[1784101692736] INFO  (ext): Connection explorer changed. Will be updated.
    ns: "conn-man:explorer"
[1784101698083] INFO  (ext): Connection explorer changed. Will be updated.
    ns: "conn-man:explorer"
[1784101703005] INFO  (ext): Connection explorer changed. Will be updated.
    ns: "conn-man:explorer"
[1784101708083] INFO  (ext): Connection explorer changed. Will be updated.
    ns: "conn-man:explorer"
[1784101712912] INFO  (ext): Connection explorer changed. Will be updated.
    ns: "conn-man:explorer"
[1784102898913] INFO  (ext): Connection explorer changed. Will be updated.
    ns: "conn-man:explorer"
