[1783951540698] INFO  (ext): SQLTools is starting
[1783951540699] INFO  (ext): initializing language client...
[1783951540774] INFO  (ext): Registering client for languages [{"scheme":"sqltools"},{"language":"sql","scheme":"untitled"},{"language":"sql","scheme":"file"},{"language":"sql","scheme":"sqltools"}]
    ns: "lc"
[1783951540782] INFO  (ext): loading plugins...
[1783951540782] INFO  (ext): registering Formatter Plugin.
    plugin: {
      "name": "Formatter Plugin"
    }
[1783951540783] INFO  (ext): registering Connection Manager Plugin.
    plugin: {
      "name": "Connection Manager Plugin"
    }
[1783951540783] INFO  (ext): registering CodeLens Plugin.
    plugin: {
      "name": "CodeLens Plugin",
      "registeredLanguages": []
    }
[1783951540784] INFO  (ext): registering Dependency Manager Plugin.
    plugin: {
      "name": "Dependency Manager Plugin",
      "installingDrivers": []
    }
[1783951540784] INFO  (ext): Connection explorer changed. Will be updated.
    ns: "conn-man:explorer"
[1783951540785] INFO  (ext): registering History Manager Plugin.
    plugin: {
      "name": "History Manager Plugin"
    }
[1783951540785] INFO  (ext): registering Bookmarks Manager Plugin.
    plugin: {
      "name": "Bookmarks Manager Plugin"
    }
[1783951540785] INFO  (ext): registering Authentication Provider Plugin.
    plugin: {
      "name": "Authentication Provider Plugin",
      "isRegistered": false
    }
[1783951540786] INFO  (ext): registering Object Drop-in Provider (plugin).
    plugin: {
      "type": "plugin",
      "name": "Object Drop-in Provider",
      "isRegistered": false
    }
[1783951540786] INFO  (ext): SQLTools activation completed. 88.232152 ms
[1783951540789] INFO  (ext): Formatter Plugin registered!
[1783951540789] INFO  (ext): CodeLens Plugin registered!
[1783951540789] INFO  (ext): Dependency Manager Plugin registered!
[1783951540790] INFO  (ext): Connection Manager Plugin registered!
[1783951540790] INFO  (ext): History Manager Plugin registered!
[1783951540790] INFO  (ext): Bookmarks Manager Plugin registered!
[1783951540790] INFO  (ext): Authentication Provider Plugin registered!
[1783951540790] INFO  (ext): Object Drop-in Provider (plugin) registered!
[1783951542398] INFO  (ext): EXECUTING COMMAND => sqltools.refreshTree
[1783951542398] INFO  (ext): Connection explorer changed. Will be updated.
    ns: "conn-man:explorer"
[1783951544327] INFO  (ext): Connection explorer changed. Will be updated.
    ns: "conn-man:explorer"
[1783951542503] INFO  (ls): SQLTools Server started!
===============================
Using node runtime?: yes
ExecPath: /opt/nodejs/node-v22.19.0-linux-x64/bin/node v22.19.0
===============================
[1783951542506] INFO  (ls): User defined env vars
===============================
{"PATH":"/usr/local/sbin:/usr/local/bin:/usr/sbin:/usr/bin:/sbin:/bin:/home/user/.node_modules_global/bin"}
===============================:
[1783951544332] INFO  (ext): LanguageClient ready
    ns: "lc"
[1783951544330] INFO  (ls): Initialized with node version:v22.19.0
[1783951545619] INFO  (ext): registering SQLite Plugin (driver).
    plugin: {
      "extensionId": "mtxr.sqltools-driver-sqlite",
      "name": "SQLite Plugin",
      "type": "driver"
    }
[1783951545620] INFO  (ls): REQUEST RECEIVED => ls/RegisterPlugin
[1783951545620] INFO  (ls): request to register plugin: "/extbin/local/openvscode-server/extensions/mtxr.sqltools-driver-sqlite-0.5.0/out/ls/plugin.js"
[1783951545642] INFO  (ls): Driver sqlite registered!
    place: "driver-map"
    ns: "ls-context"
[1783951546406] INFO  (ext): SQLite Plugin (driver) registered!
[1783951547644] INFO  (ext): EXECUTING COMMAND => sqltools.refreshTree
[1783951547644] INFO  (ext): Connection explorer changed. Will be updated.
    ns: "conn-man:explorer"
[1783951552301] INFO  (ext): Connection explorer changed. Will be updated.
    ns: "conn-man:explorer"
[1783951554481] INFO  (ext): Connection explorer changed. Will be updated.
    ns: "conn-man:explorer"
[1783951557541] INFO  (ext): Connection explorer changed. Will be updated.
    ns: "conn-man:explorer"
[1783951662072] INFO  (ext): Connection explorer changed. Will be updated.
    ns: "conn-man:explorer"
[1783951742321] INFO  (ext): Connection explorer changed. Will be updated.
    ns: "conn-man:explorer"
[1783951913567] INFO  (ext): Connection explorer changed. Will be updated.
    ns: "conn-man:explorer"
[1783951931402] INFO  (ext): Connection explorer changed. Will be updated.
    ns: "conn-man:explorer"
[1783952695152] INFO  (ext): Connection explorer changed. Will be updated.
    ns: "conn-man:explorer"
