[1784006353123] INFO  (ext): SQLTools is starting
[1784006353132] INFO  (ext): initializing language client...
[1784006353222] INFO  (ext): Registering client for languages [{"scheme":"sqltools"},{"language":"sql","scheme":"untitled"},{"language":"sql","scheme":"file"},{"language":"sql","scheme":"sqltools"}]
    ns: "lc"
[1784006353230] INFO  (ext): loading plugins...
[1784006353230] INFO  (ext): registering Formatter Plugin.
    plugin: {
      "name": "Formatter Plugin"
    }
[1784006353231] INFO  (ext): registering Connection Manager Plugin.
    plugin: {
      "name": "Connection Manager Plugin"
    }
[1784006353231] INFO  (ext): registering CodeLens Plugin.
    plugin: {
      "name": "CodeLens Plugin",
      "registeredLanguages": []
    }
[1784006353232] INFO  (ext): registering Dependency Manager Plugin.
    plugin: {
      "name": "Dependency Manager Plugin",
      "installingDrivers": []
    }
[1784006353232] INFO  (ext): Connection explorer changed. Will be updated.
    ns: "conn-man:explorer"
[1784006353233] INFO  (ext): registering History Manager Plugin.
    plugin: {
      "name": "History Manager Plugin"
    }
[1784006353233] INFO  (ext): registering Bookmarks Manager Plugin.
    plugin: {
      "name": "Bookmarks Manager Plugin"
    }
[1784006353235] INFO  (ext): registering Authentication Provider Plugin.
    plugin: {
      "name": "Authentication Provider Plugin",
      "isRegistered": false
    }
[1784006353235] INFO  (ext): registering Object Drop-in Provider (plugin).
    plugin: {
      "type": "plugin",
      "name": "Object Drop-in Provider",
      "isRegistered": false
    }
[1784006353236] INFO  (ext): SQLTools activation completed. 112.614143 ms
[1784006353240] INFO  (ext): Formatter Plugin registered!
[1784006353240] INFO  (ext): CodeLens Plugin registered!
[1784006353240] INFO  (ext): Dependency Manager Plugin registered!
[1784006353240] INFO  (ext): Connection Manager Plugin registered!
[1784006353241] INFO  (ext): History Manager Plugin registered!
[1784006353241] INFO  (ext): Bookmarks Manager Plugin registered!
[1784006353241] INFO  (ext): Authentication Provider Plugin registered!
[1784006353241] INFO  (ext): Object Drop-in Provider (plugin) registered!
[1784006356301] INFO  (ext): EXECUTING COMMAND => sqltools.refreshTree
[1784006356302] INFO  (ext): Connection explorer changed. Will be updated.
    ns: "conn-man:explorer"
[1784006356302] INFO  (ext): Connection explorer changed. Will be updated.
    ns: "conn-man:explorer"
[1784006356410] INFO  (ls): SQLTools Server started!
===============================
Using node runtime?: yes
ExecPath: /opt/nodejs/node-v22.19.0-linux-x64/bin/node v22.19.0
===============================
[1784006356413] INFO  (ls): User defined env vars
===============================
{"PATH":"/usr/local/sbin:/usr/local/bin:/usr/sbin:/usr/bin:/sbin:/bin:/home/user/.node_modules_global/bin"}
===============================:
[1784006360319] INFO  (ext): LanguageClient ready
    ns: "lc"
[1784006360317] INFO  (ls): Initialized with node version:v22.19.0
[1784006360575] INFO  (ext): registering SQLite Plugin (driver).
    plugin: {
      "extensionId": "mtxr.sqltools-driver-sqlite",
      "name": "SQLite Plugin",
      "type": "driver"
    }
[1784006362039] INFO  (ext): EXECUTING COMMAND => sqltools.refreshTree
[1784006362039] INFO  (ext): Connection explorer changed. Will be updated.
    ns: "conn-man:explorer"
[1784006360576] INFO  (ls): REQUEST RECEIVED => ls/RegisterPlugin
[1784006360576] INFO  (ls): request to register plugin: "/extbin/local/openvscode-server/extensions/mtxr.sqltools-driver-sqlite-0.5.0/out/ls/plugin.js"
[1784006360600] INFO  (ls): Driver sqlite registered!
    place: "driver-map"
    ns: "ls-context"
[1784006362052] INFO  (ext): SQLite Plugin (driver) registered!
[1784006365115] INFO  (ext): EXECUTING COMMAND => sqltools.refreshTree
[1784006365115] INFO  (ext): Connection explorer changed. Will be updated.
    ns: "conn-man:explorer"
[1784006366964] INFO  (ext): Connection explorer changed. Will be updated.
    ns: "conn-man:explorer"
[1784006368235] INFO  (ext): Connection explorer changed. Will be updated.
    ns: "conn-man:explorer"
[1784006370068] INFO  (ext): Connection explorer changed. Will be updated.
    ns: "conn-man:explorer"
[1784006371267] INFO  (ext): Connection explorer changed. Will be updated.
    ns: "conn-man:explorer"
[1784006372443] INFO  (ext): Connection explorer changed. Will be updated.
    ns: "conn-man:explorer"
[1784006372973] INFO  (ext): Connection explorer changed. Will be updated.
    ns: "conn-man:explorer"
[1784006373798] INFO  (ext): Connection explorer changed. Will be updated.
    ns: "conn-man:explorer"
[1784006375153] INFO  (ext): Connection explorer changed. Will be updated.
    ns: "conn-man:explorer"
[1784006376608] INFO  (ext): Connection explorer changed. Will be updated.
    ns: "conn-man:explorer"
[1784006378142] INFO  (ext): Connection explorer changed. Will be updated.
    ns: "conn-man:explorer"
[1784006378143] INFO  (ext): Connection explorer changed. Will be updated.
    ns: "conn-man:explorer"
[1784006383003] INFO  (ext): Connection explorer changed. Will be updated.
    ns: "conn-man:explorer"
[1784006387813] INFO  (ext): Connection explorer changed. Will be updated.
    ns: "conn-man:explorer"
[1784006392703] INFO  (ext): Connection explorer changed. Will be updated.
    ns: "conn-man:explorer"
[1784006397163] INFO  (ext): Connection explorer changed. Will be updated.
    ns: "conn-man:explorer"
[1784006402206] INFO  (ext): Connection explorer changed. Will be updated.
    ns: "conn-man:explorer"
[1784006407145] INFO  (ext): Connection explorer changed. Will be updated.
    ns: "conn-man:explorer"
[1784006412118] INFO  (ext): Connection explorer changed. Will be updated.
    ns: "conn-man:explorer"
[1784006416005] INFO  (ext): Connection explorer changed. Will be updated.
    ns: "conn-man:explorer"
[1784006420703] INFO  (ext): Connection explorer changed. Will be updated.
    ns: "conn-man:explorer"
[1784006425403] INFO  (ext): Connection explorer changed. Will be updated.
    ns: "conn-man:explorer"
[1784006430093] INFO  (ext): Connection explorer changed. Will be updated.
    ns: "conn-man:explorer"
[1784006435018] INFO  (ext): Connection explorer changed. Will be updated.
    ns: "conn-man:explorer"
[1784006449548] INFO  (ext): Connection explorer changed. Will be updated.
    ns: "conn-man:explorer"
[1784006454273] INFO  (ext): Connection explorer changed. Will be updated.
    ns: "conn-man:explorer"
[1784006459033] INFO  (ext): Connection explorer changed. Will be updated.
    ns: "conn-man:explorer"
[1784006463838] INFO  (ext): Connection explorer changed. Will be updated.
    ns: "conn-man:explorer"
[1784006467813] INFO  (ext): Connection explorer changed. Will be updated.
    ns: "conn-man:explorer"
[1784006471818] INFO  (ext): Connection explorer changed. Will be updated.
    ns: "conn-man:explorer"
[1784006475668] INFO  (ext): Connection explorer changed. Will be updated.
    ns: "conn-man:explorer"
[1784006480263] INFO  (ext): Connection explorer changed. Will be updated.
    ns: "conn-man:explorer"
[1784006484283] INFO  (ext): Connection explorer changed. Will be updated.
    ns: "conn-man:explorer"
[1784006488263] INFO  (ext): Connection explorer changed. Will be updated.
    ns: "conn-man:explorer"
[1784006492228] INFO  (ext): Connection explorer changed. Will be updated.
    ns: "conn-man:explorer"
[1784006523153] INFO  (ext): Connection explorer changed. Will be updated.
    ns: "conn-man:explorer"
