{
  "label": "hana-project-explorer",
  "level": "error",
  "message": "Could not parse .env file: The module path \"/home/user/projects/xsuaa2/gen/db\" is not a valid CAP DB module path.",
  "time": "2026-07-18T06:58:17.261Z"
}
{
  "label": "hana-project-explorer",
  "level": "error",
  "message": "Could not read content from \"/home/user/projects/xsuaa2/db/src/.hdiconfig\" path: ENOENT: no such file or directory, open '/home/user/projects/xsuaa2/db/src/.hdiconfig'",
  "time": "2026-07-18T06:58:24.379Z"
}
{
  "label": "hana-project-explorer",
  "level": "error",
  "message": "Could not read content from \"/home/user/projects/xsuaa2/db/src/.hdiconfig\" path: ENOENT: no such file or directory, open '/home/user/projects/xsuaa2/db/src/.hdiconfig'",
  "time": "2026-07-18T06:58:24.381Z"
}
{
  "label": "hana-project-explorer",
  "level": "error",
  "message": "Could not read content from \"/home/user/projects/xsuaa2/db/src/.hdiconfig\" path: ENOENT: no such file or directory, open '/home/user/projects/xsuaa2/db/src/.hdiconfig'",
  "time": "2026-07-18T06:58:24.411Z"
}
{
  "label": "hana-project-explorer",
  "level": "error",
  "message": "Could not read content from \"/home/user/projects/xsuaa2/db/src/.hdiconfig\" path: ENOENT: no such file or directory, open '/home/user/projects/xsuaa2/db/src/.hdiconfig'",
  "time": "2026-07-18T06:58:24.704Z"
}
{
  "label": "hana-project-explorer",
  "level": "error",
  "message": "Could not read content from \"/home/user/projects/xsuaa2/db/src/.hdiconfig\" path: ENOENT: no such file or directory, open '/home/user/projects/xsuaa2/db/src/.hdiconfig'",
  "time": "2026-07-18T06:58:28.768Z"
}
{
  "label": "hana-project-explorer",
  "level": "error",
  "message": "Could not read content from \"/home/user/projects/xsuaa2/db/src/.hdiconfig\" path: ENOENT: no such file or directory, open '/home/user/projects/xsuaa2/db/src/.hdiconfig'",
  "time": "2026-07-18T06:58:28.769Z"
}
{
  "label": "hana-project-explorer",
  "level": "error",
  "message": "Could not read content from \"/home/user/projects/xsuaa2/db/src/.hdiconfig\" path: ENOENT: no such file or directory, open '/home/user/projects/xsuaa2/db/src/.hdiconfig'",
  "time": "2026-07-18T06:58:31.749Z"
}
{
  "label": "hana-project-explorer",
  "level": "error",
  "message": "Could not read content from \"/home/user/projects/xsuaa2/db/src/.hdiconfig\" path: ENOENT: no such file or directory, open '/home/user/projects/xsuaa2/db/src/.hdiconfig'",
  "time": "2026-07-18T06:58:34.930Z"
}
