{
  "label": "SAP Continuous Integration and Delivery",
  "level": "error",
  "message": "when saving build states: Canceled",
  "time": "2026-07-18T07:17:20.378Z"
}
{
  "label": "SAP Continuous Integration and Delivery",
  "level": "error",
  "message": "when saving build states: Canceled",
  "time": "2026-07-18T07:17:20.379Z"
}
{
  "label": "SAP Continuous Integration and Delivery",
  "level": "error",
  "message": "when saving build states: Canceled",
  "time": "2026-07-18T07:17:20.379Z"
}
{
  "label": "SAP Continuous Integration and Delivery",
  "level": "error",
  "message": "when saving build states: Canceled",
  "time": "2026-07-18T07:17:20.379Z"
}
