[1784179150897] INFO  (ext): SQLTools is starting
[1784179150904] INFO  (ext): initializing language client...
[1784179151008] INFO  (ext): Registering client for languages [{"scheme":"sqltools"},{"language":"sql","scheme":"untitled"},{"language":"sql","scheme":"file"},{"language":"sql","scheme":"sqltools"}]
    ns: "lc"
[1784179151017] INFO  (ext): loading plugins...
[1784179151018] INFO  (ext): registering Formatter Plugin.
    plugin: {
      "name": "Formatter Plugin"
    }
[1784179151018] INFO  (ext): registering Connection Manager Plugin.
    plugin: {
      "name": "Connection Manager Plugin"
    }
[1784179151018] INFO  (ext): registering CodeLens Plugin.
    plugin: {
      "name": "CodeLens Plugin",
      "registeredLanguages": []
    }
[1784179151019] INFO  (ext): registering Dependency Manager Plugin.
    plugin: {
      "name": "Dependency Manager Plugin",
      "installingDrivers": []
    }
[1784179151020] INFO  (ext): Connection explorer changed. Will be updated.
    ns: "conn-man:explorer"
[1784179151020] INFO  (ext): registering History Manager Plugin.
    plugin: {
      "name": "History Manager Plugin"
    }
[1784179151020] INFO  (ext): registering Bookmarks Manager Plugin.
    plugin: {
      "name": "Bookmarks Manager Plugin"
    }
[1784179151021] INFO  (ext): registering Authentication Provider Plugin.
    plugin: {
      "name": "Authentication Provider Plugin",
      "isRegistered": false
    }
[1784179151021] INFO  (ext): registering Object Drop-in Provider (plugin).
    plugin: {
      "type": "plugin",
      "name": "Object Drop-in Provider",
      "isRegistered": false
    }
[1784179151021] INFO  (ext): SQLTools activation completed. 123.908119 ms
[1784179151026] INFO  (ext): Formatter Plugin registered!
[1784179151026] INFO  (ext): CodeLens Plugin registered!
[1784179151026] INFO  (ext): Dependency Manager Plugin registered!
[1784179151026] INFO  (ext): Connection Manager Plugin registered!
[1784179151026] INFO  (ext): History Manager Plugin registered!
[1784179151026] INFO  (ext): Bookmarks Manager Plugin registered!
[1784179151026] INFO  (ext): Authentication Provider Plugin registered!
[1784179151026] INFO  (ext): Object Drop-in Provider (plugin) registered!
[1784179153824] INFO  (ext): EXECUTING COMMAND => sqltools.refreshTree
[1784179153824] INFO  (ext): Connection explorer changed. Will be updated.
    ns: "conn-man:explorer"
[1784179153824] INFO  (ext): Connection explorer changed. Will be updated.
    ns: "conn-man:explorer"
[1784179153932] INFO  (ls): SQLTools Server started!
===============================
Using node runtime?: yes
ExecPath: /opt/nodejs/node-v22.19.0-linux-x64/bin/node v22.19.0
===============================
[1784179153934] INFO  (ls): User defined env vars
===============================
{"PATH":"/usr/local/sbin:/usr/local/bin:/usr/sbin:/usr/bin:/sbin:/bin:/home/user/.node_modules_global/bin"}
===============================:
[1784179155911] INFO  (ext): LanguageClient ready
    ns: "lc"
[1784179155909] INFO  (ls): Initialized with node version:v22.19.0
[1784179156186] INFO  (ext): registering SQLite Plugin (driver).
    plugin: {
      "extensionId": "mtxr.sqltools-driver-sqlite",
      "name": "SQLite Plugin",
      "type": "driver"
    }
[1784179156190] INFO  (ls): REQUEST RECEIVED => ls/RegisterPlugin
[1784179156190] INFO  (ls): request to register plugin: "/extbin/local/openvscode-server/extensions/mtxr.sqltools-driver-sqlite-0.5.0/out/ls/plugin.js"
[1784179156214] INFO  (ls): Driver sqlite registered!
    place: "driver-map"
    ns: "ls-context"
[1784179157002] INFO  (ext): SQLite Plugin (driver) registered!
[1784179158164] INFO  (ext): EXECUTING COMMAND => sqltools.refreshTree
[1784179158164] INFO  (ext): Connection explorer changed. Will be updated.
    ns: "conn-man:explorer"
[1784179164248] INFO  (ext): Connection explorer changed. Will be updated.
    ns: "conn-man:explorer"
[1784179165827] INFO  (ext): Connection explorer changed. Will be updated.
    ns: "conn-man:explorer"
[1784179167889] INFO  (ext): Connection explorer changed. Will be updated.
    ns: "conn-man:explorer"
[1784179168014] INFO  (ext): Connection explorer changed. Will be updated.
    ns: "conn-man:explorer"
[1784179170533] INFO  (ext): Connection explorer changed. Will be updated.
    ns: "conn-man:explorer"
[1784179173689] INFO  (ext): Connection explorer changed. Will be updated.
    ns: "conn-man:explorer"
[1784179178098] INFO  (ext): Connection explorer changed. Will be updated.
    ns: "conn-man:explorer"
[1784179180018] INFO  (ext): Connection explorer changed. Will be updated.
    ns: "conn-man:explorer"
[1784179180350] INFO  (ext): Connection explorer changed. Will be updated.
    ns: "conn-man:explorer"
[1784179181518] INFO  (ext): Connection explorer changed. Will be updated.
    ns: "conn-man:explorer"
[1784179182986] INFO  (ext): Connection explorer changed. Will be updated.
    ns: "conn-man:explorer"
[1784179184248] INFO  (ext): Connection explorer changed. Will be updated.
    ns: "conn-man:explorer"
[1784179185201] INFO  (ext): Connection explorer changed. Will be updated.
    ns: "conn-man:explorer"
[1784179185888] INFO  (ext): Connection explorer changed. Will be updated.
    ns: "conn-man:explorer"
[1784179187225] INFO  (ext): Connection explorer changed. Will be updated.
    ns: "conn-man:explorer"
[1784179188734] INFO  (ext): Connection explorer changed. Will be updated.
    ns: "conn-man:explorer"
[1784179189893] INFO  (ext): Connection explorer changed. Will be updated.
    ns: "conn-man:explorer"
[1784179189933] INFO  (ext): Connection explorer changed. Will be updated.
    ns: "conn-man:explorer"
[1784179191333] INFO  (ext): Connection explorer changed. Will be updated.
    ns: "conn-man:explorer"
[1784179194103] INFO  (ext): Connection explorer changed. Will be updated.
    ns: "conn-man:explorer"
[1784179198233] INFO  (ext): Connection explorer changed. Will be updated.
    ns: "conn-man:explorer"
[1784179202243] INFO  (ext): Connection explorer changed. Will be updated.
    ns: "conn-man:explorer"
[1784179206381] INFO  (ext): Connection explorer changed. Will be updated.
    ns: "conn-man:explorer"
[1784179210103] INFO  (ext): Connection explorer changed. Will be updated.
    ns: "conn-man:explorer"
[1784179214068] INFO  (ext): Connection explorer changed. Will be updated.
    ns: "conn-man:explorer"
[1784179217873] INFO  (ext): Connection explorer changed. Will be updated.
    ns: "conn-man:explorer"
[1784179221638] INFO  (ext): Connection explorer changed. Will be updated.
    ns: "conn-man:explorer"
[1784179225491] INFO  (ext): Connection explorer changed. Will be updated.
    ns: "conn-man:explorer"
[1784179229323] INFO  (ext): Connection explorer changed. Will be updated.
    ns: "conn-man:explorer"
[1784179233294] INFO  (ext): Connection explorer changed. Will be updated.
    ns: "conn-man:explorer"
[1784179237093] INFO  (ext): Connection explorer changed. Will be updated.
    ns: "conn-man:explorer"
[1784179241328] INFO  (ext): Connection explorer changed. Will be updated.
    ns: "conn-man:explorer"
[1784179245158] INFO  (ext): Connection explorer changed. Will be updated.
    ns: "conn-man:explorer"
[1784179249293] INFO  (ext): Connection explorer changed. Will be updated.
    ns: "conn-man:explorer"
[1784179266063] INFO  (ext): Connection explorer changed. Will be updated.
    ns: "conn-man:explorer"
[1784179269763] INFO  (ext): Connection explorer changed. Will be updated.
    ns: "conn-man:explorer"
[1784179274415] INFO  (ext): Connection explorer changed. Will be updated.
    ns: "conn-man:explorer"
[1784179278483] INFO  (ext): Connection explorer changed. Will be updated.
    ns: "conn-man:explorer"
[1784179282693] INFO  (ext): Connection explorer changed. Will be updated.
    ns: "conn-man:explorer"
[1784179286838] INFO  (ext): Connection explorer changed. Will be updated.
    ns: "conn-man:explorer"
[1784179290719] INFO  (ext): Connection explorer changed. Will be updated.
    ns: "conn-man:explorer"
[1784179295053] INFO  (ext): Connection explorer changed. Will be updated.
    ns: "conn-man:explorer"
[1784179302513] INFO  (ext): Connection explorer changed. Will be updated.
    ns: "conn-man:explorer"
[1784179306578] INFO  (ext): Connection explorer changed. Will be updated.
    ns: "conn-man:explorer"
[1784179310884] INFO  (ext): Connection explorer changed. Will be updated.
    ns: "conn-man:explorer"
[1784179314878] INFO  (ext): Connection explorer changed. Will be updated.
    ns: "conn-man:explorer"
[1784179318907] INFO  (ext): Connection explorer changed. Will be updated.
    ns: "conn-man:explorer"
[1784179322748] INFO  (ext): Connection explorer changed. Will be updated.
    ns: "conn-man:explorer"
[1784179327058] INFO  (ext): Connection explorer changed. Will be updated.
    ns: "conn-man:explorer"
[1784179332235] INFO  (ext): Connection explorer changed. Will be updated.
    ns: "conn-man:explorer"
[1784179336588] INFO  (ext): Connection explorer changed. Will be updated.
    ns: "conn-man:explorer"
[1784179338058] INFO  (ext): Connection explorer changed. Will be updated.
    ns: "conn-man:explorer"
[1784179342008] INFO  (ext): Connection explorer changed. Will be updated.
    ns: "conn-man:explorer"
[1784179346538] INFO  (ext): Connection explorer changed. Will be updated.
    ns: "conn-man:explorer"
[1784179424910] INFO  (ext): Connection explorer changed. Will be updated.
    ns: "conn-man:explorer"
[1784179444718] INFO  (ext): Connection explorer changed. Will be updated.
    ns: "conn-man:explorer"
[1784179539098] INFO  (ext): Connection explorer changed. Will be updated.
    ns: "conn-man:explorer"
