[1784023188991] INFO  (ext): SQLTools is starting
[1784023188994] INFO  (ext): initializing language client...
[1784023189069] INFO  (ext): Registering client for languages [{"scheme":"sqltools"},{"language":"sql","scheme":"untitled"},{"language":"sql","scheme":"file"},{"language":"sql","scheme":"sqltools"}]
    ns: "lc"
[1784023189077] INFO  (ext): loading plugins...
[1784023189077] INFO  (ext): registering Formatter Plugin.
    plugin: {
      "name": "Formatter Plugin"
    }
[1784023189078] INFO  (ext): registering Connection Manager Plugin.
    plugin: {
      "name": "Connection Manager Plugin"
    }
[1784023189078] INFO  (ext): registering CodeLens Plugin.
    plugin: {
      "name": "CodeLens Plugin",
      "registeredLanguages": []
    }
[1784023189079] INFO  (ext): registering Dependency Manager Plugin.
    plugin: {
      "name": "Dependency Manager Plugin",
      "installingDrivers": []
    }
[1784023189079] INFO  (ext): Connection explorer changed. Will be updated.
    ns: "conn-man:explorer"
[1784023189080] INFO  (ext): registering History Manager Plugin.
    plugin: {
      "name": "History Manager Plugin"
    }
[1784023189080] INFO  (ext): registering Bookmarks Manager Plugin.
    plugin: {
      "name": "Bookmarks Manager Plugin"
    }
[1784023189083] INFO  (ext): registering Authentication Provider Plugin.
    plugin: {
      "name": "Authentication Provider Plugin",
      "isRegistered": false
    }
[1784023189083] INFO  (ext): registering Object Drop-in Provider (plugin).
    plugin: {
      "type": "plugin",
      "name": "Object Drop-in Provider",
      "isRegistered": false
    }
[1784023189083] INFO  (ext): SQLTools activation completed. 92.067269 ms
[1784023189088] INFO  (ext): Formatter Plugin registered!
[1784023189088] INFO  (ext): CodeLens Plugin registered!
[1784023189088] INFO  (ext): Dependency Manager Plugin registered!
[1784023189088] INFO  (ext): Connection Manager Plugin registered!
[1784023189088] INFO  (ext): History Manager Plugin registered!
[1784023189088] INFO  (ext): Bookmarks Manager Plugin registered!
[1784023189088] INFO  (ext): Authentication Provider Plugin registered!
[1784023189088] INFO  (ext): Object Drop-in Provider (plugin) registered!
[1784023192121] INFO  (ext): EXECUTING COMMAND => sqltools.refreshTree
[1784023192121] INFO  (ext): Connection explorer changed. Will be updated.
    ns: "conn-man:explorer"
[1784023192122] INFO  (ext): Connection explorer changed. Will be updated.
    ns: "conn-man:explorer"
[1784023192258] INFO  (ls): SQLTools Server started!
===============================
Using node runtime?: yes
ExecPath: /opt/nodejs/node-v22.19.0-linux-x64/bin/node v22.19.0
===============================
[1784023192261] INFO  (ls): User defined env vars
===============================
{"PATH":"/usr/local/sbin:/usr/local/bin:/usr/sbin:/usr/bin:/sbin:/bin:/home/user/.node_modules_global/bin"}
===============================:
[1784023196124] INFO  (ext): LanguageClient ready
    ns: "lc"
[1784023196123] INFO  (ls): Initialized with node version:v22.19.0
[1784023196638] INFO  (ext): registering SQLite Plugin (driver).
    plugin: {
      "extensionId": "mtxr.sqltools-driver-sqlite",
      "name": "SQLite Plugin",
      "type": "driver"
    }
[1784023198073] INFO  (ext): EXECUTING COMMAND => sqltools.refreshTree
[1784023198073] INFO  (ext): Connection explorer changed. Will be updated.
    ns: "conn-man:explorer"
[1784023196639] INFO  (ls): REQUEST RECEIVED => ls/RegisterPlugin
[1784023196639] INFO  (ls): request to register plugin: "/extbin/local/openvscode-server/extensions/mtxr.sqltools-driver-sqlite-0.5.0/out/ls/plugin.js"
[1784023196664] INFO  (ls): Driver sqlite registered!
    place: "driver-map"
    ns: "ls-context"
[1784023198082] INFO  (ext): SQLite Plugin (driver) registered!
[1784023198151] INFO  (ext): Connection explorer changed. Will be updated.
    ns: "conn-man:explorer"
[1784023200617] INFO  (ext): EXECUTING COMMAND => sqltools.refreshTree
[1784023200618] INFO  (ext): Connection explorer changed. Will be updated.
    ns: "conn-man:explorer"
[1784023201334] INFO  (ext): Connection explorer changed. Will be updated.
    ns: "conn-man:explorer"
[1784023203029] INFO  (ext): Connection explorer changed. Will be updated.
    ns: "conn-man:explorer"
[1784023204742] INFO  (ext): Connection explorer changed. Will be updated.
    ns: "conn-man:explorer"
[1784023212102] INFO  (ext): Connection explorer changed. Will be updated.
    ns: "conn-man:explorer"
