[9:59:49 AM] (Extension) Activating SAPSE.vscode-cds...
[2026-07-14T09:59:49.091Z] creating client and starting lsp 'LSP at /extbin/local/openvscode-server/extensions/vscode-cds-9.9.0/node_modules/@sap/cds-lsp for compiler v6'...
[2026-07-14T09:59:56.197Z] finished starting lsp 'LSP at /extbin/local/openvscode-server/extensions/vscode-cds-9.9.0/node_modules/@sap/cds-lsp for compiler v6' in 7106ms
[2026-07-14T11:11:22.087Z] stopping lsp 'LSP at /extbin/local/openvscode-server/extensions/vscode-cds-9.9.0/node_modules/@sap/cds-lsp for compiler v6'... 
[Error - 11:11:22 AM] Request textDocument/codeAction failed.
Error: Starting server failed
    at cs.$start (/extbin/local/openvscode-server/extensions/vscode-cds-9.9.0/node_modules/vscode-languageclient/lib/common/client.js:1133:19)
    at cs.sendRequest (/extbin/local/openvscode-server/extensions/vscode-cds-9.9.0/node_modules/vscode-languageclient/lib/common/client.js:340:28)
    at g1.provideCodeActions (file:///extbin/local/openvscode-server/out/vs/workbench/api/node/extensionHostProcess.js:144:152012)
[Error - 11:11:22 AM] Request textDocument/codeAction failed.
Error: Starting server failed
    at cs.$start (/extbin/local/openvscode-server/extensions/vscode-cds-9.9.0/node_modules/vscode-languageclient/lib/common/client.js:1133:19)
    at cs.sendRequest (/extbin/local/openvscode-server/extensions/vscode-cds-9.9.0/node_modules/vscode-languageclient/lib/common/client.js:340:28)
    at g1.provideCodeActions (file:///extbin/local/openvscode-server/out/vs/workbench/api/node/extensionHostProcess.js:144:152012)
[Error - 11:11:22 AM] Request textDocument/codeAction failed.
Error: Starting server failed
    at cs.$start (/extbin/local/openvscode-server/extensions/vscode-cds-9.9.0/node_modules/vscode-languageclient/lib/common/client.js:1133:19)
    at cs.sendRequest (/extbin/local/openvscode-server/extensions/vscode-cds-9.9.0/node_modules/vscode-languageclient/lib/common/client.js:340:28)
    at g1.provideCodeActions (file:///extbin/local/openvscode-server/out/vs/workbench/api/node/extensionHostProcess.js:144:152012)
[2026-07-14T11:11:22.105Z] finished stopping lsp 'LSP at /extbin/local/openvscode-server/extensions/vscode-cds-9.9.0/node_modules/@sap/cds-lsp for compiler v6' in 17ms
