{
  "label": "hana-project-explorer",
  "level": "error",
  "message": "The \"/home/user/projects/Posman/gen/db\" folder does not exist; cannot create deploy task",
  "time": "2026-07-14T07:30:38.309Z"
}
{
  "label": "hana-project-explorer",
  "level": "error",
  "message": "Could not read content from \"/home/user/projects/Posman/db/src/.hdiconfig\" path: ENOENT: no such file or directory, open '/home/user/projects/Posman/db/src/.hdiconfig'",
  "time": "2026-07-14T07:30:48.575Z"
}
{
  "label": "hana-project-explorer",
  "level": "error",
  "message": "Could not read content from \"/home/user/projects/Posman/db/src/.hdiconfig\" path: ENOENT: no such file or directory, open '/home/user/projects/Posman/db/src/.hdiconfig'",
  "time": "2026-07-14T07:34:25.002Z"
}
{
  "label": "hana-project-explorer",
  "level": "error",
  "message": "Could not read content from \"/home/user/projects/Posman/db/src/.hdiconfig\" path: ENOENT: no such file or directory, open '/home/user/projects/Posman/db/src/.hdiconfig'",
  "time": "2026-07-14T07:34:27.036Z"
}
{
  "label": "hana-project-explorer",
  "level": "error",
  "message": "Could not read content from \"/home/user/projects/Posman/db/src/.hdiconfig\" path: ENOENT: no such file or directory, open '/home/user/projects/Posman/db/src/.hdiconfig'",
  "time": "2026-07-14T07:34:33.530Z"
}
{
  "label": "hana-project-explorer",
  "level": "error",
  "message": "Could not read content from \"/home/user/projects/Posman/db/src/.hdiconfig\" path: ENOENT: no such file or directory, open '/home/user/projects/Posman/db/src/.hdiconfig'",
  "time": "2026-07-14T07:35:53.888Z"
}
{
  "label": "hana-project-explorer",
  "level": "error",
  "message": "Could not read content from \"/home/user/projects/Posman/db/src/.hdiconfig\" path: ENOENT: no such file or directory, open '/home/user/projects/Posman/db/src/.hdiconfig'",
  "time": "2026-07-14T07:37:19.998Z"
}
{
  "label": "hana-project-explorer",
  "level": "error",
  "message": "Could not read content from \"/home/user/projects/Posman/db/src/.hdiconfig\" path: ENOENT: no such file or directory, open '/home/user/projects/Posman/db/src/.hdiconfig'",
  "time": "2026-07-14T07:37:20.001Z"
}
{
  "label": "hana-project-explorer",
  "level": "error",
  "message": "Could not read content from \"/home/user/projects/Posman/db/src/.hdiconfig\" path: ENOENT: no such file or directory, open '/home/user/projects/Posman/db/src/.hdiconfig'",
  "time": "2026-07-14T07:37:22.464Z"
}
{
  "label": "hana-project-explorer",
  "level": "error",
  "message": "Could not read content from \"/home/user/projects/Posman/db/src/.hdiconfig\" path: ENOENT: no such file or directory, open '/home/user/projects/Posman/db/src/.hdiconfig'",
  "time": "2026-07-14T07:37:48.339Z"
}
{
  "label": "hana-project-explorer",
  "level": "error",
  "message": "Could not read content from \"/home/user/projects/Posman/db/src/.hdiconfig\" path: ENOENT: no such file or directory, open '/home/user/projects/Posman/db/src/.hdiconfig'",
  "time": "2026-07-14T07:37:48.340Z"
}
{
  "label": "hana-project-explorer",
  "level": "error",
  "message": "Could not read content from \"/home/user/projects/Posman/db/src/.hdiconfig\" path: ENOENT: no such file or directory, open '/home/user/projects/Posman/db/src/.hdiconfig'",
  "time": "2026-07-14T07:37:52.612Z"
}
{
  "label": "hana-project-explorer",
  "level": "error",
  "message": "Could not read content from \"/home/user/projects/Posman/db/src/.hdiconfig\" path: ENOENT: no such file or directory, open '/home/user/projects/Posman/db/src/.hdiconfig'",
  "time": "2026-07-14T07:38:22.887Z"
}
{
  "label": "hana-project-explorer",
  "level": "error",
  "message": "Could not read content from \"/home/user/projects/Posman/db/src/.hdiconfig\" path: ENOENT: no such file or directory, open '/home/user/projects/Posman/db/src/.hdiconfig'",
  "time": "2026-07-14T07:38:22.888Z"
}
{
  "label": "hana-project-explorer",
  "level": "error",
  "message": "Could not read content from \"/home/user/projects/Posman/db/src/.hdiconfig\" path: ENOENT: no such file or directory, open '/home/user/projects/Posman/db/src/.hdiconfig'",
  "time": "2026-07-14T07:38:24.461Z"
}
{
  "label": "hana-project-explorer",
  "level": "error",
  "message": "Could not read content from \"/home/user/projects/Posman/db/src/.hdiconfig\" path: ENOENT: no such file or directory, open '/home/user/projects/Posman/db/src/.hdiconfig'",
  "time": "2026-07-14T07:39:31.544Z"
}
{
  "label": "hana-project-explorer",
  "level": "error",
  "message": "Could not read content from \"/home/user/projects/Posman/db/src/.hdiconfig\" path: ENOENT: no such file or directory, open '/home/user/projects/Posman/db/src/.hdiconfig'",
  "time": "2026-07-14T07:39:32.988Z"
}
{
  "label": "hana-project-explorer",
  "level": "error",
  "message": "Could not read content from \"/home/user/projects/Posman/db/src/.hdiconfig\" path: ENOENT: no such file or directory, open '/home/user/projects/Posman/db/src/.hdiconfig'",
  "time": "2026-07-14T07:39:35.060Z"
}
{
  "label": "hana-project-explorer",
  "level": "error",
  "message": "Could not read content from \"/home/user/projects/Posman/db/src/.hdiconfig\" path: ENOENT: no such file or directory, open '/home/user/projects/Posman/db/src/.hdiconfig'",
  "time": "2026-07-14T07:39:50.555Z"
}
{
  "label": "hana-project-explorer",
  "level": "error",
  "message": "Could not read content from \"/home/user/projects/Posman/db/src/.hdiconfig\" path: ENOENT: no such file or directory, open '/home/user/projects/Posman/db/src/.hdiconfig'",
  "time": "2026-07-14T07:39:51.282Z"
}
{
  "label": "hana-project-explorer",
  "level": "error",
  "message": "Could not read content from \"/home/user/projects/Posman/db/src/.hdiconfig\" path: ENOENT: no such file or directory, open '/home/user/projects/Posman/db/src/.hdiconfig'",
  "time": "2026-07-14T07:39:53.454Z"
}
{
  "label": "hana-project-explorer",
  "level": "error",
  "message": "Could not read content from \"/home/user/projects/Posman/db/src/.hdiconfig\" path: ENOENT: no such file or directory, open '/home/user/projects/Posman/db/src/.hdiconfig'",
  "time": "2026-07-14T07:40:09.949Z"
}
{
  "label": "hana-project-explorer",
  "level": "error",
  "message": "Could not read content from \"/home/user/projects/Posman/db/src/.hdiconfig\" path: ENOENT: no such file or directory, open '/home/user/projects/Posman/db/src/.hdiconfig'",
  "time": "2026-07-14T07:40:10.893Z"
}
{
  "label": "hana-project-explorer",
  "level": "error",
  "message": "Could not read content from \"/home/user/projects/Posman/db/src/.hdiconfig\" path: ENOENT: no such file or directory, open '/home/user/projects/Posman/db/src/.hdiconfig'",
  "time": "2026-07-14T07:40:13.043Z"
}
{
  "label": "hana-project-explorer",
  "level": "error",
  "message": "Could not read content from \"/home/user/projects/Posman/db/src/.hdiconfig\" path: ENOENT: no such file or directory, open '/home/user/projects/Posman/db/src/.hdiconfig'",
  "time": "2026-07-14T07:40:30.649Z"
}
{
  "label": "hana-project-explorer",
  "level": "error",
  "message": "Could not read content from \"/home/user/projects/Posman/db/src/.hdiconfig\" path: ENOENT: no such file or directory, open '/home/user/projects/Posman/db/src/.hdiconfig'",
  "time": "2026-07-14T07:40:32.668Z"
}
{
  "label": "hana-project-explorer",
  "level": "error",
  "message": "Could not read content from \"/home/user/projects/Posman/db/src/.hdiconfig\" path: ENOENT: no such file or directory, open '/home/user/projects/Posman/db/src/.hdiconfig'",
  "time": "2026-07-14T07:40:33.412Z"
}
{
  "label": "hana-project-explorer",
  "level": "error",
  "message": "Could not read content from \"/home/user/projects/Posman/db/src/.hdiconfig\" path: ENOENT: no such file or directory, open '/home/user/projects/Posman/db/src/.hdiconfig'",
  "time": "2026-07-14T07:40:33.413Z"
}
{
  "label": "hana-project-explorer",
  "level": "error",
  "message": "Could not read content from \"/home/user/projects/Posman/db/src/.hdiconfig\" path: ENOENT: no such file or directory, open '/home/user/projects/Posman/db/src/.hdiconfig'",
  "time": "2026-07-14T07:40:38.407Z"
}
{
  "label": "hana-project-explorer",
  "level": "error",
  "message": "Could not read content from \"/home/user/projects/Posman/db/src/.hdiconfig\" path: ENOENT: no such file or directory, open '/home/user/projects/Posman/db/src/.hdiconfig'",
  "time": "2026-07-14T07:40:38.407Z"
}
{
  "label": "hana-project-explorer",
  "level": "error",
  "message": "Could not read content from \"/home/user/projects/Posman/db/src/.hdiconfig\" path: ENOENT: no such file or directory, open '/home/user/projects/Posman/db/src/.hdiconfig'",
  "time": "2026-07-14T07:40:42.093Z"
}
{
  "label": "hana-project-explorer",
  "level": "error",
  "message": "Could not read content from \"/home/user/projects/Posman/db/src/.hdiconfig\" path: ENOENT: no such file or directory, open '/home/user/projects/Posman/db/src/.hdiconfig'",
  "time": "2026-07-14T07:41:01.590Z"
}
{
  "label": "hana-project-explorer",
  "level": "error",
  "message": "Could not read content from \"/home/user/projects/Posman/db/src/.hdiconfig\" path: ENOENT: no such file or directory, open '/home/user/projects/Posman/db/src/.hdiconfig'",
  "time": "2026-07-14T07:41:03.594Z"
}
{
  "label": "hana-project-explorer",
  "level": "error",
  "message": "Could not read content from \"/home/user/projects/Posman/db/src/.hdiconfig\" path: ENOENT: no such file or directory, open '/home/user/projects/Posman/db/src/.hdiconfig'",
  "time": "2026-07-14T07:41:05.361Z"
}
{
  "label": "hana-project-explorer",
  "level": "error",
  "message": "Could not read content from \"/home/user/projects/Posman/db/src/.hdiconfig\" path: ENOENT: no such file or directory, open '/home/user/projects/Posman/db/src/.hdiconfig'",
  "time": "2026-07-14T07:41:07.471Z"
}
{
  "label": "hana-project-explorer",
  "level": "error",
  "message": "Could not read content from \"/home/user/projects/Posman/db/src/.hdiconfig\" path: ENOENT: no such file or directory, open '/home/user/projects/Posman/db/src/.hdiconfig'",
  "time": "2026-07-14T07:41:11.962Z"
}
{
  "label": "hana-project-explorer",
  "level": "error",
  "message": "Could not read content from \"/home/user/projects/Posman/db/src/.hdiconfig\" path: ENOENT: no such file or directory, open '/home/user/projects/Posman/db/src/.hdiconfig'",
  "time": "2026-07-14T07:42:15.270Z"
}
{
  "label": "hana-project-explorer",
  "level": "error",
  "message": "Could not read content from \"/home/user/projects/Posman/db/src/.hdiconfig\" path: ENOENT: no such file or directory, open '/home/user/projects/Posman/db/src/.hdiconfig'",
  "time": "2026-07-14T07:42:21.244Z"
}
{
  "label": "hana-project-explorer",
  "level": "error",
  "message": "Could not read content from \"/home/user/projects/Posman/db/src/.hdiconfig\" path: ENOENT: no such file or directory, open '/home/user/projects/Posman/db/src/.hdiconfig'",
  "time": "2026-07-14T07:42:26.649Z"
}
{
  "label": "hana-project-explorer",
  "level": "error",
  "message": "Could not read content from \"/home/user/projects/Posman/db/src/.hdiconfig\" path: ENOENT: no such file or directory, open '/home/user/projects/Posman/db/src/.hdiconfig'",
  "time": "2026-07-14T07:42:46.623Z"
}
{
  "label": "hana-project-explorer",
  "level": "error",
  "message": "Could not read content from \"/home/user/projects/Posman/db/src/.hdiconfig\" path: ENOENT: no such file or directory, open '/home/user/projects/Posman/db/src/.hdiconfig'",
  "time": "2026-07-14T07:43:16.484Z"
}
{
  "label": "hana-project-explorer",
  "level": "error",
  "message": "Could not read content from \"/home/user/projects/Posman/db/src/.hdiconfig\" path: ENOENT: no such file or directory, open '/home/user/projects/Posman/db/src/.hdiconfig'",
  "time": "2026-07-14T07:43:16.485Z"
}
{
  "label": "hana-project-explorer",
  "level": "error",
  "message": "Could not read content from \"/home/user/projects/Posman/db/src/.hdiconfig\" path: ENOENT: no such file or directory, open '/home/user/projects/Posman/db/src/.hdiconfig'",
  "time": "2026-07-14T07:43:16.486Z"
}
{
  "label": "hana-project-explorer",
  "level": "error",
  "message": "Could not read content from \"/home/user/projects/Posman/db/src/.hdiconfig\" path: ENOENT: no such file or directory, open '/home/user/projects/Posman/db/src/.hdiconfig'",
  "time": "2026-07-14T07:43:16.487Z"
}
{
  "label": "hana-project-explorer",
  "level": "error",
  "message": "Could not read content from \"/home/user/projects/Posman/db/src/.hdiconfig\" path: ENOENT: no such file or directory, open '/home/user/projects/Posman/db/src/.hdiconfig'",
  "time": "2026-07-14T07:46:33.844Z"
}
{
  "label": "hana-project-explorer",
  "level": "error",
  "message": "Could not read content from \"/home/user/projects/Posman/db/src/.hdiconfig\" path: ENOENT: no such file or directory, open '/home/user/projects/Posman/db/src/.hdiconfig'",
  "time": "2026-07-14T07:46:42.039Z"
}
{
  "label": "hana-project-explorer",
  "level": "error",
  "message": "Could not read content from \"/home/user/projects/Posman/db/src/.hdiconfig\" path: ENOENT: no such file or directory, open '/home/user/projects/Posman/db/src/.hdiconfig'",
  "time": "2026-07-14T07:46:54.188Z"
}
{
  "label": "hana-project-explorer",
  "level": "error",
  "message": "Could not read content from \"/home/user/projects/Posman/db/src/.hdiconfig\" path: ENOENT: no such file or directory, open '/home/user/projects/Posman/db/src/.hdiconfig'",
  "time": "2026-07-14T07:46:58.171Z"
}
{
  "label": "hana-project-explorer",
  "level": "error",
  "message": "Could not read content from \"/home/user/projects/Posman/db/src/.hdiconfig\" path: ENOENT: no such file or directory, open '/home/user/projects/Posman/db/src/.hdiconfig'",
  "time": "2026-07-14T07:46:59.572Z"
}
{
  "label": "hana-project-explorer",
  "level": "error",
  "message": "Could not read content from \"/home/user/projects/Posman/db/src/.hdiconfig\" path: ENOENT: no such file or directory, open '/home/user/projects/Posman/db/src/.hdiconfig'",
  "time": "2026-07-14T07:47:14.689Z"
}
{
  "label": "hana-project-explorer",
  "level": "error",
  "message": "Could not read content from \"/home/user/projects/Posman/db/src/.hdiconfig\" path: ENOENT: no such file or directory, open '/home/user/projects/Posman/db/src/.hdiconfig'",
  "time": "2026-07-14T07:47:16.717Z"
}
{
  "label": "hana-project-explorer",
  "level": "error",
  "message": "Could not read content from \"/home/user/projects/Posman/db/src/.hdiconfig\" path: ENOENT: no such file or directory, open '/home/user/projects/Posman/db/src/.hdiconfig'",
  "time": "2026-07-14T07:47:19.378Z"
}
{
  "label": "hana-project-explorer",
  "level": "error",
  "message": "Could not read content from \"/home/user/projects/Posman/db/src/.hdiconfig\" path: ENOENT: no such file or directory, open '/home/user/projects/Posman/db/src/.hdiconfig'",
  "time": "2026-07-14T07:47:35.977Z"
}
{
  "label": "hana-project-explorer",
  "level": "error",
  "message": "Could not read content from \"/home/user/projects/Posman/db/src/.hdiconfig\" path: ENOENT: no such file or directory, open '/home/user/projects/Posman/db/src/.hdiconfig'",
  "time": "2026-07-14T07:47:37.991Z"
}
{
  "label": "hana-project-explorer",
  "level": "error",
  "message": "Could not read content from \"/home/user/projects/Posman/db/src/.hdiconfig\" path: ENOENT: no such file or directory, open '/home/user/projects/Posman/db/src/.hdiconfig'",
  "time": "2026-07-14T07:47:39.457Z"
}
{
  "label": "hana-project-explorer",
  "level": "error",
  "message": "Could not read content from \"/home/user/projects/Posman/db/src/.hdiconfig\" path: ENOENT: no such file or directory, open '/home/user/projects/Posman/db/src/.hdiconfig'",
  "time": "2026-07-14T07:48:00.008Z"
}
{
  "label": "hana-project-explorer",
  "level": "error",
  "message": "Could not read content from \"/home/user/projects/Posman/db/src/.hdiconfig\" path: ENOENT: no such file or directory, open '/home/user/projects/Posman/db/src/.hdiconfig'",
  "time": "2026-07-14T07:48:02.150Z"
}
{
  "label": "hana-project-explorer",
  "level": "error",
  "message": "Could not read content from \"/home/user/projects/Posman/db/src/.hdiconfig\" path: ENOENT: no such file or directory, open '/home/user/projects/Posman/db/src/.hdiconfig'",
  "time": "2026-07-14T07:48:31.491Z"
}
{
  "label": "hana-project-explorer",
  "level": "error",
  "message": "Could not read content from \"/home/user/projects/Posman/db/src/.hdiconfig\" path: ENOENT: no such file or directory, open '/home/user/projects/Posman/db/src/.hdiconfig'",
  "time": "2026-07-14T07:48:33.524Z"
}
{
  "label": "hana-project-explorer",
  "level": "error",
  "message": "Could not read content from \"/home/user/projects/Posman/db/src/.hdiconfig\" path: ENOENT: no such file or directory, open '/home/user/projects/Posman/db/src/.hdiconfig'",
  "time": "2026-07-14T07:53:35.871Z"
}
{
  "label": "hana-project-explorer",
  "level": "error",
  "message": "Could not read content from \"/home/user/projects/Posman/db/src/.hdiconfig\" path: ENOENT: no such file or directory, open '/home/user/projects/Posman/db/src/.hdiconfig'",
  "time": "2026-07-14T07:57:06.147Z"
}
{
  "label": "hana-project-explorer",
  "level": "error",
  "message": "Could not read content from \"/home/user/projects/Posman/db/src/.hdiconfig\" path: ENOENT: no such file or directory, open '/home/user/projects/Posman/db/src/.hdiconfig'",
  "time": "2026-07-14T07:57:10.725Z"
}
{
  "label": "hana-project-explorer",
  "level": "error",
  "message": "Error while reading package.json, using defaults",
  "time": "2026-07-14T08:04:17.293Z"
}
{
  "label": "hana-project-explorer",
  "level": "error",
  "message": "Error while reading package.json, using defaults",
  "time": "2026-07-14T08:04:17.294Z"
}
{
  "label": "hana-project-explorer",
  "level": "error",
  "message": "Error while reading package.json, using defaults",
  "time": "2026-07-14T08:04:17.563Z"
}
{
  "label": "hana-project-explorer",
  "level": "error",
  "message": "Error while reading package.json, using defaults",
  "time": "2026-07-14T08:04:17.563Z"
}
{
  "label": "hana-project-explorer",
  "level": "error",
  "message": "Error while reading package.json, using defaults",
  "time": "2026-07-14T08:04:19.665Z"
}
{
  "label": "hana-project-explorer",
  "level": "error",
  "message": "Error while reading package.json, using defaults",
  "time": "2026-07-14T08:04:19.665Z"
}
{
  "label": "hana-project-explorer",
  "level": "error",
  "message": "Error while reading package.json, using defaults",
  "time": "2026-07-14T08:04:21.259Z"
}
{
  "label": "hana-project-explorer",
  "level": "error",
  "message": "Error while reading package.json, using defaults",
  "time": "2026-07-14T08:04:21.259Z"
}
{
  "label": "hana-project-explorer",
  "level": "error",
  "message": "Error while reading package.json, using defaults",
  "time": "2026-07-14T08:04:27.234Z"
}
{
  "label": "hana-project-explorer",
  "level": "error",
  "message": "Error while reading package.json, using defaults",
  "time": "2026-07-14T08:04:27.234Z"
}
{
  "label": "hana-project-explorer",
  "level": "error",
  "message": "Error while reading package.json, using defaults",
  "time": "2026-07-14T08:04:29.346Z"
}
{
  "label": "hana-project-explorer",
  "level": "error",
  "message": "Error while reading package.json, using defaults",
  "time": "2026-07-14T08:04:29.346Z"
}
{
  "label": "hana-project-explorer",
  "level": "error",
  "message": "Error while reading package.json, using defaults",
  "time": "2026-07-14T08:04:49.495Z"
}
{
  "label": "hana-project-explorer",
  "level": "error",
  "message": "Error while reading package.json, using defaults",
  "time": "2026-07-14T08:04:49.496Z"
}
{
  "label": "hana-project-explorer",
  "level": "error",
  "message": "Error while reading package.json, using defaults",
  "time": "2026-07-14T08:04:50.195Z"
}
{
  "label": "hana-project-explorer",
  "level": "error",
  "message": "Error while reading package.json, using defaults",
  "time": "2026-07-14T08:04:50.196Z"
}
{
  "label": "hana-project-explorer",
  "level": "error",
  "message": "Error while reading package.json, using defaults",
  "time": "2026-07-14T08:05:04.025Z"
}
{
  "label": "hana-project-explorer",
  "level": "error",
  "message": "Error while reading package.json, using defaults",
  "time": "2026-07-14T08:05:04.025Z"
}
{
  "label": "hana-project-explorer",
  "level": "error",
  "message": "Error while reading package.json, using defaults",
  "time": "2026-07-14T08:05:04.240Z"
}
{
  "label": "hana-project-explorer",
  "level": "error",
  "message": "Error while reading package.json, using defaults",
  "time": "2026-07-14T08:05:04.240Z"
}
{
  "label": "hana-project-explorer",
  "level": "error",
  "message": "Error while reading package.json, using defaults",
  "time": "2026-07-14T08:05:19.571Z"
}
{
  "label": "hana-project-explorer",
  "level": "error",
  "message": "Error while reading package.json, using defaults",
  "time": "2026-07-14T08:05:19.571Z"
}
{
  "label": "hana-project-explorer",
  "level": "error",
  "message": "Error while reading package.json, using defaults",
  "time": "2026-07-14T08:05:20.847Z"
}
{
  "label": "hana-project-explorer",
  "level": "error",
  "message": "Error while reading package.json, using defaults",
  "time": "2026-07-14T08:05:20.848Z"
}
{
  "label": "hana-project-explorer",
  "level": "error",
  "message": "Error while reading package.json, using defaults",
  "time": "2026-07-14T08:05:37.338Z"
}
{
  "label": "hana-project-explorer",
  "level": "error",
  "message": "Error while reading package.json, using defaults",
  "time": "2026-07-14T08:05:37.338Z"
}
{
  "label": "hana-project-explorer",
  "level": "error",
  "message": "Error while reading package.json, using defaults",
  "time": "2026-07-14T08:06:05.387Z"
}
{
  "label": "hana-project-explorer",
  "level": "error",
  "message": "Error while reading package.json, using defaults",
  "time": "2026-07-14T08:06:05.387Z"
}
{
  "label": "hana-project-explorer",
  "level": "error",
  "message": "Error while reading package.json, using defaults",
  "time": "2026-07-14T08:06:10.971Z"
}
{
  "label": "hana-project-explorer",
  "level": "error",
  "message": "Error while reading package.json, using defaults",
  "time": "2026-07-14T08:06:10.972Z"
}
{
  "label": "hana-project-explorer",
  "level": "error",
  "message": "Error while reading package.json, using defaults",
  "time": "2026-07-14T08:06:11.957Z"
}
{
  "label": "hana-project-explorer",
  "level": "error",
  "message": "Error while reading package.json, using defaults",
  "time": "2026-07-14T08:06:11.957Z"
}
{
  "label": "hana-project-explorer",
  "level": "error",
  "message": "Error while reading package.json, using defaults",
  "time": "2026-07-14T08:10:22.121Z"
}
{
  "label": "hana-project-explorer",
  "level": "error",
  "message": "Error while reading package.json, using defaults",
  "time": "2026-07-14T08:10:22.121Z"
}
{
  "label": "hana-project-explorer",
  "level": "error",
  "message": "Error while reading package.json, using defaults",
  "time": "2026-07-14T08:10:22.429Z"
}
{
  "label": "hana-project-explorer",
  "level": "error",
  "message": "Error while reading package.json, using defaults",
  "time": "2026-07-14T08:10:22.429Z"
}
{
  "label": "hana-project-explorer",
  "level": "error",
  "message": "Error while reading package.json, using defaults",
  "time": "2026-07-14T08:10:31.586Z"
}
{
  "label": "hana-project-explorer",
  "level": "error",
  "message": "Error while reading package.json, using defaults",
  "time": "2026-07-14T08:10:31.586Z"
}
{
  "label": "hana-project-explorer",
  "level": "error",
  "message": "Error while reading package.json, using defaults",
  "time": "2026-07-14T08:10:32.515Z"
}
{
  "label": "hana-project-explorer",
  "level": "error",
  "message": "Error while reading package.json, using defaults",
  "time": "2026-07-14T08:10:32.515Z"
}
{
  "label": "hana-project-explorer",
  "level": "error",
  "message": "Error while reading package.json, using defaults",
  "time": "2026-07-14T08:10:37.687Z"
}
{
  "label": "hana-project-explorer",
  "level": "error",
  "message": "Error while reading package.json, using defaults",
  "time": "2026-07-14T08:10:37.687Z"
}
{
  "label": "hana-project-explorer",
  "level": "error",
  "message": "Error while reading package.json, using defaults",
  "time": "2026-07-14T08:10:40.430Z"
}
{
  "label": "hana-project-explorer",
  "level": "error",
  "message": "Error while reading package.json, using defaults",
  "time": "2026-07-14T08:10:40.430Z"
}
{
  "label": "hana-project-explorer",
  "level": "error",
  "message": "Error while reading package.json, using defaults",
  "time": "2026-07-14T08:10:44.828Z"
}
{
  "label": "hana-project-explorer",
  "level": "error",
  "message": "Error while reading package.json, using defaults",
  "time": "2026-07-14T08:10:44.828Z"
}
{
  "label": "hana-project-explorer",
  "level": "error",
  "message": "Error while reading package.json, using defaults",
  "time": "2026-07-14T08:10:47.424Z"
}
{
  "label": "hana-project-explorer",
  "level": "error",
  "message": "Error while reading package.json, using defaults",
  "time": "2026-07-14T08:10:47.424Z"
}
{
  "label": "hana-project-explorer",
  "level": "error",
  "message": "Could not read content from \"/home/user/projects/Posman/db/src/.hdiconfig\" path: ENOENT: no such file or directory, open '/home/user/projects/Posman/db/src/.hdiconfig'",
  "time": "2026-07-14T08:11:11.532Z"
}
{
  "label": "hana-project-explorer",
  "level": "error",
  "message": "Could not read content from \"/home/user/projects/Posman/gen/db/src/.hdiconfig\" path: ENOENT: no such file or directory, open '/home/user/projects/Posman/gen/db/src/.hdiconfig'",
  "time": "2026-07-14T08:56:20.827Z"
}
{
  "label": "hana-project-explorer",
  "level": "error",
  "message": "Could not retrieve target container for module at path /home/user/projects/Posman/gen/db",
  "time": "2026-07-14T08:56:29.571Z"
}
{
  "label": "hana-project-explorer",
  "level": "error",
  "message": "Could not parse structured log entry '': Unexpected end of JSON input",
  "time": "2026-07-14T08:56:29.573Z"
}
{
  "label": "hana-project-explorer",
  "level": "error",
  "message": "Could not read content from \"/home/user/projects/Posman/gen/db/src/.hdiconfig\" path: ENOENT: no such file or directory, open '/home/user/projects/Posman/gen/db/src/.hdiconfig'",
  "time": "2026-07-14T09:03:40.529Z"
}
{
  "label": "hana-project-explorer",
  "level": "error",
  "message": "Could not parse structured log entry '': Unexpected end of JSON input",
  "time": "2026-07-14T09:03:46.654Z"
}
{
  "label": "hana-project-explorer",
  "level": "error",
  "message": "Error occured in event listener:  Canceled",
  "name": "Canceled",
  "stack": "Canceled: Canceled\n    at ou (file:///extbin/local/openvscode-server/out/vs/workbench/api/node/extensionHostProcess.js:7:1394)\n    at file:///extbin/local/openvscode-server/out/vs/workbench/api/node/extensionHostProcess.js:29:142631\n    at Array.forEach (<anonymous>)\n    at OE.dispose (file:///extbin/local/openvscode-server/out/vs/workbench/api/node/extensionHostProcess.js:29:142571)\n    at mee.terminate (file:///extbin/local/openvscode-server/out/vs/workbench/api/node/extensionHostProcess.js:120:10238)\n    at nR.terminate (file:///extbin/local/openvscode-server/out/vs/workbench/api/node/extensionHostProcess.js:122:914)\n    at Hr (file:///extbin/local/openvscode-server/out/vs/workbench/api/node/extensionHostProcess.js:405:11144)\n    at tf.value (file:///extbin/local/openvscode-server/out/vs/workbench/api/node/extensionHostProcess.js:405:9282)\n    at I.C (file:///extbin/local/openvscode-server/out/vs/workbench/api/node/extensionHostProcess.js:27:2328)\n    at I.fire (file:///extbin/local/openvscode-server/out/vs/workbench/api/node/extensionHostProcess.js:27:2546)\n    at Jo.fire (file:///extbin/local/openvscode-server/out/vs/workbench/api/node/extensionHostProcess.js:29:9471)\n    at w0.A (file:///extbin/local/openvscode-server/out/vs/workbench/api/node/extensionHostProcess.js:29:12585)\n    at tf.value (file:///extbin/local/openvscode-server/out/vs/workbench/api/node/extensionHostProcess.js:29:11006)\n    at I.C (file:///extbin/local/openvscode-server/out/vs/workbench/api/node/extensionHostProcess.js:27:2328)\n    at I.fire (file:///extbin/local/openvscode-server/out/vs/workbench/api/node/extensionHostProcess.js:27:2546)\n    at yC.acceptChunk (file:///extbin/local/openvscode-server/out/vs/workbench/api/node/extensionHostProcess.js:29:7954)\n    at tf.value (file:///extbin/local/openvscode-server/out/vs/workbench/api/node/extensionHostProcess.js:29:7240)\n    at I.C (file:///extbin/local/openvscode-server/out/vs/workbench/api/node/extensionHostProcess.js:27:2328)\n    at I.fire (file:///extbin/local/openvscode-server/out/vs/workbench/api/node/extensionHostProcess.js:27:2546)\n    at WF.w (file:///extbin/local/openvscode-server/out/vs/workbench/api/node/extensionHostProcess.js:29:21762)",
  "time": "2026-07-14T09:59:36.073Z"
}
{
  "label": "hana-project-explorer",
  "level": "error",
  "message": "Error occured in event listener:  Canceled",
  "name": "Canceled",
  "stack": "Canceled: Canceled\n    at new rU (file:///extbin/local/openvscode-server/out/vs/workbench/api/node/extensionHostProcess.js:29:141180)\n    at OE.U (file:///extbin/local/openvscode-server/out/vs/workbench/api/node/extensionHostProcess.js:29:145790)\n    at Proxy.r.<computed>.n.charCodeAt.r.<computed> (file:///extbin/local/openvscode-server/out/vs/workbench/api/node/extensionHostProcess.js:29:143284)\n    at file:///extbin/local/openvscode-server/out/vs/workbench/api/node/extensionHostProcess.js:113:75223\n    at Array.map (<anonymous>)\n    at cA.B (file:///extbin/local/openvscode-server/out/vs/workbench/api/node/extensionHostProcess.js:113:75209)\n    at cA.A (file:///extbin/local/openvscode-server/out/vs/workbench/api/node/extensionHostProcess.js:113:75159)\n    at cA.findFiles (file:///extbin/local/openvscode-server/out/vs/workbench/api/node/extensionHostProcess.js:113:73694)\n    at Object.findFiles (file:///extbin/local/openvscode-server/out/vs/workbench/api/node/extensionHostProcess.js:213:119458)\n    at p (/extbin/local/openvscode-server/extensions/hana-project-explorer-1.38.0-bas/dist/extension.js:1:4277368)\n    at u (/extbin/local/openvscode-server/extensions/hana-project-explorer-1.38.0-bas/dist/extension.js:1:4277247)\n    at t.isHDBModulePath (/extbin/local/openvscode-server/extensions/hana-project-explorer-1.38.0-bas/dist/extension.js:1:4277052)\n    at handleFileChanged (/extbin/local/openvscode-server/extensions/hana-project-explorer-1.38.0-bas/dist/extension.js:1:4075807)\n    at /extbin/local/openvscode-server/extensions/hana-project-explorer-1.38.0-bas/dist/extension.js:1:4078082\n    at /extbin/local/openvscode-server/extensions/hana-project-explorer-1.38.0-bas/dist/extension.js:1:4319227",
  "time": "2026-07-14T09:59:36.124Z"
}
{
  "label": "hana-project-explorer",
  "level": "error",
  "message": "Error occured in event listener:  Canceled",
  "name": "Canceled",
  "stack": "Canceled: Canceled\n    at new rU (file:///extbin/local/openvscode-server/out/vs/workbench/api/node/extensionHostProcess.js:29:141180)\n    at OE.U (file:///extbin/local/openvscode-server/out/vs/workbench/api/node/extensionHostProcess.js:29:145790)\n    at Proxy.r.<computed>.n.charCodeAt.r.<computed> (file:///extbin/local/openvscode-server/out/vs/workbench/api/node/extensionHostProcess.js:29:143284)\n    at file:///extbin/local/openvscode-server/out/vs/workbench/api/node/extensionHostProcess.js:113:75223\n    at Array.map (<anonymous>)\n    at cA.B (file:///extbin/local/openvscode-server/out/vs/workbench/api/node/extensionHostProcess.js:113:75209)\n    at cA.A (file:///extbin/local/openvscode-server/out/vs/workbench/api/node/extensionHostProcess.js:113:75159)\n    at cA.findFiles (file:///extbin/local/openvscode-server/out/vs/workbench/api/node/extensionHostProcess.js:113:73694)\n    at Object.findFiles (file:///extbin/local/openvscode-server/out/vs/workbench/api/node/extensionHostProcess.js:213:119458)\n    at p (/extbin/local/openvscode-server/extensions/hana-project-explorer-1.38.0-bas/dist/extension.js:1:4277368)\n    at u (/extbin/local/openvscode-server/extensions/hana-project-explorer-1.38.0-bas/dist/extension.js:1:4277247)\n    at t.isHDBModulePath (/extbin/local/openvscode-server/extensions/hana-project-explorer-1.38.0-bas/dist/extension.js:1:4277052)\n    at handleFileChanged (/extbin/local/openvscode-server/extensions/hana-project-explorer-1.38.0-bas/dist/extension.js:1:4075807)\n    at /extbin/local/openvscode-server/extensions/hana-project-explorer-1.38.0-bas/dist/extension.js:1:4078082\n    at /extbin/local/openvscode-server/extensions/hana-project-explorer-1.38.0-bas/dist/extension.js:1:4319227",
  "time": "2026-07-14T09:59:36.125Z"
}
{
  "label": "hana-project-explorer",
  "level": "error",
  "message": "Error occured in event listener:  Canceled",
  "name": "Canceled",
  "stack": "Canceled: Canceled\n    at new rU (file:///extbin/local/openvscode-server/out/vs/workbench/api/node/extensionHostProcess.js:29:141180)\n    at OE.U (file:///extbin/local/openvscode-server/out/vs/workbench/api/node/extensionHostProcess.js:29:145790)\n    at Proxy.r.<computed>.n.charCodeAt.r.<computed> (file:///extbin/local/openvscode-server/out/vs/workbench/api/node/extensionHostProcess.js:29:143284)\n    at file:///extbin/local/openvscode-server/out/vs/workbench/api/node/extensionHostProcess.js:113:75223\n    at Array.map (<anonymous>)\n    at cA.B (file:///extbin/local/openvscode-server/out/vs/workbench/api/node/extensionHostProcess.js:113:75209)\n    at cA.A (file:///extbin/local/openvscode-server/out/vs/workbench/api/node/extensionHostProcess.js:113:75159)\n    at cA.findFiles (file:///extbin/local/openvscode-server/out/vs/workbench/api/node/extensionHostProcess.js:113:73694)\n    at Object.findFiles (file:///extbin/local/openvscode-server/out/vs/workbench/api/node/extensionHostProcess.js:213:119458)\n    at p (/extbin/local/openvscode-server/extensions/hana-project-explorer-1.38.0-bas/dist/extension.js:1:4277368)\n    at u (/extbin/local/openvscode-server/extensions/hana-project-explorer-1.38.0-bas/dist/extension.js:1:4277247)\n    at t.isHDBModulePath (/extbin/local/openvscode-server/extensions/hana-project-explorer-1.38.0-bas/dist/extension.js:1:4277052)\n    at handleFileChanged (/extbin/local/openvscode-server/extensions/hana-project-explorer-1.38.0-bas/dist/extension.js:1:4075807)\n    at /extbin/local/openvscode-server/extensions/hana-project-explorer-1.38.0-bas/dist/extension.js:1:4078082\n    at /extbin/local/openvscode-server/extensions/hana-project-explorer-1.38.0-bas/dist/extension.js:1:4319227",
  "time": "2026-07-14T09:59:36.125Z"
}
{
  "label": "hana-project-explorer",
  "level": "error",
  "message": "Error occured in event listener:  Canceled",
  "name": "Canceled",
  "stack": "Canceled: Canceled\n    at new rU (file:///extbin/local/openvscode-server/out/vs/workbench/api/node/extensionHostProcess.js:29:141180)\n    at OE.U (file:///extbin/local/openvscode-server/out/vs/workbench/api/node/extensionHostProcess.js:29:145790)\n    at Proxy.r.<computed>.n.charCodeAt.r.<computed> (file:///extbin/local/openvscode-server/out/vs/workbench/api/node/extensionHostProcess.js:29:143284)\n    at file:///extbin/local/openvscode-server/out/vs/workbench/api/node/extensionHostProcess.js:113:75223\n    at Array.map (<anonymous>)\n    at cA.B (file:///extbin/local/openvscode-server/out/vs/workbench/api/node/extensionHostProcess.js:113:75209)\n    at cA.A (file:///extbin/local/openvscode-server/out/vs/workbench/api/node/extensionHostProcess.js:113:75159)\n    at cA.findFiles (file:///extbin/local/openvscode-server/out/vs/workbench/api/node/extensionHostProcess.js:113:73694)\n    at Object.findFiles (file:///extbin/local/openvscode-server/out/vs/workbench/api/node/extensionHostProcess.js:213:119458)\n    at p (/extbin/local/openvscode-server/extensions/hana-project-explorer-1.38.0-bas/dist/extension.js:1:4277368)\n    at u (/extbin/local/openvscode-server/extensions/hana-project-explorer-1.38.0-bas/dist/extension.js:1:4277247)\n    at t.isHDBModulePath (/extbin/local/openvscode-server/extensions/hana-project-explorer-1.38.0-bas/dist/extension.js:1:4277052)\n    at handleFileChanged (/extbin/local/openvscode-server/extensions/hana-project-explorer-1.38.0-bas/dist/extension.js:1:4075807)\n    at /extbin/local/openvscode-server/extensions/hana-project-explorer-1.38.0-bas/dist/extension.js:1:4078082\n    at /extbin/local/openvscode-server/extensions/hana-project-explorer-1.38.0-bas/dist/extension.js:1:4319227",
  "time": "2026-07-14T09:59:36.126Z"
}
{
  "label": "hana-project-explorer",
  "level": "error",
  "message": "Error occured in event listener:  Canceled",
  "name": "Canceled",
  "stack": "Canceled: Canceled\n    at new rU (file:///extbin/local/openvscode-server/out/vs/workbench/api/node/extensionHostProcess.js:29:141180)\n    at OE.U (file:///extbin/local/openvscode-server/out/vs/workbench/api/node/extensionHostProcess.js:29:145790)\n    at Proxy.r.<computed>.n.charCodeAt.r.<computed> (file:///extbin/local/openvscode-server/out/vs/workbench/api/node/extensionHostProcess.js:29:143284)\n    at file:///extbin/local/openvscode-server/out/vs/workbench/api/node/extensionHostProcess.js:113:75223\n    at Array.map (<anonymous>)\n    at cA.B (file:///extbin/local/openvscode-server/out/vs/workbench/api/node/extensionHostProcess.js:113:75209)\n    at cA.A (file:///extbin/local/openvscode-server/out/vs/workbench/api/node/extensionHostProcess.js:113:75159)\n    at cA.findFiles (file:///extbin/local/openvscode-server/out/vs/workbench/api/node/extensionHostProcess.js:113:73694)\n    at Object.findFiles (file:///extbin/local/openvscode-server/out/vs/workbench/api/node/extensionHostProcess.js:213:119458)\n    at p (/extbin/local/openvscode-server/extensions/hana-project-explorer-1.38.0-bas/dist/extension.js:1:4277368)\n    at u (/extbin/local/openvscode-server/extensions/hana-project-explorer-1.38.0-bas/dist/extension.js:1:4277247)\n    at t.isHDBModulePath (/extbin/local/openvscode-server/extensions/hana-project-explorer-1.38.0-bas/dist/extension.js:1:4277052)\n    at handleFileChanged (/extbin/local/openvscode-server/extensions/hana-project-explorer-1.38.0-bas/dist/extension.js:1:4075807)\n    at /extbin/local/openvscode-server/extensions/hana-project-explorer-1.38.0-bas/dist/extension.js:1:4078082\n    at /extbin/local/openvscode-server/extensions/hana-project-explorer-1.38.0-bas/dist/extension.js:1:4319227",
  "time": "2026-07-14T09:59:36.126Z"
}
{
  "label": "hana-project-explorer",
  "level": "error",
  "message": "Error occured in event listener:  Canceled",
  "name": "Canceled",
  "stack": "Canceled: Canceled\n    at new rU (file:///extbin/local/openvscode-server/out/vs/workbench/api/node/extensionHostProcess.js:29:141180)\n    at OE.U (file:///extbin/local/openvscode-server/out/vs/workbench/api/node/extensionHostProcess.js:29:145790)\n    at Proxy.r.<computed>.n.charCodeAt.r.<computed> (file:///extbin/local/openvscode-server/out/vs/workbench/api/node/extensionHostProcess.js:29:143284)\n    at file:///extbin/local/openvscode-server/out/vs/workbench/api/node/extensionHostProcess.js:113:75223\n    at Array.map (<anonymous>)\n    at cA.B (file:///extbin/local/openvscode-server/out/vs/workbench/api/node/extensionHostProcess.js:113:75209)\n    at cA.A (file:///extbin/local/openvscode-server/out/vs/workbench/api/node/extensionHostProcess.js:113:75159)\n    at cA.findFiles (file:///extbin/local/openvscode-server/out/vs/workbench/api/node/extensionHostProcess.js:113:73694)\n    at Object.findFiles (file:///extbin/local/openvscode-server/out/vs/workbench/api/node/extensionHostProcess.js:213:119458)\n    at p (/extbin/local/openvscode-server/extensions/hana-project-explorer-1.38.0-bas/dist/extension.js:1:4277368)\n    at u (/extbin/local/openvscode-server/extensions/hana-project-explorer-1.38.0-bas/dist/extension.js:1:4277247)\n    at t.isHDBModulePath (/extbin/local/openvscode-server/extensions/hana-project-explorer-1.38.0-bas/dist/extension.js:1:4277052)\n    at handleFileChanged (/extbin/local/openvscode-server/extensions/hana-project-explorer-1.38.0-bas/dist/extension.js:1:4075807)\n    at /extbin/local/openvscode-server/extensions/hana-project-explorer-1.38.0-bas/dist/extension.js:1:4078082\n    at /extbin/local/openvscode-server/extensions/hana-project-explorer-1.38.0-bas/dist/extension.js:1:4319227",
  "time": "2026-07-14T09:59:36.126Z"
}
