[1784089057318] INFO  (ext): SQLTools is starting
[1784089057321] INFO  (ext): initializing language client...
[1784089057398] INFO  (ext): Registering client for languages [{"scheme":"sqltools"},{"language":"sql","scheme":"untitled"},{"language":"sql","scheme":"file"},{"language":"sql","scheme":"sqltools"}]
    ns: "lc"
[1784089057410] INFO  (ext): loading plugins...
[1784089057410] INFO  (ext): registering Formatter Plugin.
    plugin: {
      "name": "Formatter Plugin"
    }
[1784089057410] INFO  (ext): registering Connection Manager Plugin.
    plugin: {
      "name": "Connection Manager Plugin"
    }
[1784089057410] INFO  (ext): registering CodeLens Plugin.
    plugin: {
      "name": "CodeLens Plugin",
      "registeredLanguages": []
    }
[1784089057411] INFO  (ext): registering Dependency Manager Plugin.
    plugin: {
      "name": "Dependency Manager Plugin",
      "installingDrivers": []
    }
[1784089057412] INFO  (ext): Connection explorer changed. Will be updated.
    ns: "conn-man:explorer"
[1784089057412] INFO  (ext): registering History Manager Plugin.
    plugin: {
      "name": "History Manager Plugin"
    }
[1784089057412] INFO  (ext): registering Bookmarks Manager Plugin.
    plugin: {
      "name": "Bookmarks Manager Plugin"
    }
[1784089057415] INFO  (ext): registering Authentication Provider Plugin.
    plugin: {
      "name": "Authentication Provider Plugin",
      "isRegistered": false
    }
[1784089057415] INFO  (ext): registering Object Drop-in Provider (plugin).
    plugin: {
      "type": "plugin",
      "name": "Object Drop-in Provider",
      "isRegistered": false
    }
[1784089057415] INFO  (ext): SQLTools activation completed. 97.566972 ms
[1784089057420] INFO  (ext): Formatter Plugin registered!
[1784089057420] INFO  (ext): CodeLens Plugin registered!
[1784089057420] INFO  (ext): Dependency Manager Plugin registered!
[1784089057420] INFO  (ext): Connection Manager Plugin registered!
[1784089057420] INFO  (ext): History Manager Plugin registered!
[1784089057420] INFO  (ext): Bookmarks Manager Plugin registered!
[1784089057420] INFO  (ext): Authentication Provider Plugin registered!
[1784089057420] INFO  (ext): Object Drop-in Provider (plugin) registered!
[1784089060243] INFO  (ext): EXECUTING COMMAND => sqltools.refreshTree
[1784089060244] INFO  (ext): Connection explorer changed. Will be updated.
    ns: "conn-man:explorer"
[1784089060244] INFO  (ext): Connection explorer changed. Will be updated.
    ns: "conn-man:explorer"
[1784089060357] INFO  (ls): SQLTools Server started!
===============================
Using node runtime?: yes
ExecPath: /opt/nodejs/node-v22.19.0-linux-x64/bin/node v22.19.0
===============================
[1784089060360] INFO  (ls): User defined env vars
===============================
{"PATH":"/usr/local/sbin:/usr/local/bin:/usr/sbin:/usr/bin:/sbin:/bin:/home/user/.node_modules_global/bin"}
===============================:
[1784089064241] INFO  (ext): LanguageClient ready
    ns: "lc"
[1784089064239] INFO  (ls): Initialized with node version:v22.19.0
[1784089064522] INFO  (ext): registering SQLite Plugin (driver).
    plugin: {
      "extensionId": "mtxr.sqltools-driver-sqlite",
      "name": "SQLite Plugin",
      "type": "driver"
    }
[1784089065963] INFO  (ext): EXECUTING COMMAND => sqltools.refreshTree
[1784089065963] INFO  (ext): Connection explorer changed. Will be updated.
    ns: "conn-man:explorer"
[1784089064523] INFO  (ls): REQUEST RECEIVED => ls/RegisterPlugin
[1784089064523] INFO  (ls): request to register plugin: "/extbin/local/openvscode-server/extensions/mtxr.sqltools-driver-sqlite-0.5.0/out/ls/plugin.js"
[1784089064555] INFO  (ls): Driver sqlite registered!
    place: "driver-map"
    ns: "ls-context"
[1784089065968] INFO  (ext): SQLite Plugin (driver) registered!
[1784089069003] INFO  (ext): EXECUTING COMMAND => sqltools.refreshTree
[1784089069003] INFO  (ext): Connection explorer changed. Will be updated.
    ns: "conn-man:explorer"
[1784089071451] INFO  (ext): Connection explorer changed. Will be updated.
    ns: "conn-man:explorer"
[1784089073921] INFO  (ext): Connection explorer changed. Will be updated.
    ns: "conn-man:explorer"
[1784089077719] INFO  (ext): Connection explorer changed. Will be updated.
    ns: "conn-man:explorer"
[1784089083591] INFO  (ext): Connection explorer changed. Will be updated.
    ns: "conn-man:explorer"
[1784089090126] INFO  (ext): Connection explorer changed. Will be updated.
    ns: "conn-man:explorer"
[1784089322391] INFO  (ext): Connection explorer changed. Will be updated.
    ns: "conn-man:explorer"
[1784089422476] INFO  (ext): Connection explorer changed. Will be updated.
    ns: "conn-man:explorer"
[1784090008141] INFO  (ext): Connection explorer changed. Will be updated.
    ns: "conn-man:explorer"
[1784090010486] INFO  (ext): Connection explorer changed. Will be updated.
    ns: "conn-man:explorer"
[1784090028631] INFO  (ext): Connection explorer changed. Will be updated.
    ns: "conn-man:explorer"
[1784090112076] INFO  (ext): Connection explorer changed. Will be updated.
    ns: "conn-man:explorer"
[1784090171405] INFO  (ext): Connection explorer changed. Will be updated.
    ns: "conn-man:explorer"
