[1784100626031] INFO  (ext): SQLTools is starting
[1784100626032] INFO  (ext): initializing language client...
[1784100626102] INFO  (ext): Registering client for languages [{"scheme":"sqltools"},{"language":"sql","scheme":"untitled"},{"language":"sql","scheme":"file"},{"language":"sql","scheme":"sqltools"}]
    ns: "lc"
[1784100626109] INFO  (ext): loading plugins...
[1784100626109] INFO  (ext): registering Formatter Plugin.
    plugin: {
      "name": "Formatter Plugin"
    }
[1784100626110] INFO  (ext): registering Connection Manager Plugin.
    plugin: {
      "name": "Connection Manager Plugin"
    }
[1784100626110] INFO  (ext): registering CodeLens Plugin.
    plugin: {
      "name": "CodeLens Plugin",
      "registeredLanguages": []
    }
[1784100626111] INFO  (ext): registering Dependency Manager Plugin.
    plugin: {
      "name": "Dependency Manager Plugin",
      "installingDrivers": []
    }
[1784100626111] INFO  (ext): Connection explorer changed. Will be updated.
    ns: "conn-man:explorer"
[1784100626112] INFO  (ext): registering History Manager Plugin.
    plugin: {
      "name": "History Manager Plugin"
    }
[1784100626112] INFO  (ext): registering Bookmarks Manager Plugin.
    plugin: {
      "name": "Bookmarks Manager Plugin"
    }
[1784100626112] INFO  (ext): registering Authentication Provider Plugin.
    plugin: {
      "name": "Authentication Provider Plugin",
      "isRegistered": false
    }
[1784100626112] INFO  (ext): registering Object Drop-in Provider (plugin).
    plugin: {
      "type": "plugin",
      "name": "Object Drop-in Provider",
      "isRegistered": false
    }
[1784100626116] INFO  (ext): SQLTools activation completed. 81.694517 ms
[1784100626119] INFO  (ext): Formatter Plugin registered!
[1784100626120] INFO  (ext): CodeLens Plugin registered!
[1784100626120] INFO  (ext): Dependency Manager Plugin registered!
[1784100626120] INFO  (ext): Connection Manager Plugin registered!
[1784100626120] INFO  (ext): History Manager Plugin registered!
[1784100626120] INFO  (ext): Bookmarks Manager Plugin registered!
[1784100626120] INFO  (ext): Authentication Provider Plugin registered!
[1784100626120] INFO  (ext): Object Drop-in Provider (plugin) registered!
[1784100627751] INFO  (ext): EXECUTING COMMAND => sqltools.refreshTree
[1784100627751] INFO  (ext): Connection explorer changed. Will be updated.
    ns: "conn-man:explorer"
[1784100629641] INFO  (ext): Connection explorer changed. Will be updated.
    ns: "conn-man:explorer"
[1784100627855] INFO  (ls): SQLTools Server started!
===============================
Using node runtime?: yes
ExecPath: /opt/nodejs/node-v22.19.0-linux-x64/bin/node v22.19.0
===============================
[1784100627857] INFO  (ls): User defined env vars
===============================
{"PATH":"/usr/local/sbin:/usr/local/bin:/usr/sbin:/usr/bin:/sbin:/bin:/home/user/.node_modules_global/bin"}
===============================:
[1784100629648] INFO  (ext): LanguageClient ready
    ns: "lc"
[1784100629647] INFO  (ls): Initialized with node version:v22.19.0
[1784100631026] INFO  (ext): registering SQLite Plugin (driver).
    plugin: {
      "extensionId": "mtxr.sqltools-driver-sqlite",
      "name": "SQLite Plugin",
      "type": "driver"
    }
[1784100631027] INFO  (ls): REQUEST RECEIVED => ls/RegisterPlugin
[1784100631027] INFO  (ls): request to register plugin: "/extbin/local/openvscode-server/extensions/mtxr.sqltools-driver-sqlite-0.5.0/out/ls/plugin.js"
[1784100631049] INFO  (ls): Driver sqlite registered!
    place: "driver-map"
    ns: "ls-context"
[1784100631807] INFO  (ext): SQLite Plugin (driver) registered!
[1784100631913] INFO  (ext): Connection explorer changed. Will be updated.
    ns: "conn-man:explorer"
[1784100632851] INFO  (ext): EXECUTING COMMAND => sqltools.refreshTree
[1784100632851] INFO  (ext): Connection explorer changed. Will be updated.
    ns: "conn-man:explorer"
[1784100637244] INFO  (ext): Connection explorer changed. Will be updated.
    ns: "conn-man:explorer"
[1784100637245] INFO  (ext): Connection explorer changed. Will be updated.
    ns: "conn-man:explorer"
[1784100637877] INFO  (ext): Connection explorer changed. Will be updated.
    ns: "conn-man:explorer"
[1784100643634] INFO  (ext): Connection explorer changed. Will be updated.
    ns: "conn-man:explorer"
