[1783659848510] INFO  (ext): SQLTools is starting
[1783659848513] INFO  (ext): initializing language client...
[1783659848599] INFO  (ext): Registering client for languages [{"scheme":"sqltools"},{"language":"sql","scheme":"untitled"},{"language":"sql","scheme":"file"},{"language":"sql","scheme":"sqltools"}]
    ns: "lc"
[1783659848608] INFO  (ext): loading plugins...
[1783659848609] INFO  (ext): registering Formatter Plugin.
    plugin: {
      "name": "Formatter Plugin"
    }
[1783659848609] INFO  (ext): registering Connection Manager Plugin.
    plugin: {
      "name": "Connection Manager Plugin"
    }
[1783659848609] INFO  (ext): registering CodeLens Plugin.
    plugin: {
      "name": "CodeLens Plugin",
      "registeredLanguages": []
    }
[1783659848610] INFO  (ext): registering Dependency Manager Plugin.
    plugin: {
      "name": "Dependency Manager Plugin",
      "installingDrivers": []
    }
[1783659848611] INFO  (ext): Connection explorer changed. Will be updated.
    ns: "conn-man:explorer"
[1783659848611] INFO  (ext): registering History Manager Plugin.
    plugin: {
      "name": "History Manager Plugin"
    }
[1783659848612] INFO  (ext): registering Bookmarks Manager Plugin.
    plugin: {
      "name": "Bookmarks Manager Plugin"
    }
[1783659848613] INFO  (ext): registering Authentication Provider Plugin.
    plugin: {
      "name": "Authentication Provider Plugin",
      "isRegistered": false
    }
[1783659848613] INFO  (ext): registering Object Drop-in Provider (plugin).
    plugin: {
      "type": "plugin",
      "name": "Object Drop-in Provider",
      "isRegistered": false
    }
[1783659848614] INFO  (ext): SQLTools activation completed. 104.09638 ms
[1783659848627] INFO  (ext): Formatter Plugin registered!
[1783659848627] INFO  (ext): CodeLens Plugin registered!
[1783659848627] INFO  (ext): Dependency Manager Plugin registered!
[1783659848628] INFO  (ext): Connection Manager Plugin registered!
[1783659848628] INFO  (ext): History Manager Plugin registered!
[1783659848628] INFO  (ext): Bookmarks Manager Plugin registered!
[1783659848628] INFO  (ext): Authentication Provider Plugin registered!
[1783659848628] INFO  (ext): Object Drop-in Provider (plugin) registered!
[1783659851629] INFO  (ext): EXECUTING COMMAND => sqltools.refreshTree
[1783659851629] INFO  (ext): Connection explorer changed. Will be updated.
    ns: "conn-man:explorer"
[1783659851629] INFO  (ext): Connection explorer changed. Will be updated.
    ns: "conn-man:explorer"
[1783659848731] INFO  (ls): SQLTools Server started!
===============================
Using node runtime?: yes
ExecPath: /opt/nodejs/node-v22.19.0-linux-x64/bin/node v22.19.0
===============================
[1783659848734] INFO  (ls): User defined env vars
===============================
{"PATH":"/usr/local/sbin:/usr/local/bin:/usr/sbin:/usr/bin:/sbin:/bin:/home/user/.node_modules_global/bin"}
===============================:
[1783659851663] INFO  (ext): LanguageClient ready
    ns: "lc"
[1783659851661] INFO  (ls): Initialized with node version:v22.19.0
[1783659855661] INFO  (ext): registering SQLite Plugin (driver).
    plugin: {
      "extensionId": "mtxr.sqltools-driver-sqlite",
      "name": "SQLite Plugin",
      "type": "driver"
    }
[1783659857107] INFO  (ext): EXECUTING COMMAND => sqltools.refreshTree
[1783659857107] INFO  (ext): Connection explorer changed. Will be updated.
    ns: "conn-man:explorer"
[1783659855662] INFO  (ls): REQUEST RECEIVED => ls/RegisterPlugin
[1783659855662] INFO  (ls): request to register plugin: "/extbin/local/openvscode-server/extensions/mtxr.sqltools-driver-sqlite-0.5.0/out/ls/plugin.js"
[1783659855686] INFO  (ls): Driver sqlite registered!
    place: "driver-map"
    ns: "ls-context"
[1783659857118] INFO  (ext): SQLite Plugin (driver) registered!
[1783659858892] INFO  (ext): EXECUTING COMMAND => sqltools.refreshTree
[1783659858892] INFO  (ext): Connection explorer changed. Will be updated.
    ns: "conn-man:explorer"
[1783659862535] INFO  (ext): Connection explorer changed. Will be updated.
    ns: "conn-man:explorer"
